[0.014s] Invoking command in '/home/jonasvinol/Desktop/G1FinalProject/build/perception_pcl': AMENT_PREFIX_PATH=/home/jonasvinol/Desktop/G1FinalProject/install/pcl_ros:/home/jonasvinol/Desktop/G1FinalProject/install/pcl_conversions:${AMENT_PREFIX_PATH} CMAKE_PREFIX_PATH=/home/jonasvinol/Desktop/G1FinalProject/install/pcl_ros:/home/jonasvinol/Desktop/G1FinalProject/install/pcl_conversions:/opt/ros/foxy LD_LIBRARY_PATH=/home/jonasvinol/Desktop/G1FinalProject/install/pcl_ros/lib:${LD_LIBRARY_PATH} /usr/bin/cmake --build /home/jonasvinol/Desktop/G1FinalProject/build/perception_pcl -- -j6 -l6
[0.069s] Invoked command in '/home/jonasvinol/Desktop/G1FinalProject/build/perception_pcl' returned '0': AMENT_PREFIX_PATH=/home/jonasvinol/Desktop/G1FinalProject/install/pcl_ros:/home/jonasvinol/Desktop/G1FinalProject/install/pcl_conversions:${AMENT_PREFIX_PATH} CMAKE_PREFIX_PATH=/home/jonasvinol/Desktop/G1FinalProject/install/pcl_ros:/home/jonasvinol/Desktop/G1FinalProject/install/pcl_conversions:/opt/ros/foxy LD_LIBRARY_PATH=/home/jonasvinol/Desktop/G1FinalProject/install/pcl_ros/lib:${LD_LIBRARY_PATH} /usr/bin/cmake --build /home/jonasvinol/Desktop/G1FinalProject/build/perception_pcl -- -j6 -l6
[0.093s] Invoking command in '/home/jonasvinol/Desktop/G1FinalProject/build/perception_pcl': AMENT_PREFIX_PATH=/home/jonasvinol/Desktop/G1FinalProject/install/pcl_ros:/home/jonasvinol/Desktop/G1FinalProject/install/pcl_conversions:${AMENT_PREFIX_PATH} CMAKE_PREFIX_PATH=/home/jonasvinol/Desktop/G1FinalProject/install/pcl_ros:/home/jonasvinol/Desktop/G1FinalProject/install/pcl_conversions:/opt/ros/foxy LD_LIBRARY_PATH=/home/jonasvinol/Desktop/G1FinalProject/install/pcl_ros/lib:${LD_LIBRARY_PATH} /usr/bin/cmake --install /home/jonasvinol/Desktop/G1FinalProject/build/perception_pcl
[0.101s] -- Install configuration: ""
[0.102s] -- Execute custom install script
[0.102s] -- Up-to-date symlink: /home/jonasvinol/Desktop/G1FinalProject/install/perception_pcl/share/ament_index/resource_index/package_run_dependencies/perception_pcl
[0.102s] -- Up-to-date symlink: /home/jonasvinol/Desktop/G1FinalProject/install/perception_pcl/share/ament_index/resource_index/parent_prefix_path/perception_pcl
[0.103s] -- Up-to-date symlink: /home/jonasvinol/Desktop/G1FinalProject/install/perception_pcl/share/perception_pcl/environment/ament_prefix_path.sh
[0.103s] -- Up-to-date symlink: /home/jonasvinol/Desktop/G1FinalProject/install/perception_pcl/share/perception_pcl/environment/ament_prefix_path.dsv
[0.103s] -- Up-to-date symlink: /home/jonasvinol/Desktop/G1FinalProject/install/perception_pcl/share/perception_pcl/environment/path.sh
[0.104s] -- Up-to-date symlink: /home/jonasvinol/Desktop/G1FinalProject/install/perception_pcl/share/perception_pcl/environment/path.dsv
[0.104s] -- Up-to-date symlink: /home/jonasvinol/Desktop/G1FinalProject/install/perception_pcl/share/perception_pcl/local_setup.bash
[0.104s] -- Up-to-date symlink: /home/jonasvinol/Desktop/G1FinalProject/install/perception_pcl/share/perception_pcl/local_setup.sh
[0.105s] -- Up-to-date symlink: /home/jonasvinol/Desktop/G1FinalProject/install/perception_pcl/share/perception_pcl/local_setup.zsh
[0.105s] -- Up-to-date symlink: /home/jonasvinol/Desktop/G1FinalProject/install/perception_pcl/share/perception_pcl/local_setup.dsv
[0.105s] -- Symlinking: /home/jonasvinol/Desktop/G1FinalProject/install/perception_pcl/share/perception_pcl/package.dsv
[0.115s] -- Up-to-date symlink: /home/jonasvinol/Desktop/G1FinalProject/install/perception_pcl/share/ament_index/resource_index/packages/perception_pcl
[0.115s] -- Up-to-date symlink: /home/jonasvinol/Desktop/G1FinalProject/install/perception_pcl/share/perception_pcl/cmake/perception_pclConfig.cmake
[0.115s] -- Up-to-date symlink: /home/jonasvinol/Desktop/G1FinalProject/install/perception_pcl/share/perception_pcl/cmake/perception_pclConfig-version.cmake
[0.116s] -- Up-to-date symlink: /home/jonasvinol/Desktop/G1FinalProject/install/perception_pcl/share/perception_pcl/package.xml
[0.122s] Invoked command in '/home/jonasvinol/Desktop/G1FinalProject/build/perception_pcl' returned '0': AMENT_PREFIX_PATH=/home/jonasvinol/Desktop/G1FinalProject/install/pcl_ros:/home/jonasvinol/Desktop/G1FinalProject/install/pcl_conversions:${AMENT_PREFIX_PATH} CMAKE_PREFIX_PATH=/home/jonasvinol/Desktop/G1FinalProject/install/pcl_ros:/home/jonasvinol/Desktop/G1FinalProject/install/pcl_conversions:/opt/ros/foxy LD_LIBRARY_PATH=/home/jonasvinol/Desktop/G1FinalProject/install/pcl_ros/lib:${LD_LIBRARY_PATH} /usr/bin/cmake --install /home/jonasvinol/Desktop/G1FinalProject/build/perception_pcl
