[0.252s] DEBUG:colcon:Command line arguments: ['/usr/bin/colcon', 'build', '--symlink-install']
[0.252s] DEBUG:colcon:Parsed command line arguments: Namespace(allow_overriding=[], ament_cmake_args=None, base_paths=['.'], build_base='build', catkin_cmake_args=None, catkin_skip_building_tests=False, cmake_args=None, cmake_clean_cache=False, cmake_clean_first=False, cmake_force_configure=False, cmake_target=None, cmake_target_skip_unavailable=False, continue_on_error=False, event_handlers=None, executor='parallel', ignore_user_meta=False, install_base='install', log_base=None, log_level=None, main=<bound method BuildVerb.main of <colcon_core.verb.build.BuildVerb object at 0x7fca4a088e20>>, merge_install=False, metas=['./colcon.meta'], packages_above=None, packages_above_and_dependencies=None, packages_above_depth=None, packages_end=None, packages_ignore=None, packages_ignore_regex=None, packages_select=None, packages_select_build_failed=False, packages_select_by_dep=None, packages_select_regex=None, packages_select_test_failures=False, packages_skip=None, packages_skip_build_finished=False, packages_skip_by_dep=None, packages_skip_regex=None, packages_skip_test_passed=False, packages_skip_up_to=None, packages_start=None, packages_up_to=None, packages_up_to_regex=None, parallel_workers=6, paths=None, symlink_install=True, test_result_base=None, verb_extension=<colcon_core.verb.build.BuildVerb object at 0x7fca4a088e20>, verb_name='build', verb_parser=<colcon_defaults.argument_parser.defaults.DefaultArgumentsDecorator object at 0x7fca4a08d3d0>)
[0.284s] Level 1:colcon.colcon_core.package_discovery:discover_packages(colcon_meta) check parameters
[0.284s] Level 1:colcon.colcon_core.package_discovery:discover_packages(recursive) check parameters
[0.284s] Level 1:colcon.colcon_core.package_discovery:discover_packages(ignore) check parameters
[0.284s] Level 1:colcon.colcon_core.package_discovery:discover_packages(path) check parameters
[0.284s] Level 1:colcon.colcon_core.package_discovery:discover_packages(colcon_meta) discover
[0.285s] Level 1:colcon.colcon_core.package_discovery:discover_packages(recursive) discover
[0.285s] INFO:colcon.colcon_core.package_discovery:Crawling recursively for packages in '/home/jonasvinol/Desktop/G1FinalProject'
[0.285s] Level 1:colcon.colcon_core.package_identification:_identify(.) by extensions ['ignore', 'ignore_ament_install']
[0.285s] Level 1:colcon.colcon_core.package_identification:_identify(.) by extension 'ignore'
[0.285s] Level 1:colcon.colcon_core.package_identification:_identify(.) by extension 'ignore_ament_install'
[0.285s] Level 1:colcon.colcon_core.package_identification:_identify(.) by extensions ['colcon_pkg']
[0.285s] Level 1:colcon.colcon_core.package_identification:_identify(.) by extension 'colcon_pkg'
[0.285s] Level 1:colcon.colcon_core.package_identification:_identify(.) by extensions ['colcon_meta']
[0.285s] Level 1:colcon.colcon_core.package_identification:_identify(.) by extension 'colcon_meta'
[0.285s] Level 1:colcon.colcon_core.package_identification:_identify(.) by extensions ['ros']
[0.285s] Level 1:colcon.colcon_core.package_identification:_identify(.) by extension 'ros'
[0.301s] Level 1:colcon.colcon_core.package_identification:_identify(.) by extensions ['cmake', 'python']
[0.301s] Level 1:colcon.colcon_core.package_identification:_identify(.) by extension 'cmake'
[0.301s] Level 1:colcon.colcon_core.package_identification:_identify(.) by extension 'python'
[0.301s] Level 1:colcon.colcon_core.package_identification:_identify(.) by extensions ['python_setup_py']
[0.301s] Level 1:colcon.colcon_core.package_identification:_identify(.) by extension 'python_setup_py'
[0.301s] Level 1:colcon.colcon_core.package_identification:_identify(build) by extensions ['ignore', 'ignore_ament_install']
[0.301s] Level 1:colcon.colcon_core.package_identification:_identify(build) by extension 'ignore'
[0.301s] Level 1:colcon.colcon_core.package_identification:_identify(build) ignored
[0.301s] Level 1:colcon.colcon_core.package_identification:_identify(install) by extensions ['ignore', 'ignore_ament_install']
[0.302s] Level 1:colcon.colcon_core.package_identification:_identify(install) by extension 'ignore'
[0.302s] Level 1:colcon.colcon_core.package_identification:_identify(install) ignored
[0.302s] Level 1:colcon.colcon_core.package_identification:_identify(log) by extensions ['ignore', 'ignore_ament_install']
[0.302s] Level 1:colcon.colcon_core.package_identification:_identify(log) by extension 'ignore'
[0.302s] Level 1:colcon.colcon_core.package_identification:_identify(log) ignored
[0.302s] Level 1:colcon.colcon_core.package_identification:_identify(src) by extensions ['ignore', 'ignore_ament_install']
[0.302s] Level 1:colcon.colcon_core.package_identification:_identify(src) by extension 'ignore'
[0.302s] Level 1:colcon.colcon_core.package_identification:_identify(src) by extension 'ignore_ament_install'
[0.302s] Level 1:colcon.colcon_core.package_identification:_identify(src) by extensions ['colcon_pkg']
[0.302s] Level 1:colcon.colcon_core.package_identification:_identify(src) by extension 'colcon_pkg'
[0.302s] Level 1:colcon.colcon_core.package_identification:_identify(src) by extensions ['colcon_meta']
[0.302s] Level 1:colcon.colcon_core.package_identification:_identify(src) by extension 'colcon_meta'
[0.302s] Level 1:colcon.colcon_core.package_identification:_identify(src) by extensions ['ros']
[0.302s] Level 1:colcon.colcon_core.package_identification:_identify(src) by extension 'ros'
[0.303s] Level 1:colcon.colcon_core.package_identification:_identify(src) by extensions ['cmake', 'python']
[0.303s] Level 1:colcon.colcon_core.package_identification:_identify(src) by extension 'cmake'
[0.303s] Level 1:colcon.colcon_core.package_identification:_identify(src) by extension 'python'
[0.303s] Level 1:colcon.colcon_core.package_identification:_identify(src) by extensions ['python_setup_py']
[0.303s] Level 1:colcon.colcon_core.package_identification:_identify(src) by extension 'python_setup_py'
[0.303s] Level 1:colcon.colcon_core.package_identification:_identify(src/basic_robot) by extensions ['ignore', 'ignore_ament_install']
[0.303s] Level 1:colcon.colcon_core.package_identification:_identify(src/basic_robot) by extension 'ignore'
[0.303s] Level 1:colcon.colcon_core.package_identification:_identify(src/basic_robot) by extension 'ignore_ament_install'
[0.303s] Level 1:colcon.colcon_core.package_identification:_identify(src/basic_robot) by extensions ['colcon_pkg']
[0.303s] Level 1:colcon.colcon_core.package_identification:_identify(src/basic_robot) by extension 'colcon_pkg'
[0.303s] Level 1:colcon.colcon_core.package_identification:_identify(src/basic_robot) by extensions ['colcon_meta']
[0.303s] Level 1:colcon.colcon_core.package_identification:_identify(src/basic_robot) by extension 'colcon_meta'
[0.303s] Level 1:colcon.colcon_core.package_identification:_identify(src/basic_robot) by extensions ['ros']
[0.303s] Level 1:colcon.colcon_core.package_identification:_identify(src/basic_robot) by extension 'ros'
[0.307s] DEBUG:colcon.colcon_core.package_identification:Package 'src/basic_robot' with type 'ros.ament_cmake' and name 'basic_robot'
[0.307s] Level 1:colcon.colcon_core.package_discovery:discover_packages(recursive) using defaults
[0.307s] Level 1:colcon.colcon_core.package_discovery:discover_packages(ignore) discover
[0.307s] Level 1:colcon.colcon_core.package_discovery:discover_packages(ignore) using defaults
[0.307s] Level 1:colcon.colcon_core.package_discovery:discover_packages(path) discover
[0.307s] Level 1:colcon.colcon_core.package_discovery:discover_packages(path) using defaults
[0.346s] Level 1:colcon.colcon_core.package_discovery:discover_packages(prefix_path) check parameters
[0.346s] Level 1:colcon.colcon_core.package_discovery:discover_packages(prefix_path) discover
[0.351s] DEBUG:colcon.colcon_installed_package_information.package_discovery:Found 318 installed packages in /opt/ros/foxy
[0.355s] Level 1:colcon.colcon_core.package_discovery:discover_packages(prefix_path) using defaults
[0.489s] Level 5:colcon.colcon_core.verb:set package 'basic_robot' build argument 'cmake_args' from command line to 'None'
[0.489s] Level 5:colcon.colcon_core.verb:set package 'basic_robot' build argument 'cmake_target' from command line to 'None'
[0.489s] Level 5:colcon.colcon_core.verb:set package 'basic_robot' build argument 'cmake_target_skip_unavailable' from command line to 'False'
[0.489s] Level 5:colcon.colcon_core.verb:set package 'basic_robot' build argument 'cmake_clean_cache' from command line to 'False'
[0.489s] Level 5:colcon.colcon_core.verb:set package 'basic_robot' build argument 'cmake_clean_first' from command line to 'False'
[0.489s] Level 5:colcon.colcon_core.verb:set package 'basic_robot' build argument 'cmake_force_configure' from command line to 'False'
[0.489s] Level 5:colcon.colcon_core.verb:set package 'basic_robot' build argument 'ament_cmake_args' from command line to 'None'
[0.490s] Level 5:colcon.colcon_core.verb:set package 'basic_robot' build argument 'catkin_cmake_args' from command line to 'None'
[0.490s] Level 5:colcon.colcon_core.verb:set package 'basic_robot' build argument 'catkin_skip_building_tests' from command line to 'False'
[0.490s] DEBUG:colcon.colcon_core.verb:Building package 'basic_robot' with the following arguments: {'ament_cmake_args': None, 'build_base': '/home/jonasvinol/Desktop/G1FinalProject/build/basic_robot', 'catkin_cmake_args': None, 'catkin_skip_building_tests': False, 'cmake_args': None, 'cmake_clean_cache': False, 'cmake_clean_first': False, 'cmake_force_configure': False, 'cmake_target': None, 'cmake_target_skip_unavailable': False, 'install_base': '/home/jonasvinol/Desktop/G1FinalProject/install/basic_robot', 'merge_install': False, 'path': '/home/jonasvinol/Desktop/G1FinalProject/src/basic_robot', 'symlink_install': True, 'test_result_base': None}
[0.491s] INFO:colcon.colcon_core.executor:Executing jobs using 'parallel' executor
[0.497s] DEBUG:colcon.colcon_parallel_executor.executor.parallel:run_until_complete
[0.497s] INFO:colcon.colcon_ros.task.ament_cmake.build:Building ROS package in '/home/jonasvinol/Desktop/G1FinalProject/src/basic_robot' with build type 'ament_cmake'
[0.498s] INFO:colcon.colcon_cmake.task.cmake.build:Building CMake package in '/home/jonasvinol/Desktop/G1FinalProject/src/basic_robot'
[0.503s] INFO:colcon.colcon_core.plugin_system:Skipping extension 'colcon_core.shell.bat': Not used on non-Windows systems
[0.504s] INFO:colcon.colcon_core.shell:Skip shell extension 'powershell' for command environment: Not usable outside of PowerShell
[0.504s] DEBUG:colcon.colcon_core.shell:Skip shell extension 'dsv' for command environment
[0.518s] DEBUG:colcon.colcon_core.event_handler.log_command:Invoking command in '/home/jonasvinol/Desktop/G1FinalProject/build/basic_robot': CMAKE_PREFIX_PATH=/opt/ros/foxy /usr/bin/cmake /home/jonasvinol/Desktop/G1FinalProject/src/basic_robot -DAMENT_CMAKE_SYMLINK_INSTALL=1 -DCMAKE_INSTALL_PREFIX=/home/jonasvinol/Desktop/G1FinalProject/install/basic_robot
[1.492s] DEBUG:colcon.colcon_core.event_handler.log_command:Invoked command in '/home/jonasvinol/Desktop/G1FinalProject/build/basic_robot' returned '0': CMAKE_PREFIX_PATH=/opt/ros/foxy /usr/bin/cmake /home/jonasvinol/Desktop/G1FinalProject/src/basic_robot -DAMENT_CMAKE_SYMLINK_INSTALL=1 -DCMAKE_INSTALL_PREFIX=/home/jonasvinol/Desktop/G1FinalProject/install/basic_robot
[1.495s] DEBUG:colcon.colcon_core.event_handler.log_command:Invoking command in '/home/jonasvinol/Desktop/G1FinalProject/build/basic_robot': CMAKE_PREFIX_PATH=/opt/ros/foxy /usr/bin/cmake --build /home/jonasvinol/Desktop/G1FinalProject/build/basic_robot -- -j6 -l6
[1.535s] DEBUG:colcon.colcon_core.event_handler.log_command:Invoked command in '/home/jonasvinol/Desktop/G1FinalProject/build/basic_robot' returned '0': CMAKE_PREFIX_PATH=/opt/ros/foxy /usr/bin/cmake --build /home/jonasvinol/Desktop/G1FinalProject/build/basic_robot -- -j6 -l6
[1.568s] DEBUG:colcon.colcon_core.event_handler.log_command:Invoking command in '/home/jonasvinol/Desktop/G1FinalProject/build/basic_robot': CMAKE_PREFIX_PATH=/opt/ros/foxy /usr/bin/cmake --install /home/jonasvinol/Desktop/G1FinalProject/build/basic_robot
[1.840s] Level 1:colcon.colcon_core.environment:create_environment_scripts_only(basic_robot)
[1.842s] DEBUG:colcon.colcon_core.event_handler.log_command:Invoked command in '/home/jonasvinol/Desktop/G1FinalProject/build/basic_robot' returned '0': CMAKE_PREFIX_PATH=/opt/ros/foxy /usr/bin/cmake --install /home/jonasvinol/Desktop/G1FinalProject/build/basic_robot
[1.847s] Level 1:colcon.colcon_core.environment:checking '/home/jonasvinol/Desktop/G1FinalProject/install/basic_robot' for CMake module files
[1.847s] Level 1:colcon.colcon_core.environment:checking '/home/jonasvinol/Desktop/G1FinalProject/install/basic_robot' for CMake config files
[1.848s] Level 1:colcon.colcon_core.shell:create_environment_hook('basic_robot', 'cmake_prefix_path')
[1.850s] INFO:colcon.colcon_core.shell:Creating environment hook '/home/jonasvinol/Desktop/G1FinalProject/install/basic_robot/share/basic_robot/hook/cmake_prefix_path.ps1'
[1.851s] INFO:colcon.colcon_core.shell:Creating environment descriptor '/home/jonasvinol/Desktop/G1FinalProject/install/basic_robot/share/basic_robot/hook/cmake_prefix_path.dsv'
[1.852s] INFO:colcon.colcon_core.shell:Creating environment hook '/home/jonasvinol/Desktop/G1FinalProject/install/basic_robot/share/basic_robot/hook/cmake_prefix_path.sh'
[1.853s] Level 1:colcon.colcon_core.environment:checking '/home/jonasvinol/Desktop/G1FinalProject/install/basic_robot/bin'
[1.853s] Level 1:colcon.colcon_core.environment:checking '/home/jonasvinol/Desktop/G1FinalProject/install/basic_robot/lib/pkgconfig/basic_robot.pc'
[1.853s] Level 1:colcon.colcon_core.environment:checking '/home/jonasvinol/Desktop/G1FinalProject/install/basic_robot/lib/python3.8/site-packages'
[1.854s] Level 1:colcon.colcon_core.environment:checking '/home/jonasvinol/Desktop/G1FinalProject/install/basic_robot/bin'
[1.856s] INFO:colcon.colcon_core.shell:Creating package script '/home/jonasvinol/Desktop/G1FinalProject/install/basic_robot/share/basic_robot/package.ps1'
[1.857s] INFO:colcon.colcon_core.shell:Creating package descriptor '/home/jonasvinol/Desktop/G1FinalProject/install/basic_robot/share/basic_robot/package.dsv'
[1.858s] INFO:colcon.colcon_core.shell:Creating package script '/home/jonasvinol/Desktop/G1FinalProject/install/basic_robot/share/basic_robot/package.sh'
[1.859s] INFO:colcon.colcon_core.shell:Creating package script '/home/jonasvinol/Desktop/G1FinalProject/install/basic_robot/share/basic_robot/package.bash'
[1.860s] INFO:colcon.colcon_core.shell:Creating package script '/home/jonasvinol/Desktop/G1FinalProject/install/basic_robot/share/basic_robot/package.zsh'
[1.861s] Level 1:colcon.colcon_core.environment:create_file_with_runtime_dependencies(/home/jonasvinol/Desktop/G1FinalProject/install/basic_robot/share/colcon-core/packages/basic_robot)
[1.885s] Level 1:colcon.colcon_core.environment:create_environment_scripts_only(basic_robot)
[1.889s] Level 1:colcon.colcon_core.environment:checking '/home/jonasvinol/Desktop/G1FinalProject/install/basic_robot' for CMake module files
[1.890s] Level 1:colcon.colcon_core.environment:checking '/home/jonasvinol/Desktop/G1FinalProject/install/basic_robot' for CMake config files
[1.891s] Level 1:colcon.colcon_core.shell:create_environment_hook('basic_robot', 'cmake_prefix_path')
[1.893s] INFO:colcon.colcon_core.shell:Creating environment hook '/home/jonasvinol/Desktop/G1FinalProject/install/basic_robot/share/basic_robot/hook/cmake_prefix_path.ps1'
[1.894s] INFO:colcon.colcon_core.shell:Creating environment descriptor '/home/jonasvinol/Desktop/G1FinalProject/install/basic_robot/share/basic_robot/hook/cmake_prefix_path.dsv'
[1.894s] INFO:colcon.colcon_core.shell:Creating environment hook '/home/jonasvinol/Desktop/G1FinalProject/install/basic_robot/share/basic_robot/hook/cmake_prefix_path.sh'
[1.895s] Level 1:colcon.colcon_core.environment:checking '/home/jonasvinol/Desktop/G1FinalProject/install/basic_robot/bin'
[1.895s] Level 1:colcon.colcon_core.environment:checking '/home/jonasvinol/Desktop/G1FinalProject/install/basic_robot/lib/pkgconfig/basic_robot.pc'
[1.895s] Level 1:colcon.colcon_core.environment:checking '/home/jonasvinol/Desktop/G1FinalProject/install/basic_robot/lib/python3.8/site-packages'
[1.895s] Level 1:colcon.colcon_core.environment:checking '/home/jonasvinol/Desktop/G1FinalProject/install/basic_robot/bin'
[1.898s] INFO:colcon.colcon_core.shell:Creating package script '/home/jonasvinol/Desktop/G1FinalProject/install/basic_robot/share/basic_robot/package.ps1'
[1.898s] INFO:colcon.colcon_core.shell:Creating package descriptor '/home/jonasvinol/Desktop/G1FinalProject/install/basic_robot/share/basic_robot/package.dsv'
[1.899s] INFO:colcon.colcon_core.shell:Creating package script '/home/jonasvinol/Desktop/G1FinalProject/install/basic_robot/share/basic_robot/package.sh'
[1.899s] INFO:colcon.colcon_core.shell:Creating package script '/home/jonasvinol/Desktop/G1FinalProject/install/basic_robot/share/basic_robot/package.bash'
[1.900s] INFO:colcon.colcon_core.shell:Creating package script '/home/jonasvinol/Desktop/G1FinalProject/install/basic_robot/share/basic_robot/package.zsh'
[1.900s] Level 1:colcon.colcon_core.environment:create_file_with_runtime_dependencies(/home/jonasvinol/Desktop/G1FinalProject/install/basic_robot/share/colcon-core/packages/basic_robot)
[1.901s] DEBUG:colcon.colcon_parallel_executor.executor.parallel:closing loop
[1.901s] DEBUG:colcon.colcon_parallel_executor.executor.parallel:loop closed
[1.901s] DEBUG:colcon.colcon_parallel_executor.executor.parallel:run_until_complete finished with '0'
[1.901s] DEBUG:colcon.colcon_core.event_reactor:joining thread
[1.909s] INFO:colcon.colcon_core.plugin_system:Skipping extension 'colcon_notification.desktop_notification.terminal_notifier': Not used on non-Darwin systems
[1.910s] INFO:colcon.colcon_core.plugin_system:Skipping extension 'colcon_notification.desktop_notification.win32': Not used on non-Windows systems
[1.910s] INFO:colcon.colcon_notification.desktop_notification:Sending desktop notification using 'notify2'
[1.928s] DEBUG:colcon.colcon_core.event_reactor:joined thread
[1.931s] INFO:colcon.colcon_core.shell:Creating prefix script '/home/jonasvinol/Desktop/G1FinalProject/install/local_setup.ps1'
[1.933s] INFO:colcon.colcon_core.shell:Creating prefix util module '/home/jonasvinol/Desktop/G1FinalProject/install/_local_setup_util_ps1.py'
[1.937s] INFO:colcon.colcon_core.shell:Creating prefix chain script '/home/jonasvinol/Desktop/G1FinalProject/install/setup.ps1'
[1.939s] INFO:colcon.colcon_core.shell:Creating prefix script '/home/jonasvinol/Desktop/G1FinalProject/install/local_setup.sh'
[1.941s] INFO:colcon.colcon_core.shell:Creating prefix util module '/home/jonasvinol/Desktop/G1FinalProject/install/_local_setup_util_sh.py'
[1.941s] INFO:colcon.colcon_core.shell:Creating prefix chain script '/home/jonasvinol/Desktop/G1FinalProject/install/setup.sh'
[1.944s] INFO:colcon.colcon_core.shell:Creating prefix script '/home/jonasvinol/Desktop/G1FinalProject/install/local_setup.bash'
[1.945s] INFO:colcon.colcon_core.shell:Creating prefix chain script '/home/jonasvinol/Desktop/G1FinalProject/install/setup.bash'
[1.949s] INFO:colcon.colcon_core.shell:Creating prefix script '/home/jonasvinol/Desktop/G1FinalProject/install/local_setup.zsh'
[1.950s] INFO:colcon.colcon_core.shell:Creating prefix chain script '/home/jonasvinol/Desktop/G1FinalProject/install/setup.zsh'
