[0.222s] DEBUG:colcon:Command line arguments: ['/usr/bin/colcon', 'build', '--symlink-install']
[0.222s] DEBUG:colcon:Parsed command line arguments: Namespace(allow_overriding=[], ament_cmake_args=None, base_paths=['.'], build_base='build', catkin_cmake_args=None, catkin_skip_building_tests=False, cmake_args=None, cmake_clean_cache=False, cmake_clean_first=False, cmake_force_configure=False, cmake_target=None, cmake_target_skip_unavailable=False, continue_on_error=False, event_handlers=None, executor='parallel', ignore_user_meta=False, install_base='install', log_base=None, log_level=None, main=<bound method BuildVerb.main of <colcon_core.verb.build.BuildVerb object at 0x7f0b42ae9040>>, merge_install=False, metas=['./colcon.meta'], packages_above=None, packages_above_and_dependencies=None, packages_above_depth=None, packages_end=None, packages_ignore=None, packages_ignore_regex=None, packages_select=None, packages_select_build_failed=False, packages_select_by_dep=None, packages_select_regex=None, packages_select_test_failures=False, packages_skip=None, packages_skip_build_finished=False, packages_skip_by_dep=None, packages_skip_regex=None, packages_skip_test_passed=False, packages_skip_up_to=None, packages_start=None, packages_up_to=None, packages_up_to_regex=None, parallel_workers=6, paths=None, symlink_install=True, test_result_base=None, verb_extension=<colcon_core.verb.build.BuildVerb object at 0x7f0b42ae9040>, verb_name='build', verb_parser=<colcon_defaults.argument_parser.defaults.DefaultArgumentsDecorator object at 0x7f0b42ae95b0>)
[0.252s] Level 1:colcon.colcon_core.package_discovery:discover_packages(colcon_meta) check parameters
[0.252s] Level 1:colcon.colcon_core.package_discovery:discover_packages(recursive) check parameters
[0.252s] Level 1:colcon.colcon_core.package_discovery:discover_packages(ignore) check parameters
[0.252s] Level 1:colcon.colcon_core.package_discovery:discover_packages(path) check parameters
[0.252s] Level 1:colcon.colcon_core.package_discovery:discover_packages(colcon_meta) discover
[0.252s] Level 1:colcon.colcon_core.package_discovery:discover_packages(recursive) discover
[0.252s] INFO:colcon.colcon_core.package_discovery:Crawling recursively for packages in '/home/jonasvinol/Desktop/G1FinalProject'
[0.252s] Level 1:colcon.colcon_core.package_identification:_identify(.) by extensions ['ignore', 'ignore_ament_install']
[0.252s] Level 1:colcon.colcon_core.package_identification:_identify(.) by extension 'ignore'
[0.252s] Level 1:colcon.colcon_core.package_identification:_identify(.) by extension 'ignore_ament_install'
[0.252s] Level 1:colcon.colcon_core.package_identification:_identify(.) by extensions ['colcon_pkg']
[0.252s] Level 1:colcon.colcon_core.package_identification:_identify(.) by extension 'colcon_pkg'
[0.252s] Level 1:colcon.colcon_core.package_identification:_identify(.) by extensions ['colcon_meta']
[0.252s] Level 1:colcon.colcon_core.package_identification:_identify(.) by extension 'colcon_meta'
[0.253s] Level 1:colcon.colcon_core.package_identification:_identify(.) by extensions ['ros']
[0.253s] Level 1:colcon.colcon_core.package_identification:_identify(.) by extension 'ros'
[0.267s] Level 1:colcon.colcon_core.package_identification:_identify(.) by extensions ['cmake', 'python']
[0.267s] Level 1:colcon.colcon_core.package_identification:_identify(.) by extension 'cmake'
[0.267s] Level 1:colcon.colcon_core.package_identification:_identify(.) by extension 'python'
[0.267s] Level 1:colcon.colcon_core.package_identification:_identify(.) by extensions ['python_setup_py']
[0.267s] Level 1:colcon.colcon_core.package_identification:_identify(.) by extension 'python_setup_py'
[0.267s] Level 1:colcon.colcon_core.package_identification:_identify(build) by extensions ['ignore', 'ignore_ament_install']
[0.267s] Level 1:colcon.colcon_core.package_identification:_identify(build) by extension 'ignore'
[0.267s] Level 1:colcon.colcon_core.package_identification:_identify(build) ignored
[0.268s] Level 1:colcon.colcon_core.package_identification:_identify(install) by extensions ['ignore', 'ignore_ament_install']
[0.268s] Level 1:colcon.colcon_core.package_identification:_identify(install) by extension 'ignore'
[0.268s] Level 1:colcon.colcon_core.package_identification:_identify(install) ignored
[0.268s] Level 1:colcon.colcon_core.package_identification:_identify(log) by extensions ['ignore', 'ignore_ament_install']
[0.268s] Level 1:colcon.colcon_core.package_identification:_identify(log) by extension 'ignore'
[0.268s] Level 1:colcon.colcon_core.package_identification:_identify(log) ignored
[0.268s] Level 1:colcon.colcon_core.package_identification:_identify(src) by extensions ['ignore', 'ignore_ament_install']
[0.268s] Level 1:colcon.colcon_core.package_identification:_identify(src) by extension 'ignore'
[0.268s] Level 1:colcon.colcon_core.package_identification:_identify(src) by extension 'ignore_ament_install'
[0.268s] Level 1:colcon.colcon_core.package_identification:_identify(src) by extensions ['colcon_pkg']
[0.268s] Level 1:colcon.colcon_core.package_identification:_identify(src) by extension 'colcon_pkg'
[0.268s] Level 1:colcon.colcon_core.package_identification:_identify(src) by extensions ['colcon_meta']
[0.268s] Level 1:colcon.colcon_core.package_identification:_identify(src) by extension 'colcon_meta'
[0.269s] Level 1:colcon.colcon_core.package_identification:_identify(src) by extensions ['ros']
[0.269s] Level 1:colcon.colcon_core.package_identification:_identify(src) by extension 'ros'
[0.269s] Level 1:colcon.colcon_core.package_identification:_identify(src) by extensions ['cmake', 'python']
[0.269s] Level 1:colcon.colcon_core.package_identification:_identify(src) by extension 'cmake'
[0.269s] Level 1:colcon.colcon_core.package_identification:_identify(src) by extension 'python'
[0.269s] Level 1:colcon.colcon_core.package_identification:_identify(src) by extensions ['python_setup_py']
[0.269s] Level 1:colcon.colcon_core.package_identification:_identify(src) by extension 'python_setup_py'
[0.269s] Level 1:colcon.colcon_core.package_identification:_identify(src/basic_robot) by extensions ['ignore', 'ignore_ament_install']
[0.269s] Level 1:colcon.colcon_core.package_identification:_identify(src/basic_robot) by extension 'ignore'
[0.269s] Level 1:colcon.colcon_core.package_identification:_identify(src/basic_robot) by extension 'ignore_ament_install'
[0.269s] Level 1:colcon.colcon_core.package_identification:_identify(src/basic_robot) by extensions ['colcon_pkg']
[0.269s] Level 1:colcon.colcon_core.package_identification:_identify(src/basic_robot) by extension 'colcon_pkg'
[0.269s] Level 1:colcon.colcon_core.package_identification:_identify(src/basic_robot) by extensions ['colcon_meta']
[0.269s] Level 1:colcon.colcon_core.package_identification:_identify(src/basic_robot) by extension 'colcon_meta'
[0.269s] Level 1:colcon.colcon_core.package_identification:_identify(src/basic_robot) by extensions ['ros']
[0.269s] Level 1:colcon.colcon_core.package_identification:_identify(src/basic_robot) by extension 'ros'
[0.273s] DEBUG:colcon.colcon_core.package_identification:Package 'src/basic_robot' with type 'ros.ament_cmake' and name 'basic_robot'
[0.273s] Level 1:colcon.colcon_core.package_identification:_identify(src/turtlebot3_simulations) by extensions ['ignore', 'ignore_ament_install']
[0.273s] Level 1:colcon.colcon_core.package_identification:_identify(src/turtlebot3_simulations) by extension 'ignore'
[0.273s] Level 1:colcon.colcon_core.package_identification:_identify(src/turtlebot3_simulations) by extension 'ignore_ament_install'
[0.273s] Level 1:colcon.colcon_core.package_identification:_identify(src/turtlebot3_simulations) by extensions ['colcon_pkg']
[0.273s] Level 1:colcon.colcon_core.package_identification:_identify(src/turtlebot3_simulations) by extension 'colcon_pkg'
[0.273s] Level 1:colcon.colcon_core.package_identification:_identify(src/turtlebot3_simulations) by extensions ['colcon_meta']
[0.273s] Level 1:colcon.colcon_core.package_identification:_identify(src/turtlebot3_simulations) by extension 'colcon_meta'
[0.273s] Level 1:colcon.colcon_core.package_identification:_identify(src/turtlebot3_simulations) by extensions ['ros']
[0.273s] Level 1:colcon.colcon_core.package_identification:_identify(src/turtlebot3_simulations) by extension 'ros'
[0.273s] Level 1:colcon.colcon_core.package_identification:_identify(src/turtlebot3_simulations) by extensions ['cmake', 'python']
[0.273s] Level 1:colcon.colcon_core.package_identification:_identify(src/turtlebot3_simulations) by extension 'cmake'
[0.273s] Level 1:colcon.colcon_core.package_identification:_identify(src/turtlebot3_simulations) by extension 'python'
[0.273s] Level 1:colcon.colcon_core.package_identification:_identify(src/turtlebot3_simulations) by extensions ['python_setup_py']
[0.273s] Level 1:colcon.colcon_core.package_identification:_identify(src/turtlebot3_simulations) by extension 'python_setup_py'
[0.274s] Level 1:colcon.colcon_core.package_identification:_identify(src/turtlebot3_simulations/turtlebot3_fake_node) by extensions ['ignore', 'ignore_ament_install']
[0.274s] Level 1:colcon.colcon_core.package_identification:_identify(src/turtlebot3_simulations/turtlebot3_fake_node) by extension 'ignore'
[0.274s] Level 1:colcon.colcon_core.package_identification:_identify(src/turtlebot3_simulations/turtlebot3_fake_node) by extension 'ignore_ament_install'
[0.274s] Level 1:colcon.colcon_core.package_identification:_identify(src/turtlebot3_simulations/turtlebot3_fake_node) by extensions ['colcon_pkg']
[0.274s] Level 1:colcon.colcon_core.package_identification:_identify(src/turtlebot3_simulations/turtlebot3_fake_node) by extension 'colcon_pkg'
[0.274s] Level 1:colcon.colcon_core.package_identification:_identify(src/turtlebot3_simulations/turtlebot3_fake_node) by extensions ['colcon_meta']
[0.274s] Level 1:colcon.colcon_core.package_identification:_identify(src/turtlebot3_simulations/turtlebot3_fake_node) by extension 'colcon_meta'
[0.274s] Level 1:colcon.colcon_core.package_identification:_identify(src/turtlebot3_simulations/turtlebot3_fake_node) by extensions ['ros']
[0.274s] Level 1:colcon.colcon_core.package_identification:_identify(src/turtlebot3_simulations/turtlebot3_fake_node) by extension 'ros'
[0.276s] DEBUG:colcon.colcon_core.package_identification:Package 'src/turtlebot3_simulations/turtlebot3_fake_node' with type 'ros.ament_cmake' and name 'turtlebot3_fake_node'
[0.276s] Level 1:colcon.colcon_core.package_identification:_identify(src/turtlebot3_simulations/turtlebot3_gazebo) by extensions ['ignore', 'ignore_ament_install']
[0.276s] Level 1:colcon.colcon_core.package_identification:_identify(src/turtlebot3_simulations/turtlebot3_gazebo) by extension 'ignore'
[0.277s] Level 1:colcon.colcon_core.package_identification:_identify(src/turtlebot3_simulations/turtlebot3_gazebo) by extension 'ignore_ament_install'
[0.277s] Level 1:colcon.colcon_core.package_identification:_identify(src/turtlebot3_simulations/turtlebot3_gazebo) by extensions ['colcon_pkg']
[0.277s] Level 1:colcon.colcon_core.package_identification:_identify(src/turtlebot3_simulations/turtlebot3_gazebo) by extension 'colcon_pkg'
[0.277s] Level 1:colcon.colcon_core.package_identification:_identify(src/turtlebot3_simulations/turtlebot3_gazebo) by extensions ['colcon_meta']
[0.277s] Level 1:colcon.colcon_core.package_identification:_identify(src/turtlebot3_simulations/turtlebot3_gazebo) by extension 'colcon_meta'
[0.277s] Level 1:colcon.colcon_core.package_identification:_identify(src/turtlebot3_simulations/turtlebot3_gazebo) by extensions ['ros']
[0.277s] Level 1:colcon.colcon_core.package_identification:_identify(src/turtlebot3_simulations/turtlebot3_gazebo) by extension 'ros'
[0.279s] DEBUG:colcon.colcon_core.package_identification:Package 'src/turtlebot3_simulations/turtlebot3_gazebo' with type 'ros.ament_cmake' and name 'turtlebot3_gazebo'
[0.279s] Level 1:colcon.colcon_core.package_identification:_identify(src/turtlebot3_simulations/turtlebot3_simulations) by extensions ['ignore', 'ignore_ament_install']
[0.279s] Level 1:colcon.colcon_core.package_identification:_identify(src/turtlebot3_simulations/turtlebot3_simulations) by extension 'ignore'
[0.279s] Level 1:colcon.colcon_core.package_identification:_identify(src/turtlebot3_simulations/turtlebot3_simulations) by extension 'ignore_ament_install'
[0.279s] Level 1:colcon.colcon_core.package_identification:_identify(src/turtlebot3_simulations/turtlebot3_simulations) by extensions ['colcon_pkg']
[0.279s] Level 1:colcon.colcon_core.package_identification:_identify(src/turtlebot3_simulations/turtlebot3_simulations) by extension 'colcon_pkg'
[0.279s] Level 1:colcon.colcon_core.package_identification:_identify(src/turtlebot3_simulations/turtlebot3_simulations) by extensions ['colcon_meta']
[0.279s] Level 1:colcon.colcon_core.package_identification:_identify(src/turtlebot3_simulations/turtlebot3_simulations) by extension 'colcon_meta'
[0.279s] Level 1:colcon.colcon_core.package_identification:_identify(src/turtlebot3_simulations/turtlebot3_simulations) by extensions ['ros']
[0.279s] Level 1:colcon.colcon_core.package_identification:_identify(src/turtlebot3_simulations/turtlebot3_simulations) by extension 'ros'
[0.280s] DEBUG:colcon.colcon_core.package_identification:Package 'src/turtlebot3_simulations/turtlebot3_simulations' with type 'ros.ament_cmake' and name 'turtlebot3_simulations'
[0.280s] Level 1:colcon.colcon_core.package_discovery:discover_packages(recursive) using defaults
[0.280s] Level 1:colcon.colcon_core.package_discovery:discover_packages(ignore) discover
[0.280s] Level 1:colcon.colcon_core.package_discovery:discover_packages(ignore) using defaults
[0.280s] Level 1:colcon.colcon_core.package_discovery:discover_packages(path) discover
[0.280s] Level 1:colcon.colcon_core.package_discovery:discover_packages(path) using defaults
[0.318s] Level 1:colcon.colcon_core.package_discovery:discover_packages(prefix_path) check parameters
[0.318s] Level 1:colcon.colcon_core.package_discovery:discover_packages(prefix_path) discover
[0.323s] DEBUG:colcon.colcon_installed_package_information.package_discovery:Found 318 installed packages in /opt/ros/foxy
[0.326s] Level 1:colcon.colcon_core.package_discovery:discover_packages(prefix_path) using defaults
[0.443s] Level 5:colcon.colcon_core.verb:set package 'basic_robot' build argument 'cmake_args' from command line to 'None'
[0.443s] Level 5:colcon.colcon_core.verb:set package 'basic_robot' build argument 'cmake_target' from command line to 'None'
[0.443s] Level 5:colcon.colcon_core.verb:set package 'basic_robot' build argument 'cmake_target_skip_unavailable' from command line to 'False'
[0.443s] Level 5:colcon.colcon_core.verb:set package 'basic_robot' build argument 'cmake_clean_cache' from command line to 'False'
[0.443s] Level 5:colcon.colcon_core.verb:set package 'basic_robot' build argument 'cmake_clean_first' from command line to 'False'
[0.443s] Level 5:colcon.colcon_core.verb:set package 'basic_robot' build argument 'cmake_force_configure' from command line to 'False'
[0.443s] Level 5:colcon.colcon_core.verb:set package 'basic_robot' build argument 'ament_cmake_args' from command line to 'None'
[0.443s] Level 5:colcon.colcon_core.verb:set package 'basic_robot' build argument 'catkin_cmake_args' from command line to 'None'
[0.443s] Level 5:colcon.colcon_core.verb:set package 'basic_robot' build argument 'catkin_skip_building_tests' from command line to 'False'
[0.443s] DEBUG:colcon.colcon_core.verb:Building package 'basic_robot' with the following arguments: {'ament_cmake_args': None, 'build_base': '/home/jonasvinol/Desktop/G1FinalProject/build/basic_robot', 'catkin_cmake_args': None, 'catkin_skip_building_tests': False, 'cmake_args': None, 'cmake_clean_cache': False, 'cmake_clean_first': False, 'cmake_force_configure': False, 'cmake_target': None, 'cmake_target_skip_unavailable': False, 'install_base': '/home/jonasvinol/Desktop/G1FinalProject/install/basic_robot', 'merge_install': False, 'path': '/home/jonasvinol/Desktop/G1FinalProject/src/basic_robot', 'symlink_install': True, 'test_result_base': None}
[0.445s] Level 5:colcon.colcon_core.verb:set package 'turtlebot3_fake_node' build argument 'cmake_args' from command line to 'None'
[0.445s] Level 5:colcon.colcon_core.verb:set package 'turtlebot3_fake_node' build argument 'cmake_target' from command line to 'None'
[0.445s] Level 5:colcon.colcon_core.verb:set package 'turtlebot3_fake_node' build argument 'cmake_target_skip_unavailable' from command line to 'False'
[0.445s] Level 5:colcon.colcon_core.verb:set package 'turtlebot3_fake_node' build argument 'cmake_clean_cache' from command line to 'False'
[0.445s] Level 5:colcon.colcon_core.verb:set package 'turtlebot3_fake_node' build argument 'cmake_clean_first' from command line to 'False'
[0.445s] Level 5:colcon.colcon_core.verb:set package 'turtlebot3_fake_node' build argument 'cmake_force_configure' from command line to 'False'
[0.445s] Level 5:colcon.colcon_core.verb:set package 'turtlebot3_fake_node' build argument 'ament_cmake_args' from command line to 'None'
[0.445s] Level 5:colcon.colcon_core.verb:set package 'turtlebot3_fake_node' build argument 'catkin_cmake_args' from command line to 'None'
[0.445s] Level 5:colcon.colcon_core.verb:set package 'turtlebot3_fake_node' build argument 'catkin_skip_building_tests' from command line to 'False'
[0.445s] DEBUG:colcon.colcon_core.verb:Building package 'turtlebot3_fake_node' with the following arguments: {'ament_cmake_args': None, 'build_base': '/home/jonasvinol/Desktop/G1FinalProject/build/turtlebot3_fake_node', 'catkin_cmake_args': None, 'catkin_skip_building_tests': False, 'cmake_args': None, 'cmake_clean_cache': False, 'cmake_clean_first': False, 'cmake_force_configure': False, 'cmake_target': None, 'cmake_target_skip_unavailable': False, 'install_base': '/home/jonasvinol/Desktop/G1FinalProject/install/turtlebot3_fake_node', 'merge_install': False, 'path': '/home/jonasvinol/Desktop/G1FinalProject/src/turtlebot3_simulations/turtlebot3_fake_node', 'symlink_install': True, 'test_result_base': None}
[0.447s] Level 5:colcon.colcon_core.verb:set package 'turtlebot3_gazebo' build argument 'cmake_args' from command line to 'None'
[0.447s] Level 5:colcon.colcon_core.verb:set package 'turtlebot3_gazebo' build argument 'cmake_target' from command line to 'None'
[0.447s] Level 5:colcon.colcon_core.verb:set package 'turtlebot3_gazebo' build argument 'cmake_target_skip_unavailable' from command line to 'False'
[0.447s] Level 5:colcon.colcon_core.verb:set package 'turtlebot3_gazebo' build argument 'cmake_clean_cache' from command line to 'False'
[0.447s] Level 5:colcon.colcon_core.verb:set package 'turtlebot3_gazebo' build argument 'cmake_clean_first' from command line to 'False'
[0.447s] Level 5:colcon.colcon_core.verb:set package 'turtlebot3_gazebo' build argument 'cmake_force_configure' from command line to 'False'
[0.447s] Level 5:colcon.colcon_core.verb:set package 'turtlebot3_gazebo' build argument 'ament_cmake_args' from command line to 'None'
[0.447s] Level 5:colcon.colcon_core.verb:set package 'turtlebot3_gazebo' build argument 'catkin_cmake_args' from command line to 'None'
[0.447s] Level 5:colcon.colcon_core.verb:set package 'turtlebot3_gazebo' build argument 'catkin_skip_building_tests' from command line to 'False'
[0.447s] DEBUG:colcon.colcon_core.verb:Building package 'turtlebot3_gazebo' with the following arguments: {'ament_cmake_args': None, 'build_base': '/home/jonasvinol/Desktop/G1FinalProject/build/turtlebot3_gazebo', 'catkin_cmake_args': None, 'catkin_skip_building_tests': False, 'cmake_args': None, 'cmake_clean_cache': False, 'cmake_clean_first': False, 'cmake_force_configure': False, 'cmake_target': None, 'cmake_target_skip_unavailable': False, 'install_base': '/home/jonasvinol/Desktop/G1FinalProject/install/turtlebot3_gazebo', 'merge_install': False, 'path': '/home/jonasvinol/Desktop/G1FinalProject/src/turtlebot3_simulations/turtlebot3_gazebo', 'symlink_install': True, 'test_result_base': None}
[0.449s] Level 5:colcon.colcon_core.verb:set package 'turtlebot3_simulations' build argument 'cmake_args' from command line to 'None'
[0.449s] Level 5:colcon.colcon_core.verb:set package 'turtlebot3_simulations' build argument 'cmake_target' from command line to 'None'
[0.449s] Level 5:colcon.colcon_core.verb:set package 'turtlebot3_simulations' build argument 'cmake_target_skip_unavailable' from command line to 'False'
[0.449s] Level 5:colcon.colcon_core.verb:set package 'turtlebot3_simulations' build argument 'cmake_clean_cache' from command line to 'False'
[0.449s] Level 5:colcon.colcon_core.verb:set package 'turtlebot3_simulations' build argument 'cmake_clean_first' from command line to 'False'
[0.449s] Level 5:colcon.colcon_core.verb:set package 'turtlebot3_simulations' build argument 'cmake_force_configure' from command line to 'False'
[0.449s] Level 5:colcon.colcon_core.verb:set package 'turtlebot3_simulations' build argument 'ament_cmake_args' from command line to 'None'
[0.449s] Level 5:colcon.colcon_core.verb:set package 'turtlebot3_simulations' build argument 'catkin_cmake_args' from command line to 'None'
[0.449s] Level 5:colcon.colcon_core.verb:set package 'turtlebot3_simulations' build argument 'catkin_skip_building_tests' from command line to 'False'
[0.449s] DEBUG:colcon.colcon_core.verb:Building package 'turtlebot3_simulations' with the following arguments: {'ament_cmake_args': None, 'build_base': '/home/jonasvinol/Desktop/G1FinalProject/build/turtlebot3_simulations', 'catkin_cmake_args': None, 'catkin_skip_building_tests': False, 'cmake_args': None, 'cmake_clean_cache': False, 'cmake_clean_first': False, 'cmake_force_configure': False, 'cmake_target': None, 'cmake_target_skip_unavailable': False, 'install_base': '/home/jonasvinol/Desktop/G1FinalProject/install/turtlebot3_simulations', 'merge_install': False, 'path': '/home/jonasvinol/Desktop/G1FinalProject/src/turtlebot3_simulations/turtlebot3_simulations', 'symlink_install': True, 'test_result_base': None}
[0.450s] INFO:colcon.colcon_core.executor:Executing jobs using 'parallel' executor
[0.457s] DEBUG:colcon.colcon_parallel_executor.executor.parallel:run_until_complete
[0.457s] INFO:colcon.colcon_ros.task.ament_cmake.build:Building ROS package in '/home/jonasvinol/Desktop/G1FinalProject/src/turtlebot3_simulations/turtlebot3_fake_node' with build type 'ament_cmake'
[0.457s] INFO:colcon.colcon_cmake.task.cmake.build:Building CMake package in '/home/jonasvinol/Desktop/G1FinalProject/src/turtlebot3_simulations/turtlebot3_fake_node'
[0.462s] INFO:colcon.colcon_core.plugin_system:Skipping extension 'colcon_core.shell.bat': Not used on non-Windows systems
[0.462s] INFO:colcon.colcon_core.shell:Skip shell extension 'powershell' for command environment: Not usable outside of PowerShell
[0.462s] DEBUG:colcon.colcon_core.shell:Skip shell extension 'dsv' for command environment
[0.469s] INFO:colcon.colcon_ros.task.ament_cmake.build:Building ROS package in '/home/jonasvinol/Desktop/G1FinalProject/src/turtlebot3_simulations/turtlebot3_gazebo' with build type 'ament_cmake'
[0.470s] INFO:colcon.colcon_cmake.task.cmake.build:Building CMake package in '/home/jonasvinol/Desktop/G1FinalProject/src/turtlebot3_simulations/turtlebot3_gazebo'
[0.472s] INFO:colcon.colcon_core.shell:Skip shell extension 'powershell' for command environment: Not usable outside of PowerShell
[0.472s] DEBUG:colcon.colcon_core.shell:Skip shell extension 'dsv' for command environment
[0.479s] INFO:colcon.colcon_ros.task.ament_cmake.build:Building ROS package in '/home/jonasvinol/Desktop/G1FinalProject/src/basic_robot' with build type 'ament_cmake'
[0.479s] INFO:colcon.colcon_cmake.task.cmake.build:Building CMake package in '/home/jonasvinol/Desktop/G1FinalProject/src/basic_robot'
[0.482s] INFO:colcon.colcon_core.shell:Skip shell extension 'powershell' for command environment: Not usable outside of PowerShell
[0.482s] DEBUG:colcon.colcon_core.shell:Skip shell extension 'dsv' for command environment
[0.495s] DEBUG:colcon.colcon_core.event_handler.log_command:Invoking command in '/home/jonasvinol/Desktop/G1FinalProject/build/turtlebot3_fake_node': CMAKE_PREFIX_PATH=/opt/ros/foxy /usr/bin/cmake /home/jonasvinol/Desktop/G1FinalProject/src/turtlebot3_simulations/turtlebot3_fake_node -DAMENT_CMAKE_SYMLINK_INSTALL=1 -DCMAKE_INSTALL_PREFIX=/home/jonasvinol/Desktop/G1FinalProject/install/turtlebot3_fake_node
[0.507s] DEBUG:colcon.colcon_core.event_handler.log_command:Invoking command in '/home/jonasvinol/Desktop/G1FinalProject/build/turtlebot3_gazebo': CMAKE_PREFIX_PATH=/opt/ros/foxy /usr/bin/cmake /home/jonasvinol/Desktop/G1FinalProject/src/turtlebot3_simulations/turtlebot3_gazebo -DAMENT_CMAKE_SYMLINK_INSTALL=1 -DCMAKE_INSTALL_PREFIX=/home/jonasvinol/Desktop/G1FinalProject/install/turtlebot3_gazebo
[0.514s] DEBUG:colcon.colcon_core.event_handler.log_command:Invoking command in '/home/jonasvinol/Desktop/G1FinalProject/build/basic_robot': CMAKE_PREFIX_PATH=/opt/ros/foxy /usr/bin/cmake /home/jonasvinol/Desktop/G1FinalProject/src/basic_robot -DAMENT_CMAKE_SYMLINK_INSTALL=1 -DCMAKE_INSTALL_PREFIX=/home/jonasvinol/Desktop/G1FinalProject/install/basic_robot
[0.920s] DEBUG:colcon.colcon_core.event_handler.log_command:Invoked command in '/home/jonasvinol/Desktop/G1FinalProject/build/basic_robot' returned '0': CMAKE_PREFIX_PATH=/opt/ros/foxy /usr/bin/cmake /home/jonasvinol/Desktop/G1FinalProject/src/basic_robot -DAMENT_CMAKE_SYMLINK_INSTALL=1 -DCMAKE_INSTALL_PREFIX=/home/jonasvinol/Desktop/G1FinalProject/install/basic_robot
[0.924s] DEBUG:colcon.colcon_core.event_handler.log_command:Invoking command in '/home/jonasvinol/Desktop/G1FinalProject/build/basic_robot': CMAKE_PREFIX_PATH=/opt/ros/foxy /usr/bin/cmake --build /home/jonasvinol/Desktop/G1FinalProject/build/basic_robot -- -j6 -l6
[0.963s] DEBUG:colcon.colcon_core.event_handler.log_command:Invoked command in '/home/jonasvinol/Desktop/G1FinalProject/build/basic_robot' returned '0': CMAKE_PREFIX_PATH=/opt/ros/foxy /usr/bin/cmake --build /home/jonasvinol/Desktop/G1FinalProject/build/basic_robot -- -j6 -l6
[1.000s] DEBUG:colcon.colcon_core.event_handler.log_command:Invoking command in '/home/jonasvinol/Desktop/G1FinalProject/build/basic_robot': CMAKE_PREFIX_PATH=/opt/ros/foxy /usr/bin/cmake --install /home/jonasvinol/Desktop/G1FinalProject/build/basic_robot
[1.153s] Level 1:colcon.colcon_core.environment:create_environment_scripts_only(basic_robot)
[1.154s] DEBUG:colcon.colcon_core.event_handler.log_command:Invoked command in '/home/jonasvinol/Desktop/G1FinalProject/build/basic_robot' returned '0': CMAKE_PREFIX_PATH=/opt/ros/foxy /usr/bin/cmake --install /home/jonasvinol/Desktop/G1FinalProject/build/basic_robot
[1.161s] Level 1:colcon.colcon_core.environment:checking '/home/jonasvinol/Desktop/G1FinalProject/install/basic_robot' for CMake module files
[1.162s] Level 1:colcon.colcon_core.environment:checking '/home/jonasvinol/Desktop/G1FinalProject/install/basic_robot' for CMake config files
[1.162s] Level 1:colcon.colcon_core.shell:create_environment_hook('basic_robot', 'cmake_prefix_path')
[1.164s] INFO:colcon.colcon_core.shell:Creating environment hook '/home/jonasvinol/Desktop/G1FinalProject/install/basic_robot/share/basic_robot/hook/cmake_prefix_path.ps1'
[1.165s] INFO:colcon.colcon_core.shell:Creating environment descriptor '/home/jonasvinol/Desktop/G1FinalProject/install/basic_robot/share/basic_robot/hook/cmake_prefix_path.dsv'
[1.166s] INFO:colcon.colcon_core.shell:Creating environment hook '/home/jonasvinol/Desktop/G1FinalProject/install/basic_robot/share/basic_robot/hook/cmake_prefix_path.sh'
[1.167s] Level 1:colcon.colcon_core.environment:checking '/home/jonasvinol/Desktop/G1FinalProject/install/basic_robot/bin'
[1.167s] Level 1:colcon.colcon_core.environment:checking '/home/jonasvinol/Desktop/G1FinalProject/install/basic_robot/lib/pkgconfig/basic_robot.pc'
[1.168s] Level 1:colcon.colcon_core.environment:checking '/home/jonasvinol/Desktop/G1FinalProject/install/basic_robot/lib/python3.8/site-packages'
[1.168s] Level 1:colcon.colcon_core.environment:checking '/home/jonasvinol/Desktop/G1FinalProject/install/basic_robot/bin'
[1.170s] INFO:colcon.colcon_core.shell:Creating package script '/home/jonasvinol/Desktop/G1FinalProject/install/basic_robot/share/basic_robot/package.ps1'
[1.171s] INFO:colcon.colcon_core.shell:Creating package descriptor '/home/jonasvinol/Desktop/G1FinalProject/install/basic_robot/share/basic_robot/package.dsv'
[1.172s] INFO:colcon.colcon_core.shell:Creating package script '/home/jonasvinol/Desktop/G1FinalProject/install/basic_robot/share/basic_robot/package.sh'
[1.173s] INFO:colcon.colcon_core.shell:Creating package script '/home/jonasvinol/Desktop/G1FinalProject/install/basic_robot/share/basic_robot/package.bash'
[1.174s] INFO:colcon.colcon_core.shell:Creating package script '/home/jonasvinol/Desktop/G1FinalProject/install/basic_robot/share/basic_robot/package.zsh'
[1.175s] Level 1:colcon.colcon_core.environment:create_file_with_runtime_dependencies(/home/jonasvinol/Desktop/G1FinalProject/install/basic_robot/share/colcon-core/packages/basic_robot)
[1.202s] Level 1:colcon.colcon_core.environment:create_environment_scripts_only(basic_robot)
[1.205s] Level 1:colcon.colcon_core.environment:checking '/home/jonasvinol/Desktop/G1FinalProject/install/basic_robot' for CMake module files
[1.206s] Level 1:colcon.colcon_core.environment:checking '/home/jonasvinol/Desktop/G1FinalProject/install/basic_robot' for CMake config files
[1.207s] Level 1:colcon.colcon_core.shell:create_environment_hook('basic_robot', 'cmake_prefix_path')
[1.209s] INFO:colcon.colcon_core.shell:Creating environment hook '/home/jonasvinol/Desktop/G1FinalProject/install/basic_robot/share/basic_robot/hook/cmake_prefix_path.ps1'
[1.209s] INFO:colcon.colcon_core.shell:Creating environment descriptor '/home/jonasvinol/Desktop/G1FinalProject/install/basic_robot/share/basic_robot/hook/cmake_prefix_path.dsv'
[1.210s] INFO:colcon.colcon_core.shell:Creating environment hook '/home/jonasvinol/Desktop/G1FinalProject/install/basic_robot/share/basic_robot/hook/cmake_prefix_path.sh'
[1.210s] Level 1:colcon.colcon_core.environment:checking '/home/jonasvinol/Desktop/G1FinalProject/install/basic_robot/bin'
[1.210s] Level 1:colcon.colcon_core.environment:checking '/home/jonasvinol/Desktop/G1FinalProject/install/basic_robot/lib/pkgconfig/basic_robot.pc'
[1.211s] Level 1:colcon.colcon_core.environment:checking '/home/jonasvinol/Desktop/G1FinalProject/install/basic_robot/lib/python3.8/site-packages'
[1.211s] Level 1:colcon.colcon_core.environment:checking '/home/jonasvinol/Desktop/G1FinalProject/install/basic_robot/bin'
[1.213s] INFO:colcon.colcon_core.shell:Creating package script '/home/jonasvinol/Desktop/G1FinalProject/install/basic_robot/share/basic_robot/package.ps1'
[1.214s] INFO:colcon.colcon_core.shell:Creating package descriptor '/home/jonasvinol/Desktop/G1FinalProject/install/basic_robot/share/basic_robot/package.dsv'
[1.214s] INFO:colcon.colcon_core.shell:Creating package script '/home/jonasvinol/Desktop/G1FinalProject/install/basic_robot/share/basic_robot/package.sh'
[1.215s] INFO:colcon.colcon_core.shell:Creating package script '/home/jonasvinol/Desktop/G1FinalProject/install/basic_robot/share/basic_robot/package.bash'
[1.216s] INFO:colcon.colcon_core.shell:Creating package script '/home/jonasvinol/Desktop/G1FinalProject/install/basic_robot/share/basic_robot/package.zsh'
[1.216s] Level 1:colcon.colcon_core.environment:create_file_with_runtime_dependencies(/home/jonasvinol/Desktop/G1FinalProject/install/basic_robot/share/colcon-core/packages/basic_robot)
[2.416s] DEBUG:colcon.colcon_core.event_handler.log_command:Invoked command in '/home/jonasvinol/Desktop/G1FinalProject/build/turtlebot3_fake_node' returned '0': CMAKE_PREFIX_PATH=/opt/ros/foxy /usr/bin/cmake /home/jonasvinol/Desktop/G1FinalProject/src/turtlebot3_simulations/turtlebot3_fake_node -DAMENT_CMAKE_SYMLINK_INSTALL=1 -DCMAKE_INSTALL_PREFIX=/home/jonasvinol/Desktop/G1FinalProject/install/turtlebot3_fake_node
[2.418s] DEBUG:colcon.colcon_core.event_handler.log_command:Invoking command in '/home/jonasvinol/Desktop/G1FinalProject/build/turtlebot3_fake_node': CMAKE_PREFIX_PATH=/opt/ros/foxy /usr/bin/cmake --build /home/jonasvinol/Desktop/G1FinalProject/build/turtlebot3_fake_node -- -j6 -l6
[2.801s] DEBUG:colcon.colcon_core.event_handler.log_command:Invoked command in '/home/jonasvinol/Desktop/G1FinalProject/build/turtlebot3_gazebo' returned '0': CMAKE_PREFIX_PATH=/opt/ros/foxy /usr/bin/cmake /home/jonasvinol/Desktop/G1FinalProject/src/turtlebot3_simulations/turtlebot3_gazebo -DAMENT_CMAKE_SYMLINK_INSTALL=1 -DCMAKE_INSTALL_PREFIX=/home/jonasvinol/Desktop/G1FinalProject/install/turtlebot3_gazebo
[2.805s] DEBUG:colcon.colcon_core.event_handler.log_command:Invoking command in '/home/jonasvinol/Desktop/G1FinalProject/build/turtlebot3_gazebo': CMAKE_PREFIX_PATH=/opt/ros/foxy /usr/bin/cmake --build /home/jonasvinol/Desktop/G1FinalProject/build/turtlebot3_gazebo -- -j6 -l6
[2.901s] DEBUG:colcon.colcon_core.event_handler.log_command:Invoked command in '/home/jonasvinol/Desktop/G1FinalProject/build/turtlebot3_fake_node' returned '0': CMAKE_PREFIX_PATH=/opt/ros/foxy /usr/bin/cmake --build /home/jonasvinol/Desktop/G1FinalProject/build/turtlebot3_fake_node -- -j6 -l6
[2.930s] DEBUG:colcon.colcon_core.event_handler.log_command:Invoking command in '/home/jonasvinol/Desktop/G1FinalProject/build/turtlebot3_fake_node': CMAKE_PREFIX_PATH=/opt/ros/foxy /usr/bin/cmake --install /home/jonasvinol/Desktop/G1FinalProject/build/turtlebot3_fake_node
[3.189s] Level 1:colcon.colcon_core.environment:create_environment_scripts_only(turtlebot3_fake_node)
[3.193s] Level 1:colcon.colcon_core.environment:checking '/home/jonasvinol/Desktop/G1FinalProject/install/turtlebot3_fake_node' for CMake module files
[3.194s] DEBUG:colcon.colcon_core.event_handler.log_command:Invoked command in '/home/jonasvinol/Desktop/G1FinalProject/build/turtlebot3_fake_node' returned '0': CMAKE_PREFIX_PATH=/opt/ros/foxy /usr/bin/cmake --install /home/jonasvinol/Desktop/G1FinalProject/build/turtlebot3_fake_node
[3.195s] Level 1:colcon.colcon_core.environment:checking '/home/jonasvinol/Desktop/G1FinalProject/install/turtlebot3_fake_node' for CMake config files
[3.195s] Level 1:colcon.colcon_core.shell:create_environment_hook('turtlebot3_fake_node', 'cmake_prefix_path')
[3.198s] INFO:colcon.colcon_core.shell:Creating environment hook '/home/jonasvinol/Desktop/G1FinalProject/install/turtlebot3_fake_node/share/turtlebot3_fake_node/hook/cmake_prefix_path.ps1'
[3.200s] INFO:colcon.colcon_core.shell:Creating environment descriptor '/home/jonasvinol/Desktop/G1FinalProject/install/turtlebot3_fake_node/share/turtlebot3_fake_node/hook/cmake_prefix_path.dsv'
[3.200s] INFO:colcon.colcon_core.shell:Creating environment hook '/home/jonasvinol/Desktop/G1FinalProject/install/turtlebot3_fake_node/share/turtlebot3_fake_node/hook/cmake_prefix_path.sh'
[3.201s] Level 1:colcon.colcon_core.environment:checking '/home/jonasvinol/Desktop/G1FinalProject/install/turtlebot3_fake_node/lib'
[3.202s] Level 1:colcon.colcon_core.environment:checking '/home/jonasvinol/Desktop/G1FinalProject/install/turtlebot3_fake_node/bin'
[3.202s] Level 1:colcon.colcon_core.environment:checking '/home/jonasvinol/Desktop/G1FinalProject/install/turtlebot3_fake_node/lib/pkgconfig/turtlebot3_fake_node.pc'
[3.202s] Level 1:colcon.colcon_core.environment:checking '/home/jonasvinol/Desktop/G1FinalProject/install/turtlebot3_fake_node/lib/python3.8/site-packages'
[3.202s] Level 1:colcon.colcon_core.environment:checking '/home/jonasvinol/Desktop/G1FinalProject/install/turtlebot3_fake_node/bin'
[3.205s] INFO:colcon.colcon_core.shell:Creating package script '/home/jonasvinol/Desktop/G1FinalProject/install/turtlebot3_fake_node/share/turtlebot3_fake_node/package.ps1'
[3.205s] INFO:colcon.colcon_core.shell:Creating package descriptor '/home/jonasvinol/Desktop/G1FinalProject/install/turtlebot3_fake_node/share/turtlebot3_fake_node/package.dsv'
[3.206s] INFO:colcon.colcon_core.shell:Creating package script '/home/jonasvinol/Desktop/G1FinalProject/install/turtlebot3_fake_node/share/turtlebot3_fake_node/package.sh'
[3.206s] INFO:colcon.colcon_core.shell:Creating package script '/home/jonasvinol/Desktop/G1FinalProject/install/turtlebot3_fake_node/share/turtlebot3_fake_node/package.bash'
[3.207s] INFO:colcon.colcon_core.shell:Creating package script '/home/jonasvinol/Desktop/G1FinalProject/install/turtlebot3_fake_node/share/turtlebot3_fake_node/package.zsh'
[3.207s] Level 1:colcon.colcon_core.environment:create_file_with_runtime_dependencies(/home/jonasvinol/Desktop/G1FinalProject/install/turtlebot3_fake_node/share/colcon-core/packages/turtlebot3_fake_node)
[3.234s] Level 1:colcon.colcon_core.environment:create_environment_scripts_only(turtlebot3_fake_node)
[3.238s] Level 1:colcon.colcon_core.environment:checking '/home/jonasvinol/Desktop/G1FinalProject/install/turtlebot3_fake_node' for CMake module files
[3.239s] Level 1:colcon.colcon_core.environment:checking '/home/jonasvinol/Desktop/G1FinalProject/install/turtlebot3_fake_node' for CMake config files
[3.239s] Level 1:colcon.colcon_core.shell:create_environment_hook('turtlebot3_fake_node', 'cmake_prefix_path')
[3.242s] INFO:colcon.colcon_core.shell:Creating environment hook '/home/jonasvinol/Desktop/G1FinalProject/install/turtlebot3_fake_node/share/turtlebot3_fake_node/hook/cmake_prefix_path.ps1'
[3.242s] INFO:colcon.colcon_core.shell:Creating environment descriptor '/home/jonasvinol/Desktop/G1FinalProject/install/turtlebot3_fake_node/share/turtlebot3_fake_node/hook/cmake_prefix_path.dsv'
[3.243s] INFO:colcon.colcon_core.shell:Creating environment hook '/home/jonasvinol/Desktop/G1FinalProject/install/turtlebot3_fake_node/share/turtlebot3_fake_node/hook/cmake_prefix_path.sh'
[3.244s] Level 1:colcon.colcon_core.environment:checking '/home/jonasvinol/Desktop/G1FinalProject/install/turtlebot3_fake_node/lib'
[3.244s] Level 1:colcon.colcon_core.environment:checking '/home/jonasvinol/Desktop/G1FinalProject/install/turtlebot3_fake_node/bin'
[3.244s] Level 1:colcon.colcon_core.environment:checking '/home/jonasvinol/Desktop/G1FinalProject/install/turtlebot3_fake_node/lib/pkgconfig/turtlebot3_fake_node.pc'
[3.244s] Level 1:colcon.colcon_core.environment:checking '/home/jonasvinol/Desktop/G1FinalProject/install/turtlebot3_fake_node/lib/python3.8/site-packages'
[3.244s] Level 1:colcon.colcon_core.environment:checking '/home/jonasvinol/Desktop/G1FinalProject/install/turtlebot3_fake_node/bin'
[3.247s] INFO:colcon.colcon_core.shell:Creating package script '/home/jonasvinol/Desktop/G1FinalProject/install/turtlebot3_fake_node/share/turtlebot3_fake_node/package.ps1'
[3.248s] INFO:colcon.colcon_core.shell:Creating package descriptor '/home/jonasvinol/Desktop/G1FinalProject/install/turtlebot3_fake_node/share/turtlebot3_fake_node/package.dsv'
[3.248s] INFO:colcon.colcon_core.shell:Creating package script '/home/jonasvinol/Desktop/G1FinalProject/install/turtlebot3_fake_node/share/turtlebot3_fake_node/package.sh'
[3.249s] INFO:colcon.colcon_core.shell:Creating package script '/home/jonasvinol/Desktop/G1FinalProject/install/turtlebot3_fake_node/share/turtlebot3_fake_node/package.bash'
[3.249s] INFO:colcon.colcon_core.shell:Creating package script '/home/jonasvinol/Desktop/G1FinalProject/install/turtlebot3_fake_node/share/turtlebot3_fake_node/package.zsh'
[3.250s] Level 1:colcon.colcon_core.environment:create_file_with_runtime_dependencies(/home/jonasvinol/Desktop/G1FinalProject/install/turtlebot3_fake_node/share/colcon-core/packages/turtlebot3_fake_node)
[3.322s] DEBUG:colcon.colcon_core.event_handler.log_command:Invoked command in '/home/jonasvinol/Desktop/G1FinalProject/build/turtlebot3_gazebo' returned '0': CMAKE_PREFIX_PATH=/opt/ros/foxy /usr/bin/cmake --build /home/jonasvinol/Desktop/G1FinalProject/build/turtlebot3_gazebo -- -j6 -l6
[3.360s] DEBUG:colcon.colcon_core.event_handler.log_command:Invoking command in '/home/jonasvinol/Desktop/G1FinalProject/build/turtlebot3_gazebo': CMAKE_PREFIX_PATH=/opt/ros/foxy /usr/bin/cmake --install /home/jonasvinol/Desktop/G1FinalProject/build/turtlebot3_gazebo
[4.595s] Level 1:colcon.colcon_core.environment:create_environment_scripts_only(turtlebot3_gazebo)
[4.599s] Level 1:colcon.colcon_core.environment:checking '/home/jonasvinol/Desktop/G1FinalProject/install/turtlebot3_gazebo' for CMake module files
[4.600s] DEBUG:colcon.colcon_core.event_handler.log_command:Invoked command in '/home/jonasvinol/Desktop/G1FinalProject/build/turtlebot3_gazebo' returned '0': CMAKE_PREFIX_PATH=/opt/ros/foxy /usr/bin/cmake --install /home/jonasvinol/Desktop/G1FinalProject/build/turtlebot3_gazebo
[4.600s] Level 1:colcon.colcon_core.environment:checking '/home/jonasvinol/Desktop/G1FinalProject/install/turtlebot3_gazebo' for CMake config files
[4.602s] Level 1:colcon.colcon_core.shell:create_environment_hook('turtlebot3_gazebo', 'cmake_prefix_path')
[4.605s] INFO:colcon.colcon_core.shell:Creating environment hook '/home/jonasvinol/Desktop/G1FinalProject/install/turtlebot3_gazebo/share/turtlebot3_gazebo/hook/cmake_prefix_path.ps1'
[4.605s] INFO:colcon.colcon_core.shell:Creating environment descriptor '/home/jonasvinol/Desktop/G1FinalProject/install/turtlebot3_gazebo/share/turtlebot3_gazebo/hook/cmake_prefix_path.dsv'
[4.606s] INFO:colcon.colcon_core.shell:Creating environment hook '/home/jonasvinol/Desktop/G1FinalProject/install/turtlebot3_gazebo/share/turtlebot3_gazebo/hook/cmake_prefix_path.sh'
[4.606s] Level 1:colcon.colcon_core.environment:checking '/home/jonasvinol/Desktop/G1FinalProject/install/turtlebot3_gazebo/lib'
[4.606s] Level 1:colcon.colcon_core.environment:checking '/home/jonasvinol/Desktop/G1FinalProject/install/turtlebot3_gazebo/bin'
[4.606s] Level 1:colcon.colcon_core.environment:checking '/home/jonasvinol/Desktop/G1FinalProject/install/turtlebot3_gazebo/lib/pkgconfig/turtlebot3_gazebo.pc'
[4.607s] Level 1:colcon.colcon_core.environment:checking '/home/jonasvinol/Desktop/G1FinalProject/install/turtlebot3_gazebo/lib/python3.8/site-packages'
[4.607s] Level 1:colcon.colcon_core.environment:checking '/home/jonasvinol/Desktop/G1FinalProject/install/turtlebot3_gazebo/bin'
[4.609s] INFO:colcon.colcon_core.shell:Creating package script '/home/jonasvinol/Desktop/G1FinalProject/install/turtlebot3_gazebo/share/turtlebot3_gazebo/package.ps1'
[4.610s] INFO:colcon.colcon_core.shell:Creating package descriptor '/home/jonasvinol/Desktop/G1FinalProject/install/turtlebot3_gazebo/share/turtlebot3_gazebo/package.dsv'
[4.610s] INFO:colcon.colcon_core.shell:Creating package script '/home/jonasvinol/Desktop/G1FinalProject/install/turtlebot3_gazebo/share/turtlebot3_gazebo/package.sh'
[4.611s] INFO:colcon.colcon_core.shell:Creating package script '/home/jonasvinol/Desktop/G1FinalProject/install/turtlebot3_gazebo/share/turtlebot3_gazebo/package.bash'
[4.611s] INFO:colcon.colcon_core.shell:Creating package script '/home/jonasvinol/Desktop/G1FinalProject/install/turtlebot3_gazebo/share/turtlebot3_gazebo/package.zsh'
[4.611s] Level 1:colcon.colcon_core.environment:create_file_with_runtime_dependencies(/home/jonasvinol/Desktop/G1FinalProject/install/turtlebot3_gazebo/share/colcon-core/packages/turtlebot3_gazebo)
[4.647s] Level 1:colcon.colcon_core.environment:create_environment_scripts_only(turtlebot3_gazebo)
[4.650s] Level 1:colcon.colcon_core.environment:checking '/home/jonasvinol/Desktop/G1FinalProject/install/turtlebot3_gazebo' for CMake module files
[4.651s] Level 1:colcon.colcon_core.environment:checking '/home/jonasvinol/Desktop/G1FinalProject/install/turtlebot3_gazebo' for CMake config files
[4.653s] Level 1:colcon.colcon_core.shell:create_environment_hook('turtlebot3_gazebo', 'cmake_prefix_path')
[4.655s] INFO:colcon.colcon_core.shell:Creating environment hook '/home/jonasvinol/Desktop/G1FinalProject/install/turtlebot3_gazebo/share/turtlebot3_gazebo/hook/cmake_prefix_path.ps1'
[4.656s] INFO:colcon.colcon_core.shell:Creating environment descriptor '/home/jonasvinol/Desktop/G1FinalProject/install/turtlebot3_gazebo/share/turtlebot3_gazebo/hook/cmake_prefix_path.dsv'
[4.656s] INFO:colcon.colcon_core.shell:Creating environment hook '/home/jonasvinol/Desktop/G1FinalProject/install/turtlebot3_gazebo/share/turtlebot3_gazebo/hook/cmake_prefix_path.sh'
[4.657s] Level 1:colcon.colcon_core.environment:checking '/home/jonasvinol/Desktop/G1FinalProject/install/turtlebot3_gazebo/lib'
[4.657s] Level 1:colcon.colcon_core.environment:checking '/home/jonasvinol/Desktop/G1FinalProject/install/turtlebot3_gazebo/bin'
[4.657s] Level 1:colcon.colcon_core.environment:checking '/home/jonasvinol/Desktop/G1FinalProject/install/turtlebot3_gazebo/lib/pkgconfig/turtlebot3_gazebo.pc'
[4.658s] Level 1:colcon.colcon_core.environment:checking '/home/jonasvinol/Desktop/G1FinalProject/install/turtlebot3_gazebo/lib/python3.8/site-packages'
[4.658s] Level 1:colcon.colcon_core.environment:checking '/home/jonasvinol/Desktop/G1FinalProject/install/turtlebot3_gazebo/bin'
[4.660s] INFO:colcon.colcon_core.shell:Creating package script '/home/jonasvinol/Desktop/G1FinalProject/install/turtlebot3_gazebo/share/turtlebot3_gazebo/package.ps1'
[4.661s] INFO:colcon.colcon_core.shell:Creating package descriptor '/home/jonasvinol/Desktop/G1FinalProject/install/turtlebot3_gazebo/share/turtlebot3_gazebo/package.dsv'
[4.661s] INFO:colcon.colcon_core.shell:Creating package script '/home/jonasvinol/Desktop/G1FinalProject/install/turtlebot3_gazebo/share/turtlebot3_gazebo/package.sh'
[4.662s] INFO:colcon.colcon_core.shell:Creating package script '/home/jonasvinol/Desktop/G1FinalProject/install/turtlebot3_gazebo/share/turtlebot3_gazebo/package.bash'
[4.662s] INFO:colcon.colcon_core.shell:Creating package script '/home/jonasvinol/Desktop/G1FinalProject/install/turtlebot3_gazebo/share/turtlebot3_gazebo/package.zsh'
[4.663s] Level 1:colcon.colcon_core.environment:create_file_with_runtime_dependencies(/home/jonasvinol/Desktop/G1FinalProject/install/turtlebot3_gazebo/share/colcon-core/packages/turtlebot3_gazebo)
[4.664s] INFO:colcon.colcon_ros.task.ament_cmake.build:Building ROS package in '/home/jonasvinol/Desktop/G1FinalProject/src/turtlebot3_simulations/turtlebot3_simulations' with build type 'ament_cmake'
[4.664s] INFO:colcon.colcon_cmake.task.cmake.build:Building CMake package in '/home/jonasvinol/Desktop/G1FinalProject/src/turtlebot3_simulations/turtlebot3_simulations'
[4.666s] INFO:colcon.colcon_core.shell:Skip shell extension 'powershell' for command environment: Not usable outside of PowerShell
[4.666s] DEBUG:colcon.colcon_core.shell:Skip shell extension 'dsv' for command environment
[4.679s] DEBUG:colcon.colcon_core.event_handler.log_command:Invoking command in '/home/jonasvinol/Desktop/G1FinalProject/build/turtlebot3_simulations': AMENT_PREFIX_PATH=/home/jonasvinol/Desktop/G1FinalProject/install/turtlebot3_gazebo:/home/jonasvinol/Desktop/G1FinalProject/install/turtlebot3_fake_node:${AMENT_PREFIX_PATH} CMAKE_PREFIX_PATH=/home/jonasvinol/Desktop/G1FinalProject/install/turtlebot3_gazebo:/home/jonasvinol/Desktop/G1FinalProject/install/turtlebot3_fake_node:/opt/ros/foxy /usr/bin/cmake /home/jonasvinol/Desktop/G1FinalProject/src/turtlebot3_simulations/turtlebot3_simulations -DAMENT_CMAKE_SYMLINK_INSTALL=1 -DCMAKE_INSTALL_PREFIX=/home/jonasvinol/Desktop/G1FinalProject/install/turtlebot3_simulations
[5.099s] DEBUG:colcon.colcon_core.event_handler.log_command:Invoked command in '/home/jonasvinol/Desktop/G1FinalProject/build/turtlebot3_simulations' returned '0': AMENT_PREFIX_PATH=/home/jonasvinol/Desktop/G1FinalProject/install/turtlebot3_gazebo:/home/jonasvinol/Desktop/G1FinalProject/install/turtlebot3_fake_node:${AMENT_PREFIX_PATH} CMAKE_PREFIX_PATH=/home/jonasvinol/Desktop/G1FinalProject/install/turtlebot3_gazebo:/home/jonasvinol/Desktop/G1FinalProject/install/turtlebot3_fake_node:/opt/ros/foxy /usr/bin/cmake /home/jonasvinol/Desktop/G1FinalProject/src/turtlebot3_simulations/turtlebot3_simulations -DAMENT_CMAKE_SYMLINK_INSTALL=1 -DCMAKE_INSTALL_PREFIX=/home/jonasvinol/Desktop/G1FinalProject/install/turtlebot3_simulations
[5.102s] DEBUG:colcon.colcon_core.event_handler.log_command:Invoking command in '/home/jonasvinol/Desktop/G1FinalProject/build/turtlebot3_simulations': AMENT_PREFIX_PATH=/home/jonasvinol/Desktop/G1FinalProject/install/turtlebot3_gazebo:/home/jonasvinol/Desktop/G1FinalProject/install/turtlebot3_fake_node:${AMENT_PREFIX_PATH} CMAKE_PREFIX_PATH=/home/jonasvinol/Desktop/G1FinalProject/install/turtlebot3_gazebo:/home/jonasvinol/Desktop/G1FinalProject/install/turtlebot3_fake_node:/opt/ros/foxy /usr/bin/cmake --build /home/jonasvinol/Desktop/G1FinalProject/build/turtlebot3_simulations -- -j6 -l6
[5.142s] DEBUG:colcon.colcon_core.event_handler.log_command:Invoked command in '/home/jonasvinol/Desktop/G1FinalProject/build/turtlebot3_simulations' returned '0': AMENT_PREFIX_PATH=/home/jonasvinol/Desktop/G1FinalProject/install/turtlebot3_gazebo:/home/jonasvinol/Desktop/G1FinalProject/install/turtlebot3_fake_node:${AMENT_PREFIX_PATH} CMAKE_PREFIX_PATH=/home/jonasvinol/Desktop/G1FinalProject/install/turtlebot3_gazebo:/home/jonasvinol/Desktop/G1FinalProject/install/turtlebot3_fake_node:/opt/ros/foxy /usr/bin/cmake --build /home/jonasvinol/Desktop/G1FinalProject/build/turtlebot3_simulations -- -j6 -l6
[5.170s] DEBUG:colcon.colcon_core.event_handler.log_command:Invoking command in '/home/jonasvinol/Desktop/G1FinalProject/build/turtlebot3_simulations': AMENT_PREFIX_PATH=/home/jonasvinol/Desktop/G1FinalProject/install/turtlebot3_gazebo:/home/jonasvinol/Desktop/G1FinalProject/install/turtlebot3_fake_node:${AMENT_PREFIX_PATH} CMAKE_PREFIX_PATH=/home/jonasvinol/Desktop/G1FinalProject/install/turtlebot3_gazebo:/home/jonasvinol/Desktop/G1FinalProject/install/turtlebot3_fake_node:/opt/ros/foxy /usr/bin/cmake --install /home/jonasvinol/Desktop/G1FinalProject/build/turtlebot3_simulations
[5.362s] Level 1:colcon.colcon_core.environment:create_environment_scripts_only(turtlebot3_simulations)
[5.366s] Level 1:colcon.colcon_core.environment:checking '/home/jonasvinol/Desktop/G1FinalProject/install/turtlebot3_simulations' for CMake module files
[5.367s] DEBUG:colcon.colcon_core.event_handler.log_command:Invoked command in '/home/jonasvinol/Desktop/G1FinalProject/build/turtlebot3_simulations' returned '0': AMENT_PREFIX_PATH=/home/jonasvinol/Desktop/G1FinalProject/install/turtlebot3_gazebo:/home/jonasvinol/Desktop/G1FinalProject/install/turtlebot3_fake_node:${AMENT_PREFIX_PATH} CMAKE_PREFIX_PATH=/home/jonasvinol/Desktop/G1FinalProject/install/turtlebot3_gazebo:/home/jonasvinol/Desktop/G1FinalProject/install/turtlebot3_fake_node:/opt/ros/foxy /usr/bin/cmake --install /home/jonasvinol/Desktop/G1FinalProject/build/turtlebot3_simulations
[5.368s] Level 1:colcon.colcon_core.environment:checking '/home/jonasvinol/Desktop/G1FinalProject/install/turtlebot3_simulations' for CMake config files
[5.368s] Level 1:colcon.colcon_core.shell:create_environment_hook('turtlebot3_simulations', 'cmake_prefix_path')
[5.372s] INFO:colcon.colcon_core.shell:Creating environment hook '/home/jonasvinol/Desktop/G1FinalProject/install/turtlebot3_simulations/share/turtlebot3_simulations/hook/cmake_prefix_path.ps1'
[5.372s] INFO:colcon.colcon_core.shell:Creating environment descriptor '/home/jonasvinol/Desktop/G1FinalProject/install/turtlebot3_simulations/share/turtlebot3_simulations/hook/cmake_prefix_path.dsv'
[5.373s] INFO:colcon.colcon_core.shell:Creating environment hook '/home/jonasvinol/Desktop/G1FinalProject/install/turtlebot3_simulations/share/turtlebot3_simulations/hook/cmake_prefix_path.sh'
[5.373s] Level 1:colcon.colcon_core.environment:checking '/home/jonasvinol/Desktop/G1FinalProject/install/turtlebot3_simulations/bin'
[5.374s] Level 1:colcon.colcon_core.environment:checking '/home/jonasvinol/Desktop/G1FinalProject/install/turtlebot3_simulations/lib/pkgconfig/turtlebot3_simulations.pc'
[5.374s] Level 1:colcon.colcon_core.environment:checking '/home/jonasvinol/Desktop/G1FinalProject/install/turtlebot3_simulations/lib/python3.8/site-packages'
[5.374s] Level 1:colcon.colcon_core.environment:checking '/home/jonasvinol/Desktop/G1FinalProject/install/turtlebot3_simulations/bin'
[5.378s] INFO:colcon.colcon_core.shell:Creating package script '/home/jonasvinol/Desktop/G1FinalProject/install/turtlebot3_simulations/share/turtlebot3_simulations/package.ps1'
[5.378s] INFO:colcon.colcon_core.shell:Creating package descriptor '/home/jonasvinol/Desktop/G1FinalProject/install/turtlebot3_simulations/share/turtlebot3_simulations/package.dsv'
[5.379s] INFO:colcon.colcon_core.shell:Creating package script '/home/jonasvinol/Desktop/G1FinalProject/install/turtlebot3_simulations/share/turtlebot3_simulations/package.sh'
[5.379s] INFO:colcon.colcon_core.shell:Creating package script '/home/jonasvinol/Desktop/G1FinalProject/install/turtlebot3_simulations/share/turtlebot3_simulations/package.bash'
[5.380s] INFO:colcon.colcon_core.shell:Creating package script '/home/jonasvinol/Desktop/G1FinalProject/install/turtlebot3_simulations/share/turtlebot3_simulations/package.zsh'
[5.380s] Level 1:colcon.colcon_core.environment:create_file_with_runtime_dependencies(/home/jonasvinol/Desktop/G1FinalProject/install/turtlebot3_simulations/share/colcon-core/packages/turtlebot3_simulations)
[5.413s] Level 1:colcon.colcon_core.environment:create_environment_scripts_only(turtlebot3_simulations)
[5.418s] Level 1:colcon.colcon_core.environment:checking '/home/jonasvinol/Desktop/G1FinalProject/install/turtlebot3_simulations' for CMake module files
[5.419s] Level 1:colcon.colcon_core.environment:checking '/home/jonasvinol/Desktop/G1FinalProject/install/turtlebot3_simulations' for CMake config files
[5.419s] Level 1:colcon.colcon_core.shell:create_environment_hook('turtlebot3_simulations', 'cmake_prefix_path')
[5.423s] INFO:colcon.colcon_core.shell:Creating environment hook '/home/jonasvinol/Desktop/G1FinalProject/install/turtlebot3_simulations/share/turtlebot3_simulations/hook/cmake_prefix_path.ps1'
[5.424s] INFO:colcon.colcon_core.shell:Creating environment descriptor '/home/jonasvinol/Desktop/G1FinalProject/install/turtlebot3_simulations/share/turtlebot3_simulations/hook/cmake_prefix_path.dsv'
[5.425s] INFO:colcon.colcon_core.shell:Creating environment hook '/home/jonasvinol/Desktop/G1FinalProject/install/turtlebot3_simulations/share/turtlebot3_simulations/hook/cmake_prefix_path.sh'
[5.425s] Level 1:colcon.colcon_core.environment:checking '/home/jonasvinol/Desktop/G1FinalProject/install/turtlebot3_simulations/bin'
[5.426s] Level 1:colcon.colcon_core.environment:checking '/home/jonasvinol/Desktop/G1FinalProject/install/turtlebot3_simulations/lib/pkgconfig/turtlebot3_simulations.pc'
[5.426s] Level 1:colcon.colcon_core.environment:checking '/home/jonasvinol/Desktop/G1FinalProject/install/turtlebot3_simulations/lib/python3.8/site-packages'
[5.427s] Level 1:colcon.colcon_core.environment:checking '/home/jonasvinol/Desktop/G1FinalProject/install/turtlebot3_simulations/bin'
[5.430s] INFO:colcon.colcon_core.shell:Creating package script '/home/jonasvinol/Desktop/G1FinalProject/install/turtlebot3_simulations/share/turtlebot3_simulations/package.ps1'
[5.430s] INFO:colcon.colcon_core.shell:Creating package descriptor '/home/jonasvinol/Desktop/G1FinalProject/install/turtlebot3_simulations/share/turtlebot3_simulations/package.dsv'
[5.431s] INFO:colcon.colcon_core.shell:Creating package script '/home/jonasvinol/Desktop/G1FinalProject/install/turtlebot3_simulations/share/turtlebot3_simulations/package.sh'
[5.432s] INFO:colcon.colcon_core.shell:Creating package script '/home/jonasvinol/Desktop/G1FinalProject/install/turtlebot3_simulations/share/turtlebot3_simulations/package.bash'
[5.433s] INFO:colcon.colcon_core.shell:Creating package script '/home/jonasvinol/Desktop/G1FinalProject/install/turtlebot3_simulations/share/turtlebot3_simulations/package.zsh'
[5.434s] Level 1:colcon.colcon_core.environment:create_file_with_runtime_dependencies(/home/jonasvinol/Desktop/G1FinalProject/install/turtlebot3_simulations/share/colcon-core/packages/turtlebot3_simulations)
[5.435s] DEBUG:colcon.colcon_parallel_executor.executor.parallel:closing loop
[5.435s] DEBUG:colcon.colcon_parallel_executor.executor.parallel:loop closed
[5.435s] DEBUG:colcon.colcon_parallel_executor.executor.parallel:run_until_complete finished with '0'
[5.435s] DEBUG:colcon.colcon_core.event_reactor:joining thread
[5.448s] INFO:colcon.colcon_core.plugin_system:Skipping extension 'colcon_notification.desktop_notification.terminal_notifier': Not used on non-Darwin systems
[5.448s] INFO:colcon.colcon_core.plugin_system:Skipping extension 'colcon_notification.desktop_notification.win32': Not used on non-Windows systems
[5.448s] INFO:colcon.colcon_notification.desktop_notification:Sending desktop notification using 'notify2'
[5.477s] DEBUG:colcon.colcon_core.event_reactor:joined thread
[5.480s] INFO:colcon.colcon_core.shell:Creating prefix script '/home/jonasvinol/Desktop/G1FinalProject/install/local_setup.ps1'
[5.483s] INFO:colcon.colcon_core.shell:Creating prefix util module '/home/jonasvinol/Desktop/G1FinalProject/install/_local_setup_util_ps1.py'
[5.486s] INFO:colcon.colcon_core.shell:Creating prefix chain script '/home/jonasvinol/Desktop/G1FinalProject/install/setup.ps1'
[5.488s] INFO:colcon.colcon_core.shell:Creating prefix script '/home/jonasvinol/Desktop/G1FinalProject/install/local_setup.sh'
[5.489s] INFO:colcon.colcon_core.shell:Creating prefix util module '/home/jonasvinol/Desktop/G1FinalProject/install/_local_setup_util_sh.py'
[5.490s] INFO:colcon.colcon_core.shell:Creating prefix chain script '/home/jonasvinol/Desktop/G1FinalProject/install/setup.sh'
[5.494s] INFO:colcon.colcon_core.shell:Creating prefix script '/home/jonasvinol/Desktop/G1FinalProject/install/local_setup.bash'
[5.495s] INFO:colcon.colcon_core.shell:Creating prefix chain script '/home/jonasvinol/Desktop/G1FinalProject/install/setup.bash'
[5.499s] INFO:colcon.colcon_core.shell:Creating prefix script '/home/jonasvinol/Desktop/G1FinalProject/install/local_setup.zsh'
[5.500s] INFO:colcon.colcon_core.shell:Creating prefix chain script '/home/jonasvinol/Desktop/G1FinalProject/install/setup.zsh'
