[0.023s] Invoking command in '/home/jonasvinol/Desktop/G1FinalProject/build/turtlebot3_simulations': CMAKE_PREFIX_PATH=/home/jonasvinol/Desktop/G1FinalProject/install/turtlebot3_gazebo:/home/jonasvinol/Desktop/G1FinalProject/install/turtlebot3_fake_node:/home/jonasvinol/Desktop/G1FinalProject/install/turtlebot3_simulations:/home/jonasvinol/Desktop/G1FinalProject/install/basic_robot:/opt/ros/foxy /usr/bin/cmake --build /home/jonasvinol/Desktop/G1FinalProject/build/turtlebot3_simulations -- -j6 -l6
[0.090s] Invoked command in '/home/jonasvinol/Desktop/G1FinalProject/build/turtlebot3_simulations' returned '0': CMAKE_PREFIX_PATH=/home/jonasvinol/Desktop/G1FinalProject/install/turtlebot3_gazebo:/home/jonasvinol/Desktop/G1FinalProject/install/turtlebot3_fake_node:/home/jonasvinol/Desktop/G1FinalProject/install/turtlebot3_simulations:/home/jonasvinol/Desktop/G1FinalProject/install/basic_robot:/opt/ros/foxy /usr/bin/cmake --build /home/jonasvinol/Desktop/G1FinalProject/build/turtlebot3_simulations -- -j6 -l6
[0.127s] Invoking command in '/home/jonasvinol/Desktop/G1FinalProject/build/turtlebot3_simulations': CMAKE_PREFIX_PATH=/home/jonasvinol/Desktop/G1FinalProject/install/turtlebot3_gazebo:/home/jonasvinol/Desktop/G1FinalProject/install/turtlebot3_fake_node:/home/jonasvinol/Desktop/G1FinalProject/install/turtlebot3_simulations:/home/jonasvinol/Desktop/G1FinalProject/install/basic_robot:/opt/ros/foxy /usr/bin/cmake --install /home/jonasvinol/Desktop/G1FinalProject/build/turtlebot3_simulations
[0.143s] -- Install configuration: ""
[0.144s] -- Execute custom install script
[0.145s] -- Up-to-date symlink: /home/jonasvinol/Desktop/G1FinalProject/install/turtlebot3_simulations/share/ament_index/resource_index/package_run_dependencies/turtlebot3_simulations
[0.146s] -- Up-to-date symlink: /home/jonasvinol/Desktop/G1FinalProject/install/turtlebot3_simulations/share/ament_index/resource_index/parent_prefix_path/turtlebot3_simulations
[0.147s] -- Up-to-date symlink: /home/jonasvinol/Desktop/G1FinalProject/install/turtlebot3_simulations/share/turtlebot3_simulations/environment/ament_prefix_path.sh
[0.148s] -- Up-to-date symlink: /home/jonasvinol/Desktop/G1FinalProject/install/turtlebot3_simulations/share/turtlebot3_simulations/environment/ament_prefix_path.dsv
[0.149s] -- Up-to-date symlink: /home/jonasvinol/Desktop/G1FinalProject/install/turtlebot3_simulations/share/turtlebot3_simulations/environment/path.sh
[0.154s] -- Up-to-date symlink: /home/jonasvinol/Desktop/G1FinalProject/install/turtlebot3_simulations/share/turtlebot3_simulations/environment/path.dsv
[0.155s] -- Up-to-date symlink: /home/jonasvinol/Desktop/G1FinalProject/install/turtlebot3_simulations/share/turtlebot3_simulations/local_setup.bash
[0.157s] -- Up-to-date symlink: /home/jonasvinol/Desktop/G1FinalProject/install/turtlebot3_simulations/share/turtlebot3_simulations/local_setup.sh
[0.158s] -- Up-to-date symlink: /home/jonasvinol/Desktop/G1FinalProject/install/turtlebot3_simulations/share/turtlebot3_simulations/local_setup.zsh
[0.160s] -- Up-to-date symlink: /home/jonasvinol/Desktop/G1FinalProject/install/turtlebot3_simulations/share/turtlebot3_simulations/local_setup.dsv
[0.161s] -- Symlinking: /home/jonasvinol/Desktop/G1FinalProject/install/turtlebot3_simulations/share/turtlebot3_simulations/package.dsv
[0.183s] -- Up-to-date symlink: /home/jonasvinol/Desktop/G1FinalProject/install/turtlebot3_simulations/share/ament_index/resource_index/packages/turtlebot3_simulations
[0.184s] -- Up-to-date symlink: /home/jonasvinol/Desktop/G1FinalProject/install/turtlebot3_simulations/share/turtlebot3_simulations/cmake/turtlebot3_simulationsConfig.cmake
[0.185s] -- Up-to-date symlink: /home/jonasvinol/Desktop/G1FinalProject/install/turtlebot3_simulations/share/turtlebot3_simulations/cmake/turtlebot3_simulationsConfig-version.cmake
[0.186s] -- Up-to-date symlink: /home/jonasvinol/Desktop/G1FinalProject/install/turtlebot3_simulations/share/turtlebot3_simulations/package.xml
[0.195s] Invoked command in '/home/jonasvinol/Desktop/G1FinalProject/build/turtlebot3_simulations' returned '0': CMAKE_PREFIX_PATH=/home/jonasvinol/Desktop/G1FinalProject/install/turtlebot3_gazebo:/home/jonasvinol/Desktop/G1FinalProject/install/turtlebot3_fake_node:/home/jonasvinol/Desktop/G1FinalProject/install/turtlebot3_simulations:/home/jonasvinol/Desktop/G1FinalProject/install/basic_robot:/opt/ros/foxy /usr/bin/cmake --install /home/jonasvinol/Desktop/G1FinalProject/build/turtlebot3_simulations
