[0.022s] Invoking command in '/home/jonasvinol/Desktop/G1FinalProject/build/turtlebot3_gazebo': CMAKE_PREFIX_PATH=/opt/ros/foxy /usr/bin/cmake /home/jonasvinol/Desktop/G1FinalProject/src/turtlebot3_simulations/turtlebot3_gazebo -DAMENT_CMAKE_SYMLINK_INSTALL=1 -DCMAKE_INSTALL_PREFIX=/home/jonasvinol/Desktop/G1FinalProject/install/turtlebot3_gazebo
[0.709s] -- The C compiler identification is GNU 9.4.0
[1.182s] -- The CXX compiler identification is GNU 9.4.0
[1.191s] -- Check for working C compiler: /usr/bin/cc
[1.291s] -- Check for working C compiler: /usr/bin/cc -- works
[1.292s] -- Detecting C compiler ABI info
[1.401s] -- Detecting C compiler ABI info - done
[1.425s] -- Detecting C compile features
[1.426s] -- Detecting C compile features - done
[1.430s] -- Check for working CXX compiler: /usr/bin/c++
[1.526s] -- Check for working CXX compiler: /usr/bin/c++ -- works
[1.529s] -- Detecting CXX compiler ABI info
[1.627s] -- Detecting CXX compiler ABI info - done
[1.652s] -- Detecting CXX compile features
[1.652s] -- Detecting CXX compile features - done
[1.667s] -- Found ament_cmake: 0.9.11 (/opt/ros/foxy/share/ament_cmake/cmake)
[1.697s] -- Found PythonInterp: /usr/bin/python3 (found suitable version "3.8.10", minimum required is "3") 
[1.697s] -- Using PYTHON_EXECUTABLE: /usr/bin/python3
[1.939s] -- Override CMake install command with custom implementation using symlinks instead of copying resources
[1.991s] -- Found PkgConfig: /usr/bin/pkg-config (found version "0.29.1") 
[1.998s] -- Checking for module 'bullet>=2.82'
[2.014s] --   Found bullet, version 2.88
[2.154s] -- Found ccd: /usr/include (found suitable version "2.0", minimum required is "2.0") 
[2.218s] -- Found fcl: /usr/include (found suitable version "0.5.0", minimum required is "0.3.2") 
[2.282s] -- Found assimp: /usr/include (found version "5.0.0") 
[2.311s] -- Found DART: /usr/include (Required is at least version "6.6") found components: dart 
[2.769s] -- Found Boost: /usr/lib/x86_64-linux-gnu/cmake/Boost-1.71.0/BoostConfig.cmake (found suitable version "1.71.0", minimum required is "1.40.0") found components: thread system filesystem program_options regex iostreams date_time 
[2.824s] -- Found Protobuf: /usr/lib/x86_64-linux-gnu/libprotobuf.so;-lpthread (found version "3.6.1") 
[2.829s] -- Looking for ignition-math6 -- found version 6.13.0
[2.837s] -- Searching for dependencies of ignition-math6
[2.839s] -- Looking for OGRE...
[2.840s] -- OGRE_PREFIX_WATCH changed.
[2.847s] -- Checking for module 'OGRE'
[2.864s] --   Found OGRE, version 1.9.0
[2.909s] -- Found Ogre Ghadamon (1.9.0)
[2.925s] -- Found OGRE: optimized;/usr/lib/x86_64-linux-gnu/libOgreMain.so;debug;/usr/lib/x86_64-linux-gnu/libOgreMain.so
[2.941s] -- Looking for OGRE_Paging...
[2.955s] -- Found OGRE_Paging: optimized;/usr/lib/x86_64-linux-gnu/libOgrePaging.so;debug;/usr/lib/x86_64-linux-gnu/libOgrePaging.so
[2.955s] -- Looking for OGRE_Terrain...
[2.968s] -- Found OGRE_Terrain: optimized;/usr/lib/x86_64-linux-gnu/libOgreTerrain.so;debug;/usr/lib/x86_64-linux-gnu/libOgreTerrain.so
[2.968s] -- Looking for OGRE_Property...
[2.981s] -- Found OGRE_Property: optimized;/usr/lib/x86_64-linux-gnu/libOgreProperty.so;debug;/usr/lib/x86_64-linux-gnu/libOgreProperty.so
[2.981s] -- Looking for OGRE_RTShaderSystem...
[2.994s] -- Found OGRE_RTShaderSystem: optimized;/usr/lib/x86_64-linux-gnu/libOgreRTShaderSystem.so;debug;/usr/lib/x86_64-linux-gnu/libOgreRTShaderSystem.so
[2.994s] -- Looking for OGRE_Volume...
[3.007s] -- Found OGRE_Volume: optimized;/usr/lib/x86_64-linux-gnu/libOgreVolume.so;debug;/usr/lib/x86_64-linux-gnu/libOgreVolume.so
[3.007s] -- Looking for OGRE_Overlay...
[3.020s] -- Found OGRE_Overlay: optimized;/usr/lib/x86_64-linux-gnu/libOgreOverlay.so;debug;/usr/lib/x86_64-linux-gnu/libOgreOverlay.so
[3.290s] -- Looking for ignition-math6 -- found version 6.13.0
[3.292s] -- Looking for ignition-transport8 -- found version 8.4.0
[3.293s] -- Searching for dependencies of ignition-transport8
[3.314s] -- Found Protobuf: /usr/lib/x86_64-linux-gnu/libprotobuf.so;-lpthread (found suitable version "3.6.1", minimum required is "3") 
[3.327s] -- Config-file not installed for ZeroMQ -- checking for pkg-config
[3.332s] -- Checking for module 'libzmq >= 4'
[3.351s] --   Found libzmq , version 4.3.2
[3.403s] -- Found ZeroMQ: TRUE (Required is at least version "4") 
[3.410s] -- Checking for module 'uuid'
[3.430s] --   Found uuid, version 2.34.0
[3.478s] -- Found UUID: TRUE  
[3.481s] -- Looking for ignition-msgs5 -- found version 5.11.0
[3.481s] -- Searching for dependencies of ignition-msgs5
[3.506s] -- Looking for ignition-math6 -- found version 6.13.0
[3.512s] -- Checking for module 'tinyxml2'
[3.531s] --   Found tinyxml2, version 6.2.0
[3.581s] -- Looking for ignition-msgs5 -- found version 5.11.0
[3.583s] -- Looking for ignition-common3 -- found version 3.15.1
[3.584s] -- Searching for dependencies of ignition-common3
[3.585s] -- Looking for dlfcn.h - found
[3.587s] -- Looking for libdl - found
[3.589s] -- Found DL: TRUE  
[3.600s] -- Searching for <ignition-common3> component [graphics]
[3.602s] -- Looking for ignition-common3-graphics -- found version 3.15.1
[3.602s] -- Searching for dependencies of ignition-common3-graphics
[3.603s] -- Looking for ignition-math6 -- found version 6.13.0
[3.606s] -- Looking for ignition-fuel_tools4 -- found version 4.7.0
[3.607s] -- Searching for dependencies of ignition-fuel_tools4
[3.694s] -- Found CURL: /usr/lib/x86_64-linux-gnu/libcurl.so (found version "7.68.0")  
[3.703s] -- Checking for module 'jsoncpp'
[3.719s] --   Found jsoncpp, version 1.7.4
[3.764s] -- Found JSONCPP: TRUE  
[3.772s] -- Checking for module 'libzip'
[3.789s] --   Found libzip, version 1.5.1
[3.831s] -- Found ZIP: TRUE  
[3.832s] -- Looking for ignition-common3 -- found version 3.15.1
[3.832s] -- Looking for ignition-math6 -- found version 6.13.0
[3.833s] -- Looking for ignition-msgs5 -- found version 5.11.0
[3.836s] -- Found gazebo_ros_pkgs: 3.5.3 (/opt/ros/foxy/share/gazebo_ros_pkgs/cmake)
[3.837s] -- Found geometry_msgs: 2.0.5 (/opt/ros/foxy/share/geometry_msgs/cmake)
[3.871s] -- Using all available rosidl_typesupport_c: rosidl_typesupport_fastrtps_c;rosidl_typesupport_introspection_c
[3.881s] -- Found rosidl_adapter: 1.3.0 (/opt/ros/foxy/share/rosidl_adapter/cmake)
[3.974s] -- Found OpenSSL: /usr/lib/x86_64-linux-gnu/libcrypto.so (found version "1.1.1f")  
[4.012s] -- Found FastRTPS: /opt/ros/foxy/include  
[4.130s] -- Using all available rosidl_typesupport_cpp: rosidl_typesupport_fastrtps_cpp;rosidl_typesupport_introspection_cpp
[4.292s] -- Found nav_msgs: 2.0.5 (/opt/ros/foxy/share/nav_msgs/cmake)
[4.429s] -- Found rclcpp: 2.4.2 (/opt/ros/foxy/share/rclcpp/cmake)
[4.504s] -- Found rmw_implementation_cmake: 1.0.3 (/opt/ros/foxy/share/rmw_implementation_cmake/cmake)
[4.506s] -- Using RMW implementation 'rmw_fastrtps_cpp' as default
[4.509s] -- Found Threads: TRUE  
[4.769s] -- Found sensor_msgs: 2.0.5 (/opt/ros/foxy/share/sensor_msgs/cmake)
[4.902s] -- Found tf2: 0.13.13 (/opt/ros/foxy/share/tf2/cmake)
[5.015s] -- Configuring done
[5.094s] -- Generating done
[5.100s] -- Build files have been written to: /home/jonasvinol/Desktop/G1FinalProject/build/turtlebot3_gazebo
[5.115s] Invoked command in '/home/jonasvinol/Desktop/G1FinalProject/build/turtlebot3_gazebo' returned '0': CMAKE_PREFIX_PATH=/opt/ros/foxy /usr/bin/cmake /home/jonasvinol/Desktop/G1FinalProject/src/turtlebot3_simulations/turtlebot3_gazebo -DAMENT_CMAKE_SYMLINK_INSTALL=1 -DCMAKE_INSTALL_PREFIX=/home/jonasvinol/Desktop/G1FinalProject/install/turtlebot3_gazebo
[5.115s] Invoking command in '/home/jonasvinol/Desktop/G1FinalProject/build/turtlebot3_gazebo': CMAKE_PREFIX_PATH=/opt/ros/foxy /usr/bin/cmake --build /home/jonasvinol/Desktop/G1FinalProject/build/turtlebot3_gazebo -- -j6 -l6
[5.167s] [35m[1mScanning dependencies of target obstacles[0m
[5.167s] [35m[1mScanning dependencies of target obstacle1[0m
[5.168s] [35m[1mScanning dependencies of target turtlebot3_drive[0m
[5.168s] [35m[1mScanning dependencies of target obstacle2[0m
[5.245s] [ 12%] [32mBuilding CXX object CMakeFiles/turtlebot3_drive.dir/src/turtlebot3_drive.cpp.o[0m
[5.337s] [ 25%] [32mBuilding CXX object CMakeFiles/obstacle2.dir/models/turtlebot3_dqn_world/obstacle_plugin/obstacle2.cc.o[0m
[5.344s] [ 37%] [32mBuilding CXX object CMakeFiles/obstacle1.dir/models/turtlebot3_dqn_world/obstacle_plugin/obstacle1.cc.o[0m
[5.347s] [ 50%] [32mBuilding CXX object CMakeFiles/obstacles.dir/models/turtlebot3_dqn_world/obstacle_plugin/obstacles.cc.o[0m
[15.861s] [ 62%] [32m[1mLinking CXX executable turtlebot3_drive[0m
[16.511s] [ 62%] Built target turtlebot3_drive
[20.272s] [ 75%] [32m[1mLinking CXX shared library libobstacles.so[0m
[20.367s] [ 87%] [32m[1mLinking CXX shared library libobstacle2.so[0m
[20.453s] [100%] [32m[1mLinking CXX shared library libobstacle1.so[0m
[20.975s] [100%] Built target obstacles
[20.975s] [100%] Built target obstacle2
[21.025s] [100%] Built target obstacle1
[21.041s] Invoked command in '/home/jonasvinol/Desktop/G1FinalProject/build/turtlebot3_gazebo' returned '0': CMAKE_PREFIX_PATH=/opt/ros/foxy /usr/bin/cmake --build /home/jonasvinol/Desktop/G1FinalProject/build/turtlebot3_gazebo -- -j6 -l6
[21.082s] Invoking command in '/home/jonasvinol/Desktop/G1FinalProject/build/turtlebot3_gazebo': CMAKE_PREFIX_PATH=/opt/ros/foxy /usr/bin/cmake --install /home/jonasvinol/Desktop/G1FinalProject/build/turtlebot3_gazebo
[21.090s] -- Install configuration: ""
[21.091s] -- Execute custom install script
[21.092s] -- Symlinking: /home/jonasvinol/Desktop/G1FinalProject/install/turtlebot3_gazebo/lib/turtlebot3_gazebo/turtlebot3_drive
[21.102s] -- Symlinking: /home/jonasvinol/Desktop/G1FinalProject/install/turtlebot3_gazebo/share/turtlebot3_gazebo//launch/empty_world.launch.py
[21.111s] -- Symlinking: /home/jonasvinol/Desktop/G1FinalProject/install/turtlebot3_gazebo/share/turtlebot3_gazebo//launch/robot_state_publisher.launch.py
[21.122s] -- Symlinking: /home/jonasvinol/Desktop/G1FinalProject/install/turtlebot3_gazebo/share/turtlebot3_gazebo//launch/turtlebot3_autorace.launch.py
[21.140s] -- Symlinking: /home/jonasvinol/Desktop/G1FinalProject/install/turtlebot3_gazebo/share/turtlebot3_gazebo//launch/turtlebot3_dqn_stage1.launch.py
[21.154s] -- Symlinking: /home/jonasvinol/Desktop/G1FinalProject/install/turtlebot3_gazebo/share/turtlebot3_gazebo//launch/turtlebot3_dqn_stage2.launch.py
[21.165s] -- Symlinking: /home/jonasvinol/Desktop/G1FinalProject/install/turtlebot3_gazebo/share/turtlebot3_gazebo//launch/turtlebot3_dqn_stage3.launch.py
[21.181s] -- Symlinking: /home/jonasvinol/Desktop/G1FinalProject/install/turtlebot3_gazebo/share/turtlebot3_gazebo//launch/turtlebot3_dqn_stage4.launch.py
[21.191s] -- Symlinking: /home/jonasvinol/Desktop/G1FinalProject/install/turtlebot3_gazebo/share/turtlebot3_gazebo//launch/turtlebot3_house.launch.py
[21.201s] -- Symlinking: /home/jonasvinol/Desktop/G1FinalProject/install/turtlebot3_gazebo/share/turtlebot3_gazebo//launch/turtlebot3_world.launch.py
[21.213s] -- Symlinking: /home/jonasvinol/Desktop/G1FinalProject/install/turtlebot3_gazebo/share/turtlebot3_gazebo//models/turtlebot3_autorace/course/materials/scripts/course.material
[21.224s] -- Symlinking: /home/jonasvinol/Desktop/G1FinalProject/install/turtlebot3_gazebo/share/turtlebot3_gazebo//models/turtlebot3_autorace/course/materials/textures/course.png
[21.235s] -- Symlinking: /home/jonasvinol/Desktop/G1FinalProject/install/turtlebot3_gazebo/share/turtlebot3_gazebo//models/turtlebot3_autorace/course/model.config
[21.245s] -- Symlinking: /home/jonasvinol/Desktop/G1FinalProject/install/turtlebot3_gazebo/share/turtlebot3_gazebo//models/turtlebot3_autorace/course/model.sdf
[21.256s] -- Symlinking: /home/jonasvinol/Desktop/G1FinalProject/install/turtlebot3_gazebo/share/turtlebot3_gazebo//models/turtlebot3_autorace/ground/model.config
[21.265s] -- Symlinking: /home/jonasvinol/Desktop/G1FinalProject/install/turtlebot3_gazebo/share/turtlebot3_gazebo//models/turtlebot3_autorace/ground/model.sdf
[21.283s] -- Symlinking: /home/jonasvinol/Desktop/G1FinalProject/install/turtlebot3_gazebo/share/turtlebot3_gazebo//models/turtlebot3_autorace/lights/model.config
[21.296s] -- Symlinking: /home/jonasvinol/Desktop/G1FinalProject/install/turtlebot3_gazebo/share/turtlebot3_gazebo//models/turtlebot3_autorace/lights/model.sdf
[21.306s] -- Symlinking: /home/jonasvinol/Desktop/G1FinalProject/install/turtlebot3_gazebo/share/turtlebot3_gazebo//models/turtlebot3_autorace/model.config
[21.316s] -- Symlinking: /home/jonasvinol/Desktop/G1FinalProject/install/turtlebot3_gazebo/share/turtlebot3_gazebo//models/turtlebot3_autorace/traffic_bar_down/materials/scripts/traffic_bar.material
[21.326s] -- Symlinking: /home/jonasvinol/Desktop/G1FinalProject/install/turtlebot3_gazebo/share/turtlebot3_gazebo//models/turtlebot3_autorace/traffic_bar_down/materials/textures/traffic_bar.png
[21.337s] -- Symlinking: /home/jonasvinol/Desktop/G1FinalProject/install/turtlebot3_gazebo/share/turtlebot3_gazebo//models/turtlebot3_autorace/traffic_bar_down/model.config
[21.348s] -- Symlinking: /home/jonasvinol/Desktop/G1FinalProject/install/turtlebot3_gazebo/share/turtlebot3_gazebo//models/turtlebot3_autorace/traffic_bar_down/model.sdf
[21.358s] -- Symlinking: /home/jonasvinol/Desktop/G1FinalProject/install/turtlebot3_gazebo/share/turtlebot3_gazebo//models/turtlebot3_autorace/traffic_bar_up/materials/scripts/traffic_bar.material
[21.368s] -- Symlinking: /home/jonasvinol/Desktop/G1FinalProject/install/turtlebot3_gazebo/share/turtlebot3_gazebo//models/turtlebot3_autorace/traffic_bar_up/materials/textures/traffic_bar.png
[21.378s] -- Symlinking: /home/jonasvinol/Desktop/G1FinalProject/install/turtlebot3_gazebo/share/turtlebot3_gazebo//models/turtlebot3_autorace/traffic_bar_up/model.config
[21.388s] -- Symlinking: /home/jonasvinol/Desktop/G1FinalProject/install/turtlebot3_gazebo/share/turtlebot3_gazebo//models/turtlebot3_autorace/traffic_bar_up/model.sdf
[21.398s] -- Symlinking: /home/jonasvinol/Desktop/G1FinalProject/install/turtlebot3_gazebo/share/turtlebot3_gazebo//models/turtlebot3_autorace/traffic_light_green/model.config
[21.407s] -- Symlinking: /home/jonasvinol/Desktop/G1FinalProject/install/turtlebot3_gazebo/share/turtlebot3_gazebo//models/turtlebot3_autorace/traffic_light_green/model.sdf
[21.417s] -- Symlinking: /home/jonasvinol/Desktop/G1FinalProject/install/turtlebot3_gazebo/share/turtlebot3_gazebo//models/turtlebot3_autorace/traffic_light_red/model.config
[21.428s] -- Symlinking: /home/jonasvinol/Desktop/G1FinalProject/install/turtlebot3_gazebo/share/turtlebot3_gazebo//models/turtlebot3_autorace/traffic_light_red/model.sdf
[21.438s] -- Symlinking: /home/jonasvinol/Desktop/G1FinalProject/install/turtlebot3_gazebo/share/turtlebot3_gazebo//models/turtlebot3_autorace/traffic_light_yellow/model.config
[21.450s] -- Symlinking: /home/jonasvinol/Desktop/G1FinalProject/install/turtlebot3_gazebo/share/turtlebot3_gazebo//models/turtlebot3_autorace/traffic_light_yellow/model.sdf
[21.460s] -- Symlinking: /home/jonasvinol/Desktop/G1FinalProject/install/turtlebot3_gazebo/share/turtlebot3_gazebo//models/turtlebot3_autorace/traffic_parking/materials/scripts/traffic_parking.material
[21.473s] -- Symlinking: /home/jonasvinol/Desktop/G1FinalProject/install/turtlebot3_gazebo/share/turtlebot3_gazebo//models/turtlebot3_autorace/traffic_parking/materials/textures/traffic_parking.png
[21.483s] -- Symlinking: /home/jonasvinol/Desktop/G1FinalProject/install/turtlebot3_gazebo/share/turtlebot3_gazebo//models/turtlebot3_autorace/traffic_parking/model.config
[21.494s] -- Symlinking: /home/jonasvinol/Desktop/G1FinalProject/install/turtlebot3_gazebo/share/turtlebot3_gazebo//models/turtlebot3_autorace/traffic_parking/model.sdf
[21.504s] -- Symlinking: /home/jonasvinol/Desktop/G1FinalProject/install/turtlebot3_gazebo/share/turtlebot3_gazebo//models/turtlebot3_autorace/traffic_stop/materials/scripts/traffic_stop.material
[21.515s] -- Symlinking: /home/jonasvinol/Desktop/G1FinalProject/install/turtlebot3_gazebo/share/turtlebot3_gazebo//models/turtlebot3_autorace/traffic_stop/materials/textures/traffic_stop.png
[21.525s] -- Symlinking: /home/jonasvinol/Desktop/G1FinalProject/install/turtlebot3_gazebo/share/turtlebot3_gazebo//models/turtlebot3_autorace/traffic_stop/model.config
[21.535s] -- Symlinking: /home/jonasvinol/Desktop/G1FinalProject/install/turtlebot3_gazebo/share/turtlebot3_gazebo//models/turtlebot3_autorace/traffic_stop/model.sdf
[21.548s] -- Symlinking: /home/jonasvinol/Desktop/G1FinalProject/install/turtlebot3_gazebo/share/turtlebot3_gazebo//models/turtlebot3_autorace/traffic_tunnel/materials/scripts/tunnel.material
[21.558s] -- Symlinking: /home/jonasvinol/Desktop/G1FinalProject/install/turtlebot3_gazebo/share/turtlebot3_gazebo//models/turtlebot3_autorace/traffic_tunnel/materials/textures/tunnel.png
[21.569s] -- Symlinking: /home/jonasvinol/Desktop/G1FinalProject/install/turtlebot3_gazebo/share/turtlebot3_gazebo//models/turtlebot3_autorace/traffic_tunnel/model.config
[21.590s] -- Symlinking: /home/jonasvinol/Desktop/G1FinalProject/install/turtlebot3_gazebo/share/turtlebot3_gazebo//models/turtlebot3_autorace/traffic_tunnel/model.sdf
[21.599s] -- Symlinking: /home/jonasvinol/Desktop/G1FinalProject/install/turtlebot3_gazebo/share/turtlebot3_gazebo//models/turtlebot3_autorace/tunnel_obstacles/model.config
[21.609s] -- Symlinking: /home/jonasvinol/Desktop/G1FinalProject/install/turtlebot3_gazebo/share/turtlebot3_gazebo//models/turtlebot3_autorace/tunnel_obstacles/model.sdf
[21.619s] -- Symlinking: /home/jonasvinol/Desktop/G1FinalProject/install/turtlebot3_gazebo/share/turtlebot3_gazebo//models/turtlebot3_autorace/tunnel_wall/model.config
[21.629s] -- Symlinking: /home/jonasvinol/Desktop/G1FinalProject/install/turtlebot3_gazebo/share/turtlebot3_gazebo//models/turtlebot3_autorace/tunnel_wall/model.sdf
[21.639s] -- Symlinking: /home/jonasvinol/Desktop/G1FinalProject/install/turtlebot3_gazebo/share/turtlebot3_gazebo//models/turtlebot3_burger/meshes/burger_base.dae
[21.648s] -- Symlinking: /home/jonasvinol/Desktop/G1FinalProject/install/turtlebot3_gazebo/share/turtlebot3_gazebo//models/turtlebot3_burger/meshes/lds.dae
[21.658s] -- Symlinking: /home/jonasvinol/Desktop/G1FinalProject/install/turtlebot3_gazebo/share/turtlebot3_gazebo//models/turtlebot3_burger/meshes/tire.dae
[21.668s] -- Symlinking: /home/jonasvinol/Desktop/G1FinalProject/install/turtlebot3_gazebo/share/turtlebot3_gazebo//models/turtlebot3_burger/model-1_4.sdf
[21.678s] -- Symlinking: /home/jonasvinol/Desktop/G1FinalProject/install/turtlebot3_gazebo/share/turtlebot3_gazebo//models/turtlebot3_burger/model.config
[21.693s] -- Symlinking: /home/jonasvinol/Desktop/G1FinalProject/install/turtlebot3_gazebo/share/turtlebot3_gazebo//models/turtlebot3_burger/model.sdf
[21.704s] -- Symlinking: /home/jonasvinol/Desktop/G1FinalProject/install/turtlebot3_gazebo/share/turtlebot3_gazebo//models/turtlebot3_dqn_world/goal_box/model.config
[21.713s] -- Symlinking: /home/jonasvinol/Desktop/G1FinalProject/install/turtlebot3_gazebo/share/turtlebot3_gazebo//models/turtlebot3_dqn_world/goal_box/model.sdf
[21.727s] -- Symlinking: /home/jonasvinol/Desktop/G1FinalProject/install/turtlebot3_gazebo/share/turtlebot3_gazebo//models/turtlebot3_dqn_world/inner_walls/model.config
[21.739s] -- Symlinking: /home/jonasvinol/Desktop/G1FinalProject/install/turtlebot3_gazebo/share/turtlebot3_gazebo//models/turtlebot3_dqn_world/inner_walls/model.sdf
[21.751s] -- Symlinking: /home/jonasvinol/Desktop/G1FinalProject/install/turtlebot3_gazebo/share/turtlebot3_gazebo//models/turtlebot3_dqn_world/model.config
[21.763s] -- Symlinking: /home/jonasvinol/Desktop/G1FinalProject/install/turtlebot3_gazebo/share/turtlebot3_gazebo//models/turtlebot3_dqn_world/model.sdf
[21.775s] -- Symlinking: /home/jonasvinol/Desktop/G1FinalProject/install/turtlebot3_gazebo/share/turtlebot3_gazebo//models/turtlebot3_dqn_world/obstacle1/model.config
[21.786s] -- Symlinking: /home/jonasvinol/Desktop/G1FinalProject/install/turtlebot3_gazebo/share/turtlebot3_gazebo//models/turtlebot3_dqn_world/obstacle1/model.sdf
[21.806s] -- Symlinking: /home/jonasvinol/Desktop/G1FinalProject/install/turtlebot3_gazebo/share/turtlebot3_gazebo//models/turtlebot3_dqn_world/obstacle2/model.config
[21.817s] -- Symlinking: /home/jonasvinol/Desktop/G1FinalProject/install/turtlebot3_gazebo/share/turtlebot3_gazebo//models/turtlebot3_dqn_world/obstacle2/model.sdf
[21.827s] -- Symlinking: /home/jonasvinol/Desktop/G1FinalProject/install/turtlebot3_gazebo/share/turtlebot3_gazebo//models/turtlebot3_dqn_world/obstacle_plugin/CMakeLists.txt
[21.843s] -- Symlinking: /home/jonasvinol/Desktop/G1FinalProject/install/turtlebot3_gazebo/share/turtlebot3_gazebo//models/turtlebot3_dqn_world/obstacle_plugin/obstacle1.cc
[21.855s] -- Symlinking: /home/jonasvinol/Desktop/G1FinalProject/install/turtlebot3_gazebo/share/turtlebot3_gazebo//models/turtlebot3_dqn_world/obstacle_plugin/obstacle2.cc
[21.864s] -- Symlinking: /home/jonasvinol/Desktop/G1FinalProject/install/turtlebot3_gazebo/share/turtlebot3_gazebo//models/turtlebot3_dqn_world/obstacle_plugin/obstacles.cc
[21.874s] -- Symlinking: /home/jonasvinol/Desktop/G1FinalProject/install/turtlebot3_gazebo/share/turtlebot3_gazebo//models/turtlebot3_dqn_world/obstacles/model.config
[21.884s] -- Symlinking: /home/jonasvinol/Desktop/G1FinalProject/install/turtlebot3_gazebo/share/turtlebot3_gazebo//models/turtlebot3_dqn_world/obstacles/model.sdf
[21.895s] -- Symlinking: /home/jonasvinol/Desktop/G1FinalProject/install/turtlebot3_gazebo/share/turtlebot3_gazebo//models/turtlebot3_house/model.config
[21.905s] -- Symlinking: /home/jonasvinol/Desktop/G1FinalProject/install/turtlebot3_gazebo/share/turtlebot3_gazebo//models/turtlebot3_house/model.sdf
[21.917s] -- Symlinking: /home/jonasvinol/Desktop/G1FinalProject/install/turtlebot3_gazebo/share/turtlebot3_gazebo//models/turtlebot3_waffle/meshes/lds.dae
[21.928s] -- Symlinking: /home/jonasvinol/Desktop/G1FinalProject/install/turtlebot3_gazebo/share/turtlebot3_gazebo//models/turtlebot3_waffle/meshes/r200.dae
[21.937s] -- Symlinking: /home/jonasvinol/Desktop/G1FinalProject/install/turtlebot3_gazebo/share/turtlebot3_gazebo//models/turtlebot3_waffle/meshes/tire.dae
[21.950s] -- Symlinking: /home/jonasvinol/Desktop/G1FinalProject/install/turtlebot3_gazebo/share/turtlebot3_gazebo//models/turtlebot3_waffle/meshes/waffle_base.dae
[21.962s] -- Symlinking: /home/jonasvinol/Desktop/G1FinalProject/install/turtlebot3_gazebo/share/turtlebot3_gazebo//models/turtlebot3_waffle/model-1_4.sdf
[21.975s] -- Symlinking: /home/jonasvinol/Desktop/G1FinalProject/install/turtlebot3_gazebo/share/turtlebot3_gazebo//models/turtlebot3_waffle/model.config
[21.990s] -- Symlinking: /home/jonasvinol/Desktop/G1FinalProject/install/turtlebot3_gazebo/share/turtlebot3_gazebo//models/turtlebot3_waffle/model.sdf
[22.006s] -- Symlinking: /home/jonasvinol/Desktop/G1FinalProject/install/turtlebot3_gazebo/share/turtlebot3_gazebo//models/turtlebot3_waffle_pi/meshes/lds.dae
[22.016s] -- Symlinking: /home/jonasvinol/Desktop/G1FinalProject/install/turtlebot3_gazebo/share/turtlebot3_gazebo//models/turtlebot3_waffle_pi/meshes/tire.dae
[22.027s] -- Symlinking: /home/jonasvinol/Desktop/G1FinalProject/install/turtlebot3_gazebo/share/turtlebot3_gazebo//models/turtlebot3_waffle_pi/meshes/waffle_pi_base.dae
[22.038s] -- Symlinking: /home/jonasvinol/Desktop/G1FinalProject/install/turtlebot3_gazebo/share/turtlebot3_gazebo//models/turtlebot3_waffle_pi/model-1_4_.sdf
[22.050s] -- Symlinking: /home/jonasvinol/Desktop/G1FinalProject/install/turtlebot3_gazebo/share/turtlebot3_gazebo//models/turtlebot3_waffle_pi/model.config
[22.060s] -- Symlinking: /home/jonasvinol/Desktop/G1FinalProject/install/turtlebot3_gazebo/share/turtlebot3_gazebo//models/turtlebot3_waffle_pi/model.sdf
[22.072s] -- Symlinking: /home/jonasvinol/Desktop/G1FinalProject/install/turtlebot3_gazebo/share/turtlebot3_gazebo//models/turtlebot3_world/meshes/hexagon.dae
[22.083s] -- Symlinking: /home/jonasvinol/Desktop/G1FinalProject/install/turtlebot3_gazebo/share/turtlebot3_gazebo//models/turtlebot3_world/meshes/wall.dae
[22.094s] -- Symlinking: /home/jonasvinol/Desktop/G1FinalProject/install/turtlebot3_gazebo/share/turtlebot3_gazebo//models/turtlebot3_world/model-1_4.sdf
[22.108s] -- Symlinking: /home/jonasvinol/Desktop/G1FinalProject/install/turtlebot3_gazebo/share/turtlebot3_gazebo//models/turtlebot3_world/model.config
[22.118s] -- Symlinking: /home/jonasvinol/Desktop/G1FinalProject/install/turtlebot3_gazebo/share/turtlebot3_gazebo//models/turtlebot3_world/model.sdf
[22.130s] -- Symlinking: /home/jonasvinol/Desktop/G1FinalProject/install/turtlebot3_gazebo/share/turtlebot3_gazebo//rviz/tb3_gazebo.rviz
[22.142s] -- Symlinking: /home/jonasvinol/Desktop/G1FinalProject/install/turtlebot3_gazebo/share/turtlebot3_gazebo//worlds/empty_worlds/burger.model
[22.152s] -- Symlinking: /home/jonasvinol/Desktop/G1FinalProject/install/turtlebot3_gazebo/share/turtlebot3_gazebo//worlds/empty_worlds/waffle.model
[22.163s] -- Symlinking: /home/jonasvinol/Desktop/G1FinalProject/install/turtlebot3_gazebo/share/turtlebot3_gazebo//worlds/empty_worlds/waffle_pi.model
[22.173s] -- Symlinking: /home/jonasvinol/Desktop/G1FinalProject/install/turtlebot3_gazebo/share/turtlebot3_gazebo//worlds/turtlebot3_autoraces/burger.model
[22.185s] -- Symlinking: /home/jonasvinol/Desktop/G1FinalProject/install/turtlebot3_gazebo/share/turtlebot3_gazebo//worlds/turtlebot3_autoraces/waffle.model
[22.198s] -- Symlinking: /home/jonasvinol/Desktop/G1FinalProject/install/turtlebot3_gazebo/share/turtlebot3_gazebo//worlds/turtlebot3_autoraces/waffle_pi.model
[22.209s] -- Symlinking: /home/jonasvinol/Desktop/G1FinalProject/install/turtlebot3_gazebo/share/turtlebot3_gazebo//worlds/turtlebot3_dqn_stage1/burger.model
[22.220s] -- Symlinking: /home/jonasvinol/Desktop/G1FinalProject/install/turtlebot3_gazebo/share/turtlebot3_gazebo//worlds/turtlebot3_dqn_stage1/waffle.model
[22.232s] -- Symlinking: /home/jonasvinol/Desktop/G1FinalProject/install/turtlebot3_gazebo/share/turtlebot3_gazebo//worlds/turtlebot3_dqn_stage1/waffle_pi.model
[22.242s] -- Symlinking: /home/jonasvinol/Desktop/G1FinalProject/install/turtlebot3_gazebo/share/turtlebot3_gazebo//worlds/turtlebot3_dqn_stage2/burger.model
[22.255s] -- Symlinking: /home/jonasvinol/Desktop/G1FinalProject/install/turtlebot3_gazebo/share/turtlebot3_gazebo//worlds/turtlebot3_dqn_stage2/waffle.model
[22.264s] -- Symlinking: /home/jonasvinol/Desktop/G1FinalProject/install/turtlebot3_gazebo/share/turtlebot3_gazebo//worlds/turtlebot3_dqn_stage2/waffle_pi.model
[22.274s] -- Symlinking: /home/jonasvinol/Desktop/G1FinalProject/install/turtlebot3_gazebo/share/turtlebot3_gazebo//worlds/turtlebot3_dqn_stage3/burger.model
[22.284s] -- Symlinking: /home/jonasvinol/Desktop/G1FinalProject/install/turtlebot3_gazebo/share/turtlebot3_gazebo//worlds/turtlebot3_dqn_stage3/waffle.model
[22.294s] -- Symlinking: /home/jonasvinol/Desktop/G1FinalProject/install/turtlebot3_gazebo/share/turtlebot3_gazebo//worlds/turtlebot3_dqn_stage3/waffle_pi.model
[22.305s] -- Symlinking: /home/jonasvinol/Desktop/G1FinalProject/install/turtlebot3_gazebo/share/turtlebot3_gazebo//worlds/turtlebot3_dqn_stage4/burger.model
[22.314s] -- Symlinking: /home/jonasvinol/Desktop/G1FinalProject/install/turtlebot3_gazebo/share/turtlebot3_gazebo//worlds/turtlebot3_dqn_stage4/waffle.model
[22.326s] -- Symlinking: /home/jonasvinol/Desktop/G1FinalProject/install/turtlebot3_gazebo/share/turtlebot3_gazebo//worlds/turtlebot3_dqn_stage4/waffle_pi.model
[22.337s] -- Symlinking: /home/jonasvinol/Desktop/G1FinalProject/install/turtlebot3_gazebo/share/turtlebot3_gazebo//worlds/turtlebot3_houses/burger.model
[22.350s] -- Symlinking: /home/jonasvinol/Desktop/G1FinalProject/install/turtlebot3_gazebo/share/turtlebot3_gazebo//worlds/turtlebot3_houses/waffle.model
[22.362s] -- Symlinking: /home/jonasvinol/Desktop/G1FinalProject/install/turtlebot3_gazebo/share/turtlebot3_gazebo//worlds/turtlebot3_houses/waffle_pi.model
[22.375s] -- Symlinking: /home/jonasvinol/Desktop/G1FinalProject/install/turtlebot3_gazebo/share/turtlebot3_gazebo//worlds/turtlebot3_worlds/burger.model
[22.392s] -- Symlinking: /home/jonasvinol/Desktop/G1FinalProject/install/turtlebot3_gazebo/share/turtlebot3_gazebo//worlds/turtlebot3_worlds/waffle.model
[22.405s] -- Symlinking: /home/jonasvinol/Desktop/G1FinalProject/install/turtlebot3_gazebo/share/turtlebot3_gazebo//worlds/turtlebot3_worlds/waffle_pi.model
[22.420s] -- Symlinking: /home/jonasvinol/Desktop/G1FinalProject/install/turtlebot3_gazebo/include//turtlebot3_gazebo/turtlebot3_drive.hpp
[22.434s] -- Symlinking: /home/jonasvinol/Desktop/G1FinalProject/install/turtlebot3_gazebo/share/ament_index/resource_index/package_run_dependencies/turtlebot3_gazebo
[22.447s] -- Symlinking: /home/jonasvinol/Desktop/G1FinalProject/install/turtlebot3_gazebo/share/ament_index/resource_index/parent_prefix_path/turtlebot3_gazebo
[22.459s] -- Symlinking: /home/jonasvinol/Desktop/G1FinalProject/install/turtlebot3_gazebo/share/turtlebot3_gazebo/environment/ament_prefix_path.sh
[22.473s] -- Symlinking: /home/jonasvinol/Desktop/G1FinalProject/install/turtlebot3_gazebo/share/turtlebot3_gazebo/environment/ament_prefix_path.dsv
[22.486s] -- Symlinking: /home/jonasvinol/Desktop/G1FinalProject/install/turtlebot3_gazebo/share/turtlebot3_gazebo/environment/path.sh
[22.504s] -- Symlinking: /home/jonasvinol/Desktop/G1FinalProject/install/turtlebot3_gazebo/share/turtlebot3_gazebo/environment/path.dsv
[22.507s] -- Symlinking: /home/jonasvinol/Desktop/G1FinalProject/install/turtlebot3_gazebo/share/turtlebot3_gazebo/local_setup.bash
[22.525s] -- Symlinking: /home/jonasvinol/Desktop/G1FinalProject/install/turtlebot3_gazebo/share/turtlebot3_gazebo/local_setup.sh
[22.536s] -- Symlinking: /home/jonasvinol/Desktop/G1FinalProject/install/turtlebot3_gazebo/share/turtlebot3_gazebo/local_setup.zsh
[22.547s] -- Symlinking: /home/jonasvinol/Desktop/G1FinalProject/install/turtlebot3_gazebo/share/turtlebot3_gazebo/local_setup.dsv
[22.561s] -- Symlinking: /home/jonasvinol/Desktop/G1FinalProject/install/turtlebot3_gazebo/share/turtlebot3_gazebo/package.dsv
[22.574s] -- Symlinking: /home/jonasvinol/Desktop/G1FinalProject/install/turtlebot3_gazebo/share/ament_index/resource_index/packages/turtlebot3_gazebo
[22.589s] -- Symlinking: /home/jonasvinol/Desktop/G1FinalProject/install/turtlebot3_gazebo/share/turtlebot3_gazebo/cmake/ament_cmake_export_include_directories-extras.cmake
[22.603s] -- Symlinking: /home/jonasvinol/Desktop/G1FinalProject/install/turtlebot3_gazebo/share/turtlebot3_gazebo/cmake/ament_cmake_export_dependencies-extras.cmake
[22.620s] -- Symlinking: /home/jonasvinol/Desktop/G1FinalProject/install/turtlebot3_gazebo/share/turtlebot3_gazebo/cmake/turtlebot3_gazeboConfig.cmake
[22.634s] -- Symlinking: /home/jonasvinol/Desktop/G1FinalProject/install/turtlebot3_gazebo/share/turtlebot3_gazebo/cmake/turtlebot3_gazeboConfig-version.cmake
[22.647s] -- Symlinking: /home/jonasvinol/Desktop/G1FinalProject/install/turtlebot3_gazebo/share/turtlebot3_gazebo/package.xml
[22.666s] Invoked command in '/home/jonasvinol/Desktop/G1FinalProject/build/turtlebot3_gazebo' returned '0': CMAKE_PREFIX_PATH=/opt/ros/foxy /usr/bin/cmake --install /home/jonasvinol/Desktop/G1FinalProject/build/turtlebot3_gazebo
