[0.017s] Invoking command in '/home/jonasvinol/Desktop/G1FinalProject/build/pcl_ros': AMENT_PREFIX_PATH=/home/jonasvinol/Desktop/G1FinalProject/install/pcl_conversions:${AMENT_PREFIX_PATH} CMAKE_PREFIX_PATH=/home/jonasvinol/Desktop/G1FinalProject/install/pcl_conversions:/home/jonasvinol/Desktop/G1FinalProject/install/basic_robot:/opt/ros/foxy /usr/bin/cmake /home/jonasvinol/Desktop/G1FinalProject/src/perception_pcl/pcl_ros -DAMENT_CMAKE_SYMLINK_INSTALL=1 -DCMAKE_INSTALL_PREFIX=/home/jonasvinol/Desktop/G1FinalProject/install/pcl_ros
[0.097s] -- The C compiler identification is GNU 9.4.0
[0.165s] -- The CXX compiler identification is GNU 9.4.0
[0.173s] -- Check for working C compiler: /usr/bin/cc
[0.248s] -- Check for working C compiler: /usr/bin/cc -- works
[0.252s] -- Detecting C compiler ABI info
[0.338s] -- Detecting C compiler ABI info - done
[0.359s] -- Detecting C compile features
[0.360s] -- Detecting C compile features - done
[0.363s] -- Check for working CXX compiler: /usr/bin/c++
[0.456s] -- Check for working CXX compiler: /usr/bin/c++ -- works
[0.457s] -- Detecting CXX compiler ABI info
[0.548s] -- Detecting CXX compiler ABI info - done
[0.572s] -- Detecting CXX compile features
[0.573s] -- Detecting CXX compile features - done
[0.597s] -- Checking for module 'eigen3'
[0.612s] --   Found eigen3, version 3.3.7
[0.650s] -- Found Eigen: /usr/include/eigen3 (Required is at least version "3.1") 
[0.650s] -- Eigen found (include: /usr/include/eigen3, version: 3.3.7)
[0.780s] -- Checking for module 'flann'
[0.796s] --   Found flann, version 1.9.1
[0.843s] -- Found FLANN: /usr/lib/x86_64-linux-gnu/libflann_cpp.so  
[0.953s] -- The imported target "vtkParseOGLExt" references the file
[0.953s]    "/usr/bin/vtkParseOGLExt-7.1"
[0.953s] but this file does not exist.  Possible reasons include:
[0.953s] * The file was deleted, renamed, or moved to another location.
[0.953s] * An install or uninstall procedure did not complete successfully.
[0.953s] * The installation package was faulty and contained
[0.954s]    "/usr/lib/cmake/vtk-7.1/VTKTargets.cmake"
[0.954s] but not all the files it references.
[0.954s] 
[0.954s] -- The imported target "vtkRenderingPythonTkWidgets" references the file
[0.954s]    "/usr/lib/x86_64-linux-gnu/libvtkRenderingPythonTkWidgets.so"
[0.955s] but this file does not exist.  Possible reasons include:
[0.955s] * The file was deleted, renamed, or moved to another location.
[0.955s] * An install or uninstall procedure did not complete successfully.
[0.955s] * The installation package was faulty and contained
[0.955s]    "/usr/lib/cmake/vtk-7.1/VTKTargets.cmake"
[0.955s] but not all the files it references.
[0.955s] 
[0.955s] -- The imported target "vtk" references the file
[0.955s]    "/usr/bin/vtk"
[0.956s] but this file does not exist.  Possible reasons include:
[0.956s] * The file was deleted, renamed, or moved to another location.
[0.956s] * An install or uninstall procedure did not complete successfully.
[0.956s] * The installation package was faulty and contained
[0.956s]    "/usr/lib/cmake/vtk-7.1/VTKTargets.cmake"
[0.956s] but not all the files it references.
[0.956s] 
[0.956s] -- The imported target "pvtk" references the file
[0.956s]    "/usr/bin/pvtk"
[0.956s] but this file does not exist.  Possible reasons include:
[0.957s] * The file was deleted, renamed, or moved to another location.
[0.957s] * An install or uninstall procedure did not complete successfully.
[0.957s] * The installation package was faulty and contained
[0.957s]    "/usr/lib/cmake/vtk-7.1/VTKTargets.cmake"
[0.957s] but not all the files it references.
[0.957s] 
[1.013s] -- Checking for module 'libusb-1.0'
[1.029s] --   Found libusb-1.0, version 1.0.23
[1.071s] -- Found USB_10: /usr/lib/x86_64-linux-gnu/libusb-1.0.so  
[1.131s] -- OpenNI found (include: /usr/include/ni, lib: /usr/lib/libOpenNI.so)
[1.198s] -- OpenNI2 found (include: /usr/include/openni2, lib: /usr/lib/libOpenNI2.so)
[1.226s] -- Found libusb-1.0: /usr/include  
[1.254s] -- Found Qhull: optimized;/usr/lib/x86_64-linux-gnu/libqhull.so;debug;/usr/lib/x86_64-linux-gnu/libqhull.so  
[1.254s] -- QHULL found (include: /usr/include, lib: optimized;/usr/lib/x86_64-linux-gnu/libqhull.so;debug;/usr/lib/x86_64-linux-gnu/libqhull.so)
[1.256s] -- Found PCL_COMMON: /usr/lib/x86_64-linux-gnu/libpcl_common.so  
[1.259s] -- Could NOT find PCL_CORE (missing: PCL_CORE_LIBRARY PCL_CORE_INCLUDE_DIR) 
[1.261s] -- Found PCL_KDTREE: /usr/lib/x86_64-linux-gnu/libpcl_kdtree.so  
[1.263s] -- Found PCL_OCTREE: /usr/lib/x86_64-linux-gnu/libpcl_octree.so  
[1.266s] -- Found PCL_SEARCH: /usr/lib/x86_64-linux-gnu/libpcl_search.so  
[1.267s] -- Found PCL_2D: /usr/include/pcl-1.10  
[1.270s] -- Found PCL_FEATURES: /usr/lib/x86_64-linux-gnu/libpcl_features.so  
[1.273s] -- Found PCL_SAMPLE_CONSENSUS: /usr/lib/x86_64-linux-gnu/libpcl_sample_consensus.so  
[1.275s] -- Found PCL_FILTERS: /usr/lib/x86_64-linux-gnu/libpcl_filters.so  
[1.278s] -- Found PCL_IO: /usr/lib/x86_64-linux-gnu/libpcl_io.so  
[1.279s] -- Found PCL_GEOMETRY: /usr/include/pcl-1.10  
[1.282s] -- Found PCL_ML: /usr/lib/x86_64-linux-gnu/libpcl_ml.so  
[1.284s] -- Found PCL_SEGMENTATION: /usr/lib/x86_64-linux-gnu/libpcl_segmentation.so  
[1.287s] -- Found PCL_SURFACE: /usr/lib/x86_64-linux-gnu/libpcl_surface.so  
[1.499s] -- Found ament_cmake_ros: 0.9.2 (/opt/ros/foxy/share/ament_cmake_ros/cmake)
[1.564s] -- Found PythonInterp: /usr/bin/python3 (found suitable version "3.8.10", minimum required is "3") 
[1.564s] -- Using PYTHON_EXECUTABLE: /usr/bin/python3
[1.808s] -- Override CMake install command with custom implementation using symlinks instead of copying resources
[1.843s] -- Found pcl_conversions: 2.2.1 (/home/jonasvinol/Desktop/G1FinalProject/install/pcl_conversions/share/pcl_conversions/cmake)
[1.888s] -- Using all available rosidl_typesupport_c: rosidl_typesupport_fastrtps_c;rosidl_typesupport_introspection_c
[1.898s] -- Found rosidl_adapter: 1.3.0 (/opt/ros/foxy/share/rosidl_adapter/cmake)
[1.992s] -- Found OpenSSL: /usr/lib/x86_64-linux-gnu/libcrypto.so (found version "1.1.1f")  
[2.028s] -- Found FastRTPS: /opt/ros/foxy/include  
[2.147s] -- Using all available rosidl_typesupport_cpp: rosidl_typesupport_fastrtps_cpp;rosidl_typesupport_introspection_cpp
[2.780s] -- Found rmw_implementation_cmake: 1.0.3 (/opt/ros/foxy/share/rmw_implementation_cmake/cmake)
[2.782s] -- Using RMW implementation 'rmw_fastrtps_cpp' as default
[2.784s] -- Looking for pthread.h
[2.866s] -- Looking for pthread.h - found
[2.866s] -- Performing Test CMAKE_HAVE_LIBC_PTHREAD
[2.954s] -- Performing Test CMAKE_HAVE_LIBC_PTHREAD - Failed
[2.954s] -- Looking for pthread_create in pthreads
[3.033s] -- Looking for pthread_create in pthreads - not found
[3.033s] -- Looking for pthread_create in pthread
[3.116s] -- Looking for pthread_create in pthread - found
[3.117s] -- Found Threads: TRUE  
[3.417s] -- Found tf2: 0.13.13 (/opt/ros/foxy/share/tf2/cmake)
[3.436s] -- Found tf2_geometry_msgs: 0.13.13 (/opt/ros/foxy/share/tf2_geometry_msgs/cmake)
[3.449s] -- Found eigen3_cmake_module: 0.1.1 (/opt/ros/foxy/share/eigen3_cmake_module/cmake)
[3.451s] -- Found Eigen3: TRUE (found version "3.3.7") 
[4.233s] -- Found ament_lint_auto: 0.9.7 (/opt/ros/foxy/share/ament_lint_auto/cmake)
[4.347s] -- Added test 'cppcheck' to perform static code analysis on C / C++ code
[4.348s] -- Configured cppcheck include dirs: /home/jonasvinol/Desktop/G1FinalProject/src/perception_pcl/pcl_ros/include
[4.348s] -- Configured cppcheck exclude dirs and/or files: 
[4.355s] -- Added test 'cpplint' to check C / C++ code against the Google style
[4.355s] -- Configured cpplint exclude dirs and/or files: 
[4.356s] -- Added test 'flake8' to check Python code syntax and style conventions
[4.359s] -- Added test 'lint_cmake' to check CMake code style
[4.360s] -- Added test 'pep257' to check Python code against some of the style conventions in PEP 257
[4.367s] -- Added test 'uncrustify' to check C / C++ code style
[4.367s] -- Configured uncrustify additional arguments: 
[4.368s] -- Added test 'xmllint' to check XML markup files
[4.378s] -- Configuring done
[4.459s] -- Generating done
[4.463s] -- Build files have been written to: /home/jonasvinol/Desktop/G1FinalProject/build/pcl_ros
[4.477s] Invoked command in '/home/jonasvinol/Desktop/G1FinalProject/build/pcl_ros' returned '0': AMENT_PREFIX_PATH=/home/jonasvinol/Desktop/G1FinalProject/install/pcl_conversions:${AMENT_PREFIX_PATH} CMAKE_PREFIX_PATH=/home/jonasvinol/Desktop/G1FinalProject/install/pcl_conversions:/home/jonasvinol/Desktop/G1FinalProject/install/basic_robot:/opt/ros/foxy /usr/bin/cmake /home/jonasvinol/Desktop/G1FinalProject/src/perception_pcl/pcl_ros -DAMENT_CMAKE_SYMLINK_INSTALL=1 -DCMAKE_INSTALL_PREFIX=/home/jonasvinol/Desktop/G1FinalProject/install/pcl_ros
[4.480s] Invoking command in '/home/jonasvinol/Desktop/G1FinalProject/build/pcl_ros': AMENT_PREFIX_PATH=/home/jonasvinol/Desktop/G1FinalProject/install/pcl_conversions:${AMENT_PREFIX_PATH} CMAKE_PREFIX_PATH=/home/jonasvinol/Desktop/G1FinalProject/install/pcl_conversions:/home/jonasvinol/Desktop/G1FinalProject/install/basic_robot:/opt/ros/foxy /usr/bin/cmake --build /home/jonasvinol/Desktop/G1FinalProject/build/pcl_ros -- -j6 -l6
[4.526s] [35m[1mScanning dependencies of target pcl_ros_tf[0m
[4.713s] [ 50%] [32mBuilding CXX object CMakeFiles/pcl_ros_tf.dir/src/transforms.cpp.o[0m
[19.504s] [100%] [32m[1mLinking CXX shared library libpcl_ros_tf.so[0m
[20.455s] [100%] Built target pcl_ros_tf
[20.467s] Invoked command in '/home/jonasvinol/Desktop/G1FinalProject/build/pcl_ros' returned '0': AMENT_PREFIX_PATH=/home/jonasvinol/Desktop/G1FinalProject/install/pcl_conversions:${AMENT_PREFIX_PATH} CMAKE_PREFIX_PATH=/home/jonasvinol/Desktop/G1FinalProject/install/pcl_conversions:/home/jonasvinol/Desktop/G1FinalProject/install/basic_robot:/opt/ros/foxy /usr/bin/cmake --build /home/jonasvinol/Desktop/G1FinalProject/build/pcl_ros -- -j6 -l6
[20.498s] Invoking command in '/home/jonasvinol/Desktop/G1FinalProject/build/pcl_ros': AMENT_PREFIX_PATH=/home/jonasvinol/Desktop/G1FinalProject/install/pcl_conversions:${AMENT_PREFIX_PATH} CMAKE_PREFIX_PATH=/home/jonasvinol/Desktop/G1FinalProject/install/pcl_conversions:/home/jonasvinol/Desktop/G1FinalProject/install/basic_robot:/opt/ros/foxy /usr/bin/cmake --install /home/jonasvinol/Desktop/G1FinalProject/build/pcl_ros
[20.506s] -- Install configuration: ""
[20.507s] -- Execute custom install script
[20.508s] -- Symlinking: /home/jonasvinol/Desktop/G1FinalProject/install/pcl_ros/include/pcl_ros/features/boundary.hpp
[20.517s] -- Symlinking: /home/jonasvinol/Desktop/G1FinalProject/install/pcl_ros/include/pcl_ros/features/feature.hpp
[20.526s] -- Symlinking: /home/jonasvinol/Desktop/G1FinalProject/install/pcl_ros/include/pcl_ros/features/fpfh.hpp
[20.535s] -- Symlinking: /home/jonasvinol/Desktop/G1FinalProject/install/pcl_ros/include/pcl_ros/features/fpfh_omp.hpp
[20.544s] -- Symlinking: /home/jonasvinol/Desktop/G1FinalProject/install/pcl_ros/include/pcl_ros/features/moment_invariants.hpp
[20.554s] -- Symlinking: /home/jonasvinol/Desktop/G1FinalProject/install/pcl_ros/include/pcl_ros/features/normal_3d.hpp
[20.563s] -- Symlinking: /home/jonasvinol/Desktop/G1FinalProject/install/pcl_ros/include/pcl_ros/features/normal_3d_omp.hpp
[20.574s] -- Symlinking: /home/jonasvinol/Desktop/G1FinalProject/install/pcl_ros/include/pcl_ros/features/normal_3d_tbb.hpp
[20.583s] -- Symlinking: /home/jonasvinol/Desktop/G1FinalProject/install/pcl_ros/include/pcl_ros/features/pfh.hpp
[20.593s] -- Symlinking: /home/jonasvinol/Desktop/G1FinalProject/install/pcl_ros/include/pcl_ros/features/principal_curvatures.hpp
[20.602s] -- Symlinking: /home/jonasvinol/Desktop/G1FinalProject/install/pcl_ros/include/pcl_ros/features/shot.hpp
[20.611s] -- Symlinking: /home/jonasvinol/Desktop/G1FinalProject/install/pcl_ros/include/pcl_ros/features/shot_omp.hpp
[20.620s] -- Symlinking: /home/jonasvinol/Desktop/G1FinalProject/install/pcl_ros/include/pcl_ros/features/vfh.hpp
[20.629s] -- Symlinking: /home/jonasvinol/Desktop/G1FinalProject/install/pcl_ros/include/pcl_ros/filters/crop_box.hpp
[20.638s] -- Symlinking: /home/jonasvinol/Desktop/G1FinalProject/install/pcl_ros/include/pcl_ros/filters/extract_indices.hpp
[20.648s] -- Symlinking: /home/jonasvinol/Desktop/G1FinalProject/install/pcl_ros/include/pcl_ros/filters/filter.hpp
[20.657s] -- Symlinking: /home/jonasvinol/Desktop/G1FinalProject/install/pcl_ros/include/pcl_ros/filters/passthrough.hpp
[20.667s] -- Symlinking: /home/jonasvinol/Desktop/G1FinalProject/install/pcl_ros/include/pcl_ros/filters/project_inliers.hpp
[20.676s] -- Symlinking: /home/jonasvinol/Desktop/G1FinalProject/install/pcl_ros/include/pcl_ros/filters/radius_outlier_removal.hpp
[20.686s] -- Symlinking: /home/jonasvinol/Desktop/G1FinalProject/install/pcl_ros/include/pcl_ros/filters/statistical_outlier_removal.hpp
[20.695s] -- Symlinking: /home/jonasvinol/Desktop/G1FinalProject/install/pcl_ros/include/pcl_ros/filters/voxel_grid.hpp
[20.705s] -- Symlinking: /home/jonasvinol/Desktop/G1FinalProject/install/pcl_ros/include/pcl_ros/impl/transforms.hpp
[20.716s] -- Symlinking: /home/jonasvinol/Desktop/G1FinalProject/install/pcl_ros/include/pcl_ros/io/bag_io.hpp
[20.725s] -- Symlinking: /home/jonasvinol/Desktop/G1FinalProject/install/pcl_ros/include/pcl_ros/io/concatenate_data.hpp
[20.734s] -- Symlinking: /home/jonasvinol/Desktop/G1FinalProject/install/pcl_ros/include/pcl_ros/io/concatenate_fields.hpp
[20.743s] -- Symlinking: /home/jonasvinol/Desktop/G1FinalProject/install/pcl_ros/include/pcl_ros/io/pcd_io.hpp
[20.752s] -- Symlinking: /home/jonasvinol/Desktop/G1FinalProject/install/pcl_ros/include/pcl_ros/pcl_nodelet.hpp
[20.761s] -- Symlinking: /home/jonasvinol/Desktop/G1FinalProject/install/pcl_ros/include/pcl_ros/point_cloud.hpp
[20.772s] -- Symlinking: /home/jonasvinol/Desktop/G1FinalProject/install/pcl_ros/include/pcl_ros/publisher.hpp
[20.781s] -- Symlinking: /home/jonasvinol/Desktop/G1FinalProject/install/pcl_ros/include/pcl_ros/segmentation/extract_clusters.hpp
[20.790s] -- Symlinking: /home/jonasvinol/Desktop/G1FinalProject/install/pcl_ros/include/pcl_ros/segmentation/extract_polygonal_prism_data.hpp
[20.799s] -- Symlinking: /home/jonasvinol/Desktop/G1FinalProject/install/pcl_ros/include/pcl_ros/segmentation/sac_segmentation.hpp
[20.808s] -- Symlinking: /home/jonasvinol/Desktop/G1FinalProject/install/pcl_ros/include/pcl_ros/segmentation/segment_differences.hpp
[20.817s] -- Symlinking: /home/jonasvinol/Desktop/G1FinalProject/install/pcl_ros/include/pcl_ros/surface/convex_hull.hpp
[20.826s] -- Symlinking: /home/jonasvinol/Desktop/G1FinalProject/install/pcl_ros/include/pcl_ros/surface/moving_least_squares.hpp
[20.835s] -- Symlinking: /home/jonasvinol/Desktop/G1FinalProject/install/pcl_ros/include/pcl_ros/transforms.hpp
[20.845s] -- Symlinking: /home/jonasvinol/Desktop/G1FinalProject/install/pcl_ros/share/pcl_ros/plugins/nodelet/libpcl_ros_features.xml
[20.854s] -- Symlinking: /home/jonasvinol/Desktop/G1FinalProject/install/pcl_ros/share/pcl_ros/plugins/nodelet/libpcl_ros_filters.xml
[20.863s] -- Symlinking: /home/jonasvinol/Desktop/G1FinalProject/install/pcl_ros/share/pcl_ros/plugins/nodelet/libpcl_ros_io.xml
[20.872s] -- Symlinking: /home/jonasvinol/Desktop/G1FinalProject/install/pcl_ros/share/pcl_ros/plugins/nodelet/libpcl_ros_segmentation.xml
[20.882s] -- Symlinking: /home/jonasvinol/Desktop/G1FinalProject/install/pcl_ros/share/pcl_ros/plugins/nodelet/libpcl_ros_surface.xml
[20.891s] -- Symlinking: /home/jonasvinol/Desktop/G1FinalProject/install/pcl_ros/share/pcl_ros/samples/data/.gitignore
[20.901s] -- Symlinking: /home/jonasvinol/Desktop/G1FinalProject/install/pcl_ros/share/pcl_ros/samples/pcl_ros/features/sample_normal_3d.launch
[20.910s] -- Symlinking: /home/jonasvinol/Desktop/G1FinalProject/install/pcl_ros/share/pcl_ros/samples/pcl_ros/filters/config/statistical_outlier_removal.rviz
[20.919s] -- Symlinking: /home/jonasvinol/Desktop/G1FinalProject/install/pcl_ros/share/pcl_ros/samples/pcl_ros/filters/config/voxel_grid.rviz
[20.929s] -- Symlinking: /home/jonasvinol/Desktop/G1FinalProject/install/pcl_ros/share/pcl_ros/samples/pcl_ros/filters/sample_statistical_outlier_removal.launch
[20.938s] -- Symlinking: /home/jonasvinol/Desktop/G1FinalProject/install/pcl_ros/share/pcl_ros/samples/pcl_ros/filters/sample_voxel_grid.launch
[20.947s] -- Symlinking: /home/jonasvinol/Desktop/G1FinalProject/install/pcl_ros/share/pcl_ros/samples/pcl_ros/io/sample_concatenate_data.launch
[20.956s] -- Symlinking: /home/jonasvinol/Desktop/G1FinalProject/install/pcl_ros/share/pcl_ros/samples/pcl_ros/segmentation/sample_extract_clusters.launch
[20.965s] -- Symlinking: /home/jonasvinol/Desktop/G1FinalProject/install/pcl_ros/share/pcl_ros/samples/pcl_ros/surface/sample_convex_hull.launch
[20.975s] -- Symlinking: /home/jonasvinol/Desktop/G1FinalProject/install/pcl_ros/share/pcl_ros/environment/library_path.sh
[20.984s] -- Symlinking: /home/jonasvinol/Desktop/G1FinalProject/install/pcl_ros/share/pcl_ros/environment/library_path.dsv
[20.994s] -- Symlinking: /home/jonasvinol/Desktop/G1FinalProject/install/pcl_ros/share/ament_index/resource_index/package_run_dependencies/pcl_ros
[21.003s] -- Symlinking: /home/jonasvinol/Desktop/G1FinalProject/install/pcl_ros/share/ament_index/resource_index/parent_prefix_path/pcl_ros
[21.012s] -- Symlinking: /home/jonasvinol/Desktop/G1FinalProject/install/pcl_ros/share/pcl_ros/environment/ament_prefix_path.sh
[21.021s] -- Symlinking: /home/jonasvinol/Desktop/G1FinalProject/install/pcl_ros/share/pcl_ros/environment/ament_prefix_path.dsv
[21.031s] -- Symlinking: /home/jonasvinol/Desktop/G1FinalProject/install/pcl_ros/share/pcl_ros/environment/path.sh
[21.040s] -- Symlinking: /home/jonasvinol/Desktop/G1FinalProject/install/pcl_ros/share/pcl_ros/environment/path.dsv
[21.049s] -- Symlinking: /home/jonasvinol/Desktop/G1FinalProject/install/pcl_ros/share/pcl_ros/local_setup.bash
[21.058s] -- Symlinking: /home/jonasvinol/Desktop/G1FinalProject/install/pcl_ros/share/pcl_ros/local_setup.sh
[21.068s] -- Symlinking: /home/jonasvinol/Desktop/G1FinalProject/install/pcl_ros/share/pcl_ros/local_setup.zsh
[21.078s] -- Symlinking: /home/jonasvinol/Desktop/G1FinalProject/install/pcl_ros/share/pcl_ros/local_setup.dsv
[21.087s] -- Symlinking: /home/jonasvinol/Desktop/G1FinalProject/install/pcl_ros/share/pcl_ros/package.dsv
[21.097s] -- Symlinking: /home/jonasvinol/Desktop/G1FinalProject/install/pcl_ros/share/ament_index/resource_index/packages/pcl_ros
[21.107s] -- Symlinking: /home/jonasvinol/Desktop/G1FinalProject/install/pcl_ros/share/pcl_ros/cmake/ament_cmake_export_include_directories-extras.cmake
[21.116s] -- Symlinking: /home/jonasvinol/Desktop/G1FinalProject/install/pcl_ros/share/pcl_ros/cmake/ament_cmake_export_libraries-extras.cmake
[21.125s] -- Symlinking: /home/jonasvinol/Desktop/G1FinalProject/install/pcl_ros/share/pcl_ros/cmake/ament_cmake_export_dependencies-extras.cmake
[21.135s] -- Symlinking: /home/jonasvinol/Desktop/G1FinalProject/install/pcl_ros/share/pcl_ros/cmake/ament_cmake_export_targets-extras.cmake
[21.144s] -- Symlinking: /home/jonasvinol/Desktop/G1FinalProject/install/pcl_ros/share/pcl_ros/cmake/pcl_rosConfig.cmake
[21.153s] -- Symlinking: /home/jonasvinol/Desktop/G1FinalProject/install/pcl_ros/share/pcl_ros/cmake/pcl_rosConfig-version.cmake
[21.162s] -- Symlinking: /home/jonasvinol/Desktop/G1FinalProject/install/pcl_ros/share/pcl_ros/package.xml
[21.173s] -- Installing: /home/jonasvinol/Desktop/G1FinalProject/install/pcl_ros/lib/libpcl_ros_tf.so
[21.175s] -- Set runtime path of "/home/jonasvinol/Desktop/G1FinalProject/install/pcl_ros/lib/libpcl_ros_tf.so" to ""
[21.175s] -- Installing: /home/jonasvinol/Desktop/G1FinalProject/install/pcl_ros/share/pcl_ros/cmake/export_pcl_rosExport.cmake
[21.175s] -- Installing: /home/jonasvinol/Desktop/G1FinalProject/install/pcl_ros/share/pcl_ros/cmake/export_pcl_rosExport-noconfig.cmake
[21.181s] Invoked command in '/home/jonasvinol/Desktop/G1FinalProject/build/pcl_ros' returned '0': AMENT_PREFIX_PATH=/home/jonasvinol/Desktop/G1FinalProject/install/pcl_conversions:${AMENT_PREFIX_PATH} CMAKE_PREFIX_PATH=/home/jonasvinol/Desktop/G1FinalProject/install/pcl_conversions:/home/jonasvinol/Desktop/G1FinalProject/install/basic_robot:/opt/ros/foxy /usr/bin/cmake --install /home/jonasvinol/Desktop/G1FinalProject/build/pcl_ros
