[0.035s] Invoking command in '/home/jonasvinol/Desktop/G1FinalProject/build/basic_robot': CMAKE_PREFIX_PATH=${CMAKE_PREFIX_PATH}:/opt/ros/foxy /usr/bin/cmake --build /home/jonasvinol/Desktop/G1FinalProject/build/basic_robot -- -j6 -l6
[0.178s] -- Found ament_cmake: 0.9.11 (/opt/ros/foxy/share/ament_cmake/cmake)
[0.263s] -- Using PYTHON_EXECUTABLE: /usr/bin/python3
[0.520s] -- Override CMake install command with custom implementation using symlinks instead of copying resources
[0.590s] -- Found ament_lint_auto: 0.9.7 (/opt/ros/foxy/share/ament_lint_auto/cmake)
[0.770s] -- Added test 'copyright' to check source files copyright and LICENSE
[0.772s] -- Added test 'flake8' to check Python code syntax and style conventions
[0.773s] -- Added test 'lint_cmake' to check CMake code style
[0.774s] -- Added test 'pep257' to check Python code against some of the style conventions in PEP 257
[0.775s] -- Added test 'xmllint' to check XML markup files
[0.787s] -- Configuring done
[0.817s] -- Generating done
[0.819s] -- Build files have been written to: /home/jonasvinol/Desktop/G1FinalProject/build/basic_robot
[0.840s] Invoked command in '/home/jonasvinol/Desktop/G1FinalProject/build/basic_robot' returned '0': CMAKE_PREFIX_PATH=${CMAKE_PREFIX_PATH}:/opt/ros/foxy /usr/bin/cmake --build /home/jonasvinol/Desktop/G1FinalProject/build/basic_robot -- -j6 -l6
[0.863s] Invoking command in '/home/jonasvinol/Desktop/G1FinalProject/build/basic_robot': CMAKE_PREFIX_PATH=${CMAKE_PREFIX_PATH}:/opt/ros/foxy /usr/bin/cmake --install /home/jonasvinol/Desktop/G1FinalProject/build/basic_robot
[0.871s] -- Install configuration: ""
[0.871s] -- Execute custom install script
[0.872s] -- Up-to-date symlink: /home/jonasvinol/Desktop/G1FinalProject/install/basic_robot/share/basic_robot/Models/Materials.xacro
[0.872s] -- Up-to-date symlink: /home/jonasvinol/Desktop/G1FinalProject/install/basic_robot/share/basic_robot/Models/basic_robot.urdf.xacro
[0.872s] -- Up-to-date symlink: /home/jonasvinol/Desktop/G1FinalProject/install/basic_robot/share/basic_robot/Models/basic_robot_core.xacro
[0.873s] -- Up-to-date symlink: /home/jonasvinol/Desktop/G1FinalProject/install/basic_robot/share/basic_robot/Models/depth_camera.xacro
[0.873s] -- Up-to-date symlink: /home/jonasvinol/Desktop/G1FinalProject/install/basic_robot/share/basic_robot/Models/gazebo_control.xacro
[0.873s] -- Up-to-date symlink: /home/jonasvinol/Desktop/G1FinalProject/install/basic_robot/share/basic_robot/Models/inertial_macros.xacro
[0.874s] -- Up-to-date symlink: /home/jonasvinol/Desktop/G1FinalProject/install/basic_robot/share/basic_robot/launch/launch_sim.py
[0.874s] -- Up-to-date symlink: /home/jonasvinol/Desktop/G1FinalProject/install/basic_robot/share/basic_robot/launch/rsp.launch.py
[0.874s] -- Up-to-date symlink: /home/jonasvinol/Desktop/G1FinalProject/install/basic_robot/share/basic_robot/World/empty.world
[0.874s] CMake Error at ament_cmake_symlink_install/ament_cmake_symlink_install.cmake:100 (message):
[0.875s]   ament_cmake_symlink_install_directory() can't find
[0.875s]   '/home/jonasvinol/Desktop/G1FinalProject/src/basic_robot/config'
[0.875s] Call Stack (most recent call first):
[0.875s]   ament_cmake_symlink_install/ament_cmake_symlink_install.cmake:314 (ament_cmake_symlink_install_directory)
[0.875s]   cmake_install.cmake:41 (include)
[0.875s] 
[0.875s] 
[0.876s] Invoked command in '/home/jonasvinol/Desktop/G1FinalProject/build/basic_robot' returned '1': CMAKE_PREFIX_PATH=${CMAKE_PREFIX_PATH}:/opt/ros/foxy /usr/bin/cmake --install /home/jonasvinol/Desktop/G1FinalProject/build/basic_robot
