[0.136s] Invoking command in '/home/jonasvinol/Desktop/G1FinalProject/build/turtlebot3_fake_node': CMAKE_PREFIX_PATH=/opt/ros/foxy /usr/bin/cmake /home/jonasvinol/Desktop/G1FinalProject/src/turtlebot3_simulations/turtlebot3_fake_node -DAMENT_CMAKE_SYMLINK_INSTALL=1 -DCMAKE_INSTALL_PREFIX=/home/jonasvinol/Desktop/G1FinalProject/install/turtlebot3_fake_node
[0.989s] -- The C compiler identification is GNU 9.4.0
[1.518s] -- The CXX compiler identification is GNU 9.4.0
[1.608s] -- Check for working C compiler: /usr/bin/cc
[1.744s] -- Check for working C compiler: /usr/bin/cc -- works
[1.748s] -- Detecting C compiler ABI info
[1.869s] -- Detecting C compiler ABI info - done
[1.894s] -- Detecting C compile features
[1.895s] -- Detecting C compile features - done
[1.900s] -- Check for working CXX compiler: /usr/bin/c++
[2.018s] -- Check for working CXX compiler: /usr/bin/c++ -- works
[2.019s] -- Detecting CXX compiler ABI info
[2.138s] -- Detecting CXX compiler ABI info - done
[2.163s] -- Detecting CXX compile features
[2.163s] -- Detecting CXX compile features - done
[2.237s] -- Found ament_cmake: 0.9.11 (/opt/ros/foxy/share/ament_cmake/cmake)
[2.322s] -- Found PythonInterp: /usr/bin/python3 (found suitable version "3.8.10", minimum required is "3") 
[2.323s] -- Using PYTHON_EXECUTABLE: /usr/bin/python3
[2.681s] -- Override CMake install command with custom implementation using symlinks instead of copying resources
[2.783s] -- Found geometry_msgs: 2.0.5 (/opt/ros/foxy/share/geometry_msgs/cmake)
[3.089s] -- Using all available rosidl_typesupport_c: rosidl_typesupport_fastrtps_c;rosidl_typesupport_introspection_c
[3.166s] -- Found rosidl_adapter: 1.3.0 (/opt/ros/foxy/share/rosidl_adapter/cmake)
[3.483s] -- Found OpenSSL: /usr/lib/x86_64-linux-gnu/libcrypto.so (found version "1.1.1f")  
[3.549s] -- Found FastRTPS: /opt/ros/foxy/include  
[3.967s] -- Using all available rosidl_typesupport_cpp: rosidl_typesupport_fastrtps_cpp;rosidl_typesupport_introspection_cpp
[4.419s] -- Found nav_msgs: 2.0.5 (/opt/ros/foxy/share/nav_msgs/cmake)
[4.660s] -- Found rclcpp: 2.4.2 (/opt/ros/foxy/share/rclcpp/cmake)
[4.989s] -- Found rmw_implementation_cmake: 1.0.3 (/opt/ros/foxy/share/rmw_implementation_cmake/cmake)
[5.012s] -- Using RMW implementation 'rmw_fastrtps_cpp' as default
[5.013s] -- Looking for pthread.h
[5.124s] -- Looking for pthread.h - found
[5.124s] -- Performing Test CMAKE_HAVE_LIBC_PTHREAD
[5.229s] -- Performing Test CMAKE_HAVE_LIBC_PTHREAD - Failed
[5.229s] -- Looking for pthread_create in pthreads
[5.321s] -- Looking for pthread_create in pthreads - not found
[5.321s] -- Looking for pthread_create in pthread
[5.439s] -- Looking for pthread_create in pthread - found
[5.440s] -- Found Threads: TRUE  
[5.895s] -- Found sensor_msgs: 2.0.5 (/opt/ros/foxy/share/sensor_msgs/cmake)
[6.121s] -- Found tf2: 0.13.13 (/opt/ros/foxy/share/tf2/cmake)
[6.155s] -- Found tf2_msgs: 0.13.13 (/opt/ros/foxy/share/tf2_msgs/cmake)
[6.635s] -- Found turtlebot3_msgs: 2.2.1 (/opt/ros/foxy/share/turtlebot3_msgs/cmake)
[6.969s] -- Configuring done
[7.001s] -- Generating done
[7.004s] -- Build files have been written to: /home/jonasvinol/Desktop/G1FinalProject/build/turtlebot3_fake_node
[7.014s] Invoked command in '/home/jonasvinol/Desktop/G1FinalProject/build/turtlebot3_fake_node' returned '0': CMAKE_PREFIX_PATH=/opt/ros/foxy /usr/bin/cmake /home/jonasvinol/Desktop/G1FinalProject/src/turtlebot3_simulations/turtlebot3_fake_node -DAMENT_CMAKE_SYMLINK_INSTALL=1 -DCMAKE_INSTALL_PREFIX=/home/jonasvinol/Desktop/G1FinalProject/install/turtlebot3_fake_node
[7.017s] Invoking command in '/home/jonasvinol/Desktop/G1FinalProject/build/turtlebot3_fake_node': CMAKE_PREFIX_PATH=/opt/ros/foxy /usr/bin/cmake --build /home/jonasvinol/Desktop/G1FinalProject/build/turtlebot3_fake_node -- -j6 -l6
[7.065s] [35m[1mScanning dependencies of target turtlebot3_fake_node[0m
[7.501s] [ 50%] [32mBuilding CXX object CMakeFiles/turtlebot3_fake_node.dir/src/turtlebot3_fake_node.cpp.o[0m
[19.006s] [100%] [32m[1mLinking CXX executable turtlebot3_fake_node[0m
[20.423s] [100%] Built target turtlebot3_fake_node
[20.439s] Invoked command in '/home/jonasvinol/Desktop/G1FinalProject/build/turtlebot3_fake_node' returned '0': CMAKE_PREFIX_PATH=/opt/ros/foxy /usr/bin/cmake --build /home/jonasvinol/Desktop/G1FinalProject/build/turtlebot3_fake_node -- -j6 -l6
[20.519s] Invoking command in '/home/jonasvinol/Desktop/G1FinalProject/build/turtlebot3_fake_node': CMAKE_PREFIX_PATH=/opt/ros/foxy /usr/bin/cmake --install /home/jonasvinol/Desktop/G1FinalProject/build/turtlebot3_fake_node
[20.528s] -- Install configuration: ""
[20.529s] -- Execute custom install script
[20.529s] -- Symlinking: /home/jonasvinol/Desktop/G1FinalProject/install/turtlebot3_fake_node/lib/turtlebot3_fake_node/turtlebot3_fake_node
[20.542s] -- Symlinking: /home/jonasvinol/Desktop/G1FinalProject/install/turtlebot3_fake_node/share/turtlebot3_fake_node/launch/rviz2.launch.py
[20.559s] -- Symlinking: /home/jonasvinol/Desktop/G1FinalProject/install/turtlebot3_fake_node/share/turtlebot3_fake_node/launch/turtlebot3_fake_node.launch.py
[20.568s] -- Symlinking: /home/jonasvinol/Desktop/G1FinalProject/install/turtlebot3_fake_node/share/turtlebot3_fake_node/param/burger.yaml
[20.579s] -- Symlinking: /home/jonasvinol/Desktop/G1FinalProject/install/turtlebot3_fake_node/share/turtlebot3_fake_node/param/waffle.yaml
[20.589s] -- Symlinking: /home/jonasvinol/Desktop/G1FinalProject/install/turtlebot3_fake_node/share/turtlebot3_fake_node/param/waffle_pi.yaml
[20.600s] -- Symlinking: /home/jonasvinol/Desktop/G1FinalProject/install/turtlebot3_fake_node/share/turtlebot3_fake_node/rviz/model.rviz
[20.614s] -- Symlinking: /home/jonasvinol/Desktop/G1FinalProject/install/turtlebot3_fake_node/include//turtlebot3_fake_node/turtlebot3_fake_node.hpp
[20.624s] -- Symlinking: /home/jonasvinol/Desktop/G1FinalProject/install/turtlebot3_fake_node/share/ament_index/resource_index/package_run_dependencies/turtlebot3_fake_node
[20.634s] -- Symlinking: /home/jonasvinol/Desktop/G1FinalProject/install/turtlebot3_fake_node/share/ament_index/resource_index/parent_prefix_path/turtlebot3_fake_node
[20.644s] -- Symlinking: /home/jonasvinol/Desktop/G1FinalProject/install/turtlebot3_fake_node/share/turtlebot3_fake_node/environment/ament_prefix_path.sh
[20.655s] -- Symlinking: /home/jonasvinol/Desktop/G1FinalProject/install/turtlebot3_fake_node/share/turtlebot3_fake_node/environment/ament_prefix_path.dsv
[20.667s] -- Symlinking: /home/jonasvinol/Desktop/G1FinalProject/install/turtlebot3_fake_node/share/turtlebot3_fake_node/environment/path.sh
[20.680s] -- Symlinking: /home/jonasvinol/Desktop/G1FinalProject/install/turtlebot3_fake_node/share/turtlebot3_fake_node/environment/path.dsv
[20.689s] -- Symlinking: /home/jonasvinol/Desktop/G1FinalProject/install/turtlebot3_fake_node/share/turtlebot3_fake_node/local_setup.bash
[20.701s] -- Symlinking: /home/jonasvinol/Desktop/G1FinalProject/install/turtlebot3_fake_node/share/turtlebot3_fake_node/local_setup.sh
[20.712s] -- Symlinking: /home/jonasvinol/Desktop/G1FinalProject/install/turtlebot3_fake_node/share/turtlebot3_fake_node/local_setup.zsh
[20.725s] -- Symlinking: /home/jonasvinol/Desktop/G1FinalProject/install/turtlebot3_fake_node/share/turtlebot3_fake_node/local_setup.dsv
[20.736s] -- Symlinking: /home/jonasvinol/Desktop/G1FinalProject/install/turtlebot3_fake_node/share/turtlebot3_fake_node/package.dsv
[20.748s] -- Symlinking: /home/jonasvinol/Desktop/G1FinalProject/install/turtlebot3_fake_node/share/ament_index/resource_index/packages/turtlebot3_fake_node
[20.764s] -- Symlinking: /home/jonasvinol/Desktop/G1FinalProject/install/turtlebot3_fake_node/share/turtlebot3_fake_node/cmake/ament_cmake_export_include_directories-extras.cmake
[20.778s] -- Symlinking: /home/jonasvinol/Desktop/G1FinalProject/install/turtlebot3_fake_node/share/turtlebot3_fake_node/cmake/ament_cmake_export_dependencies-extras.cmake
[20.792s] -- Symlinking: /home/jonasvinol/Desktop/G1FinalProject/install/turtlebot3_fake_node/share/turtlebot3_fake_node/cmake/turtlebot3_fake_nodeConfig.cmake
[20.799s] -- Symlinking: /home/jonasvinol/Desktop/G1FinalProject/install/turtlebot3_fake_node/share/turtlebot3_fake_node/cmake/turtlebot3_fake_nodeConfig-version.cmake
[20.816s] -- Symlinking: /home/jonasvinol/Desktop/G1FinalProject/install/turtlebot3_fake_node/share/turtlebot3_fake_node/package.xml
[20.830s] Invoked command in '/home/jonasvinol/Desktop/G1FinalProject/build/turtlebot3_fake_node' returned '0': CMAKE_PREFIX_PATH=/opt/ros/foxy /usr/bin/cmake --install /home/jonasvinol/Desktop/G1FinalProject/build/turtlebot3_fake_node
