[0.027s] Invoking command in '/home/jonasvinol/Desktop/G1FinalProject/build/basic_robot': CMAKE_PREFIX_PATH=/opt/ros/foxy /usr/bin/cmake /home/jonasvinol/Desktop/G1FinalProject/src/basic_robot -DCMAKE_INSTALL_PREFIX=/home/jonasvinol/Desktop/G1FinalProject/install/basic_robot
[0.136s] -- The C compiler identification is GNU 9.4.0
[0.213s] -- The CXX compiler identification is GNU 9.4.0
[0.220s] -- Check for working C compiler: /usr/bin/cc
[0.305s] -- Check for working C compiler: /usr/bin/cc -- works
[0.306s] -- Detecting C compiler ABI info
[0.387s] -- Detecting C compiler ABI info - done
[0.410s] -- Detecting C compile features
[0.410s] -- Detecting C compile features - done
[0.414s] -- Check for working CXX compiler: /usr/bin/c++
[0.514s] -- Check for working CXX compiler: /usr/bin/c++ -- works
[0.515s] -- Detecting CXX compiler ABI info
[0.610s] -- Detecting CXX compiler ABI info - done
[0.633s] -- Detecting CXX compile features
[0.634s] -- Detecting CXX compile features - done
[0.637s] -- Found ament_cmake: 0.9.11 (/opt/ros/foxy/share/ament_cmake/cmake)
[0.665s] -- Found PythonInterp: /usr/bin/python3 (found suitable version "3.8.10", minimum required is "3") 
[0.665s] -- Using PYTHON_EXECUTABLE: /usr/bin/python3
[0.945s] -- Found ament_lint_auto: 0.9.7 (/opt/ros/foxy/share/ament_lint_auto/cmake)
[1.041s] -- Added test 'copyright' to check source files copyright and LICENSE
[1.043s] -- Added test 'lint_cmake' to check CMake code style
[1.044s] -- Added test 'xmllint' to check XML markup files
[1.047s] -- Configuring done
[1.049s] -- Generating done
[1.051s] -- Build files have been written to: /home/jonasvinol/Desktop/G1FinalProject/build/basic_robot
[1.055s] Invoked command in '/home/jonasvinol/Desktop/G1FinalProject/build/basic_robot' returned '0': CMAKE_PREFIX_PATH=/opt/ros/foxy /usr/bin/cmake /home/jonasvinol/Desktop/G1FinalProject/src/basic_robot -DCMAKE_INSTALL_PREFIX=/home/jonasvinol/Desktop/G1FinalProject/install/basic_robot
[1.058s] Invoking command in '/home/jonasvinol/Desktop/G1FinalProject/build/basic_robot': CMAKE_PREFIX_PATH=/opt/ros/foxy /usr/bin/cmake --build /home/jonasvinol/Desktop/G1FinalProject/build/basic_robot -- -j6 -l6
[1.100s] Invoked command in '/home/jonasvinol/Desktop/G1FinalProject/build/basic_robot' returned '0': CMAKE_PREFIX_PATH=/opt/ros/foxy /usr/bin/cmake --build /home/jonasvinol/Desktop/G1FinalProject/build/basic_robot -- -j6 -l6
[1.134s] Invoking command in '/home/jonasvinol/Desktop/G1FinalProject/build/basic_robot': CMAKE_PREFIX_PATH=/opt/ros/foxy /usr/bin/cmake --install /home/jonasvinol/Desktop/G1FinalProject/build/basic_robot
[1.143s] -- Install configuration: ""
[1.144s] -- Installing: /home/jonasvinol/Desktop/G1FinalProject/install/basic_robot/share/ament_index/resource_index/package_run_dependencies/basic_robot
[1.144s] -- Installing: /home/jonasvinol/Desktop/G1FinalProject/install/basic_robot/share/ament_index/resource_index/parent_prefix_path/basic_robot
[1.144s] -- Installing: /home/jonasvinol/Desktop/G1FinalProject/install/basic_robot/share/basic_robot/environment/ament_prefix_path.sh
[1.144s] -- Installing: /home/jonasvinol/Desktop/G1FinalProject/install/basic_robot/share/basic_robot/environment/ament_prefix_path.dsv
[1.145s] -- Installing: /home/jonasvinol/Desktop/G1FinalProject/install/basic_robot/share/basic_robot/environment/path.sh
[1.145s] -- Installing: /home/jonasvinol/Desktop/G1FinalProject/install/basic_robot/share/basic_robot/environment/path.dsv
[1.145s] -- Installing: /home/jonasvinol/Desktop/G1FinalProject/install/basic_robot/share/basic_robot/local_setup.bash
[1.145s] -- Installing: /home/jonasvinol/Desktop/G1FinalProject/install/basic_robot/share/basic_robot/local_setup.sh
[1.145s] -- Installing: /home/jonasvinol/Desktop/G1FinalProject/install/basic_robot/share/basic_robot/local_setup.zsh
[1.145s] -- Installing: /home/jonasvinol/Desktop/G1FinalProject/install/basic_robot/share/basic_robot/local_setup.dsv
[1.145s] -- Installing: /home/jonasvinol/Desktop/G1FinalProject/install/basic_robot/share/basic_robot/package.dsv
[1.146s] -- Installing: /home/jonasvinol/Desktop/G1FinalProject/install/basic_robot/share/ament_index/resource_index/packages/basic_robot
[1.146s] -- Installing: /home/jonasvinol/Desktop/G1FinalProject/install/basic_robot/share/basic_robot/cmake/basic_robotConfig.cmake
[1.146s] -- Installing: /home/jonasvinol/Desktop/G1FinalProject/install/basic_robot/share/basic_robot/cmake/basic_robotConfig-version.cmake
[1.146s] -- Installing: /home/jonasvinol/Desktop/G1FinalProject/install/basic_robot/share/basic_robot/package.xml
[1.148s] Invoked command in '/home/jonasvinol/Desktop/G1FinalProject/build/basic_robot' returned '0': CMAKE_PREFIX_PATH=/opt/ros/foxy /usr/bin/cmake --install /home/jonasvinol/Desktop/G1FinalProject/build/basic_robot
