[0.053s] Invoking command in '/home/jonasvinol/Desktop/G1FinalProject/build/pcl_conversions': CMAKE_PREFIX_PATH=/opt/ros/foxy /usr/bin/cmake --build /home/jonasvinol/Desktop/G1FinalProject/build/pcl_conversions -- -j6 -l6
[0.106s] [ 33%] Built target gtest_main
[0.107s] [ 66%] Built target gtest
[0.159s] [100%] Built target pcl_conversions-test
[0.170s] Invoked command in '/home/jonasvinol/Desktop/G1FinalProject/build/pcl_conversions' returned '0': CMAKE_PREFIX_PATH=/opt/ros/foxy /usr/bin/cmake --build /home/jonasvinol/Desktop/G1FinalProject/build/pcl_conversions -- -j6 -l6
[0.211s] Invoking command in '/home/jonasvinol/Desktop/G1FinalProject/build/pcl_conversions': CMAKE_PREFIX_PATH=/opt/ros/foxy /usr/bin/cmake --install /home/jonasvinol/Desktop/G1FinalProject/build/pcl_conversions
[0.219s] -- Install configuration: ""
[0.220s] -- Execute custom install script
[0.221s] -- Up-to-date symlink: /home/jonasvinol/Desktop/G1FinalProject/install/pcl_conversions/include/pcl_conversions//pcl_conversions.h
[0.221s] -- Up-to-date symlink: /home/jonasvinol/Desktop/G1FinalProject/install/pcl_conversions/share/ament_index/resource_index/package_run_dependencies/pcl_conversions
[0.221s] -- Up-to-date symlink: /home/jonasvinol/Desktop/G1FinalProject/install/pcl_conversions/share/ament_index/resource_index/parent_prefix_path/pcl_conversions
[0.222s] -- Up-to-date symlink: /home/jonasvinol/Desktop/G1FinalProject/install/pcl_conversions/share/pcl_conversions/environment/ament_prefix_path.sh
[0.222s] -- Up-to-date symlink: /home/jonasvinol/Desktop/G1FinalProject/install/pcl_conversions/share/pcl_conversions/environment/ament_prefix_path.dsv
[0.222s] -- Up-to-date symlink: /home/jonasvinol/Desktop/G1FinalProject/install/pcl_conversions/share/pcl_conversions/environment/path.sh
[0.223s] -- Up-to-date symlink: /home/jonasvinol/Desktop/G1FinalProject/install/pcl_conversions/share/pcl_conversions/environment/path.dsv
[0.223s] -- Up-to-date symlink: /home/jonasvinol/Desktop/G1FinalProject/install/pcl_conversions/share/pcl_conversions/local_setup.bash
[0.224s] -- Up-to-date symlink: /home/jonasvinol/Desktop/G1FinalProject/install/pcl_conversions/share/pcl_conversions/local_setup.sh
[0.224s] -- Up-to-date symlink: /home/jonasvinol/Desktop/G1FinalProject/install/pcl_conversions/share/pcl_conversions/local_setup.zsh
[0.224s] -- Up-to-date symlink: /home/jonasvinol/Desktop/G1FinalProject/install/pcl_conversions/share/pcl_conversions/local_setup.dsv
[0.225s] -- Symlinking: /home/jonasvinol/Desktop/G1FinalProject/install/pcl_conversions/share/pcl_conversions/package.dsv
[0.239s] -- Up-to-date symlink: /home/jonasvinol/Desktop/G1FinalProject/install/pcl_conversions/share/ament_index/resource_index/packages/pcl_conversions
[0.239s] -- Up-to-date symlink: /home/jonasvinol/Desktop/G1FinalProject/install/pcl_conversions/share/pcl_conversions/cmake/ament_cmake_export_include_directories-extras.cmake
[0.239s] -- Up-to-date symlink: /home/jonasvinol/Desktop/G1FinalProject/install/pcl_conversions/share/pcl_conversions/cmake/ament_cmake_export_dependencies-extras.cmake
[0.239s] -- Up-to-date symlink: /home/jonasvinol/Desktop/G1FinalProject/install/pcl_conversions/share/pcl_conversions/cmake/pcl_conversionsConfig.cmake
[0.239s] -- Up-to-date symlink: /home/jonasvinol/Desktop/G1FinalProject/install/pcl_conversions/share/pcl_conversions/cmake/pcl_conversionsConfig-version.cmake
[0.239s] -- Up-to-date symlink: /home/jonasvinol/Desktop/G1FinalProject/install/pcl_conversions/share/pcl_conversions/package.xml
[0.252s] Invoked command in '/home/jonasvinol/Desktop/G1FinalProject/build/pcl_conversions' returned '0': CMAKE_PREFIX_PATH=/opt/ros/foxy /usr/bin/cmake --install /home/jonasvinol/Desktop/G1FinalProject/build/pcl_conversions
