[0.013s] Invoking command in '/home/jonasvinol/Desktop/G1FinalProject/build/turtlebot3_simulations': AMENT_PREFIX_PATH=/home/jonasvinol/Desktop/G1FinalProject/install/turtlebot3_gazebo:/home/jonasvinol/Desktop/G1FinalProject/install/turtlebot3_fake_node:${AMENT_PREFIX_PATH} CMAKE_PREFIX_PATH=/home/jonasvinol/Desktop/G1FinalProject/install/turtlebot3_gazebo:/home/jonasvinol/Desktop/G1FinalProject/install/turtlebot3_fake_node:/opt/ros/foxy /usr/bin/cmake /home/jonasvinol/Desktop/G1FinalProject/src/turtlebot3_simulations/turtlebot3_simulations -DAMENT_CMAKE_SYMLINK_INSTALL=1 -DCMAKE_INSTALL_PREFIX=/home/jonasvinol/Desktop/G1FinalProject/install/turtlebot3_simulations
[0.108s] -- The C compiler identification is GNU 9.4.0
[0.187s] -- The CXX compiler identification is GNU 9.4.0
[0.193s] -- Check for working C compiler: /usr/bin/cc
[0.277s] -- Check for working C compiler: /usr/bin/cc -- works
[0.278s] -- Detecting C compiler ABI info
[0.363s] -- Detecting C compiler ABI info - done
[0.385s] -- Detecting C compile features
[0.386s] -- Detecting C compile features - done
[0.390s] -- Check for working CXX compiler: /usr/bin/c++
[0.483s] -- Check for working CXX compiler: /usr/bin/c++ -- works
[0.485s] -- Detecting CXX compiler ABI info
[0.579s] -- Detecting CXX compiler ABI info - done
[0.603s] -- Detecting CXX compile features
[0.604s] -- Detecting CXX compile features - done
[0.607s] -- Found ament_cmake: 0.9.11 (/opt/ros/foxy/share/ament_cmake/cmake)
[0.636s] -- Found PythonInterp: /usr/bin/python3 (found suitable version "3.8.10", minimum required is "3") 
[0.636s] -- Using PYTHON_EXECUTABLE: /usr/bin/python3
[0.874s] -- Override CMake install command with custom implementation using symlinks instead of copying resources
[0.995s] -- Configuring done
[0.997s] -- Generating done
[0.999s] -- Build files have been written to: /home/jonasvinol/Desktop/G1FinalProject/build/turtlebot3_simulations
[1.004s] Invoked command in '/home/jonasvinol/Desktop/G1FinalProject/build/turtlebot3_simulations' returned '0': AMENT_PREFIX_PATH=/home/jonasvinol/Desktop/G1FinalProject/install/turtlebot3_gazebo:/home/jonasvinol/Desktop/G1FinalProject/install/turtlebot3_fake_node:${AMENT_PREFIX_PATH} CMAKE_PREFIX_PATH=/home/jonasvinol/Desktop/G1FinalProject/install/turtlebot3_gazebo:/home/jonasvinol/Desktop/G1FinalProject/install/turtlebot3_fake_node:/opt/ros/foxy /usr/bin/cmake /home/jonasvinol/Desktop/G1FinalProject/src/turtlebot3_simulations/turtlebot3_simulations -DAMENT_CMAKE_SYMLINK_INSTALL=1 -DCMAKE_INSTALL_PREFIX=/home/jonasvinol/Desktop/G1FinalProject/install/turtlebot3_simulations
[1.007s] Invoking command in '/home/jonasvinol/Desktop/G1FinalProject/build/turtlebot3_simulations': AMENT_PREFIX_PATH=/home/jonasvinol/Desktop/G1FinalProject/install/turtlebot3_gazebo:/home/jonasvinol/Desktop/G1FinalProject/install/turtlebot3_fake_node:${AMENT_PREFIX_PATH} CMAKE_PREFIX_PATH=/home/jonasvinol/Desktop/G1FinalProject/install/turtlebot3_gazebo:/home/jonasvinol/Desktop/G1FinalProject/install/turtlebot3_fake_node:/opt/ros/foxy /usr/bin/cmake --build /home/jonasvinol/Desktop/G1FinalProject/build/turtlebot3_simulations -- -j6 -l6
[1.054s] Invoked command in '/home/jonasvinol/Desktop/G1FinalProject/build/turtlebot3_simulations' returned '0': AMENT_PREFIX_PATH=/home/jonasvinol/Desktop/G1FinalProject/install/turtlebot3_gazebo:/home/jonasvinol/Desktop/G1FinalProject/install/turtlebot3_fake_node:${AMENT_PREFIX_PATH} CMAKE_PREFIX_PATH=/home/jonasvinol/Desktop/G1FinalProject/install/turtlebot3_gazebo:/home/jonasvinol/Desktop/G1FinalProject/install/turtlebot3_fake_node:/opt/ros/foxy /usr/bin/cmake --build /home/jonasvinol/Desktop/G1FinalProject/build/turtlebot3_simulations -- -j6 -l6
[1.080s] Invoking command in '/home/jonasvinol/Desktop/G1FinalProject/build/turtlebot3_simulations': AMENT_PREFIX_PATH=/home/jonasvinol/Desktop/G1FinalProject/install/turtlebot3_gazebo:/home/jonasvinol/Desktop/G1FinalProject/install/turtlebot3_fake_node:${AMENT_PREFIX_PATH} CMAKE_PREFIX_PATH=/home/jonasvinol/Desktop/G1FinalProject/install/turtlebot3_gazebo:/home/jonasvinol/Desktop/G1FinalProject/install/turtlebot3_fake_node:/opt/ros/foxy /usr/bin/cmake --install /home/jonasvinol/Desktop/G1FinalProject/build/turtlebot3_simulations
[1.091s] -- Install configuration: ""
[1.092s] -- Execute custom install script
[1.093s] -- Symlinking: /home/jonasvinol/Desktop/G1FinalProject/install/turtlebot3_simulations/share/ament_index/resource_index/package_run_dependencies/turtlebot3_simulations
[1.104s] -- Symlinking: /home/jonasvinol/Desktop/G1FinalProject/install/turtlebot3_simulations/share/ament_index/resource_index/parent_prefix_path/turtlebot3_simulations
[1.115s] -- Symlinking: /home/jonasvinol/Desktop/G1FinalProject/install/turtlebot3_simulations/share/turtlebot3_simulations/environment/ament_prefix_path.sh
[1.130s] -- Symlinking: /home/jonasvinol/Desktop/G1FinalProject/install/turtlebot3_simulations/share/turtlebot3_simulations/environment/ament_prefix_path.dsv
[1.144s] -- Symlinking: /home/jonasvinol/Desktop/G1FinalProject/install/turtlebot3_simulations/share/turtlebot3_simulations/environment/path.sh
[1.157s] -- Symlinking: /home/jonasvinol/Desktop/G1FinalProject/install/turtlebot3_simulations/share/turtlebot3_simulations/environment/path.dsv
[1.170s] -- Symlinking: /home/jonasvinol/Desktop/G1FinalProject/install/turtlebot3_simulations/share/turtlebot3_simulations/local_setup.bash
[1.180s] -- Symlinking: /home/jonasvinol/Desktop/G1FinalProject/install/turtlebot3_simulations/share/turtlebot3_simulations/local_setup.sh
[1.189s] -- Symlinking: /home/jonasvinol/Desktop/G1FinalProject/install/turtlebot3_simulations/share/turtlebot3_simulations/local_setup.zsh
[1.199s] -- Symlinking: /home/jonasvinol/Desktop/G1FinalProject/install/turtlebot3_simulations/share/turtlebot3_simulations/local_setup.dsv
[1.210s] -- Symlinking: /home/jonasvinol/Desktop/G1FinalProject/install/turtlebot3_simulations/share/turtlebot3_simulations/package.dsv
[1.220s] -- Symlinking: /home/jonasvinol/Desktop/G1FinalProject/install/turtlebot3_simulations/share/ament_index/resource_index/packages/turtlebot3_simulations
[1.229s] -- Symlinking: /home/jonasvinol/Desktop/G1FinalProject/install/turtlebot3_simulations/share/turtlebot3_simulations/cmake/turtlebot3_simulationsConfig.cmake
[1.239s] -- Symlinking: /home/jonasvinol/Desktop/G1FinalProject/install/turtlebot3_simulations/share/turtlebot3_simulations/cmake/turtlebot3_simulationsConfig-version.cmake
[1.248s] -- Symlinking: /home/jonasvinol/Desktop/G1FinalProject/install/turtlebot3_simulations/share/turtlebot3_simulations/package.xml
[1.260s] Invoked command in '/home/jonasvinol/Desktop/G1FinalProject/build/turtlebot3_simulations' returned '0': AMENT_PREFIX_PATH=/home/jonasvinol/Desktop/G1FinalProject/install/turtlebot3_gazebo:/home/jonasvinol/Desktop/G1FinalProject/install/turtlebot3_fake_node:${AMENT_PREFIX_PATH} CMAKE_PREFIX_PATH=/home/jonasvinol/Desktop/G1FinalProject/install/turtlebot3_gazebo:/home/jonasvinol/Desktop/G1FinalProject/install/turtlebot3_fake_node:/opt/ros/foxy /usr/bin/cmake --install /home/jonasvinol/Desktop/G1FinalProject/build/turtlebot3_simulations
