[0.019s] Invoking command in '/home/jonasvinol/Desktop/G1FinalProject/build/basic_robot': CMAKE_PREFIX_PATH=/opt/ros/foxy /usr/bin/cmake /home/jonasvinol/Desktop/G1FinalProject/src/basic_robot -DAMENT_CMAKE_SYMLINK_INSTALL=1 -DCMAKE_INSTALL_PREFIX=/home/jonasvinol/Desktop/G1FinalProject/install/basic_robot
[0.089s] -- The C compiler identification is GNU 9.4.0
[0.165s] -- The CXX compiler identification is GNU 9.4.0
[0.172s] -- Check for working C compiler: /usr/bin/cc
[0.261s] -- Check for working C compiler: /usr/bin/cc -- works
[0.263s] -- Detecting C compiler ABI info
[0.344s] -- Detecting C compiler ABI info - done
[0.367s] -- Detecting C compile features
[0.368s] -- Detecting C compile features - done
[0.372s] -- Check for working CXX compiler: /usr/bin/c++
[0.474s] -- Check for working CXX compiler: /usr/bin/c++ -- works
[0.475s] -- Detecting CXX compiler ABI info
[0.572s] -- Detecting CXX compiler ABI info - done
[0.596s] -- Detecting CXX compile features
[0.596s] -- Detecting CXX compile features - done
[0.599s] -- Found ament_cmake: 0.9.11 (/opt/ros/foxy/share/ament_cmake/cmake)
[0.630s] -- Found PythonInterp: /usr/bin/python3 (found suitable version "3.8.10", minimum required is "3") 
[0.630s] -- Using PYTHON_EXECUTABLE: /usr/bin/python3
[0.889s] -- Override CMake install command with custom implementation using symlinks instead of copying resources
[0.917s] -- Found ament_lint_auto: 0.9.7 (/opt/ros/foxy/share/ament_lint_auto/cmake)
[1.019s] -- Added test 'copyright' to check source files copyright and LICENSE
[1.022s] -- Added test 'flake8' to check Python code syntax and style conventions
[1.023s] -- Added test 'lint_cmake' to check CMake code style
[1.024s] -- Added test 'pep257' to check Python code against some of the style conventions in PEP 257
[1.026s] -- Added test 'xmllint' to check XML markup files
[1.029s] -- Configuring done
[1.032s] -- Generating done
[1.034s] -- Build files have been written to: /home/jonasvinol/Desktop/G1FinalProject/build/basic_robot
[1.041s] Invoked command in '/home/jonasvinol/Desktop/G1FinalProject/build/basic_robot' returned '0': CMAKE_PREFIX_PATH=/opt/ros/foxy /usr/bin/cmake /home/jonasvinol/Desktop/G1FinalProject/src/basic_robot -DAMENT_CMAKE_SYMLINK_INSTALL=1 -DCMAKE_INSTALL_PREFIX=/home/jonasvinol/Desktop/G1FinalProject/install/basic_robot
[1.042s] Invoking command in '/home/jonasvinol/Desktop/G1FinalProject/build/basic_robot': CMAKE_PREFIX_PATH=/opt/ros/foxy /usr/bin/cmake --build /home/jonasvinol/Desktop/G1FinalProject/build/basic_robot -- -j6 -l6
[1.082s] Invoked command in '/home/jonasvinol/Desktop/G1FinalProject/build/basic_robot' returned '0': CMAKE_PREFIX_PATH=/opt/ros/foxy /usr/bin/cmake --build /home/jonasvinol/Desktop/G1FinalProject/build/basic_robot -- -j6 -l6
[1.116s] Invoking command in '/home/jonasvinol/Desktop/G1FinalProject/build/basic_robot': CMAKE_PREFIX_PATH=/opt/ros/foxy /usr/bin/cmake --install /home/jonasvinol/Desktop/G1FinalProject/build/basic_robot
[1.124s] -- Install configuration: ""
[1.125s] -- Execute custom install script
[1.126s] -- Symlinking: /home/jonasvinol/Desktop/G1FinalProject/install/basic_robot/share/basic_robot/Models/Materials.xacro
[1.135s] -- Symlinking: /home/jonasvinol/Desktop/G1FinalProject/install/basic_robot/share/basic_robot/Models/basic_robot.urdf.xacro
[1.145s] -- Symlinking: /home/jonasvinol/Desktop/G1FinalProject/install/basic_robot/share/basic_robot/Models/basic_robot_core.xacro
[1.154s] -- Symlinking: /home/jonasvinol/Desktop/G1FinalProject/install/basic_robot/share/basic_robot/Models/depth_camera.xacro
[1.163s] -- Symlinking: /home/jonasvinol/Desktop/G1FinalProject/install/basic_robot/share/basic_robot/Models/gazebo_control.xacro
[1.172s] -- Symlinking: /home/jonasvinol/Desktop/G1FinalProject/install/basic_robot/share/basic_robot/Models/inertial_macros.xacro
[1.181s] -- Symlinking: /home/jonasvinol/Desktop/G1FinalProject/install/basic_robot/share/basic_robot/Models/lidar.xacro
[1.191s] -- Symlinking: /home/jonasvinol/Desktop/G1FinalProject/install/basic_robot/share/basic_robot/launch/launch_sim.py
[1.201s] -- Symlinking: /home/jonasvinol/Desktop/G1FinalProject/install/basic_robot/share/basic_robot/launch/rsp.launch.py
[1.211s] -- Symlinking: /home/jonasvinol/Desktop/G1FinalProject/install/basic_robot/share/basic_robot/World/Building/model.config
[1.221s] -- Symlinking: /home/jonasvinol/Desktop/G1FinalProject/install/basic_robot/share/basic_robot/World/Building/model.sdf
[1.231s] -- Symlinking: /home/jonasvinol/Desktop/G1FinalProject/install/basic_robot/share/basic_robot/World/barrels.world
[1.241s] -- Symlinking: /home/jonasvinol/Desktop/G1FinalProject/install/basic_robot/share/basic_robot/World/empty.world
[1.250s] -- Symlinking: /home/jonasvinol/Desktop/G1FinalProject/install/basic_robot/share/basic_robot/World/house.world
[1.261s] -- Symlinking: /home/jonasvinol/Desktop/G1FinalProject/install/basic_robot/share/basic_robot/World/my_world.world
[1.271s] -- Symlinking: /home/jonasvinol/Desktop/G1FinalProject/install/basic_robot/share/basic_robot/World/my_world2.world
[1.281s] -- Symlinking: /home/jonasvinol/Desktop/G1FinalProject/install/basic_robot/share/basic_robot/World/obstacles.world
[1.291s] -- Symlinking: /home/jonasvinol/Desktop/G1FinalProject/install/basic_robot/share/basic_robot/World/powerplant.world
[1.301s] -- Symlinking: /home/jonasvinol/Desktop/G1FinalProject/install/basic_robot/share/basic_robot/World/simple_env_1.world
[1.311s] -- Symlinking: /home/jonasvinol/Desktop/G1FinalProject/install/basic_robot/share/basic_robot/World/simple_env_2.world
[1.321s] -- Symlinking: /home/jonasvinol/Desktop/G1FinalProject/install/basic_robot/share/basic_robot/World/small_city.world
[1.331s] -- Symlinking: /home/jonasvinol/Desktop/G1FinalProject/install/basic_robot/share/basic_robot/config/view_basic_robot.rviz
[1.340s] -- Symlinking: /home/jonasvinol/Desktop/G1FinalProject/install/basic_robot/share/basic_robot/config/view_final_robot.rviz
[1.350s] -- Symlinking: /home/jonasvinol/Desktop/G1FinalProject/install/basic_robot/share/ament_index/resource_index/package_run_dependencies/basic_robot
[1.360s] -- Symlinking: /home/jonasvinol/Desktop/G1FinalProject/install/basic_robot/share/ament_index/resource_index/parent_prefix_path/basic_robot
[1.371s] -- Symlinking: /home/jonasvinol/Desktop/G1FinalProject/install/basic_robot/share/basic_robot/environment/ament_prefix_path.sh
[1.381s] -- Symlinking: /home/jonasvinol/Desktop/G1FinalProject/install/basic_robot/share/basic_robot/environment/ament_prefix_path.dsv
[1.391s] -- Symlinking: /home/jonasvinol/Desktop/G1FinalProject/install/basic_robot/share/basic_robot/environment/path.sh
[1.402s] -- Symlinking: /home/jonasvinol/Desktop/G1FinalProject/install/basic_robot/share/basic_robot/environment/path.dsv
[1.412s] -- Symlinking: /home/jonasvinol/Desktop/G1FinalProject/install/basic_robot/share/basic_robot/local_setup.bash
[1.422s] -- Symlinking: /home/jonasvinol/Desktop/G1FinalProject/install/basic_robot/share/basic_robot/local_setup.sh
[1.433s] -- Symlinking: /home/jonasvinol/Desktop/G1FinalProject/install/basic_robot/share/basic_robot/local_setup.zsh
[1.444s] -- Symlinking: /home/jonasvinol/Desktop/G1FinalProject/install/basic_robot/share/basic_robot/local_setup.dsv
[1.454s] -- Symlinking: /home/jonasvinol/Desktop/G1FinalProject/install/basic_robot/share/basic_robot/package.dsv
[1.464s] -- Symlinking: /home/jonasvinol/Desktop/G1FinalProject/install/basic_robot/share/ament_index/resource_index/packages/basic_robot
[1.474s] -- Symlinking: /home/jonasvinol/Desktop/G1FinalProject/install/basic_robot/share/basic_robot/cmake/basic_robotConfig.cmake
[1.484s] -- Symlinking: /home/jonasvinol/Desktop/G1FinalProject/install/basic_robot/share/basic_robot/cmake/basic_robotConfig-version.cmake
[1.494s] -- Symlinking: /home/jonasvinol/Desktop/G1FinalProject/install/basic_robot/share/basic_robot/package.xml
[1.506s] Invoked command in '/home/jonasvinol/Desktop/G1FinalProject/build/basic_robot' returned '0': CMAKE_PREFIX_PATH=/opt/ros/foxy /usr/bin/cmake --install /home/jonasvinol/Desktop/G1FinalProject/build/basic_robot
