[0.215s] DEBUG:colcon:Command line arguments: ['/usr/bin/colcon', 'list', '-p', '--base-paths', '/home/jonasvinol/Desktop/G1FinalProject']
[0.215s] DEBUG:colcon:Parsed command line arguments: Namespace(allow_overriding=[], base_paths=['/home/jonasvinol/Desktop/G1FinalProject'], build_base='build', ignore_user_meta=False, log_base=None, log_level=None, main=<bound method ListVerb.main of <colcon_package_information.verb.list.ListVerb object at 0x7f819c4d0580>>, metas=['./colcon.meta'], names_only=False, packages_above=None, packages_above_and_dependencies=None, packages_above_depth=None, packages_end=None, packages_ignore=None, packages_ignore_regex=None, packages_select=None, packages_select_build_failed=False, packages_select_by_dep=None, packages_select_regex=None, packages_select_test_failures=False, packages_skip=None, packages_skip_build_finished=False, packages_skip_by_dep=None, packages_skip_regex=None, packages_skip_test_passed=False, packages_skip_up_to=None, packages_start=None, packages_up_to=None, packages_up_to_regex=None, paths=None, paths_only=True, topological_graph=False, topological_graph_density=False, topological_graph_dot=False, topological_graph_dot_cluster=False, topological_graph_dot_include_skipped=False, topological_graph_legend=False, topological_order=False, verb_extension=<colcon_package_information.verb.list.ListVerb object at 0x7f819c4d0580>, verb_name='list', verb_parser=<colcon_defaults.argument_parser.defaults.DefaultArgumentsDecorator object at 0x7f819c3fbd60>)
[0.255s] Level 1:colcon.colcon_core.package_discovery:discover_packages(colcon_meta) check parameters
[0.255s] Level 1:colcon.colcon_core.package_discovery:discover_packages(recursive) check parameters
[0.255s] Level 1:colcon.colcon_core.package_discovery:discover_packages(ignore) check parameters
[0.255s] Level 1:colcon.colcon_core.package_discovery:discover_packages(path) check parameters
[0.255s] Level 1:colcon.colcon_core.package_discovery:discover_packages(recursive) discover
[0.255s] INFO:colcon.colcon_core.package_discovery:Crawling recursively for packages in '/home/jonasvinol/Desktop/G1FinalProject'
[0.256s] Level 1:colcon.colcon_core.package_identification:_identify(/home/jonasvinol/Desktop/G1FinalProject) by extensions ['ignore', 'ignore_ament_install']
[0.256s] Level 1:colcon.colcon_core.package_identification:_identify(/home/jonasvinol/Desktop/G1FinalProject) by extension 'ignore'
[0.256s] Level 1:colcon.colcon_core.package_identification:_identify(/home/jonasvinol/Desktop/G1FinalProject) by extension 'ignore_ament_install'
[0.256s] Level 1:colcon.colcon_core.package_identification:_identify(/home/jonasvinol/Desktop/G1FinalProject) by extensions ['colcon_pkg']
[0.256s] Level 1:colcon.colcon_core.package_identification:_identify(/home/jonasvinol/Desktop/G1FinalProject) by extension 'colcon_pkg'
[0.256s] Level 1:colcon.colcon_core.package_identification:_identify(/home/jonasvinol/Desktop/G1FinalProject) by extensions ['colcon_meta']
[0.256s] Level 1:colcon.colcon_core.package_identification:_identify(/home/jonasvinol/Desktop/G1FinalProject) by extension 'colcon_meta'
[0.256s] Level 1:colcon.colcon_core.package_identification:_identify(/home/jonasvinol/Desktop/G1FinalProject) by extensions ['ros']
[0.256s] Level 1:colcon.colcon_core.package_identification:_identify(/home/jonasvinol/Desktop/G1FinalProject) by extension 'ros'
[0.273s] Level 1:colcon.colcon_core.package_identification:_identify(/home/jonasvinol/Desktop/G1FinalProject) by extensions ['cmake', 'python']
[0.273s] Level 1:colcon.colcon_core.package_identification:_identify(/home/jonasvinol/Desktop/G1FinalProject) by extension 'cmake'
[0.274s] Level 1:colcon.colcon_core.package_identification:_identify(/home/jonasvinol/Desktop/G1FinalProject) by extension 'python'
[0.274s] Level 1:colcon.colcon_core.package_identification:_identify(/home/jonasvinol/Desktop/G1FinalProject) by extensions ['python_setup_py']
[0.274s] Level 1:colcon.colcon_core.package_identification:_identify(/home/jonasvinol/Desktop/G1FinalProject) by extension 'python_setup_py'
[0.274s] Level 1:colcon.colcon_core.package_identification:_identify(/home/jonasvinol/Desktop/G1FinalProject/build) by extensions ['ignore', 'ignore_ament_install']
[0.274s] Level 1:colcon.colcon_core.package_identification:_identify(/home/jonasvinol/Desktop/G1FinalProject/build) by extension 'ignore'
[0.274s] Level 1:colcon.colcon_core.package_identification:_identify(/home/jonasvinol/Desktop/G1FinalProject/build) ignored
[0.274s] Level 1:colcon.colcon_core.package_identification:_identify(/home/jonasvinol/Desktop/G1FinalProject/install) by extensions ['ignore', 'ignore_ament_install']
[0.274s] Level 1:colcon.colcon_core.package_identification:_identify(/home/jonasvinol/Desktop/G1FinalProject/install) by extension 'ignore'
[0.274s] Level 1:colcon.colcon_core.package_identification:_identify(/home/jonasvinol/Desktop/G1FinalProject/install) ignored
[0.275s] Level 1:colcon.colcon_core.package_identification:_identify(/home/jonasvinol/Desktop/G1FinalProject/log) by extensions ['ignore', 'ignore_ament_install']
[0.275s] Level 1:colcon.colcon_core.package_identification:_identify(/home/jonasvinol/Desktop/G1FinalProject/log) by extension 'ignore'
[0.275s] Level 1:colcon.colcon_core.package_identification:_identify(/home/jonasvinol/Desktop/G1FinalProject/log) ignored
[0.275s] Level 1:colcon.colcon_core.package_identification:_identify(/home/jonasvinol/Desktop/G1FinalProject/src) by extensions ['ignore', 'ignore_ament_install']
[0.275s] Level 1:colcon.colcon_core.package_identification:_identify(/home/jonasvinol/Desktop/G1FinalProject/src) by extension 'ignore'
[0.275s] Level 1:colcon.colcon_core.package_identification:_identify(/home/jonasvinol/Desktop/G1FinalProject/src) by extension 'ignore_ament_install'
[0.275s] Level 1:colcon.colcon_core.package_identification:_identify(/home/jonasvinol/Desktop/G1FinalProject/src) by extensions ['colcon_pkg']
[0.275s] Level 1:colcon.colcon_core.package_identification:_identify(/home/jonasvinol/Desktop/G1FinalProject/src) by extension 'colcon_pkg'
[0.275s] Level 1:colcon.colcon_core.package_identification:_identify(/home/jonasvinol/Desktop/G1FinalProject/src) by extensions ['colcon_meta']
[0.275s] Level 1:colcon.colcon_core.package_identification:_identify(/home/jonasvinol/Desktop/G1FinalProject/src) by extension 'colcon_meta'
[0.275s] Level 1:colcon.colcon_core.package_identification:_identify(/home/jonasvinol/Desktop/G1FinalProject/src) by extensions ['ros']
[0.276s] Level 1:colcon.colcon_core.package_identification:_identify(/home/jonasvinol/Desktop/G1FinalProject/src) by extension 'ros'
[0.276s] Level 1:colcon.colcon_core.package_identification:_identify(/home/jonasvinol/Desktop/G1FinalProject/src) by extensions ['cmake', 'python']
[0.276s] Level 1:colcon.colcon_core.package_identification:_identify(/home/jonasvinol/Desktop/G1FinalProject/src) by extension 'cmake'
[0.276s] Level 1:colcon.colcon_core.package_identification:_identify(/home/jonasvinol/Desktop/G1FinalProject/src) by extension 'python'
[0.276s] Level 1:colcon.colcon_core.package_identification:_identify(/home/jonasvinol/Desktop/G1FinalProject/src) by extensions ['python_setup_py']
[0.276s] Level 1:colcon.colcon_core.package_identification:_identify(/home/jonasvinol/Desktop/G1FinalProject/src) by extension 'python_setup_py'
[0.276s] Level 1:colcon.colcon_core.package_identification:_identify(/home/jonasvinol/Desktop/G1FinalProject/src/basic_robot) by extensions ['ignore', 'ignore_ament_install']
[0.276s] Level 1:colcon.colcon_core.package_identification:_identify(/home/jonasvinol/Desktop/G1FinalProject/src/basic_robot) by extension 'ignore'
[0.276s] Level 1:colcon.colcon_core.package_identification:_identify(/home/jonasvinol/Desktop/G1FinalProject/src/basic_robot) by extension 'ignore_ament_install'
[0.276s] Level 1:colcon.colcon_core.package_identification:_identify(/home/jonasvinol/Desktop/G1FinalProject/src/basic_robot) by extensions ['colcon_pkg']
[0.276s] Level 1:colcon.colcon_core.package_identification:_identify(/home/jonasvinol/Desktop/G1FinalProject/src/basic_robot) by extension 'colcon_pkg'
[0.277s] Level 1:colcon.colcon_core.package_identification:_identify(/home/jonasvinol/Desktop/G1FinalProject/src/basic_robot) by extensions ['colcon_meta']
[0.277s] Level 1:colcon.colcon_core.package_identification:_identify(/home/jonasvinol/Desktop/G1FinalProject/src/basic_robot) by extension 'colcon_meta'
[0.277s] Level 1:colcon.colcon_core.package_identification:_identify(/home/jonasvinol/Desktop/G1FinalProject/src/basic_robot) by extensions ['ros']
[0.277s] Level 1:colcon.colcon_core.package_identification:_identify(/home/jonasvinol/Desktop/G1FinalProject/src/basic_robot) by extension 'ros'
[0.280s] DEBUG:colcon.colcon_core.package_identification:Package '/home/jonasvinol/Desktop/G1FinalProject/src/basic_robot' with type 'ros.ament_cmake' and name 'basic_robot'
[0.281s] Level 1:colcon.colcon_core.package_identification:_identify(/home/jonasvinol/Desktop/G1FinalProject/src/turtlebot3_simulations) by extensions ['ignore', 'ignore_ament_install']
[0.281s] Level 1:colcon.colcon_core.package_identification:_identify(/home/jonasvinol/Desktop/G1FinalProject/src/turtlebot3_simulations) by extension 'ignore'
[0.281s] Level 1:colcon.colcon_core.package_identification:_identify(/home/jonasvinol/Desktop/G1FinalProject/src/turtlebot3_simulations) by extension 'ignore_ament_install'
[0.281s] Level 1:colcon.colcon_core.package_identification:_identify(/home/jonasvinol/Desktop/G1FinalProject/src/turtlebot3_simulations) by extensions ['colcon_pkg']
[0.281s] Level 1:colcon.colcon_core.package_identification:_identify(/home/jonasvinol/Desktop/G1FinalProject/src/turtlebot3_simulations) by extension 'colcon_pkg'
[0.281s] Level 1:colcon.colcon_core.package_identification:_identify(/home/jonasvinol/Desktop/G1FinalProject/src/turtlebot3_simulations) by extensions ['colcon_meta']
[0.281s] Level 1:colcon.colcon_core.package_identification:_identify(/home/jonasvinol/Desktop/G1FinalProject/src/turtlebot3_simulations) by extension 'colcon_meta'
[0.281s] Level 1:colcon.colcon_core.package_identification:_identify(/home/jonasvinol/Desktop/G1FinalProject/src/turtlebot3_simulations) by extensions ['ros']
[0.281s] Level 1:colcon.colcon_core.package_identification:_identify(/home/jonasvinol/Desktop/G1FinalProject/src/turtlebot3_simulations) by extension 'ros'
[0.281s] Level 1:colcon.colcon_core.package_identification:_identify(/home/jonasvinol/Desktop/G1FinalProject/src/turtlebot3_simulations) by extensions ['cmake', 'python']
[0.281s] Level 1:colcon.colcon_core.package_identification:_identify(/home/jonasvinol/Desktop/G1FinalProject/src/turtlebot3_simulations) by extension 'cmake'
[0.282s] Level 1:colcon.colcon_core.package_identification:_identify(/home/jonasvinol/Desktop/G1FinalProject/src/turtlebot3_simulations) by extension 'python'
[0.282s] Level 1:colcon.colcon_core.package_identification:_identify(/home/jonasvinol/Desktop/G1FinalProject/src/turtlebot3_simulations) by extensions ['python_setup_py']
[0.282s] Level 1:colcon.colcon_core.package_identification:_identify(/home/jonasvinol/Desktop/G1FinalProject/src/turtlebot3_simulations) by extension 'python_setup_py'
[0.282s] Level 1:colcon.colcon_core.package_identification:_identify(/home/jonasvinol/Desktop/G1FinalProject/src/turtlebot3_simulations/turtlebot3_fake_node) by extensions ['ignore', 'ignore_ament_install']
[0.282s] Level 1:colcon.colcon_core.package_identification:_identify(/home/jonasvinol/Desktop/G1FinalProject/src/turtlebot3_simulations/turtlebot3_fake_node) by extension 'ignore'
[0.282s] Level 1:colcon.colcon_core.package_identification:_identify(/home/jonasvinol/Desktop/G1FinalProject/src/turtlebot3_simulations/turtlebot3_fake_node) by extension 'ignore_ament_install'
[0.282s] Level 1:colcon.colcon_core.package_identification:_identify(/home/jonasvinol/Desktop/G1FinalProject/src/turtlebot3_simulations/turtlebot3_fake_node) by extensions ['colcon_pkg']
[0.282s] Level 1:colcon.colcon_core.package_identification:_identify(/home/jonasvinol/Desktop/G1FinalProject/src/turtlebot3_simulations/turtlebot3_fake_node) by extension 'colcon_pkg'
[0.282s] Level 1:colcon.colcon_core.package_identification:_identify(/home/jonasvinol/Desktop/G1FinalProject/src/turtlebot3_simulations/turtlebot3_fake_node) by extensions ['colcon_meta']
[0.282s] Level 1:colcon.colcon_core.package_identification:_identify(/home/jonasvinol/Desktop/G1FinalProject/src/turtlebot3_simulations/turtlebot3_fake_node) by extension 'colcon_meta'
[0.282s] Level 1:colcon.colcon_core.package_identification:_identify(/home/jonasvinol/Desktop/G1FinalProject/src/turtlebot3_simulations/turtlebot3_fake_node) by extensions ['ros']
[0.282s] Level 1:colcon.colcon_core.package_identification:_identify(/home/jonasvinol/Desktop/G1FinalProject/src/turtlebot3_simulations/turtlebot3_fake_node) by extension 'ros'
[0.285s] DEBUG:colcon.colcon_core.package_identification:Package '/home/jonasvinol/Desktop/G1FinalProject/src/turtlebot3_simulations/turtlebot3_fake_node' with type 'ros.ament_cmake' and name 'turtlebot3_fake_node'
[0.285s] Level 1:colcon.colcon_core.package_identification:_identify(/home/jonasvinol/Desktop/G1FinalProject/src/turtlebot3_simulations/turtlebot3_gazebo) by extensions ['ignore', 'ignore_ament_install']
[0.285s] Level 1:colcon.colcon_core.package_identification:_identify(/home/jonasvinol/Desktop/G1FinalProject/src/turtlebot3_simulations/turtlebot3_gazebo) by extension 'ignore'
[0.285s] Level 1:colcon.colcon_core.package_identification:_identify(/home/jonasvinol/Desktop/G1FinalProject/src/turtlebot3_simulations/turtlebot3_gazebo) by extension 'ignore_ament_install'
[0.285s] Level 1:colcon.colcon_core.package_identification:_identify(/home/jonasvinol/Desktop/G1FinalProject/src/turtlebot3_simulations/turtlebot3_gazebo) by extensions ['colcon_pkg']
[0.285s] Level 1:colcon.colcon_core.package_identification:_identify(/home/jonasvinol/Desktop/G1FinalProject/src/turtlebot3_simulations/turtlebot3_gazebo) by extension 'colcon_pkg'
[0.286s] Level 1:colcon.colcon_core.package_identification:_identify(/home/jonasvinol/Desktop/G1FinalProject/src/turtlebot3_simulations/turtlebot3_gazebo) by extensions ['colcon_meta']
[0.286s] Level 1:colcon.colcon_core.package_identification:_identify(/home/jonasvinol/Desktop/G1FinalProject/src/turtlebot3_simulations/turtlebot3_gazebo) by extension 'colcon_meta'
[0.286s] Level 1:colcon.colcon_core.package_identification:_identify(/home/jonasvinol/Desktop/G1FinalProject/src/turtlebot3_simulations/turtlebot3_gazebo) by extensions ['ros']
[0.286s] Level 1:colcon.colcon_core.package_identification:_identify(/home/jonasvinol/Desktop/G1FinalProject/src/turtlebot3_simulations/turtlebot3_gazebo) by extension 'ros'
[0.288s] DEBUG:colcon.colcon_core.package_identification:Package '/home/jonasvinol/Desktop/G1FinalProject/src/turtlebot3_simulations/turtlebot3_gazebo' with type 'ros.ament_cmake' and name 'turtlebot3_gazebo'
[0.288s] Level 1:colcon.colcon_core.package_identification:_identify(/home/jonasvinol/Desktop/G1FinalProject/src/turtlebot3_simulations/turtlebot3_simulations) by extensions ['ignore', 'ignore_ament_install']
[0.288s] Level 1:colcon.colcon_core.package_identification:_identify(/home/jonasvinol/Desktop/G1FinalProject/src/turtlebot3_simulations/turtlebot3_simulations) by extension 'ignore'
[0.288s] Level 1:colcon.colcon_core.package_identification:_identify(/home/jonasvinol/Desktop/G1FinalProject/src/turtlebot3_simulations/turtlebot3_simulations) by extension 'ignore_ament_install'
[0.288s] Level 1:colcon.colcon_core.package_identification:_identify(/home/jonasvinol/Desktop/G1FinalProject/src/turtlebot3_simulations/turtlebot3_simulations) by extensions ['colcon_pkg']
[0.288s] Level 1:colcon.colcon_core.package_identification:_identify(/home/jonasvinol/Desktop/G1FinalProject/src/turtlebot3_simulations/turtlebot3_simulations) by extension 'colcon_pkg'
[0.289s] Level 1:colcon.colcon_core.package_identification:_identify(/home/jonasvinol/Desktop/G1FinalProject/src/turtlebot3_simulations/turtlebot3_simulations) by extensions ['colcon_meta']
[0.289s] Level 1:colcon.colcon_core.package_identification:_identify(/home/jonasvinol/Desktop/G1FinalProject/src/turtlebot3_simulations/turtlebot3_simulations) by extension 'colcon_meta'
[0.289s] Level 1:colcon.colcon_core.package_identification:_identify(/home/jonasvinol/Desktop/G1FinalProject/src/turtlebot3_simulations/turtlebot3_simulations) by extensions ['ros']
[0.289s] Level 1:colcon.colcon_core.package_identification:_identify(/home/jonasvinol/Desktop/G1FinalProject/src/turtlebot3_simulations/turtlebot3_simulations) by extension 'ros'
[0.290s] DEBUG:colcon.colcon_core.package_identification:Package '/home/jonasvinol/Desktop/G1FinalProject/src/turtlebot3_simulations/turtlebot3_simulations' with type 'ros.ament_cmake' and name 'turtlebot3_simulations'
[0.290s] Level 1:colcon.colcon_core.package_discovery:discover_packages(recursive) using defaults
