-- The C compiler identification is GNU 9.4.0
-- The CXX compiler identification is GNU 9.4.0
-- Check for working C compiler: /usr/bin/cc
-- Check for working C compiler: /usr/bin/cc -- works
-- Detecting C compiler ABI info
-- Detecting C compiler ABI info - done
-- Detecting C compile features
-- Detecting C compile features - done
-- Check for working CXX compiler: /usr/bin/c++
-- Check for working CXX compiler: /usr/bin/c++ -- works
-- Detecting CXX compiler ABI info
-- Detecting CXX compiler ABI info - done
-- Detecting CXX compile features
-- Detecting CXX compile features - done
-- Found ament_cmake: 0.9.11 (/opt/ros/foxy/share/ament_cmake/cmake)
-- Found PythonInterp: /usr/bin/python3 (found suitable version "3.8.10", minimum required is "3") 
-- Using PYTHON_EXECUTABLE: /usr/bin/python3
-- Override CMake install command with custom implementation using symlinks instead of copying resources
-- Configuring done
-- Generating done
-- Build files have been written to: /home/jonasvinol/Desktop/G1FinalProject/build/perception_pcl
-- Install configuration: ""
-- Execute custom install script
-- Symlinking: /home/jonasvinol/Desktop/G1FinalProject/install/perception_pcl/share/ament_index/resource_index/package_run_dependencies/perception_pcl
-- Symlinking: /home/jonasvinol/Desktop/G1FinalProject/install/perception_pcl/share/ament_index/resource_index/parent_prefix_path/perception_pcl
-- Symlinking: /home/jonasvinol/Desktop/G1FinalProject/install/perception_pcl/share/perception_pcl/environment/ament_prefix_path.sh
-- Symlinking: /home/jonasvinol/Desktop/G1FinalProject/install/perception_pcl/share/perception_pcl/environment/ament_prefix_path.dsv
-- Symlinking: /home/jonasvinol/Desktop/G1FinalProject/install/perception_pcl/share/perception_pcl/environment/path.sh
-- Symlinking: /home/jonasvinol/Desktop/G1FinalProject/install/perception_pcl/share/perception_pcl/environment/path.dsv
-- Symlinking: /home/jonasvinol/Desktop/G1FinalProject/install/perception_pcl/share/perception_pcl/local_setup.bash
-- Symlinking: /home/jonasvinol/Desktop/G1FinalProject/install/perception_pcl/share/perception_pcl/local_setup.sh
-- Symlinking: /home/jonasvinol/Desktop/G1FinalProject/install/perception_pcl/share/perception_pcl/local_setup.zsh
-- Symlinking: /home/jonasvinol/Desktop/G1FinalProject/install/perception_pcl/share/perception_pcl/local_setup.dsv
-- Symlinking: /home/jonasvinol/Desktop/G1FinalProject/install/perception_pcl/share/perception_pcl/package.dsv
-- Symlinking: /home/jonasvinol/Desktop/G1FinalProject/install/perception_pcl/share/ament_index/resource_index/packages/perception_pcl
-- Symlinking: /home/jonasvinol/Desktop/G1FinalProject/install/perception_pcl/share/perception_pcl/cmake/perception_pclConfig.cmake
-- Symlinking: /home/jonasvinol/Desktop/G1FinalProject/install/perception_pcl/share/perception_pcl/cmake/perception_pclConfig-version.cmake
-- Symlinking: /home/jonasvinol/Desktop/G1FinalProject/install/perception_pcl/share/perception_pcl/package.xml
