[0.015s] Invoking command in '/home/jonasvinol/Desktop/G1FinalProject/build/perception_pcl': AMENT_PREFIX_PATH=/home/jonasvinol/Desktop/G1FinalProject/install/pcl_ros:/home/jonasvinol/Desktop/G1FinalProject/install/pcl_conversions:${AMENT_PREFIX_PATH} CMAKE_PREFIX_PATH=/home/jonasvinol/Desktop/G1FinalProject/install/pcl_ros:/home/jonasvinol/Desktop/G1FinalProject/install/pcl_conversions:/home/jonasvinol/Desktop/G1FinalProject/install/basic_robot:/opt/ros/foxy LD_LIBRARY_PATH=/home/jonasvinol/Desktop/G1FinalProject/install/pcl_ros/lib:${LD_LIBRARY_PATH} /usr/bin/cmake /home/jonasvinol/Desktop/G1FinalProject/src/perception_pcl/perception_pcl -DAMENT_CMAKE_SYMLINK_INSTALL=1 -DCMAKE_INSTALL_PREFIX=/home/jonasvinol/Desktop/G1FinalProject/install/perception_pcl
[0.086s] -- The C compiler identification is GNU 9.4.0
[0.170s] -- The CXX compiler identification is GNU 9.4.0
[0.177s] -- Check for working C compiler: /usr/bin/cc
[0.280s] -- Check for working C compiler: /usr/bin/cc -- works
[0.280s] -- Detecting C compiler ABI info
[0.373s] -- Detecting C compiler ABI info - done
[0.396s] -- Detecting C compile features
[0.397s] -- Detecting C compile features - done
[0.400s] -- Check for working CXX compiler: /usr/bin/c++
[0.494s] -- Check for working CXX compiler: /usr/bin/c++ -- works
[0.495s] -- Detecting CXX compiler ABI info
[0.591s] -- Detecting CXX compiler ABI info - done
[0.614s] -- Detecting CXX compile features
[0.615s] -- Detecting CXX compile features - done
[0.618s] -- Found ament_cmake: 0.9.11 (/opt/ros/foxy/share/ament_cmake/cmake)
[0.649s] -- Found PythonInterp: /usr/bin/python3 (found suitable version "3.8.10", minimum required is "3") 
[0.649s] -- Using PYTHON_EXECUTABLE: /usr/bin/python3
[0.895s] -- Override CMake install command with custom implementation using symlinks instead of copying resources
[1.007s] -- Configuring done
[1.009s] -- Generating done
[1.011s] -- Build files have been written to: /home/jonasvinol/Desktop/G1FinalProject/build/perception_pcl
[1.015s] Invoked command in '/home/jonasvinol/Desktop/G1FinalProject/build/perception_pcl' returned '0': AMENT_PREFIX_PATH=/home/jonasvinol/Desktop/G1FinalProject/install/pcl_ros:/home/jonasvinol/Desktop/G1FinalProject/install/pcl_conversions:${AMENT_PREFIX_PATH} CMAKE_PREFIX_PATH=/home/jonasvinol/Desktop/G1FinalProject/install/pcl_ros:/home/jonasvinol/Desktop/G1FinalProject/install/pcl_conversions:/home/jonasvinol/Desktop/G1FinalProject/install/basic_robot:/opt/ros/foxy LD_LIBRARY_PATH=/home/jonasvinol/Desktop/G1FinalProject/install/pcl_ros/lib:${LD_LIBRARY_PATH} /usr/bin/cmake /home/jonasvinol/Desktop/G1FinalProject/src/perception_pcl/perception_pcl -DAMENT_CMAKE_SYMLINK_INSTALL=1 -DCMAKE_INSTALL_PREFIX=/home/jonasvinol/Desktop/G1FinalProject/install/perception_pcl
[1.017s] Invoking command in '/home/jonasvinol/Desktop/G1FinalProject/build/perception_pcl': AMENT_PREFIX_PATH=/home/jonasvinol/Desktop/G1FinalProject/install/pcl_ros:/home/jonasvinol/Desktop/G1FinalProject/install/pcl_conversions:${AMENT_PREFIX_PATH} CMAKE_PREFIX_PATH=/home/jonasvinol/Desktop/G1FinalProject/install/pcl_ros:/home/jonasvinol/Desktop/G1FinalProject/install/pcl_conversions:/home/jonasvinol/Desktop/G1FinalProject/install/basic_robot:/opt/ros/foxy LD_LIBRARY_PATH=/home/jonasvinol/Desktop/G1FinalProject/install/pcl_ros/lib:${LD_LIBRARY_PATH} /usr/bin/cmake --build /home/jonasvinol/Desktop/G1FinalProject/build/perception_pcl -- -j6 -l6
[1.059s] Invoked command in '/home/jonasvinol/Desktop/G1FinalProject/build/perception_pcl' returned '0': AMENT_PREFIX_PATH=/home/jonasvinol/Desktop/G1FinalProject/install/pcl_ros:/home/jonasvinol/Desktop/G1FinalProject/install/pcl_conversions:${AMENT_PREFIX_PATH} CMAKE_PREFIX_PATH=/home/jonasvinol/Desktop/G1FinalProject/install/pcl_ros:/home/jonasvinol/Desktop/G1FinalProject/install/pcl_conversions:/home/jonasvinol/Desktop/G1FinalProject/install/basic_robot:/opt/ros/foxy LD_LIBRARY_PATH=/home/jonasvinol/Desktop/G1FinalProject/install/pcl_ros/lib:${LD_LIBRARY_PATH} /usr/bin/cmake --build /home/jonasvinol/Desktop/G1FinalProject/build/perception_pcl -- -j6 -l6
[1.085s] Invoking command in '/home/jonasvinol/Desktop/G1FinalProject/build/perception_pcl': AMENT_PREFIX_PATH=/home/jonasvinol/Desktop/G1FinalProject/install/pcl_ros:/home/jonasvinol/Desktop/G1FinalProject/install/pcl_conversions:${AMENT_PREFIX_PATH} CMAKE_PREFIX_PATH=/home/jonasvinol/Desktop/G1FinalProject/install/pcl_ros:/home/jonasvinol/Desktop/G1FinalProject/install/pcl_conversions:/home/jonasvinol/Desktop/G1FinalProject/install/basic_robot:/opt/ros/foxy LD_LIBRARY_PATH=/home/jonasvinol/Desktop/G1FinalProject/install/pcl_ros/lib:${LD_LIBRARY_PATH} /usr/bin/cmake --install /home/jonasvinol/Desktop/G1FinalProject/build/perception_pcl
[1.093s] -- Install configuration: ""
[1.093s] -- Execute custom install script
[1.093s] -- Symlinking: /home/jonasvinol/Desktop/G1FinalProject/install/perception_pcl/share/ament_index/resource_index/package_run_dependencies/perception_pcl
[1.103s] -- Symlinking: /home/jonasvinol/Desktop/G1FinalProject/install/perception_pcl/share/ament_index/resource_index/parent_prefix_path/perception_pcl
[1.113s] -- Symlinking: /home/jonasvinol/Desktop/G1FinalProject/install/perception_pcl/share/perception_pcl/environment/ament_prefix_path.sh
[1.122s] -- Symlinking: /home/jonasvinol/Desktop/G1FinalProject/install/perception_pcl/share/perception_pcl/environment/ament_prefix_path.dsv
[1.131s] -- Symlinking: /home/jonasvinol/Desktop/G1FinalProject/install/perception_pcl/share/perception_pcl/environment/path.sh
[1.142s] -- Symlinking: /home/jonasvinol/Desktop/G1FinalProject/install/perception_pcl/share/perception_pcl/environment/path.dsv
[1.151s] -- Symlinking: /home/jonasvinol/Desktop/G1FinalProject/install/perception_pcl/share/perception_pcl/local_setup.bash
[1.161s] -- Symlinking: /home/jonasvinol/Desktop/G1FinalProject/install/perception_pcl/share/perception_pcl/local_setup.sh
[1.170s] -- Symlinking: /home/jonasvinol/Desktop/G1FinalProject/install/perception_pcl/share/perception_pcl/local_setup.zsh
[1.180s] -- Symlinking: /home/jonasvinol/Desktop/G1FinalProject/install/perception_pcl/share/perception_pcl/local_setup.dsv
[1.190s] -- Symlinking: /home/jonasvinol/Desktop/G1FinalProject/install/perception_pcl/share/perception_pcl/package.dsv
[1.200s] -- Symlinking: /home/jonasvinol/Desktop/G1FinalProject/install/perception_pcl/share/ament_index/resource_index/packages/perception_pcl
[1.209s] -- Symlinking: /home/jonasvinol/Desktop/G1FinalProject/install/perception_pcl/share/perception_pcl/cmake/perception_pclConfig.cmake
[1.218s] -- Symlinking: /home/jonasvinol/Desktop/G1FinalProject/install/perception_pcl/share/perception_pcl/cmake/perception_pclConfig-version.cmake
[1.228s] -- Symlinking: /home/jonasvinol/Desktop/G1FinalProject/install/perception_pcl/share/perception_pcl/package.xml
[1.245s] Invoked command in '/home/jonasvinol/Desktop/G1FinalProject/build/perception_pcl' returned '0': AMENT_PREFIX_PATH=/home/jonasvinol/Desktop/G1FinalProject/install/pcl_ros:/home/jonasvinol/Desktop/G1FinalProject/install/pcl_conversions:${AMENT_PREFIX_PATH} CMAKE_PREFIX_PATH=/home/jonasvinol/Desktop/G1FinalProject/install/pcl_ros:/home/jonasvinol/Desktop/G1FinalProject/install/pcl_conversions:/home/jonasvinol/Desktop/G1FinalProject/install/basic_robot:/opt/ros/foxy LD_LIBRARY_PATH=/home/jonasvinol/Desktop/G1FinalProject/install/pcl_ros/lib:${LD_LIBRARY_PATH} /usr/bin/cmake --install /home/jonasvinol/Desktop/G1FinalProject/build/perception_pcl
