[0.034s] Invoking command in '/home/jonasvinol/Desktop/G1FinalProject/build/turtlebot3_gazebo': CMAKE_PREFIX_PATH=/opt/ros/foxy /usr/bin/cmake /home/jonasvinol/Desktop/G1FinalProject/src/turtlebot3_simulations/turtlebot3_gazebo -DAMENT_CMAKE_SYMLINK_INSTALL=1 -DCMAKE_INSTALL_PREFIX=/home/jonasvinol/Desktop/G1FinalProject/install/turtlebot3_gazebo
[0.057s] -- Found ament_cmake: 0.9.11 (/opt/ros/foxy/share/ament_cmake/cmake)
[0.088s] -- Using PYTHON_EXECUTABLE: /usr/bin/python3
[0.328s] -- Override CMake install command with custom implementation using symlinks instead of copying resources
[0.407s] -- Found DART: /usr/include (Required is at least version "6.6") found components: dart 
[0.463s] -- Found Protobuf: /usr/lib/x86_64-linux-gnu/libprotobuf.so;-lpthread (found version "3.6.1") 
[0.465s] -- Looking for ignition-math6 -- found version 6.13.0
[0.472s] -- Searching for dependencies of ignition-math6
[0.475s] -- Looking for OGRE...
[0.481s] -- Found Ogre Ghadamon (1.9.0)
[0.481s] -- Found OGRE: optimized;/usr/lib/x86_64-linux-gnu/libOgreMain.so;debug;/usr/lib/x86_64-linux-gnu/libOgreMain.so
[0.497s] -- Looking for OGRE_Paging...
[0.497s] -- Found OGRE_Paging: optimized;/usr/lib/x86_64-linux-gnu/libOgrePaging.so;debug;/usr/lib/x86_64-linux-gnu/libOgrePaging.so
[0.497s] -- Looking for OGRE_Terrain...
[0.498s] -- Found OGRE_Terrain: optimized;/usr/lib/x86_64-linux-gnu/libOgreTerrain.so;debug;/usr/lib/x86_64-linux-gnu/libOgreTerrain.so
[0.498s] -- Looking for OGRE_Property...
[0.498s] -- Found OGRE_Property: optimized;/usr/lib/x86_64-linux-gnu/libOgreProperty.so;debug;/usr/lib/x86_64-linux-gnu/libOgreProperty.so
[0.498s] -- Looking for OGRE_RTShaderSystem...
[0.498s] -- Found OGRE_RTShaderSystem: optimized;/usr/lib/x86_64-linux-gnu/libOgreRTShaderSystem.so;debug;/usr/lib/x86_64-linux-gnu/libOgreRTShaderSystem.so
[0.498s] -- Looking for OGRE_Volume...
[0.498s] -- Found OGRE_Volume: optimized;/usr/lib/x86_64-linux-gnu/libOgreVolume.so;debug;/usr/lib/x86_64-linux-gnu/libOgreVolume.so
[0.498s] -- Looking for OGRE_Overlay...
[0.499s] -- Found OGRE_Overlay: optimized;/usr/lib/x86_64-linux-gnu/libOgreOverlay.so;debug;/usr/lib/x86_64-linux-gnu/libOgreOverlay.so
[0.791s] -- Looking for ignition-math6 -- found version 6.13.0
[0.792s] -- Looking for ignition-transport8 -- found version 8.4.0
[0.793s] -- Searching for dependencies of ignition-transport8
[0.816s] -- Found Protobuf: /usr/lib/x86_64-linux-gnu/libprotobuf.so;-lpthread (found suitable version "3.6.1", minimum required is "3") 
[0.829s] -- Config-file not installed for ZeroMQ -- checking for pkg-config
[0.835s] -- Checking for module 'libzmq >= 4'
[0.851s] --   Found libzmq , version 4.3.2
[0.897s] -- Checking for module 'uuid'
[0.912s] --   Found uuid, version 2.34.0
[0.954s] -- Looking for ignition-msgs5 -- found version 5.11.0
[0.954s] -- Searching for dependencies of ignition-msgs5
[0.979s] -- Looking for ignition-math6 -- found version 6.13.0
[0.984s] -- Checking for module 'tinyxml2'
[1.000s] --   Found tinyxml2, version 6.2.0
[1.040s] -- Looking for ignition-msgs5 -- found version 5.11.0
[1.041s] -- Looking for ignition-common3 -- found version 3.15.1
[1.041s] -- Searching for dependencies of ignition-common3
[1.042s] -- Looking for dlfcn.h - found
[1.042s] -- Looking for libdl - found
[1.055s] -- Searching for <ignition-common3> component [graphics]
[1.055s] -- Looking for ignition-common3-graphics -- found version 3.15.1
[1.056s] -- Searching for dependencies of ignition-common3-graphics
[1.056s] -- Looking for ignition-math6 -- found version 6.13.0
[1.058s] -- Looking for ignition-fuel_tools4 -- found version 4.7.0
[1.059s] -- Searching for dependencies of ignition-fuel_tools4
[1.095s] -- Checking for module 'jsoncpp'
[1.110s] --   Found jsoncpp, version 1.7.4
[1.156s] -- Checking for module 'libzip'
[1.172s] --   Found libzip, version 1.5.1
[1.210s] -- Looking for ignition-common3 -- found version 3.15.1
[1.210s] -- Looking for ignition-math6 -- found version 6.13.0
[1.211s] -- Looking for ignition-msgs5 -- found version 5.11.0
[1.213s] -- Found gazebo_ros_pkgs: 3.5.3 (/opt/ros/foxy/share/gazebo_ros_pkgs/cmake)
[1.213s] -- Found geometry_msgs: 2.0.5 (/opt/ros/foxy/share/geometry_msgs/cmake)
[1.238s] -- Using all available rosidl_typesupport_c: rosidl_typesupport_fastrtps_c;rosidl_typesupport_introspection_c
[1.244s] -- Found rosidl_adapter: 1.3.0 (/opt/ros/foxy/share/rosidl_adapter/cmake)
[1.424s] -- Using all available rosidl_typesupport_cpp: rosidl_typesupport_fastrtps_cpp;rosidl_typesupport_introspection_cpp
[1.576s] -- Found nav_msgs: 2.0.5 (/opt/ros/foxy/share/nav_msgs/cmake)
[1.706s] -- Found rclcpp: 2.4.2 (/opt/ros/foxy/share/rclcpp/cmake)
[1.770s] -- Found rmw_implementation_cmake: 1.0.3 (/opt/ros/foxy/share/rmw_implementation_cmake/cmake)
[1.772s] -- Using RMW implementation 'rmw_fastrtps_cpp' as default
[2.014s] -- Found sensor_msgs: 2.0.5 (/opt/ros/foxy/share/sensor_msgs/cmake)
[2.146s] -- Found tf2: 0.13.13 (/opt/ros/foxy/share/tf2/cmake)
[2.255s] -- Configuring done
[2.311s] -- Generating done
[2.316s] -- Build files have been written to: /home/jonasvinol/Desktop/G1FinalProject/build/turtlebot3_gazebo
[2.328s] Invoked command in '/home/jonasvinol/Desktop/G1FinalProject/build/turtlebot3_gazebo' returned '0': CMAKE_PREFIX_PATH=/opt/ros/foxy /usr/bin/cmake /home/jonasvinol/Desktop/G1FinalProject/src/turtlebot3_simulations/turtlebot3_gazebo -DAMENT_CMAKE_SYMLINK_INSTALL=1 -DCMAKE_INSTALL_PREFIX=/home/jonasvinol/Desktop/G1FinalProject/install/turtlebot3_gazebo
[2.332s] Invoking command in '/home/jonasvinol/Desktop/G1FinalProject/build/turtlebot3_gazebo': CMAKE_PREFIX_PATH=/opt/ros/foxy /usr/bin/cmake --build /home/jonasvinol/Desktop/G1FinalProject/build/turtlebot3_gazebo -- -j6 -l6
[2.415s] [ 12%] [32m[1mLinking CXX executable turtlebot3_drive[0m
[2.418s] [ 37%] Built target obstacle2
[2.419s] [ 87%] Built target obstacles
[2.419s] [ 87%] Built target obstacle1
[2.837s] [100%] Built target turtlebot3_drive
[2.849s] Invoked command in '/home/jonasvinol/Desktop/G1FinalProject/build/turtlebot3_gazebo' returned '0': CMAKE_PREFIX_PATH=/opt/ros/foxy /usr/bin/cmake --build /home/jonasvinol/Desktop/G1FinalProject/build/turtlebot3_gazebo -- -j6 -l6
[2.887s] Invoking command in '/home/jonasvinol/Desktop/G1FinalProject/build/turtlebot3_gazebo': CMAKE_PREFIX_PATH=/opt/ros/foxy /usr/bin/cmake --install /home/jonasvinol/Desktop/G1FinalProject/build/turtlebot3_gazebo
[2.895s] -- Install configuration: ""
[2.896s] -- Execute custom install script
[2.896s] -- Symlinking: /home/jonasvinol/Desktop/G1FinalProject/install/turtlebot3_gazebo/lib/turtlebot3_gazebo/turtlebot3_drive
[2.906s] -- Symlinking: /home/jonasvinol/Desktop/G1FinalProject/install/turtlebot3_gazebo/share/turtlebot3_gazebo//launch/empty_world.launch.py
[2.915s] -- Symlinking: /home/jonasvinol/Desktop/G1FinalProject/install/turtlebot3_gazebo/share/turtlebot3_gazebo//launch/robot_state_publisher.launch.py
[2.925s] -- Symlinking: /home/jonasvinol/Desktop/G1FinalProject/install/turtlebot3_gazebo/share/turtlebot3_gazebo//launch/turtlebot3_autorace.launch.py
[2.934s] -- Symlinking: /home/jonasvinol/Desktop/G1FinalProject/install/turtlebot3_gazebo/share/turtlebot3_gazebo//launch/turtlebot3_dqn_stage1.launch.py
[2.944s] -- Symlinking: /home/jonasvinol/Desktop/G1FinalProject/install/turtlebot3_gazebo/share/turtlebot3_gazebo//launch/turtlebot3_dqn_stage2.launch.py
[2.952s] -- Symlinking: /home/jonasvinol/Desktop/G1FinalProject/install/turtlebot3_gazebo/share/turtlebot3_gazebo//launch/turtlebot3_dqn_stage3.launch.py
[2.961s] -- Symlinking: /home/jonasvinol/Desktop/G1FinalProject/install/turtlebot3_gazebo/share/turtlebot3_gazebo//launch/turtlebot3_dqn_stage4.launch.py
[2.970s] -- Symlinking: /home/jonasvinol/Desktop/G1FinalProject/install/turtlebot3_gazebo/share/turtlebot3_gazebo//launch/turtlebot3_house.launch.py
[2.979s] -- Symlinking: /home/jonasvinol/Desktop/G1FinalProject/install/turtlebot3_gazebo/share/turtlebot3_gazebo//launch/turtlebot3_world.launch.py
[2.990s] -- Symlinking: /home/jonasvinol/Desktop/G1FinalProject/install/turtlebot3_gazebo/share/turtlebot3_gazebo//models/turtlebot3_autorace/course/materials/scripts/course.material
[2.998s] -- Symlinking: /home/jonasvinol/Desktop/G1FinalProject/install/turtlebot3_gazebo/share/turtlebot3_gazebo//models/turtlebot3_autorace/course/materials/textures/course.png
[3.007s] -- Symlinking: /home/jonasvinol/Desktop/G1FinalProject/install/turtlebot3_gazebo/share/turtlebot3_gazebo//models/turtlebot3_autorace/course/model.config
[3.016s] -- Symlinking: /home/jonasvinol/Desktop/G1FinalProject/install/turtlebot3_gazebo/share/turtlebot3_gazebo//models/turtlebot3_autorace/course/model.sdf
[3.026s] -- Symlinking: /home/jonasvinol/Desktop/G1FinalProject/install/turtlebot3_gazebo/share/turtlebot3_gazebo//models/turtlebot3_autorace/ground/model.config
[3.037s] -- Symlinking: /home/jonasvinol/Desktop/G1FinalProject/install/turtlebot3_gazebo/share/turtlebot3_gazebo//models/turtlebot3_autorace/ground/model.sdf
[3.046s] -- Symlinking: /home/jonasvinol/Desktop/G1FinalProject/install/turtlebot3_gazebo/share/turtlebot3_gazebo//models/turtlebot3_autorace/lights/model.config
[3.055s] -- Symlinking: /home/jonasvinol/Desktop/G1FinalProject/install/turtlebot3_gazebo/share/turtlebot3_gazebo//models/turtlebot3_autorace/lights/model.sdf
[3.064s] -- Symlinking: /home/jonasvinol/Desktop/G1FinalProject/install/turtlebot3_gazebo/share/turtlebot3_gazebo//models/turtlebot3_autorace/model.config
[3.073s] -- Symlinking: /home/jonasvinol/Desktop/G1FinalProject/install/turtlebot3_gazebo/share/turtlebot3_gazebo//models/turtlebot3_autorace/traffic_bar_down/materials/scripts/traffic_bar.material
[3.082s] -- Symlinking: /home/jonasvinol/Desktop/G1FinalProject/install/turtlebot3_gazebo/share/turtlebot3_gazebo//models/turtlebot3_autorace/traffic_bar_down/materials/textures/traffic_bar.png
[3.090s] -- Symlinking: /home/jonasvinol/Desktop/G1FinalProject/install/turtlebot3_gazebo/share/turtlebot3_gazebo//models/turtlebot3_autorace/traffic_bar_down/model.config
[3.099s] -- Symlinking: /home/jonasvinol/Desktop/G1FinalProject/install/turtlebot3_gazebo/share/turtlebot3_gazebo//models/turtlebot3_autorace/traffic_bar_down/model.sdf
[3.108s] -- Symlinking: /home/jonasvinol/Desktop/G1FinalProject/install/turtlebot3_gazebo/share/turtlebot3_gazebo//models/turtlebot3_autorace/traffic_bar_up/materials/scripts/traffic_bar.material
[3.117s] -- Symlinking: /home/jonasvinol/Desktop/G1FinalProject/install/turtlebot3_gazebo/share/turtlebot3_gazebo//models/turtlebot3_autorace/traffic_bar_up/materials/textures/traffic_bar.png
[3.127s] -- Symlinking: /home/jonasvinol/Desktop/G1FinalProject/install/turtlebot3_gazebo/share/turtlebot3_gazebo//models/turtlebot3_autorace/traffic_bar_up/model.config
[3.136s] -- Symlinking: /home/jonasvinol/Desktop/G1FinalProject/install/turtlebot3_gazebo/share/turtlebot3_gazebo//models/turtlebot3_autorace/traffic_bar_up/model.sdf
[3.144s] -- Symlinking: /home/jonasvinol/Desktop/G1FinalProject/install/turtlebot3_gazebo/share/turtlebot3_gazebo//models/turtlebot3_autorace/traffic_light_green/model.config
[3.153s] -- Symlinking: /home/jonasvinol/Desktop/G1FinalProject/install/turtlebot3_gazebo/share/turtlebot3_gazebo//models/turtlebot3_autorace/traffic_light_green/model.sdf
[3.162s] -- Symlinking: /home/jonasvinol/Desktop/G1FinalProject/install/turtlebot3_gazebo/share/turtlebot3_gazebo//models/turtlebot3_autorace/traffic_light_red/model.config
[3.171s] -- Symlinking: /home/jonasvinol/Desktop/G1FinalProject/install/turtlebot3_gazebo/share/turtlebot3_gazebo//models/turtlebot3_autorace/traffic_light_red/model.sdf
[3.180s] -- Symlinking: /home/jonasvinol/Desktop/G1FinalProject/install/turtlebot3_gazebo/share/turtlebot3_gazebo//models/turtlebot3_autorace/traffic_light_yellow/model.config
[3.189s] -- Symlinking: /home/jonasvinol/Desktop/G1FinalProject/install/turtlebot3_gazebo/share/turtlebot3_gazebo//models/turtlebot3_autorace/traffic_light_yellow/model.sdf
[3.197s] -- Symlinking: /home/jonasvinol/Desktop/G1FinalProject/install/turtlebot3_gazebo/share/turtlebot3_gazebo//models/turtlebot3_autorace/traffic_parking/materials/scripts/traffic_parking.material
[3.206s] -- Symlinking: /home/jonasvinol/Desktop/G1FinalProject/install/turtlebot3_gazebo/share/turtlebot3_gazebo//models/turtlebot3_autorace/traffic_parking/materials/textures/traffic_parking.png
[3.215s] -- Symlinking: /home/jonasvinol/Desktop/G1FinalProject/install/turtlebot3_gazebo/share/turtlebot3_gazebo//models/turtlebot3_autorace/traffic_parking/model.config
[3.224s] -- Symlinking: /home/jonasvinol/Desktop/G1FinalProject/install/turtlebot3_gazebo/share/turtlebot3_gazebo//models/turtlebot3_autorace/traffic_parking/model.sdf
[3.233s] -- Symlinking: /home/jonasvinol/Desktop/G1FinalProject/install/turtlebot3_gazebo/share/turtlebot3_gazebo//models/turtlebot3_autorace/traffic_stop/materials/scripts/traffic_stop.material
[3.242s] -- Symlinking: /home/jonasvinol/Desktop/G1FinalProject/install/turtlebot3_gazebo/share/turtlebot3_gazebo//models/turtlebot3_autorace/traffic_stop/materials/textures/traffic_stop.png
[3.251s] -- Symlinking: /home/jonasvinol/Desktop/G1FinalProject/install/turtlebot3_gazebo/share/turtlebot3_gazebo//models/turtlebot3_autorace/traffic_stop/model.config
[3.260s] -- Symlinking: /home/jonasvinol/Desktop/G1FinalProject/install/turtlebot3_gazebo/share/turtlebot3_gazebo//models/turtlebot3_autorace/traffic_stop/model.sdf
[3.269s] -- Symlinking: /home/jonasvinol/Desktop/G1FinalProject/install/turtlebot3_gazebo/share/turtlebot3_gazebo//models/turtlebot3_autorace/traffic_tunnel/materials/scripts/tunnel.material
[3.277s] -- Symlinking: /home/jonasvinol/Desktop/G1FinalProject/install/turtlebot3_gazebo/share/turtlebot3_gazebo//models/turtlebot3_autorace/traffic_tunnel/materials/textures/tunnel.png
[3.286s] -- Symlinking: /home/jonasvinol/Desktop/G1FinalProject/install/turtlebot3_gazebo/share/turtlebot3_gazebo//models/turtlebot3_autorace/traffic_tunnel/model.config
[3.295s] -- Symlinking: /home/jonasvinol/Desktop/G1FinalProject/install/turtlebot3_gazebo/share/turtlebot3_gazebo//models/turtlebot3_autorace/traffic_tunnel/model.sdf
[3.303s] -- Symlinking: /home/jonasvinol/Desktop/G1FinalProject/install/turtlebot3_gazebo/share/turtlebot3_gazebo//models/turtlebot3_autorace/tunnel_obstacles/model.config
[3.312s] -- Symlinking: /home/jonasvinol/Desktop/G1FinalProject/install/turtlebot3_gazebo/share/turtlebot3_gazebo//models/turtlebot3_autorace/tunnel_obstacles/model.sdf
[3.320s] -- Symlinking: /home/jonasvinol/Desktop/G1FinalProject/install/turtlebot3_gazebo/share/turtlebot3_gazebo//models/turtlebot3_autorace/tunnel_wall/model.config
[3.330s] -- Symlinking: /home/jonasvinol/Desktop/G1FinalProject/install/turtlebot3_gazebo/share/turtlebot3_gazebo//models/turtlebot3_autorace/tunnel_wall/model.sdf
[3.339s] -- Symlinking: /home/jonasvinol/Desktop/G1FinalProject/install/turtlebot3_gazebo/share/turtlebot3_gazebo//models/turtlebot3_burger/meshes/burger_base.dae
[3.347s] -- Symlinking: /home/jonasvinol/Desktop/G1FinalProject/install/turtlebot3_gazebo/share/turtlebot3_gazebo//models/turtlebot3_burger/meshes/lds.dae
[3.356s] -- Symlinking: /home/jonasvinol/Desktop/G1FinalProject/install/turtlebot3_gazebo/share/turtlebot3_gazebo//models/turtlebot3_burger/meshes/tire.dae
[3.365s] -- Symlinking: /home/jonasvinol/Desktop/G1FinalProject/install/turtlebot3_gazebo/share/turtlebot3_gazebo//models/turtlebot3_burger/model-1_4.sdf
[3.374s] -- Symlinking: /home/jonasvinol/Desktop/G1FinalProject/install/turtlebot3_gazebo/share/turtlebot3_gazebo//models/turtlebot3_burger/model.config
[3.382s] -- Symlinking: /home/jonasvinol/Desktop/G1FinalProject/install/turtlebot3_gazebo/share/turtlebot3_gazebo//models/turtlebot3_burger/model.sdf
[3.391s] -- Symlinking: /home/jonasvinol/Desktop/G1FinalProject/install/turtlebot3_gazebo/share/turtlebot3_gazebo//models/turtlebot3_dqn_world/goal_box/model.config
[3.400s] -- Symlinking: /home/jonasvinol/Desktop/G1FinalProject/install/turtlebot3_gazebo/share/turtlebot3_gazebo//models/turtlebot3_dqn_world/goal_box/model.sdf
[3.408s] -- Symlinking: /home/jonasvinol/Desktop/G1FinalProject/install/turtlebot3_gazebo/share/turtlebot3_gazebo//models/turtlebot3_dqn_world/inner_walls/model.config
[3.417s] -- Symlinking: /home/jonasvinol/Desktop/G1FinalProject/install/turtlebot3_gazebo/share/turtlebot3_gazebo//models/turtlebot3_dqn_world/inner_walls/model.sdf
[3.426s] -- Symlinking: /home/jonasvinol/Desktop/G1FinalProject/install/turtlebot3_gazebo/share/turtlebot3_gazebo//models/turtlebot3_dqn_world/model.config
[3.436s] -- Symlinking: /home/jonasvinol/Desktop/G1FinalProject/install/turtlebot3_gazebo/share/turtlebot3_gazebo//models/turtlebot3_dqn_world/model.sdf
[3.444s] -- Symlinking: /home/jonasvinol/Desktop/G1FinalProject/install/turtlebot3_gazebo/share/turtlebot3_gazebo//models/turtlebot3_dqn_world/obstacle1/model.config
[3.453s] -- Symlinking: /home/jonasvinol/Desktop/G1FinalProject/install/turtlebot3_gazebo/share/turtlebot3_gazebo//models/turtlebot3_dqn_world/obstacle1/model.sdf
[3.463s] -- Symlinking: /home/jonasvinol/Desktop/G1FinalProject/install/turtlebot3_gazebo/share/turtlebot3_gazebo//models/turtlebot3_dqn_world/obstacle2/model.config
[3.473s] -- Symlinking: /home/jonasvinol/Desktop/G1FinalProject/install/turtlebot3_gazebo/share/turtlebot3_gazebo//models/turtlebot3_dqn_world/obstacle2/model.sdf
[3.482s] -- Symlinking: /home/jonasvinol/Desktop/G1FinalProject/install/turtlebot3_gazebo/share/turtlebot3_gazebo//models/turtlebot3_dqn_world/obstacle_plugin/CMakeLists.txt
[3.491s] -- Symlinking: /home/jonasvinol/Desktop/G1FinalProject/install/turtlebot3_gazebo/share/turtlebot3_gazebo//models/turtlebot3_dqn_world/obstacle_plugin/obstacle1.cc
[3.500s] -- Symlinking: /home/jonasvinol/Desktop/G1FinalProject/install/turtlebot3_gazebo/share/turtlebot3_gazebo//models/turtlebot3_dqn_world/obstacle_plugin/obstacle2.cc
[3.509s] -- Symlinking: /home/jonasvinol/Desktop/G1FinalProject/install/turtlebot3_gazebo/share/turtlebot3_gazebo//models/turtlebot3_dqn_world/obstacle_plugin/obstacles.cc
[3.523s] -- Symlinking: /home/jonasvinol/Desktop/G1FinalProject/install/turtlebot3_gazebo/share/turtlebot3_gazebo//models/turtlebot3_dqn_world/obstacles/model.config
[3.533s] -- Symlinking: /home/jonasvinol/Desktop/G1FinalProject/install/turtlebot3_gazebo/share/turtlebot3_gazebo//models/turtlebot3_dqn_world/obstacles/model.sdf
[3.542s] -- Symlinking: /home/jonasvinol/Desktop/G1FinalProject/install/turtlebot3_gazebo/share/turtlebot3_gazebo//models/turtlebot3_house/model.config
[3.551s] -- Symlinking: /home/jonasvinol/Desktop/G1FinalProject/install/turtlebot3_gazebo/share/turtlebot3_gazebo//models/turtlebot3_house/model.sdf
[3.560s] -- Symlinking: /home/jonasvinol/Desktop/G1FinalProject/install/turtlebot3_gazebo/share/turtlebot3_gazebo//models/turtlebot3_waffle/meshes/lds.dae
[3.569s] -- Symlinking: /home/jonasvinol/Desktop/G1FinalProject/install/turtlebot3_gazebo/share/turtlebot3_gazebo//models/turtlebot3_waffle/meshes/r200.dae
[3.578s] -- Symlinking: /home/jonasvinol/Desktop/G1FinalProject/install/turtlebot3_gazebo/share/turtlebot3_gazebo//models/turtlebot3_waffle/meshes/tire.dae
[3.587s] -- Symlinking: /home/jonasvinol/Desktop/G1FinalProject/install/turtlebot3_gazebo/share/turtlebot3_gazebo//models/turtlebot3_waffle/meshes/waffle_base.dae
[3.595s] -- Symlinking: /home/jonasvinol/Desktop/G1FinalProject/install/turtlebot3_gazebo/share/turtlebot3_gazebo//models/turtlebot3_waffle/model-1_4.sdf
[3.604s] -- Symlinking: /home/jonasvinol/Desktop/G1FinalProject/install/turtlebot3_gazebo/share/turtlebot3_gazebo//models/turtlebot3_waffle/model.config
[3.613s] -- Symlinking: /home/jonasvinol/Desktop/G1FinalProject/install/turtlebot3_gazebo/share/turtlebot3_gazebo//models/turtlebot3_waffle/model.sdf
[3.622s] -- Symlinking: /home/jonasvinol/Desktop/G1FinalProject/install/turtlebot3_gazebo/share/turtlebot3_gazebo//models/turtlebot3_waffle_pi/meshes/lds.dae
[3.633s] -- Symlinking: /home/jonasvinol/Desktop/G1FinalProject/install/turtlebot3_gazebo/share/turtlebot3_gazebo//models/turtlebot3_waffle_pi/meshes/tire.dae
[3.642s] -- Symlinking: /home/jonasvinol/Desktop/G1FinalProject/install/turtlebot3_gazebo/share/turtlebot3_gazebo//models/turtlebot3_waffle_pi/meshes/waffle_pi_base.dae
[3.651s] -- Symlinking: /home/jonasvinol/Desktop/G1FinalProject/install/turtlebot3_gazebo/share/turtlebot3_gazebo//models/turtlebot3_waffle_pi/model-1_4_.sdf
[3.660s] -- Symlinking: /home/jonasvinol/Desktop/G1FinalProject/install/turtlebot3_gazebo/share/turtlebot3_gazebo//models/turtlebot3_waffle_pi/model.config
[3.669s] -- Symlinking: /home/jonasvinol/Desktop/G1FinalProject/install/turtlebot3_gazebo/share/turtlebot3_gazebo//models/turtlebot3_waffle_pi/model.sdf
[3.677s] -- Symlinking: /home/jonasvinol/Desktop/G1FinalProject/install/turtlebot3_gazebo/share/turtlebot3_gazebo//models/turtlebot3_world/meshes/hexagon.dae
[3.686s] -- Symlinking: /home/jonasvinol/Desktop/G1FinalProject/install/turtlebot3_gazebo/share/turtlebot3_gazebo//models/turtlebot3_world/meshes/wall.dae
[3.695s] -- Symlinking: /home/jonasvinol/Desktop/G1FinalProject/install/turtlebot3_gazebo/share/turtlebot3_gazebo//models/turtlebot3_world/model-1_4.sdf
[3.703s] -- Symlinking: /home/jonasvinol/Desktop/G1FinalProject/install/turtlebot3_gazebo/share/turtlebot3_gazebo//models/turtlebot3_world/model.config
[3.712s] -- Symlinking: /home/jonasvinol/Desktop/G1FinalProject/install/turtlebot3_gazebo/share/turtlebot3_gazebo//models/turtlebot3_world/model.sdf
[3.722s] -- Symlinking: /home/jonasvinol/Desktop/G1FinalProject/install/turtlebot3_gazebo/share/turtlebot3_gazebo//rviz/tb3_gazebo.rviz
[3.739s] -- Symlinking: /home/jonasvinol/Desktop/G1FinalProject/install/turtlebot3_gazebo/share/turtlebot3_gazebo//worlds/empty_worlds/burger.model
[3.757s] -- Symlinking: /home/jonasvinol/Desktop/G1FinalProject/install/turtlebot3_gazebo/share/turtlebot3_gazebo//worlds/empty_worlds/waffle.model
[3.767s] -- Symlinking: /home/jonasvinol/Desktop/G1FinalProject/install/turtlebot3_gazebo/share/turtlebot3_gazebo//worlds/empty_worlds/waffle_pi.model
[3.776s] -- Symlinking: /home/jonasvinol/Desktop/G1FinalProject/install/turtlebot3_gazebo/share/turtlebot3_gazebo//worlds/turtlebot3_autoraces/burger.model
[3.784s] -- Symlinking: /home/jonasvinol/Desktop/G1FinalProject/install/turtlebot3_gazebo/share/turtlebot3_gazebo//worlds/turtlebot3_autoraces/waffle.model
[3.793s] -- Symlinking: /home/jonasvinol/Desktop/G1FinalProject/install/turtlebot3_gazebo/share/turtlebot3_gazebo//worlds/turtlebot3_autoraces/waffle_pi.model
[3.801s] -- Symlinking: /home/jonasvinol/Desktop/G1FinalProject/install/turtlebot3_gazebo/share/turtlebot3_gazebo//worlds/turtlebot3_dqn_stage1/burger.model
[3.810s] -- Symlinking: /home/jonasvinol/Desktop/G1FinalProject/install/turtlebot3_gazebo/share/turtlebot3_gazebo//worlds/turtlebot3_dqn_stage1/waffle.model
[3.819s] -- Symlinking: /home/jonasvinol/Desktop/G1FinalProject/install/turtlebot3_gazebo/share/turtlebot3_gazebo//worlds/turtlebot3_dqn_stage1/waffle_pi.model
[3.827s] -- Symlinking: /home/jonasvinol/Desktop/G1FinalProject/install/turtlebot3_gazebo/share/turtlebot3_gazebo//worlds/turtlebot3_dqn_stage2/burger.model
[3.836s] -- Symlinking: /home/jonasvinol/Desktop/G1FinalProject/install/turtlebot3_gazebo/share/turtlebot3_gazebo//worlds/turtlebot3_dqn_stage2/waffle.model
[3.845s] -- Symlinking: /home/jonasvinol/Desktop/G1FinalProject/install/turtlebot3_gazebo/share/turtlebot3_gazebo//worlds/turtlebot3_dqn_stage2/waffle_pi.model
[3.854s] -- Symlinking: /home/jonasvinol/Desktop/G1FinalProject/install/turtlebot3_gazebo/share/turtlebot3_gazebo//worlds/turtlebot3_dqn_stage3/burger.model
[3.862s] -- Symlinking: /home/jonasvinol/Desktop/G1FinalProject/install/turtlebot3_gazebo/share/turtlebot3_gazebo//worlds/turtlebot3_dqn_stage3/waffle.model
[3.871s] -- Symlinking: /home/jonasvinol/Desktop/G1FinalProject/install/turtlebot3_gazebo/share/turtlebot3_gazebo//worlds/turtlebot3_dqn_stage3/waffle_pi.model
[3.880s] -- Symlinking: /home/jonasvinol/Desktop/G1FinalProject/install/turtlebot3_gazebo/share/turtlebot3_gazebo//worlds/turtlebot3_dqn_stage4/burger.model
[3.888s] -- Symlinking: /home/jonasvinol/Desktop/G1FinalProject/install/turtlebot3_gazebo/share/turtlebot3_gazebo//worlds/turtlebot3_dqn_stage4/waffle.model
[3.897s] -- Symlinking: /home/jonasvinol/Desktop/G1FinalProject/install/turtlebot3_gazebo/share/turtlebot3_gazebo//worlds/turtlebot3_dqn_stage4/waffle_pi.model
[3.905s] -- Symlinking: /home/jonasvinol/Desktop/G1FinalProject/install/turtlebot3_gazebo/share/turtlebot3_gazebo//worlds/turtlebot3_houses/burger.model
[3.914s] -- Symlinking: /home/jonasvinol/Desktop/G1FinalProject/install/turtlebot3_gazebo/share/turtlebot3_gazebo//worlds/turtlebot3_houses/waffle.model
[3.923s] -- Symlinking: /home/jonasvinol/Desktop/G1FinalProject/install/turtlebot3_gazebo/share/turtlebot3_gazebo//worlds/turtlebot3_houses/waffle_pi.model
[3.931s] -- Symlinking: /home/jonasvinol/Desktop/G1FinalProject/install/turtlebot3_gazebo/share/turtlebot3_gazebo//worlds/turtlebot3_worlds/burger.model
[3.940s] -- Symlinking: /home/jonasvinol/Desktop/G1FinalProject/install/turtlebot3_gazebo/share/turtlebot3_gazebo//worlds/turtlebot3_worlds/waffle.model
[3.950s] -- Symlinking: /home/jonasvinol/Desktop/G1FinalProject/install/turtlebot3_gazebo/share/turtlebot3_gazebo//worlds/turtlebot3_worlds/waffle_pi.model
[3.959s] -- Symlinking: /home/jonasvinol/Desktop/G1FinalProject/install/turtlebot3_gazebo/include//turtlebot3_gazebo/turtlebot3_drive.hpp
[3.968s] -- Symlinking: /home/jonasvinol/Desktop/G1FinalProject/install/turtlebot3_gazebo/share/ament_index/resource_index/package_run_dependencies/turtlebot3_gazebo
[3.977s] -- Symlinking: /home/jonasvinol/Desktop/G1FinalProject/install/turtlebot3_gazebo/share/ament_index/resource_index/parent_prefix_path/turtlebot3_gazebo
[3.986s] -- Symlinking: /home/jonasvinol/Desktop/G1FinalProject/install/turtlebot3_gazebo/share/turtlebot3_gazebo/environment/ament_prefix_path.sh
[3.994s] -- Symlinking: /home/jonasvinol/Desktop/G1FinalProject/install/turtlebot3_gazebo/share/turtlebot3_gazebo/environment/ament_prefix_path.dsv
[4.003s] -- Symlinking: /home/jonasvinol/Desktop/G1FinalProject/install/turtlebot3_gazebo/share/turtlebot3_gazebo/environment/path.sh
[4.012s] -- Symlinking: /home/jonasvinol/Desktop/G1FinalProject/install/turtlebot3_gazebo/share/turtlebot3_gazebo/environment/path.dsv
[4.021s] -- Symlinking: /home/jonasvinol/Desktop/G1FinalProject/install/turtlebot3_gazebo/share/turtlebot3_gazebo/local_setup.bash
[4.030s] -- Symlinking: /home/jonasvinol/Desktop/G1FinalProject/install/turtlebot3_gazebo/share/turtlebot3_gazebo/local_setup.sh
[4.039s] -- Symlinking: /home/jonasvinol/Desktop/G1FinalProject/install/turtlebot3_gazebo/share/turtlebot3_gazebo/local_setup.zsh
[4.049s] -- Symlinking: /home/jonasvinol/Desktop/G1FinalProject/install/turtlebot3_gazebo/share/turtlebot3_gazebo/local_setup.dsv
[4.057s] -- Symlinking: /home/jonasvinol/Desktop/G1FinalProject/install/turtlebot3_gazebo/share/turtlebot3_gazebo/package.dsv
[4.066s] -- Symlinking: /home/jonasvinol/Desktop/G1FinalProject/install/turtlebot3_gazebo/share/ament_index/resource_index/packages/turtlebot3_gazebo
[4.075s] -- Symlinking: /home/jonasvinol/Desktop/G1FinalProject/install/turtlebot3_gazebo/share/turtlebot3_gazebo/cmake/ament_cmake_export_include_directories-extras.cmake
[4.085s] -- Symlinking: /home/jonasvinol/Desktop/G1FinalProject/install/turtlebot3_gazebo/share/turtlebot3_gazebo/cmake/ament_cmake_export_dependencies-extras.cmake
[4.094s] -- Symlinking: /home/jonasvinol/Desktop/G1FinalProject/install/turtlebot3_gazebo/share/turtlebot3_gazebo/cmake/turtlebot3_gazeboConfig.cmake
[4.103s] -- Symlinking: /home/jonasvinol/Desktop/G1FinalProject/install/turtlebot3_gazebo/share/turtlebot3_gazebo/cmake/turtlebot3_gazeboConfig-version.cmake
[4.112s] -- Symlinking: /home/jonasvinol/Desktop/G1FinalProject/install/turtlebot3_gazebo/share/turtlebot3_gazebo/package.xml
[4.127s] Invoked command in '/home/jonasvinol/Desktop/G1FinalProject/build/turtlebot3_gazebo' returned '0': CMAKE_PREFIX_PATH=/opt/ros/foxy /usr/bin/cmake --install /home/jonasvinol/Desktop/G1FinalProject/build/turtlebot3_gazebo
