[0.031s] Invoking command in '/home/jonasvinol/Desktop/G1FinalProject/build/turtlebot3_fake_node': CMAKE_PREFIX_PATH=/opt/ros/foxy /usr/bin/cmake /home/jonasvinol/Desktop/G1FinalProject/src/turtlebot3_simulations/turtlebot3_fake_node -DAMENT_CMAKE_SYMLINK_INSTALL=1 -DCMAKE_INSTALL_PREFIX=/home/jonasvinol/Desktop/G1FinalProject/install/turtlebot3_fake_node
[0.728s] -- The C compiler identification is GNU 9.4.0
[1.199s] -- The CXX compiler identification is GNU 9.4.0
[1.207s] -- Check for working C compiler: /usr/bin/cc
[1.308s] -- Check for working C compiler: /usr/bin/cc -- works
[1.309s] -- Detecting C compiler ABI info
[1.424s] -- Detecting C compiler ABI info - done
[1.446s] -- Detecting C compile features
[1.446s] -- Detecting C compile features - done
[1.450s] -- Check for working CXX compiler: /usr/bin/c++
[1.546s] -- Check for working CXX compiler: /usr/bin/c++ -- works
[1.548s] -- Detecting CXX compiler ABI info
[1.646s] -- Detecting CXX compiler ABI info - done
[1.670s] -- Detecting CXX compile features
[1.671s] -- Detecting CXX compile features - done
[1.674s] -- Found ament_cmake: 0.9.11 (/opt/ros/foxy/share/ament_cmake/cmake)
[1.706s] -- Found PythonInterp: /usr/bin/python3 (found suitable version "3.8.10", minimum required is "3") 
[1.708s] -- Using PYTHON_EXECUTABLE: /usr/bin/python3
[1.955s] -- Override CMake install command with custom implementation using symlinks instead of copying resources
[1.989s] -- Found geometry_msgs: 2.0.5 (/opt/ros/foxy/share/geometry_msgs/cmake)
[2.042s] -- Using all available rosidl_typesupport_c: rosidl_typesupport_fastrtps_c;rosidl_typesupport_introspection_c
[2.054s] -- Found rosidl_adapter: 1.3.0 (/opt/ros/foxy/share/rosidl_adapter/cmake)
[2.149s] -- Found OpenSSL: /usr/lib/x86_64-linux-gnu/libcrypto.so (found version "1.1.1f")  
[2.198s] -- Found FastRTPS: /opt/ros/foxy/include  
[2.318s] -- Using all available rosidl_typesupport_cpp: rosidl_typesupport_fastrtps_cpp;rosidl_typesupport_introspection_cpp
[2.481s] -- Found nav_msgs: 2.0.5 (/opt/ros/foxy/share/nav_msgs/cmake)
[2.614s] -- Found rclcpp: 2.4.2 (/opt/ros/foxy/share/rclcpp/cmake)
[2.691s] -- Found rmw_implementation_cmake: 1.0.3 (/opt/ros/foxy/share/rmw_implementation_cmake/cmake)
[2.692s] -- Using RMW implementation 'rmw_fastrtps_cpp' as default
[2.693s] -- Looking for pthread.h
[2.781s] -- Looking for pthread.h - found
[2.781s] -- Performing Test CMAKE_HAVE_LIBC_PTHREAD
[2.870s] -- Performing Test CMAKE_HAVE_LIBC_PTHREAD - Failed
[2.870s] -- Looking for pthread_create in pthreads
[2.940s] -- Looking for pthread_create in pthreads - not found
[2.940s] -- Looking for pthread_create in pthread
[3.024s] -- Looking for pthread_create in pthread - found
[3.025s] -- Found Threads: TRUE  
[3.279s] -- Found sensor_msgs: 2.0.5 (/opt/ros/foxy/share/sensor_msgs/cmake)
[3.414s] -- Found tf2: 0.13.13 (/opt/ros/foxy/share/tf2/cmake)
[3.434s] -- Found tf2_msgs: 0.13.13 (/opt/ros/foxy/share/tf2_msgs/cmake)
[3.782s] -- Found turtlebot3_msgs: 2.2.1 (/opt/ros/foxy/share/turtlebot3_msgs/cmake)
[4.044s] -- Configuring done
[4.067s] -- Generating done
[4.069s] -- Build files have been written to: /home/jonasvinol/Desktop/G1FinalProject/build/turtlebot3_fake_node
[4.080s] Invoked command in '/home/jonasvinol/Desktop/G1FinalProject/build/turtlebot3_fake_node' returned '0': CMAKE_PREFIX_PATH=/opt/ros/foxy /usr/bin/cmake /home/jonasvinol/Desktop/G1FinalProject/src/turtlebot3_simulations/turtlebot3_fake_node -DAMENT_CMAKE_SYMLINK_INSTALL=1 -DCMAKE_INSTALL_PREFIX=/home/jonasvinol/Desktop/G1FinalProject/install/turtlebot3_fake_node
[4.081s] Invoking command in '/home/jonasvinol/Desktop/G1FinalProject/build/turtlebot3_fake_node': CMAKE_PREFIX_PATH=/opt/ros/foxy /usr/bin/cmake --build /home/jonasvinol/Desktop/G1FinalProject/build/turtlebot3_fake_node -- -j6 -l6
[4.125s] [35m[1mScanning dependencies of target turtlebot3_fake_node[0m
[4.184s] [ 50%] [32mBuilding CXX object CMakeFiles/turtlebot3_fake_node.dir/src/turtlebot3_fake_node.cpp.o[0m
[14.558s] [100%] [32m[1mLinking CXX executable turtlebot3_fake_node[0m
[15.287s] [100%] Built target turtlebot3_fake_node
[15.332s] Invoked command in '/home/jonasvinol/Desktop/G1FinalProject/build/turtlebot3_fake_node' returned '0': CMAKE_PREFIX_PATH=/opt/ros/foxy /usr/bin/cmake --build /home/jonasvinol/Desktop/G1FinalProject/build/turtlebot3_fake_node -- -j6 -l6
[15.465s] Invoking command in '/home/jonasvinol/Desktop/G1FinalProject/build/turtlebot3_fake_node': CMAKE_PREFIX_PATH=/opt/ros/foxy /usr/bin/cmake --install /home/jonasvinol/Desktop/G1FinalProject/build/turtlebot3_fake_node
[15.474s] -- Install configuration: ""
[15.475s] -- Execute custom install script
[15.475s] -- Symlinking: /home/jonasvinol/Desktop/G1FinalProject/install/turtlebot3_fake_node/lib/turtlebot3_fake_node/turtlebot3_fake_node
[15.489s] -- Symlinking: /home/jonasvinol/Desktop/G1FinalProject/install/turtlebot3_fake_node/share/turtlebot3_fake_node/launch/rviz2.launch.py
[15.508s] -- Symlinking: /home/jonasvinol/Desktop/G1FinalProject/install/turtlebot3_fake_node/share/turtlebot3_fake_node/launch/turtlebot3_fake_node.launch.py
[15.523s] -- Symlinking: /home/jonasvinol/Desktop/G1FinalProject/install/turtlebot3_fake_node/share/turtlebot3_fake_node/param/burger.yaml
[15.532s] -- Symlinking: /home/jonasvinol/Desktop/G1FinalProject/install/turtlebot3_fake_node/share/turtlebot3_fake_node/param/waffle.yaml
[15.543s] -- Symlinking: /home/jonasvinol/Desktop/G1FinalProject/install/turtlebot3_fake_node/share/turtlebot3_fake_node/param/waffle_pi.yaml
[15.558s] -- Symlinking: /home/jonasvinol/Desktop/G1FinalProject/install/turtlebot3_fake_node/share/turtlebot3_fake_node/rviz/model.rviz
[15.589s] -- Symlinking: /home/jonasvinol/Desktop/G1FinalProject/install/turtlebot3_fake_node/include//turtlebot3_fake_node/turtlebot3_fake_node.hpp
[15.607s] -- Symlinking: /home/jonasvinol/Desktop/G1FinalProject/install/turtlebot3_fake_node/share/ament_index/resource_index/package_run_dependencies/turtlebot3_fake_node
[15.625s] -- Symlinking: /home/jonasvinol/Desktop/G1FinalProject/install/turtlebot3_fake_node/share/ament_index/resource_index/parent_prefix_path/turtlebot3_fake_node
[15.641s] -- Symlinking: /home/jonasvinol/Desktop/G1FinalProject/install/turtlebot3_fake_node/share/turtlebot3_fake_node/environment/ament_prefix_path.sh
[15.654s] -- Symlinking: /home/jonasvinol/Desktop/G1FinalProject/install/turtlebot3_fake_node/share/turtlebot3_fake_node/environment/ament_prefix_path.dsv
[15.679s] -- Symlinking: /home/jonasvinol/Desktop/G1FinalProject/install/turtlebot3_fake_node/share/turtlebot3_fake_node/environment/path.sh
[15.683s] -- Symlinking: /home/jonasvinol/Desktop/G1FinalProject/install/turtlebot3_fake_node/share/turtlebot3_fake_node/environment/path.dsv
[15.692s] -- Symlinking: /home/jonasvinol/Desktop/G1FinalProject/install/turtlebot3_fake_node/share/turtlebot3_fake_node/local_setup.bash
[15.704s] -- Symlinking: /home/jonasvinol/Desktop/G1FinalProject/install/turtlebot3_fake_node/share/turtlebot3_fake_node/local_setup.sh
[15.728s] -- Symlinking: /home/jonasvinol/Desktop/G1FinalProject/install/turtlebot3_fake_node/share/turtlebot3_fake_node/local_setup.zsh
[15.741s] -- Symlinking: /home/jonasvinol/Desktop/G1FinalProject/install/turtlebot3_fake_node/share/turtlebot3_fake_node/local_setup.dsv
[15.756s] -- Symlinking: /home/jonasvinol/Desktop/G1FinalProject/install/turtlebot3_fake_node/share/turtlebot3_fake_node/package.dsv
[15.782s] -- Symlinking: /home/jonasvinol/Desktop/G1FinalProject/install/turtlebot3_fake_node/share/ament_index/resource_index/packages/turtlebot3_fake_node
[15.803s] -- Symlinking: /home/jonasvinol/Desktop/G1FinalProject/install/turtlebot3_fake_node/share/turtlebot3_fake_node/cmake/ament_cmake_export_include_directories-extras.cmake
[15.825s] -- Symlinking: /home/jonasvinol/Desktop/G1FinalProject/install/turtlebot3_fake_node/share/turtlebot3_fake_node/cmake/ament_cmake_export_dependencies-extras.cmake
[15.851s] -- Symlinking: /home/jonasvinol/Desktop/G1FinalProject/install/turtlebot3_fake_node/share/turtlebot3_fake_node/cmake/turtlebot3_fake_nodeConfig.cmake
[15.872s] -- Symlinking: /home/jonasvinol/Desktop/G1FinalProject/install/turtlebot3_fake_node/share/turtlebot3_fake_node/cmake/turtlebot3_fake_nodeConfig-version.cmake
[15.910s] -- Symlinking: /home/jonasvinol/Desktop/G1FinalProject/install/turtlebot3_fake_node/share/turtlebot3_fake_node/package.xml
[15.936s] Invoked command in '/home/jonasvinol/Desktop/G1FinalProject/build/turtlebot3_fake_node' returned '0': CMAKE_PREFIX_PATH=/opt/ros/foxy /usr/bin/cmake --install /home/jonasvinol/Desktop/G1FinalProject/build/turtlebot3_fake_node
