[0.010s] Invoking command in '/home/jonasvinol/Desktop/G1FinalProject/build/turtlebot3_simulations': AMENT_PREFIX_PATH=/home/jonasvinol/Desktop/G1FinalProject/install/turtlebot3_gazebo:/home/jonasvinol/Desktop/G1FinalProject/install/turtlebot3_fake_node:${AMENT_PREFIX_PATH} CMAKE_PREFIX_PATH=/home/jonasvinol/Desktop/G1FinalProject/install/turtlebot3_gazebo:/home/jonasvinol/Desktop/G1FinalProject/install/turtlebot3_fake_node:/opt/ros/foxy /usr/bin/cmake /home/jonasvinol/Desktop/G1FinalProject/src/turtlebot3_simulations/turtlebot3_simulations -DCMAKE_INSTALL_PREFIX=/home/jonasvinol/Desktop/G1FinalProject/install/turtlebot3_simulations
[0.082s] -- The C compiler identification is GNU 9.4.0
[0.151s] -- The CXX compiler identification is GNU 9.4.0
[0.158s] -- Check for working C compiler: /usr/bin/cc
[0.233s] -- Check for working C compiler: /usr/bin/cc -- works
[0.234s] -- Detecting C compiler ABI info
[0.327s] -- Detecting C compiler ABI info - done
[0.349s] -- Detecting C compile features
[0.349s] -- Detecting C compile features - done
[0.353s] -- Check for working CXX compiler: /usr/bin/c++
[0.443s] -- Check for working CXX compiler: /usr/bin/c++ -- works
[0.445s] -- Detecting CXX compiler ABI info
[0.543s] -- Detecting CXX compiler ABI info - done
[0.568s] -- Detecting CXX compile features
[0.568s] -- Detecting CXX compile features - done
[0.571s] -- Found ament_cmake: 0.9.11 (/opt/ros/foxy/share/ament_cmake/cmake)
[0.601s] -- Found PythonInterp: /usr/bin/python3 (found suitable version "3.8.10", minimum required is "3") 
[0.602s] -- Using PYTHON_EXECUTABLE: /usr/bin/python3
[0.956s] -- Configuring done
[0.959s] -- Generating done
[0.960s] -- Build files have been written to: /home/jonasvinol/Desktop/G1FinalProject/build/turtlebot3_simulations
[0.964s] Invoked command in '/home/jonasvinol/Desktop/G1FinalProject/build/turtlebot3_simulations' returned '0': AMENT_PREFIX_PATH=/home/jonasvinol/Desktop/G1FinalProject/install/turtlebot3_gazebo:/home/jonasvinol/Desktop/G1FinalProject/install/turtlebot3_fake_node:${AMENT_PREFIX_PATH} CMAKE_PREFIX_PATH=/home/jonasvinol/Desktop/G1FinalProject/install/turtlebot3_gazebo:/home/jonasvinol/Desktop/G1FinalProject/install/turtlebot3_fake_node:/opt/ros/foxy /usr/bin/cmake /home/jonasvinol/Desktop/G1FinalProject/src/turtlebot3_simulations/turtlebot3_simulations -DCMAKE_INSTALL_PREFIX=/home/jonasvinol/Desktop/G1FinalProject/install/turtlebot3_simulations
[0.967s] Invoking command in '/home/jonasvinol/Desktop/G1FinalProject/build/turtlebot3_simulations': AMENT_PREFIX_PATH=/home/jonasvinol/Desktop/G1FinalProject/install/turtlebot3_gazebo:/home/jonasvinol/Desktop/G1FinalProject/install/turtlebot3_fake_node:${AMENT_PREFIX_PATH} CMAKE_PREFIX_PATH=/home/jonasvinol/Desktop/G1FinalProject/install/turtlebot3_gazebo:/home/jonasvinol/Desktop/G1FinalProject/install/turtlebot3_fake_node:/opt/ros/foxy /usr/bin/cmake --build /home/jonasvinol/Desktop/G1FinalProject/build/turtlebot3_simulations -- -j6 -l6
[1.006s] Invoked command in '/home/jonasvinol/Desktop/G1FinalProject/build/turtlebot3_simulations' returned '0': AMENT_PREFIX_PATH=/home/jonasvinol/Desktop/G1FinalProject/install/turtlebot3_gazebo:/home/jonasvinol/Desktop/G1FinalProject/install/turtlebot3_fake_node:${AMENT_PREFIX_PATH} CMAKE_PREFIX_PATH=/home/jonasvinol/Desktop/G1FinalProject/install/turtlebot3_gazebo:/home/jonasvinol/Desktop/G1FinalProject/install/turtlebot3_fake_node:/opt/ros/foxy /usr/bin/cmake --build /home/jonasvinol/Desktop/G1FinalProject/build/turtlebot3_simulations -- -j6 -l6
[1.031s] Invoking command in '/home/jonasvinol/Desktop/G1FinalProject/build/turtlebot3_simulations': AMENT_PREFIX_PATH=/home/jonasvinol/Desktop/G1FinalProject/install/turtlebot3_gazebo:/home/jonasvinol/Desktop/G1FinalProject/install/turtlebot3_fake_node:${AMENT_PREFIX_PATH} CMAKE_PREFIX_PATH=/home/jonasvinol/Desktop/G1FinalProject/install/turtlebot3_gazebo:/home/jonasvinol/Desktop/G1FinalProject/install/turtlebot3_fake_node:/opt/ros/foxy /usr/bin/cmake --install /home/jonasvinol/Desktop/G1FinalProject/build/turtlebot3_simulations
[1.040s] -- Install configuration: ""
[1.040s] -- Installing: /home/jonasvinol/Desktop/G1FinalProject/install/turtlebot3_simulations/share/ament_index/resource_index/package_run_dependencies/turtlebot3_simulations
[1.040s] -- Installing: /home/jonasvinol/Desktop/G1FinalProject/install/turtlebot3_simulations/share/ament_index/resource_index/parent_prefix_path/turtlebot3_simulations
[1.040s] -- Installing: /home/jonasvinol/Desktop/G1FinalProject/install/turtlebot3_simulations/share/turtlebot3_simulations/environment/ament_prefix_path.sh
[1.040s] -- Installing: /home/jonasvinol/Desktop/G1FinalProject/install/turtlebot3_simulations/share/turtlebot3_simulations/environment/ament_prefix_path.dsv
[1.041s] -- Installing: /home/jonasvinol/Desktop/G1FinalProject/install/turtlebot3_simulations/share/turtlebot3_simulations/environment/path.sh
[1.041s] -- Installing: /home/jonasvinol/Desktop/G1FinalProject/install/turtlebot3_simulations/share/turtlebot3_simulations/environment/path.dsv
[1.041s] -- Installing: /home/jonasvinol/Desktop/G1FinalProject/install/turtlebot3_simulations/share/turtlebot3_simulations/local_setup.bash
[1.041s] -- Installing: /home/jonasvinol/Desktop/G1FinalProject/install/turtlebot3_simulations/share/turtlebot3_simulations/local_setup.sh
[1.041s] -- Installing: /home/jonasvinol/Desktop/G1FinalProject/install/turtlebot3_simulations/share/turtlebot3_simulations/local_setup.zsh
[1.041s] -- Installing: /home/jonasvinol/Desktop/G1FinalProject/install/turtlebot3_simulations/share/turtlebot3_simulations/local_setup.dsv
[1.041s] -- Installing: /home/jonasvinol/Desktop/G1FinalProject/install/turtlebot3_simulations/share/turtlebot3_simulations/package.dsv
[1.042s] -- Installing: /home/jonasvinol/Desktop/G1FinalProject/install/turtlebot3_simulations/share/ament_index/resource_index/packages/turtlebot3_simulations
[1.042s] -- Installing: /home/jonasvinol/Desktop/G1FinalProject/install/turtlebot3_simulations/share/turtlebot3_simulations/cmake/turtlebot3_simulationsConfig.cmake
[1.042s] -- Installing: /home/jonasvinol/Desktop/G1FinalProject/install/turtlebot3_simulations/share/turtlebot3_simulations/cmake/turtlebot3_simulationsConfig-version.cmake
[1.042s] -- Installing: /home/jonasvinol/Desktop/G1FinalProject/install/turtlebot3_simulations/share/turtlebot3_simulations/package.xml
[1.048s] Invoked command in '/home/jonasvinol/Desktop/G1FinalProject/build/turtlebot3_simulations' returned '0': AMENT_PREFIX_PATH=/home/jonasvinol/Desktop/G1FinalProject/install/turtlebot3_gazebo:/home/jonasvinol/Desktop/G1FinalProject/install/turtlebot3_fake_node:${AMENT_PREFIX_PATH} CMAKE_PREFIX_PATH=/home/jonasvinol/Desktop/G1FinalProject/install/turtlebot3_gazebo:/home/jonasvinol/Desktop/G1FinalProject/install/turtlebot3_fake_node:/opt/ros/foxy /usr/bin/cmake --install /home/jonasvinol/Desktop/G1FinalProject/build/turtlebot3_simulations
