[0.251s] DEBUG:colcon:Command line arguments: ['/usr/bin/colcon', 'build', '--symlink-install']
[0.252s] DEBUG:colcon:Parsed command line arguments: Namespace(allow_overriding=[], ament_cmake_args=None, base_paths=['.'], build_base='build', catkin_cmake_args=None, catkin_skip_building_tests=False, cmake_args=None, cmake_clean_cache=False, cmake_clean_first=False, cmake_force_configure=False, cmake_target=None, cmake_target_skip_unavailable=False, continue_on_error=False, event_handlers=None, executor='parallel', ignore_user_meta=False, install_base='install', log_base=None, log_level=None, main=<bound method BuildVerb.main of <colcon_core.verb.build.BuildVerb object at 0x7f9785a653d0>>, merge_install=False, metas=['./colcon.meta'], packages_above=None, packages_above_and_dependencies=None, packages_above_depth=None, packages_end=None, packages_ignore=None, packages_ignore_regex=None, packages_select=None, packages_select_build_failed=False, packages_select_by_dep=None, packages_select_regex=None, packages_select_test_failures=False, packages_skip=None, packages_skip_build_finished=False, packages_skip_by_dep=None, packages_skip_regex=None, packages_skip_test_passed=False, packages_skip_up_to=None, packages_start=None, packages_up_to=None, packages_up_to_regex=None, parallel_workers=6, paths=None, symlink_install=True, test_result_base=None, verb_extension=<colcon_core.verb.build.BuildVerb object at 0x7f9785a653d0>, verb_name='build', verb_parser=<colcon_defaults.argument_parser.defaults.DefaultArgumentsDecorator object at 0x7f9785a65910>)
[0.309s] Level 1:colcon.colcon_core.package_discovery:discover_packages(colcon_meta) check parameters
[0.309s] Level 1:colcon.colcon_core.package_discovery:discover_packages(recursive) check parameters
[0.310s] Level 1:colcon.colcon_core.package_discovery:discover_packages(ignore) check parameters
[0.310s] Level 1:colcon.colcon_core.package_discovery:discover_packages(path) check parameters
[0.310s] Level 1:colcon.colcon_core.package_discovery:discover_packages(colcon_meta) discover
[0.310s] Level 1:colcon.colcon_core.package_discovery:discover_packages(recursive) discover
[0.310s] INFO:colcon.colcon_core.package_discovery:Crawling recursively for packages in '/home/jonasvinol/Desktop/G1FinalProject'
[0.310s] Level 1:colcon.colcon_core.package_identification:_identify(.) by extensions ['ignore', 'ignore_ament_install']
[0.310s] Level 1:colcon.colcon_core.package_identification:_identify(.) by extension 'ignore'
[0.310s] Level 1:colcon.colcon_core.package_identification:_identify(.) by extension 'ignore_ament_install'
[0.310s] Level 1:colcon.colcon_core.package_identification:_identify(.) by extensions ['colcon_pkg']
[0.310s] Level 1:colcon.colcon_core.package_identification:_identify(.) by extension 'colcon_pkg'
[0.310s] Level 1:colcon.colcon_core.package_identification:_identify(.) by extensions ['colcon_meta']
[0.310s] Level 1:colcon.colcon_core.package_identification:_identify(.) by extension 'colcon_meta'
[0.310s] Level 1:colcon.colcon_core.package_identification:_identify(.) by extensions ['ros']
[0.310s] Level 1:colcon.colcon_core.package_identification:_identify(.) by extension 'ros'
[0.326s] Level 1:colcon.colcon_core.package_identification:_identify(.) by extensions ['cmake', 'python']
[0.326s] Level 1:colcon.colcon_core.package_identification:_identify(.) by extension 'cmake'
[0.326s] Level 1:colcon.colcon_core.package_identification:_identify(.) by extension 'python'
[0.326s] Level 1:colcon.colcon_core.package_identification:_identify(.) by extensions ['python_setup_py']
[0.326s] Level 1:colcon.colcon_core.package_identification:_identify(.) by extension 'python_setup_py'
[0.326s] Level 1:colcon.colcon_core.package_identification:_identify(build) by extensions ['ignore', 'ignore_ament_install']
[0.326s] Level 1:colcon.colcon_core.package_identification:_identify(build) by extension 'ignore'
[0.326s] Level 1:colcon.colcon_core.package_identification:_identify(build) ignored
[0.326s] Level 1:colcon.colcon_core.package_identification:_identify(install) by extensions ['ignore', 'ignore_ament_install']
[0.327s] Level 1:colcon.colcon_core.package_identification:_identify(install) by extension 'ignore'
[0.327s] Level 1:colcon.colcon_core.package_identification:_identify(install) ignored
[0.327s] Level 1:colcon.colcon_core.package_identification:_identify(launch) by extensions ['ignore', 'ignore_ament_install']
[0.327s] Level 1:colcon.colcon_core.package_identification:_identify(launch) by extension 'ignore'
[0.327s] Level 1:colcon.colcon_core.package_identification:_identify(launch) by extension 'ignore_ament_install'
[0.327s] Level 1:colcon.colcon_core.package_identification:_identify(launch) by extensions ['colcon_pkg']
[0.327s] Level 1:colcon.colcon_core.package_identification:_identify(launch) by extension 'colcon_pkg'
[0.327s] Level 1:colcon.colcon_core.package_identification:_identify(launch) by extensions ['colcon_meta']
[0.327s] Level 1:colcon.colcon_core.package_identification:_identify(launch) by extension 'colcon_meta'
[0.327s] Level 1:colcon.colcon_core.package_identification:_identify(launch) by extensions ['ros']
[0.327s] Level 1:colcon.colcon_core.package_identification:_identify(launch) by extension 'ros'
[0.327s] Level 1:colcon.colcon_core.package_identification:_identify(launch) by extensions ['cmake', 'python']
[0.327s] Level 1:colcon.colcon_core.package_identification:_identify(launch) by extension 'cmake'
[0.327s] Level 1:colcon.colcon_core.package_identification:_identify(launch) by extension 'python'
[0.328s] Level 1:colcon.colcon_core.package_identification:_identify(launch) by extensions ['python_setup_py']
[0.328s] Level 1:colcon.colcon_core.package_identification:_identify(launch) by extension 'python_setup_py'
[0.328s] Level 1:colcon.colcon_core.package_identification:_identify(log) by extensions ['ignore', 'ignore_ament_install']
[0.328s] Level 1:colcon.colcon_core.package_identification:_identify(log) by extension 'ignore'
[0.328s] Level 1:colcon.colcon_core.package_identification:_identify(log) ignored
[0.328s] Level 1:colcon.colcon_core.package_identification:_identify(src) by extensions ['ignore', 'ignore_ament_install']
[0.328s] Level 1:colcon.colcon_core.package_identification:_identify(src) by extension 'ignore'
[0.328s] Level 1:colcon.colcon_core.package_identification:_identify(src) by extension 'ignore_ament_install'
[0.328s] Level 1:colcon.colcon_core.package_identification:_identify(src) by extensions ['colcon_pkg']
[0.328s] Level 1:colcon.colcon_core.package_identification:_identify(src) by extension 'colcon_pkg'
[0.328s] Level 1:colcon.colcon_core.package_identification:_identify(src) by extensions ['colcon_meta']
[0.328s] Level 1:colcon.colcon_core.package_identification:_identify(src) by extension 'colcon_meta'
[0.328s] Level 1:colcon.colcon_core.package_identification:_identify(src) by extensions ['ros']
[0.329s] Level 1:colcon.colcon_core.package_identification:_identify(src) by extension 'ros'
[0.329s] Level 1:colcon.colcon_core.package_identification:_identify(src) by extensions ['cmake', 'python']
[0.329s] Level 1:colcon.colcon_core.package_identification:_identify(src) by extension 'cmake'
[0.329s] Level 1:colcon.colcon_core.package_identification:_identify(src) by extension 'python'
[0.329s] Level 1:colcon.colcon_core.package_identification:_identify(src) by extensions ['python_setup_py']
[0.329s] Level 1:colcon.colcon_core.package_identification:_identify(src) by extension 'python_setup_py'
[0.329s] Level 1:colcon.colcon_core.package_identification:_identify(src/turtlebot3_simulations) by extensions ['ignore', 'ignore_ament_install']
[0.329s] Level 1:colcon.colcon_core.package_identification:_identify(src/turtlebot3_simulations) by extension 'ignore'
[0.329s] Level 1:colcon.colcon_core.package_identification:_identify(src/turtlebot3_simulations) by extension 'ignore_ament_install'
[0.329s] Level 1:colcon.colcon_core.package_identification:_identify(src/turtlebot3_simulations) by extensions ['colcon_pkg']
[0.329s] Level 1:colcon.colcon_core.package_identification:_identify(src/turtlebot3_simulations) by extension 'colcon_pkg'
[0.329s] Level 1:colcon.colcon_core.package_identification:_identify(src/turtlebot3_simulations) by extensions ['colcon_meta']
[0.329s] Level 1:colcon.colcon_core.package_identification:_identify(src/turtlebot3_simulations) by extension 'colcon_meta'
[0.329s] Level 1:colcon.colcon_core.package_identification:_identify(src/turtlebot3_simulations) by extensions ['ros']
[0.329s] Level 1:colcon.colcon_core.package_identification:_identify(src/turtlebot3_simulations) by extension 'ros'
[0.330s] Level 1:colcon.colcon_core.package_identification:_identify(src/turtlebot3_simulations) by extensions ['cmake', 'python']
[0.330s] Level 1:colcon.colcon_core.package_identification:_identify(src/turtlebot3_simulations) by extension 'cmake'
[0.330s] Level 1:colcon.colcon_core.package_identification:_identify(src/turtlebot3_simulations) by extension 'python'
[0.330s] Level 1:colcon.colcon_core.package_identification:_identify(src/turtlebot3_simulations) by extensions ['python_setup_py']
[0.330s] Level 1:colcon.colcon_core.package_identification:_identify(src/turtlebot3_simulations) by extension 'python_setup_py'
[0.330s] Level 1:colcon.colcon_core.package_identification:_identify(src/turtlebot3_simulations/turtlebot3_fake_node) by extensions ['ignore', 'ignore_ament_install']
[0.330s] Level 1:colcon.colcon_core.package_identification:_identify(src/turtlebot3_simulations/turtlebot3_fake_node) by extension 'ignore'
[0.330s] Level 1:colcon.colcon_core.package_identification:_identify(src/turtlebot3_simulations/turtlebot3_fake_node) by extension 'ignore_ament_install'
[0.330s] Level 1:colcon.colcon_core.package_identification:_identify(src/turtlebot3_simulations/turtlebot3_fake_node) by extensions ['colcon_pkg']
[0.330s] Level 1:colcon.colcon_core.package_identification:_identify(src/turtlebot3_simulations/turtlebot3_fake_node) by extension 'colcon_pkg'
[0.330s] Level 1:colcon.colcon_core.package_identification:_identify(src/turtlebot3_simulations/turtlebot3_fake_node) by extensions ['colcon_meta']
[0.330s] Level 1:colcon.colcon_core.package_identification:_identify(src/turtlebot3_simulations/turtlebot3_fake_node) by extension 'colcon_meta'
[0.330s] Level 1:colcon.colcon_core.package_identification:_identify(src/turtlebot3_simulations/turtlebot3_fake_node) by extensions ['ros']
[0.330s] Level 1:colcon.colcon_core.package_identification:_identify(src/turtlebot3_simulations/turtlebot3_fake_node) by extension 'ros'
[0.335s] DEBUG:colcon.colcon_core.package_identification:Package 'src/turtlebot3_simulations/turtlebot3_fake_node' with type 'ros.ament_cmake' and name 'turtlebot3_fake_node'
[0.335s] Level 1:colcon.colcon_core.package_identification:_identify(src/turtlebot3_simulations/turtlebot3_gazebo) by extensions ['ignore', 'ignore_ament_install']
[0.335s] Level 1:colcon.colcon_core.package_identification:_identify(src/turtlebot3_simulations/turtlebot3_gazebo) by extension 'ignore'
[0.336s] Level 1:colcon.colcon_core.package_identification:_identify(src/turtlebot3_simulations/turtlebot3_gazebo) by extension 'ignore_ament_install'
[0.336s] Level 1:colcon.colcon_core.package_identification:_identify(src/turtlebot3_simulations/turtlebot3_gazebo) by extensions ['colcon_pkg']
[0.336s] Level 1:colcon.colcon_core.package_identification:_identify(src/turtlebot3_simulations/turtlebot3_gazebo) by extension 'colcon_pkg'
[0.336s] Level 1:colcon.colcon_core.package_identification:_identify(src/turtlebot3_simulations/turtlebot3_gazebo) by extensions ['colcon_meta']
[0.336s] Level 1:colcon.colcon_core.package_identification:_identify(src/turtlebot3_simulations/turtlebot3_gazebo) by extension 'colcon_meta'
[0.336s] Level 1:colcon.colcon_core.package_identification:_identify(src/turtlebot3_simulations/turtlebot3_gazebo) by extensions ['ros']
[0.336s] Level 1:colcon.colcon_core.package_identification:_identify(src/turtlebot3_simulations/turtlebot3_gazebo) by extension 'ros'
[0.338s] DEBUG:colcon.colcon_core.package_identification:Package 'src/turtlebot3_simulations/turtlebot3_gazebo' with type 'ros.ament_cmake' and name 'turtlebot3_gazebo'
[0.338s] Level 1:colcon.colcon_core.package_identification:_identify(src/turtlebot3_simulations/turtlebot3_simulations) by extensions ['ignore', 'ignore_ament_install']
[0.338s] Level 1:colcon.colcon_core.package_identification:_identify(src/turtlebot3_simulations/turtlebot3_simulations) by extension 'ignore'
[0.338s] Level 1:colcon.colcon_core.package_identification:_identify(src/turtlebot3_simulations/turtlebot3_simulations) by extension 'ignore_ament_install'
[0.338s] Level 1:colcon.colcon_core.package_identification:_identify(src/turtlebot3_simulations/turtlebot3_simulations) by extensions ['colcon_pkg']
[0.338s] Level 1:colcon.colcon_core.package_identification:_identify(src/turtlebot3_simulations/turtlebot3_simulations) by extension 'colcon_pkg'
[0.338s] Level 1:colcon.colcon_core.package_identification:_identify(src/turtlebot3_simulations/turtlebot3_simulations) by extensions ['colcon_meta']
[0.338s] Level 1:colcon.colcon_core.package_identification:_identify(src/turtlebot3_simulations/turtlebot3_simulations) by extension 'colcon_meta'
[0.338s] Level 1:colcon.colcon_core.package_identification:_identify(src/turtlebot3_simulations/turtlebot3_simulations) by extensions ['ros']
[0.339s] Level 1:colcon.colcon_core.package_identification:_identify(src/turtlebot3_simulations/turtlebot3_simulations) by extension 'ros'
[0.339s] DEBUG:colcon.colcon_core.package_identification:Package 'src/turtlebot3_simulations/turtlebot3_simulations' with type 'ros.ament_cmake' and name 'turtlebot3_simulations'
[0.339s] Level 1:colcon.colcon_core.package_discovery:discover_packages(recursive) using defaults
[0.340s] Level 1:colcon.colcon_core.package_discovery:discover_packages(ignore) discover
[0.340s] Level 1:colcon.colcon_core.package_discovery:discover_packages(ignore) using defaults
[0.340s] Level 1:colcon.colcon_core.package_discovery:discover_packages(path) discover
[0.340s] Level 1:colcon.colcon_core.package_discovery:discover_packages(path) using defaults
[0.427s] Level 1:colcon.colcon_core.package_discovery:discover_packages(prefix_path) check parameters
[0.427s] Level 1:colcon.colcon_core.package_discovery:discover_packages(prefix_path) discover
[0.432s] DEBUG:colcon.colcon_installed_package_information.package_discovery:Found 312 installed packages in /opt/ros/foxy
[0.435s] Level 1:colcon.colcon_core.package_discovery:discover_packages(prefix_path) using defaults
[0.552s] Level 5:colcon.colcon_core.verb:set package 'turtlebot3_fake_node' build argument 'cmake_args' from command line to 'None'
[0.552s] Level 5:colcon.colcon_core.verb:set package 'turtlebot3_fake_node' build argument 'cmake_target' from command line to 'None'
[0.552s] Level 5:colcon.colcon_core.verb:set package 'turtlebot3_fake_node' build argument 'cmake_target_skip_unavailable' from command line to 'False'
[0.552s] Level 5:colcon.colcon_core.verb:set package 'turtlebot3_fake_node' build argument 'cmake_clean_cache' from command line to 'False'
[0.552s] Level 5:colcon.colcon_core.verb:set package 'turtlebot3_fake_node' build argument 'cmake_clean_first' from command line to 'False'
[0.552s] Level 5:colcon.colcon_core.verb:set package 'turtlebot3_fake_node' build argument 'cmake_force_configure' from command line to 'False'
[0.552s] Level 5:colcon.colcon_core.verb:set package 'turtlebot3_fake_node' build argument 'ament_cmake_args' from command line to 'None'
[0.552s] Level 5:colcon.colcon_core.verb:set package 'turtlebot3_fake_node' build argument 'catkin_cmake_args' from command line to 'None'
[0.552s] Level 5:colcon.colcon_core.verb:set package 'turtlebot3_fake_node' build argument 'catkin_skip_building_tests' from command line to 'False'
[0.552s] DEBUG:colcon.colcon_core.verb:Building package 'turtlebot3_fake_node' with the following arguments: {'ament_cmake_args': None, 'build_base': '/home/jonasvinol/Desktop/G1FinalProject/build/turtlebot3_fake_node', 'catkin_cmake_args': None, 'catkin_skip_building_tests': False, 'cmake_args': None, 'cmake_clean_cache': False, 'cmake_clean_first': False, 'cmake_force_configure': False, 'cmake_target': None, 'cmake_target_skip_unavailable': False, 'install_base': '/home/jonasvinol/Desktop/G1FinalProject/install/turtlebot3_fake_node', 'merge_install': False, 'path': '/home/jonasvinol/Desktop/G1FinalProject/src/turtlebot3_simulations/turtlebot3_fake_node', 'symlink_install': True, 'test_result_base': None}
[0.554s] Level 5:colcon.colcon_core.verb:set package 'turtlebot3_gazebo' build argument 'cmake_args' from command line to 'None'
[0.554s] Level 5:colcon.colcon_core.verb:set package 'turtlebot3_gazebo' build argument 'cmake_target' from command line to 'None'
[0.554s] Level 5:colcon.colcon_core.verb:set package 'turtlebot3_gazebo' build argument 'cmake_target_skip_unavailable' from command line to 'False'
[0.554s] Level 5:colcon.colcon_core.verb:set package 'turtlebot3_gazebo' build argument 'cmake_clean_cache' from command line to 'False'
[0.554s] Level 5:colcon.colcon_core.verb:set package 'turtlebot3_gazebo' build argument 'cmake_clean_first' from command line to 'False'
[0.554s] Level 5:colcon.colcon_core.verb:set package 'turtlebot3_gazebo' build argument 'cmake_force_configure' from command line to 'False'
[0.554s] Level 5:colcon.colcon_core.verb:set package 'turtlebot3_gazebo' build argument 'ament_cmake_args' from command line to 'None'
[0.554s] Level 5:colcon.colcon_core.verb:set package 'turtlebot3_gazebo' build argument 'catkin_cmake_args' from command line to 'None'
[0.554s] Level 5:colcon.colcon_core.verb:set package 'turtlebot3_gazebo' build argument 'catkin_skip_building_tests' from command line to 'False'
[0.554s] DEBUG:colcon.colcon_core.verb:Building package 'turtlebot3_gazebo' with the following arguments: {'ament_cmake_args': None, 'build_base': '/home/jonasvinol/Desktop/G1FinalProject/build/turtlebot3_gazebo', 'catkin_cmake_args': None, 'catkin_skip_building_tests': False, 'cmake_args': None, 'cmake_clean_cache': False, 'cmake_clean_first': False, 'cmake_force_configure': False, 'cmake_target': None, 'cmake_target_skip_unavailable': False, 'install_base': '/home/jonasvinol/Desktop/G1FinalProject/install/turtlebot3_gazebo', 'merge_install': False, 'path': '/home/jonasvinol/Desktop/G1FinalProject/src/turtlebot3_simulations/turtlebot3_gazebo', 'symlink_install': True, 'test_result_base': None}
[0.555s] Level 5:colcon.colcon_core.verb:set package 'turtlebot3_simulations' build argument 'cmake_args' from command line to 'None'
[0.556s] Level 5:colcon.colcon_core.verb:set package 'turtlebot3_simulations' build argument 'cmake_target' from command line to 'None'
[0.556s] Level 5:colcon.colcon_core.verb:set package 'turtlebot3_simulations' build argument 'cmake_target_skip_unavailable' from command line to 'False'
[0.556s] Level 5:colcon.colcon_core.verb:set package 'turtlebot3_simulations' build argument 'cmake_clean_cache' from command line to 'False'
[0.556s] Level 5:colcon.colcon_core.verb:set package 'turtlebot3_simulations' build argument 'cmake_clean_first' from command line to 'False'
[0.556s] Level 5:colcon.colcon_core.verb:set package 'turtlebot3_simulations' build argument 'cmake_force_configure' from command line to 'False'
[0.556s] Level 5:colcon.colcon_core.verb:set package 'turtlebot3_simulations' build argument 'ament_cmake_args' from command line to 'None'
[0.556s] Level 5:colcon.colcon_core.verb:set package 'turtlebot3_simulations' build argument 'catkin_cmake_args' from command line to 'None'
[0.556s] Level 5:colcon.colcon_core.verb:set package 'turtlebot3_simulations' build argument 'catkin_skip_building_tests' from command line to 'False'
[0.556s] DEBUG:colcon.colcon_core.verb:Building package 'turtlebot3_simulations' with the following arguments: {'ament_cmake_args': None, 'build_base': '/home/jonasvinol/Desktop/G1FinalProject/build/turtlebot3_simulations', 'catkin_cmake_args': None, 'catkin_skip_building_tests': False, 'cmake_args': None, 'cmake_clean_cache': False, 'cmake_clean_first': False, 'cmake_force_configure': False, 'cmake_target': None, 'cmake_target_skip_unavailable': False, 'install_base': '/home/jonasvinol/Desktop/G1FinalProject/install/turtlebot3_simulations', 'merge_install': False, 'path': '/home/jonasvinol/Desktop/G1FinalProject/src/turtlebot3_simulations/turtlebot3_simulations', 'symlink_install': True, 'test_result_base': None}
[0.557s] INFO:colcon.colcon_core.executor:Executing jobs using 'parallel' executor
[0.563s] DEBUG:colcon.colcon_parallel_executor.executor.parallel:run_until_complete
[0.564s] INFO:colcon.colcon_ros.task.ament_cmake.build:Building ROS package in '/home/jonasvinol/Desktop/G1FinalProject/src/turtlebot3_simulations/turtlebot3_fake_node' with build type 'ament_cmake'
[0.564s] INFO:colcon.colcon_cmake.task.cmake.build:Building CMake package in '/home/jonasvinol/Desktop/G1FinalProject/src/turtlebot3_simulations/turtlebot3_fake_node'
[0.569s] INFO:colcon.colcon_core.plugin_system:Skipping extension 'colcon_core.shell.bat': Not used on non-Windows systems
[0.570s] INFO:colcon.colcon_core.shell:Skip shell extension 'powershell' for command environment: Not usable outside of PowerShell
[0.570s] DEBUG:colcon.colcon_core.shell:Skip shell extension 'dsv' for command environment
[0.576s] INFO:colcon.colcon_ros.task.ament_cmake.build:Building ROS package in '/home/jonasvinol/Desktop/G1FinalProject/src/turtlebot3_simulations/turtlebot3_gazebo' with build type 'ament_cmake'
[0.577s] INFO:colcon.colcon_cmake.task.cmake.build:Building CMake package in '/home/jonasvinol/Desktop/G1FinalProject/src/turtlebot3_simulations/turtlebot3_gazebo'
[0.579s] INFO:colcon.colcon_core.shell:Skip shell extension 'powershell' for command environment: Not usable outside of PowerShell
[0.579s] DEBUG:colcon.colcon_core.shell:Skip shell extension 'dsv' for command environment
[0.598s] DEBUG:colcon.colcon_core.event_handler.log_command:Invoking command in '/home/jonasvinol/Desktop/G1FinalProject/build/turtlebot3_fake_node': CMAKE_PREFIX_PATH=/opt/ros/foxy /usr/bin/cmake /home/jonasvinol/Desktop/G1FinalProject/src/turtlebot3_simulations/turtlebot3_fake_node -DAMENT_CMAKE_SYMLINK_INSTALL=1 -DCMAKE_INSTALL_PREFIX=/home/jonasvinol/Desktop/G1FinalProject/install/turtlebot3_fake_node
[0.604s] DEBUG:colcon.colcon_core.event_handler.log_command:Invoking command in '/home/jonasvinol/Desktop/G1FinalProject/build/turtlebot3_gazebo': CMAKE_PREFIX_PATH=/opt/ros/foxy /usr/bin/cmake /home/jonasvinol/Desktop/G1FinalProject/src/turtlebot3_simulations/turtlebot3_gazebo -DAMENT_CMAKE_SYMLINK_INSTALL=1 -DCMAKE_INSTALL_PREFIX=/home/jonasvinol/Desktop/G1FinalProject/install/turtlebot3_gazebo
[4.646s] DEBUG:colcon.colcon_core.event_handler.log_command:Invoked command in '/home/jonasvinol/Desktop/G1FinalProject/build/turtlebot3_fake_node' returned '0': CMAKE_PREFIX_PATH=/opt/ros/foxy /usr/bin/cmake /home/jonasvinol/Desktop/G1FinalProject/src/turtlebot3_simulations/turtlebot3_fake_node -DAMENT_CMAKE_SYMLINK_INSTALL=1 -DCMAKE_INSTALL_PREFIX=/home/jonasvinol/Desktop/G1FinalProject/install/turtlebot3_fake_node
[4.647s] DEBUG:colcon.colcon_core.event_handler.log_command:Invoking command in '/home/jonasvinol/Desktop/G1FinalProject/build/turtlebot3_fake_node': CMAKE_PREFIX_PATH=/opt/ros/foxy /usr/bin/cmake --build /home/jonasvinol/Desktop/G1FinalProject/build/turtlebot3_fake_node -- -j6 -l6
[5.697s] DEBUG:colcon.colcon_core.event_handler.log_command:Invoked command in '/home/jonasvinol/Desktop/G1FinalProject/build/turtlebot3_gazebo' returned '0': CMAKE_PREFIX_PATH=/opt/ros/foxy /usr/bin/cmake /home/jonasvinol/Desktop/G1FinalProject/src/turtlebot3_simulations/turtlebot3_gazebo -DAMENT_CMAKE_SYMLINK_INSTALL=1 -DCMAKE_INSTALL_PREFIX=/home/jonasvinol/Desktop/G1FinalProject/install/turtlebot3_gazebo
[5.697s] DEBUG:colcon.colcon_core.event_handler.log_command:Invoking command in '/home/jonasvinol/Desktop/G1FinalProject/build/turtlebot3_gazebo': CMAKE_PREFIX_PATH=/opt/ros/foxy /usr/bin/cmake --build /home/jonasvinol/Desktop/G1FinalProject/build/turtlebot3_gazebo -- -j6 -l6
[15.898s] DEBUG:colcon.colcon_core.event_handler.log_command:Invoked command in '/home/jonasvinol/Desktop/G1FinalProject/build/turtlebot3_fake_node' returned '0': CMAKE_PREFIX_PATH=/opt/ros/foxy /usr/bin/cmake --build /home/jonasvinol/Desktop/G1FinalProject/build/turtlebot3_fake_node -- -j6 -l6
[16.032s] DEBUG:colcon.colcon_core.event_handler.log_command:Invoking command in '/home/jonasvinol/Desktop/G1FinalProject/build/turtlebot3_fake_node': CMAKE_PREFIX_PATH=/opt/ros/foxy /usr/bin/cmake --install /home/jonasvinol/Desktop/G1FinalProject/build/turtlebot3_fake_node
[16.501s] Level 1:colcon.colcon_core.environment:create_environment_scripts_only(turtlebot3_fake_node)
[16.502s] DEBUG:colcon.colcon_core.event_handler.log_command:Invoked command in '/home/jonasvinol/Desktop/G1FinalProject/build/turtlebot3_fake_node' returned '0': CMAKE_PREFIX_PATH=/opt/ros/foxy /usr/bin/cmake --install /home/jonasvinol/Desktop/G1FinalProject/build/turtlebot3_fake_node
[16.515s] Level 1:colcon.colcon_core.environment:checking '/home/jonasvinol/Desktop/G1FinalProject/install/turtlebot3_fake_node' for CMake module files
[16.518s] Level 1:colcon.colcon_core.environment:checking '/home/jonasvinol/Desktop/G1FinalProject/install/turtlebot3_fake_node' for CMake config files
[16.518s] Level 1:colcon.colcon_core.shell:create_environment_hook('turtlebot3_fake_node', 'cmake_prefix_path')
[16.521s] INFO:colcon.colcon_core.shell:Creating environment hook '/home/jonasvinol/Desktop/G1FinalProject/install/turtlebot3_fake_node/share/turtlebot3_fake_node/hook/cmake_prefix_path.ps1'
[16.522s] INFO:colcon.colcon_core.shell:Creating environment descriptor '/home/jonasvinol/Desktop/G1FinalProject/install/turtlebot3_fake_node/share/turtlebot3_fake_node/hook/cmake_prefix_path.dsv'
[16.523s] INFO:colcon.colcon_core.shell:Creating environment hook '/home/jonasvinol/Desktop/G1FinalProject/install/turtlebot3_fake_node/share/turtlebot3_fake_node/hook/cmake_prefix_path.sh'
[16.524s] Level 1:colcon.colcon_core.environment:checking '/home/jonasvinol/Desktop/G1FinalProject/install/turtlebot3_fake_node/lib'
[16.525s] Level 1:colcon.colcon_core.environment:checking '/home/jonasvinol/Desktop/G1FinalProject/install/turtlebot3_fake_node/bin'
[16.525s] Level 1:colcon.colcon_core.environment:checking '/home/jonasvinol/Desktop/G1FinalProject/install/turtlebot3_fake_node/lib/pkgconfig/turtlebot3_fake_node.pc'
[16.525s] Level 1:colcon.colcon_core.environment:checking '/home/jonasvinol/Desktop/G1FinalProject/install/turtlebot3_fake_node/lib/python3.8/site-packages'
[16.526s] Level 1:colcon.colcon_core.environment:checking '/home/jonasvinol/Desktop/G1FinalProject/install/turtlebot3_fake_node/bin'
[16.529s] INFO:colcon.colcon_core.shell:Creating package script '/home/jonasvinol/Desktop/G1FinalProject/install/turtlebot3_fake_node/share/turtlebot3_fake_node/package.ps1'
[16.530s] INFO:colcon.colcon_core.shell:Creating package descriptor '/home/jonasvinol/Desktop/G1FinalProject/install/turtlebot3_fake_node/share/turtlebot3_fake_node/package.dsv'
[16.531s] INFO:colcon.colcon_core.shell:Creating package script '/home/jonasvinol/Desktop/G1FinalProject/install/turtlebot3_fake_node/share/turtlebot3_fake_node/package.sh'
[16.532s] INFO:colcon.colcon_core.shell:Creating package script '/home/jonasvinol/Desktop/G1FinalProject/install/turtlebot3_fake_node/share/turtlebot3_fake_node/package.bash'
[16.535s] INFO:colcon.colcon_core.shell:Creating package script '/home/jonasvinol/Desktop/G1FinalProject/install/turtlebot3_fake_node/share/turtlebot3_fake_node/package.zsh'
[16.536s] Level 1:colcon.colcon_core.environment:create_file_with_runtime_dependencies(/home/jonasvinol/Desktop/G1FinalProject/install/turtlebot3_fake_node/share/colcon-core/packages/turtlebot3_fake_node)
[16.656s] Level 1:colcon.colcon_core.environment:create_environment_scripts_only(turtlebot3_fake_node)
[16.671s] Level 1:colcon.colcon_core.environment:checking '/home/jonasvinol/Desktop/G1FinalProject/install/turtlebot3_fake_node' for CMake module files
[16.673s] Level 1:colcon.colcon_core.environment:checking '/home/jonasvinol/Desktop/G1FinalProject/install/turtlebot3_fake_node' for CMake config files
[16.674s] Level 1:colcon.colcon_core.shell:create_environment_hook('turtlebot3_fake_node', 'cmake_prefix_path')
[16.677s] INFO:colcon.colcon_core.shell:Creating environment hook '/home/jonasvinol/Desktop/G1FinalProject/install/turtlebot3_fake_node/share/turtlebot3_fake_node/hook/cmake_prefix_path.ps1'
[16.678s] INFO:colcon.colcon_core.shell:Creating environment descriptor '/home/jonasvinol/Desktop/G1FinalProject/install/turtlebot3_fake_node/share/turtlebot3_fake_node/hook/cmake_prefix_path.dsv'
[16.678s] INFO:colcon.colcon_core.shell:Creating environment hook '/home/jonasvinol/Desktop/G1FinalProject/install/turtlebot3_fake_node/share/turtlebot3_fake_node/hook/cmake_prefix_path.sh'
[16.679s] Level 1:colcon.colcon_core.environment:checking '/home/jonasvinol/Desktop/G1FinalProject/install/turtlebot3_fake_node/lib'
[16.679s] Level 1:colcon.colcon_core.environment:checking '/home/jonasvinol/Desktop/G1FinalProject/install/turtlebot3_fake_node/bin'
[16.679s] Level 1:colcon.colcon_core.environment:checking '/home/jonasvinol/Desktop/G1FinalProject/install/turtlebot3_fake_node/lib/pkgconfig/turtlebot3_fake_node.pc'
[16.679s] Level 1:colcon.colcon_core.environment:checking '/home/jonasvinol/Desktop/G1FinalProject/install/turtlebot3_fake_node/lib/python3.8/site-packages'
[16.680s] Level 1:colcon.colcon_core.environment:checking '/home/jonasvinol/Desktop/G1FinalProject/install/turtlebot3_fake_node/bin'
[16.682s] INFO:colcon.colcon_core.shell:Creating package script '/home/jonasvinol/Desktop/G1FinalProject/install/turtlebot3_fake_node/share/turtlebot3_fake_node/package.ps1'
[16.684s] INFO:colcon.colcon_core.shell:Creating package descriptor '/home/jonasvinol/Desktop/G1FinalProject/install/turtlebot3_fake_node/share/turtlebot3_fake_node/package.dsv'
[16.686s] INFO:colcon.colcon_core.shell:Creating package script '/home/jonasvinol/Desktop/G1FinalProject/install/turtlebot3_fake_node/share/turtlebot3_fake_node/package.sh'
[16.687s] INFO:colcon.colcon_core.shell:Creating package script '/home/jonasvinol/Desktop/G1FinalProject/install/turtlebot3_fake_node/share/turtlebot3_fake_node/package.bash'
[16.687s] INFO:colcon.colcon_core.shell:Creating package script '/home/jonasvinol/Desktop/G1FinalProject/install/turtlebot3_fake_node/share/turtlebot3_fake_node/package.zsh'
[16.688s] Level 1:colcon.colcon_core.environment:create_file_with_runtime_dependencies(/home/jonasvinol/Desktop/G1FinalProject/install/turtlebot3_fake_node/share/colcon-core/packages/turtlebot3_fake_node)
[21.623s] DEBUG:colcon.colcon_core.event_handler.log_command:Invoked command in '/home/jonasvinol/Desktop/G1FinalProject/build/turtlebot3_gazebo' returned '0': CMAKE_PREFIX_PATH=/opt/ros/foxy /usr/bin/cmake --build /home/jonasvinol/Desktop/G1FinalProject/build/turtlebot3_gazebo -- -j6 -l6
[21.664s] DEBUG:colcon.colcon_core.event_handler.log_command:Invoking command in '/home/jonasvinol/Desktop/G1FinalProject/build/turtlebot3_gazebo': CMAKE_PREFIX_PATH=/opt/ros/foxy /usr/bin/cmake --install /home/jonasvinol/Desktop/G1FinalProject/build/turtlebot3_gazebo
[23.243s] Level 1:colcon.colcon_core.environment:create_environment_scripts_only(turtlebot3_gazebo)
[23.247s] Level 1:colcon.colcon_core.environment:checking '/home/jonasvinol/Desktop/G1FinalProject/install/turtlebot3_gazebo' for CMake module files
[23.248s] DEBUG:colcon.colcon_core.event_handler.log_command:Invoked command in '/home/jonasvinol/Desktop/G1FinalProject/build/turtlebot3_gazebo' returned '0': CMAKE_PREFIX_PATH=/opt/ros/foxy /usr/bin/cmake --install /home/jonasvinol/Desktop/G1FinalProject/build/turtlebot3_gazebo
[23.249s] Level 1:colcon.colcon_core.environment:checking '/home/jonasvinol/Desktop/G1FinalProject/install/turtlebot3_gazebo' for CMake config files
[23.251s] Level 1:colcon.colcon_core.shell:create_environment_hook('turtlebot3_gazebo', 'cmake_prefix_path')
[23.255s] INFO:colcon.colcon_core.shell:Creating environment hook '/home/jonasvinol/Desktop/G1FinalProject/install/turtlebot3_gazebo/share/turtlebot3_gazebo/hook/cmake_prefix_path.ps1'
[23.256s] INFO:colcon.colcon_core.shell:Creating environment descriptor '/home/jonasvinol/Desktop/G1FinalProject/install/turtlebot3_gazebo/share/turtlebot3_gazebo/hook/cmake_prefix_path.dsv'
[23.256s] INFO:colcon.colcon_core.shell:Creating environment hook '/home/jonasvinol/Desktop/G1FinalProject/install/turtlebot3_gazebo/share/turtlebot3_gazebo/hook/cmake_prefix_path.sh'
[23.257s] Level 1:colcon.colcon_core.environment:checking '/home/jonasvinol/Desktop/G1FinalProject/install/turtlebot3_gazebo/lib'
[23.257s] Level 1:colcon.colcon_core.environment:checking '/home/jonasvinol/Desktop/G1FinalProject/install/turtlebot3_gazebo/bin'
[23.257s] Level 1:colcon.colcon_core.environment:checking '/home/jonasvinol/Desktop/G1FinalProject/install/turtlebot3_gazebo/lib/pkgconfig/turtlebot3_gazebo.pc'
[23.258s] Level 1:colcon.colcon_core.environment:checking '/home/jonasvinol/Desktop/G1FinalProject/install/turtlebot3_gazebo/lib/python3.8/site-packages'
[23.259s] Level 1:colcon.colcon_core.environment:checking '/home/jonasvinol/Desktop/G1FinalProject/install/turtlebot3_gazebo/bin'
[23.261s] INFO:colcon.colcon_core.shell:Creating package script '/home/jonasvinol/Desktop/G1FinalProject/install/turtlebot3_gazebo/share/turtlebot3_gazebo/package.ps1'
[23.262s] INFO:colcon.colcon_core.shell:Creating package descriptor '/home/jonasvinol/Desktop/G1FinalProject/install/turtlebot3_gazebo/share/turtlebot3_gazebo/package.dsv'
[23.263s] INFO:colcon.colcon_core.shell:Creating package script '/home/jonasvinol/Desktop/G1FinalProject/install/turtlebot3_gazebo/share/turtlebot3_gazebo/package.sh'
[23.264s] INFO:colcon.colcon_core.shell:Creating package script '/home/jonasvinol/Desktop/G1FinalProject/install/turtlebot3_gazebo/share/turtlebot3_gazebo/package.bash'
[23.264s] INFO:colcon.colcon_core.shell:Creating package script '/home/jonasvinol/Desktop/G1FinalProject/install/turtlebot3_gazebo/share/turtlebot3_gazebo/package.zsh'
[23.264s] Level 1:colcon.colcon_core.environment:create_file_with_runtime_dependencies(/home/jonasvinol/Desktop/G1FinalProject/install/turtlebot3_gazebo/share/colcon-core/packages/turtlebot3_gazebo)
[23.314s] Level 1:colcon.colcon_core.environment:create_environment_scripts_only(turtlebot3_gazebo)
[23.318s] Level 1:colcon.colcon_core.environment:checking '/home/jonasvinol/Desktop/G1FinalProject/install/turtlebot3_gazebo' for CMake module files
[23.319s] Level 1:colcon.colcon_core.environment:checking '/home/jonasvinol/Desktop/G1FinalProject/install/turtlebot3_gazebo' for CMake config files
[23.322s] Level 1:colcon.colcon_core.shell:create_environment_hook('turtlebot3_gazebo', 'cmake_prefix_path')
[23.324s] INFO:colcon.colcon_core.shell:Creating environment hook '/home/jonasvinol/Desktop/G1FinalProject/install/turtlebot3_gazebo/share/turtlebot3_gazebo/hook/cmake_prefix_path.ps1'
[23.325s] INFO:colcon.colcon_core.shell:Creating environment descriptor '/home/jonasvinol/Desktop/G1FinalProject/install/turtlebot3_gazebo/share/turtlebot3_gazebo/hook/cmake_prefix_path.dsv'
[23.326s] INFO:colcon.colcon_core.shell:Creating environment hook '/home/jonasvinol/Desktop/G1FinalProject/install/turtlebot3_gazebo/share/turtlebot3_gazebo/hook/cmake_prefix_path.sh'
[23.327s] Level 1:colcon.colcon_core.environment:checking '/home/jonasvinol/Desktop/G1FinalProject/install/turtlebot3_gazebo/lib'
[23.327s] Level 1:colcon.colcon_core.environment:checking '/home/jonasvinol/Desktop/G1FinalProject/install/turtlebot3_gazebo/bin'
[23.327s] Level 1:colcon.colcon_core.environment:checking '/home/jonasvinol/Desktop/G1FinalProject/install/turtlebot3_gazebo/lib/pkgconfig/turtlebot3_gazebo.pc'
[23.327s] Level 1:colcon.colcon_core.environment:checking '/home/jonasvinol/Desktop/G1FinalProject/install/turtlebot3_gazebo/lib/python3.8/site-packages'
[23.328s] Level 1:colcon.colcon_core.environment:checking '/home/jonasvinol/Desktop/G1FinalProject/install/turtlebot3_gazebo/bin'
[23.330s] INFO:colcon.colcon_core.shell:Creating package script '/home/jonasvinol/Desktop/G1FinalProject/install/turtlebot3_gazebo/share/turtlebot3_gazebo/package.ps1'
[23.331s] INFO:colcon.colcon_core.shell:Creating package descriptor '/home/jonasvinol/Desktop/G1FinalProject/install/turtlebot3_gazebo/share/turtlebot3_gazebo/package.dsv'
[23.332s] INFO:colcon.colcon_core.shell:Creating package script '/home/jonasvinol/Desktop/G1FinalProject/install/turtlebot3_gazebo/share/turtlebot3_gazebo/package.sh'
[23.333s] INFO:colcon.colcon_core.shell:Creating package script '/home/jonasvinol/Desktop/G1FinalProject/install/turtlebot3_gazebo/share/turtlebot3_gazebo/package.bash'
[23.333s] INFO:colcon.colcon_core.shell:Creating package script '/home/jonasvinol/Desktop/G1FinalProject/install/turtlebot3_gazebo/share/turtlebot3_gazebo/package.zsh'
[23.334s] Level 1:colcon.colcon_core.environment:create_file_with_runtime_dependencies(/home/jonasvinol/Desktop/G1FinalProject/install/turtlebot3_gazebo/share/colcon-core/packages/turtlebot3_gazebo)
[23.334s] INFO:colcon.colcon_ros.task.ament_cmake.build:Building ROS package in '/home/jonasvinol/Desktop/G1FinalProject/src/turtlebot3_simulations/turtlebot3_simulations' with build type 'ament_cmake'
[23.335s] INFO:colcon.colcon_cmake.task.cmake.build:Building CMake package in '/home/jonasvinol/Desktop/G1FinalProject/src/turtlebot3_simulations/turtlebot3_simulations'
[23.337s] INFO:colcon.colcon_core.shell:Skip shell extension 'powershell' for command environment: Not usable outside of PowerShell
[23.337s] DEBUG:colcon.colcon_core.shell:Skip shell extension 'dsv' for command environment
[23.352s] DEBUG:colcon.colcon_core.event_handler.log_command:Invoking command in '/home/jonasvinol/Desktop/G1FinalProject/build/turtlebot3_simulations': AMENT_PREFIX_PATH=/home/jonasvinol/Desktop/G1FinalProject/install/turtlebot3_gazebo:/home/jonasvinol/Desktop/G1FinalProject/install/turtlebot3_fake_node:${AMENT_PREFIX_PATH} CMAKE_PREFIX_PATH=/home/jonasvinol/Desktop/G1FinalProject/install/turtlebot3_gazebo:/home/jonasvinol/Desktop/G1FinalProject/install/turtlebot3_fake_node:/opt/ros/foxy /usr/bin/cmake /home/jonasvinol/Desktop/G1FinalProject/src/turtlebot3_simulations/turtlebot3_simulations -DAMENT_CMAKE_SYMLINK_INSTALL=1 -DCMAKE_INSTALL_PREFIX=/home/jonasvinol/Desktop/G1FinalProject/install/turtlebot3_simulations
[24.629s] DEBUG:colcon.colcon_core.event_handler.log_command:Invoked command in '/home/jonasvinol/Desktop/G1FinalProject/build/turtlebot3_simulations' returned '0': AMENT_PREFIX_PATH=/home/jonasvinol/Desktop/G1FinalProject/install/turtlebot3_gazebo:/home/jonasvinol/Desktop/G1FinalProject/install/turtlebot3_fake_node:${AMENT_PREFIX_PATH} CMAKE_PREFIX_PATH=/home/jonasvinol/Desktop/G1FinalProject/install/turtlebot3_gazebo:/home/jonasvinol/Desktop/G1FinalProject/install/turtlebot3_fake_node:/opt/ros/foxy /usr/bin/cmake /home/jonasvinol/Desktop/G1FinalProject/src/turtlebot3_simulations/turtlebot3_simulations -DAMENT_CMAKE_SYMLINK_INSTALL=1 -DCMAKE_INSTALL_PREFIX=/home/jonasvinol/Desktop/G1FinalProject/install/turtlebot3_simulations
[24.632s] DEBUG:colcon.colcon_core.event_handler.log_command:Invoking command in '/home/jonasvinol/Desktop/G1FinalProject/build/turtlebot3_simulations': AMENT_PREFIX_PATH=/home/jonasvinol/Desktop/G1FinalProject/install/turtlebot3_gazebo:/home/jonasvinol/Desktop/G1FinalProject/install/turtlebot3_fake_node:${AMENT_PREFIX_PATH} CMAKE_PREFIX_PATH=/home/jonasvinol/Desktop/G1FinalProject/install/turtlebot3_gazebo:/home/jonasvinol/Desktop/G1FinalProject/install/turtlebot3_fake_node:/opt/ros/foxy /usr/bin/cmake --build /home/jonasvinol/Desktop/G1FinalProject/build/turtlebot3_simulations -- -j6 -l6
[24.686s] DEBUG:colcon.colcon_core.event_handler.log_command:Invoked command in '/home/jonasvinol/Desktop/G1FinalProject/build/turtlebot3_simulations' returned '0': AMENT_PREFIX_PATH=/home/jonasvinol/Desktop/G1FinalProject/install/turtlebot3_gazebo:/home/jonasvinol/Desktop/G1FinalProject/install/turtlebot3_fake_node:${AMENT_PREFIX_PATH} CMAKE_PREFIX_PATH=/home/jonasvinol/Desktop/G1FinalProject/install/turtlebot3_gazebo:/home/jonasvinol/Desktop/G1FinalProject/install/turtlebot3_fake_node:/opt/ros/foxy /usr/bin/cmake --build /home/jonasvinol/Desktop/G1FinalProject/build/turtlebot3_simulations -- -j6 -l6
[24.717s] DEBUG:colcon.colcon_core.event_handler.log_command:Invoking command in '/home/jonasvinol/Desktop/G1FinalProject/build/turtlebot3_simulations': AMENT_PREFIX_PATH=/home/jonasvinol/Desktop/G1FinalProject/install/turtlebot3_gazebo:/home/jonasvinol/Desktop/G1FinalProject/install/turtlebot3_fake_node:${AMENT_PREFIX_PATH} CMAKE_PREFIX_PATH=/home/jonasvinol/Desktop/G1FinalProject/install/turtlebot3_gazebo:/home/jonasvinol/Desktop/G1FinalProject/install/turtlebot3_fake_node:/opt/ros/foxy /usr/bin/cmake --install /home/jonasvinol/Desktop/G1FinalProject/build/turtlebot3_simulations
[24.935s] Level 1:colcon.colcon_core.environment:create_environment_scripts_only(turtlebot3_simulations)
[24.936s] DEBUG:colcon.colcon_core.event_handler.log_command:Invoked command in '/home/jonasvinol/Desktop/G1FinalProject/build/turtlebot3_simulations' returned '0': AMENT_PREFIX_PATH=/home/jonasvinol/Desktop/G1FinalProject/install/turtlebot3_gazebo:/home/jonasvinol/Desktop/G1FinalProject/install/turtlebot3_fake_node:${AMENT_PREFIX_PATH} CMAKE_PREFIX_PATH=/home/jonasvinol/Desktop/G1FinalProject/install/turtlebot3_gazebo:/home/jonasvinol/Desktop/G1FinalProject/install/turtlebot3_fake_node:/opt/ros/foxy /usr/bin/cmake --install /home/jonasvinol/Desktop/G1FinalProject/build/turtlebot3_simulations
[24.940s] Level 1:colcon.colcon_core.environment:checking '/home/jonasvinol/Desktop/G1FinalProject/install/turtlebot3_simulations' for CMake module files
[24.941s] Level 1:colcon.colcon_core.environment:checking '/home/jonasvinol/Desktop/G1FinalProject/install/turtlebot3_simulations' for CMake config files
[24.942s] Level 1:colcon.colcon_core.shell:create_environment_hook('turtlebot3_simulations', 'cmake_prefix_path')
[24.945s] INFO:colcon.colcon_core.shell:Creating environment hook '/home/jonasvinol/Desktop/G1FinalProject/install/turtlebot3_simulations/share/turtlebot3_simulations/hook/cmake_prefix_path.ps1'
[24.946s] INFO:colcon.colcon_core.shell:Creating environment descriptor '/home/jonasvinol/Desktop/G1FinalProject/install/turtlebot3_simulations/share/turtlebot3_simulations/hook/cmake_prefix_path.dsv'
[24.946s] INFO:colcon.colcon_core.shell:Creating environment hook '/home/jonasvinol/Desktop/G1FinalProject/install/turtlebot3_simulations/share/turtlebot3_simulations/hook/cmake_prefix_path.sh'
[24.948s] Level 1:colcon.colcon_core.environment:checking '/home/jonasvinol/Desktop/G1FinalProject/install/turtlebot3_simulations/bin'
[24.948s] Level 1:colcon.colcon_core.environment:checking '/home/jonasvinol/Desktop/G1FinalProject/install/turtlebot3_simulations/lib/pkgconfig/turtlebot3_simulations.pc'
[24.949s] Level 1:colcon.colcon_core.environment:checking '/home/jonasvinol/Desktop/G1FinalProject/install/turtlebot3_simulations/lib/python3.8/site-packages'
[24.949s] Level 1:colcon.colcon_core.environment:checking '/home/jonasvinol/Desktop/G1FinalProject/install/turtlebot3_simulations/bin'
[24.952s] INFO:colcon.colcon_core.shell:Creating package script '/home/jonasvinol/Desktop/G1FinalProject/install/turtlebot3_simulations/share/turtlebot3_simulations/package.ps1'
[24.955s] INFO:colcon.colcon_core.shell:Creating package descriptor '/home/jonasvinol/Desktop/G1FinalProject/install/turtlebot3_simulations/share/turtlebot3_simulations/package.dsv'
[24.956s] INFO:colcon.colcon_core.shell:Creating package script '/home/jonasvinol/Desktop/G1FinalProject/install/turtlebot3_simulations/share/turtlebot3_simulations/package.sh'
[24.956s] INFO:colcon.colcon_core.shell:Creating package script '/home/jonasvinol/Desktop/G1FinalProject/install/turtlebot3_simulations/share/turtlebot3_simulations/package.bash'
[24.957s] INFO:colcon.colcon_core.shell:Creating package script '/home/jonasvinol/Desktop/G1FinalProject/install/turtlebot3_simulations/share/turtlebot3_simulations/package.zsh'
[24.957s] Level 1:colcon.colcon_core.environment:create_file_with_runtime_dependencies(/home/jonasvinol/Desktop/G1FinalProject/install/turtlebot3_simulations/share/colcon-core/packages/turtlebot3_simulations)
[24.997s] Level 1:colcon.colcon_core.environment:create_environment_scripts_only(turtlebot3_simulations)
[25.002s] Level 1:colcon.colcon_core.environment:checking '/home/jonasvinol/Desktop/G1FinalProject/install/turtlebot3_simulations' for CMake module files
[25.003s] Level 1:colcon.colcon_core.environment:checking '/home/jonasvinol/Desktop/G1FinalProject/install/turtlebot3_simulations' for CMake config files
[25.004s] Level 1:colcon.colcon_core.shell:create_environment_hook('turtlebot3_simulations', 'cmake_prefix_path')
[25.008s] INFO:colcon.colcon_core.shell:Creating environment hook '/home/jonasvinol/Desktop/G1FinalProject/install/turtlebot3_simulations/share/turtlebot3_simulations/hook/cmake_prefix_path.ps1'
[25.008s] INFO:colcon.colcon_core.shell:Creating environment descriptor '/home/jonasvinol/Desktop/G1FinalProject/install/turtlebot3_simulations/share/turtlebot3_simulations/hook/cmake_prefix_path.dsv'
[25.009s] INFO:colcon.colcon_core.shell:Creating environment hook '/home/jonasvinol/Desktop/G1FinalProject/install/turtlebot3_simulations/share/turtlebot3_simulations/hook/cmake_prefix_path.sh'
[25.011s] Level 1:colcon.colcon_core.environment:checking '/home/jonasvinol/Desktop/G1FinalProject/install/turtlebot3_simulations/bin'
[25.011s] Level 1:colcon.colcon_core.environment:checking '/home/jonasvinol/Desktop/G1FinalProject/install/turtlebot3_simulations/lib/pkgconfig/turtlebot3_simulations.pc'
[25.011s] Level 1:colcon.colcon_core.environment:checking '/home/jonasvinol/Desktop/G1FinalProject/install/turtlebot3_simulations/lib/python3.8/site-packages'
[25.012s] Level 1:colcon.colcon_core.environment:checking '/home/jonasvinol/Desktop/G1FinalProject/install/turtlebot3_simulations/bin'
[25.015s] INFO:colcon.colcon_core.shell:Creating package script '/home/jonasvinol/Desktop/G1FinalProject/install/turtlebot3_simulations/share/turtlebot3_simulations/package.ps1'
[25.018s] INFO:colcon.colcon_core.shell:Creating package descriptor '/home/jonasvinol/Desktop/G1FinalProject/install/turtlebot3_simulations/share/turtlebot3_simulations/package.dsv'
[25.019s] INFO:colcon.colcon_core.shell:Creating package script '/home/jonasvinol/Desktop/G1FinalProject/install/turtlebot3_simulations/share/turtlebot3_simulations/package.sh'
[25.020s] INFO:colcon.colcon_core.shell:Creating package script '/home/jonasvinol/Desktop/G1FinalProject/install/turtlebot3_simulations/share/turtlebot3_simulations/package.bash'
[25.021s] INFO:colcon.colcon_core.shell:Creating package script '/home/jonasvinol/Desktop/G1FinalProject/install/turtlebot3_simulations/share/turtlebot3_simulations/package.zsh'
[25.022s] Level 1:colcon.colcon_core.environment:create_file_with_runtime_dependencies(/home/jonasvinol/Desktop/G1FinalProject/install/turtlebot3_simulations/share/colcon-core/packages/turtlebot3_simulations)
[25.022s] DEBUG:colcon.colcon_parallel_executor.executor.parallel:closing loop
[25.023s] DEBUG:colcon.colcon_parallel_executor.executor.parallel:loop closed
[25.023s] DEBUG:colcon.colcon_parallel_executor.executor.parallel:run_until_complete finished with '0'
[25.024s] DEBUG:colcon.colcon_core.event_reactor:joining thread
[25.038s] INFO:colcon.colcon_core.plugin_system:Skipping extension 'colcon_notification.desktop_notification.terminal_notifier': Not used on non-Darwin systems
[25.038s] INFO:colcon.colcon_core.plugin_system:Skipping extension 'colcon_notification.desktop_notification.win32': Not used on non-Windows systems
[25.038s] INFO:colcon.colcon_notification.desktop_notification:Sending desktop notification using 'notify2'
[25.102s] DEBUG:colcon.colcon_core.event_reactor:joined thread
[25.105s] INFO:colcon.colcon_core.shell:Creating prefix script '/home/jonasvinol/Desktop/G1FinalProject/install/local_setup.ps1'
[25.107s] INFO:colcon.colcon_core.shell:Creating prefix util module '/home/jonasvinol/Desktop/G1FinalProject/install/_local_setup_util_ps1.py'
[25.109s] INFO:colcon.colcon_core.shell:Creating prefix chain script '/home/jonasvinol/Desktop/G1FinalProject/install/setup.ps1'
[25.111s] INFO:colcon.colcon_core.shell:Creating prefix script '/home/jonasvinol/Desktop/G1FinalProject/install/local_setup.sh'
[25.112s] INFO:colcon.colcon_core.shell:Creating prefix util module '/home/jonasvinol/Desktop/G1FinalProject/install/_local_setup_util_sh.py'
[25.112s] INFO:colcon.colcon_core.shell:Creating prefix chain script '/home/jonasvinol/Desktop/G1FinalProject/install/setup.sh'
[25.114s] INFO:colcon.colcon_core.shell:Creating prefix script '/home/jonasvinol/Desktop/G1FinalProject/install/local_setup.bash'
[25.115s] INFO:colcon.colcon_core.shell:Creating prefix chain script '/home/jonasvinol/Desktop/G1FinalProject/install/setup.bash'
[25.118s] INFO:colcon.colcon_core.shell:Creating prefix script '/home/jonasvinol/Desktop/G1FinalProject/install/local_setup.zsh'
[25.119s] INFO:colcon.colcon_core.shell:Creating prefix chain script '/home/jonasvinol/Desktop/G1FinalProject/install/setup.zsh'
