[0.049s] Invoking command in '/home/jonasvinol/Desktop/G1FinalProject/build/turtlebot3_fake_node': CMAKE_PREFIX_PATH=${CMAKE_PREFIX_PATH}:/opt/ros/foxy /usr/bin/cmake --build /home/jonasvinol/Desktop/G1FinalProject/build/turtlebot3_fake_node -- -j6 -l6
[0.138s] [100%] Built target turtlebot3_fake_node
[0.153s] Invoked command in '/home/jonasvinol/Desktop/G1FinalProject/build/turtlebot3_fake_node' returned '0': CMAKE_PREFIX_PATH=${CMAKE_PREFIX_PATH}:/opt/ros/foxy /usr/bin/cmake --build /home/jonasvinol/Desktop/G1FinalProject/build/turtlebot3_fake_node -- -j6 -l6
[0.189s] Invoking command in '/home/jonasvinol/Desktop/G1FinalProject/build/turtlebot3_fake_node': CMAKE_PREFIX_PATH=${CMAKE_PREFIX_PATH}:/opt/ros/foxy /usr/bin/cmake --install /home/jonasvinol/Desktop/G1FinalProject/build/turtlebot3_fake_node
[0.202s] -- Install configuration: ""
[0.203s] -- Execute custom install script
[0.204s] -- Up-to-date symlink: /home/jonasvinol/Desktop/G1FinalProject/install/turtlebot3_fake_node/lib/turtlebot3_fake_node/turtlebot3_fake_node
[0.205s] -- Up-to-date symlink: /home/jonasvinol/Desktop/G1FinalProject/install/turtlebot3_fake_node/share/turtlebot3_fake_node/launch/rviz2.launch.py
[0.205s] -- Up-to-date symlink: /home/jonasvinol/Desktop/G1FinalProject/install/turtlebot3_fake_node/share/turtlebot3_fake_node/launch/turtlebot3_fake_node.launch.py
[0.206s] -- Up-to-date symlink: /home/jonasvinol/Desktop/G1FinalProject/install/turtlebot3_fake_node/share/turtlebot3_fake_node/param/burger.yaml
[0.207s] -- Up-to-date symlink: /home/jonasvinol/Desktop/G1FinalProject/install/turtlebot3_fake_node/share/turtlebot3_fake_node/param/waffle.yaml
[0.207s] -- Up-to-date symlink: /home/jonasvinol/Desktop/G1FinalProject/install/turtlebot3_fake_node/share/turtlebot3_fake_node/param/waffle_pi.yaml
[0.208s] -- Up-to-date symlink: /home/jonasvinol/Desktop/G1FinalProject/install/turtlebot3_fake_node/share/turtlebot3_fake_node/rviz/model.rviz
[0.209s] -- Up-to-date symlink: /home/jonasvinol/Desktop/G1FinalProject/install/turtlebot3_fake_node/include//turtlebot3_fake_node/turtlebot3_fake_node.hpp
[0.209s] -- Up-to-date symlink: /home/jonasvinol/Desktop/G1FinalProject/install/turtlebot3_fake_node/share/ament_index/resource_index/package_run_dependencies/turtlebot3_fake_node
[0.210s] -- Up-to-date symlink: /home/jonasvinol/Desktop/G1FinalProject/install/turtlebot3_fake_node/share/ament_index/resource_index/parent_prefix_path/turtlebot3_fake_node
[0.210s] -- Up-to-date symlink: /home/jonasvinol/Desktop/G1FinalProject/install/turtlebot3_fake_node/share/turtlebot3_fake_node/environment/ament_prefix_path.sh
[0.211s] -- Up-to-date symlink: /home/jonasvinol/Desktop/G1FinalProject/install/turtlebot3_fake_node/share/turtlebot3_fake_node/environment/ament_prefix_path.dsv
[0.212s] -- Up-to-date symlink: /home/jonasvinol/Desktop/G1FinalProject/install/turtlebot3_fake_node/share/turtlebot3_fake_node/environment/path.sh
[0.213s] -- Up-to-date symlink: /home/jonasvinol/Desktop/G1FinalProject/install/turtlebot3_fake_node/share/turtlebot3_fake_node/environment/path.dsv
[0.213s] -- Up-to-date symlink: /home/jonasvinol/Desktop/G1FinalProject/install/turtlebot3_fake_node/share/turtlebot3_fake_node/local_setup.bash
[0.214s] -- Up-to-date symlink: /home/jonasvinol/Desktop/G1FinalProject/install/turtlebot3_fake_node/share/turtlebot3_fake_node/local_setup.sh
[0.214s] -- Up-to-date symlink: /home/jonasvinol/Desktop/G1FinalProject/install/turtlebot3_fake_node/share/turtlebot3_fake_node/local_setup.zsh
[0.215s] -- Up-to-date symlink: /home/jonasvinol/Desktop/G1FinalProject/install/turtlebot3_fake_node/share/turtlebot3_fake_node/local_setup.dsv
[0.216s] -- Symlinking: /home/jonasvinol/Desktop/G1FinalProject/install/turtlebot3_fake_node/share/turtlebot3_fake_node/package.dsv
[0.225s] -- Up-to-date symlink: /home/jonasvinol/Desktop/G1FinalProject/install/turtlebot3_fake_node/share/ament_index/resource_index/packages/turtlebot3_fake_node
[0.226s] -- Up-to-date symlink: /home/jonasvinol/Desktop/G1FinalProject/install/turtlebot3_fake_node/share/turtlebot3_fake_node/cmake/ament_cmake_export_include_directories-extras.cmake
[0.227s] -- Up-to-date symlink: /home/jonasvinol/Desktop/G1FinalProject/install/turtlebot3_fake_node/share/turtlebot3_fake_node/cmake/ament_cmake_export_dependencies-extras.cmake
[0.228s] -- Up-to-date symlink: /home/jonasvinol/Desktop/G1FinalProject/install/turtlebot3_fake_node/share/turtlebot3_fake_node/cmake/turtlebot3_fake_nodeConfig.cmake
[0.228s] -- Up-to-date symlink: /home/jonasvinol/Desktop/G1FinalProject/install/turtlebot3_fake_node/share/turtlebot3_fake_node/cmake/turtlebot3_fake_nodeConfig-version.cmake
[0.234s] -- Up-to-date symlink: /home/jonasvinol/Desktop/G1FinalProject/install/turtlebot3_fake_node/share/turtlebot3_fake_node/package.xml
[0.267s] Invoked command in '/home/jonasvinol/Desktop/G1FinalProject/build/turtlebot3_fake_node' returned '0': CMAKE_PREFIX_PATH=${CMAKE_PREFIX_PATH}:/opt/ros/foxy /usr/bin/cmake --install /home/jonasvinol/Desktop/G1FinalProject/build/turtlebot3_fake_node
