-- Install configuration: ""
-- Execute custom install script
-- Up-to-date symlink: /home/jonasvinol/Desktop/G1FinalProject/install/basic_robot/share/basic_robot/Models/Materials.xacro
-- Up-to-date symlink: /home/jonasvinol/Desktop/G1FinalProject/install/basic_robot/share/basic_robot/Models/basic_robot.urdf.xacro
-- Up-to-date symlink: /home/jonasvinol/Desktop/G1FinalProject/install/basic_robot/share/basic_robot/Models/basic_robot_core.xacro
-- Up-to-date symlink: /home/jonasvinol/Desktop/G1FinalProject/install/basic_robot/share/basic_robot/Models/depth_camera.xacro
-- Up-to-date symlink: /home/jonasvinol/Desktop/G1FinalProject/install/basic_robot/share/basic_robot/Models/gazebo_control.xacro
-- Up-to-date symlink: /home/jonasvinol/Desktop/G1FinalProject/install/basic_robot/share/basic_robot/Models/inertial_macros.xacro
-- Up-to-date symlink: /home/jonasvinol/Desktop/G1FinalProject/install/basic_robot/share/basic_robot/launch/launch_sim.py
-- Up-to-date symlink: /home/jonasvinol/Desktop/G1FinalProject/install/basic_robot/share/basic_robot/launch/rsp.launch.py
-- Symlinking: /home/jonasvinol/Desktop/G1FinalProject/install/basic_robot/share/basic_robot/World/Building/model.config
-- Symlinking: /home/jonasvinol/Desktop/G1FinalProject/install/basic_robot/share/basic_robot/World/Building/model.sdf
-- Up-to-date symlink: /home/jonasvinol/Desktop/G1FinalProject/install/basic_robot/share/basic_robot/World/barrels.world
-- Up-to-date symlink: /home/jonasvinol/Desktop/G1FinalProject/install/basic_robot/share/basic_robot/World/empty.world
-- Up-to-date symlink: /home/jonasvinol/Desktop/G1FinalProject/install/basic_robot/share/basic_robot/World/house.world
-- Symlinking: /home/jonasvinol/Desktop/G1FinalProject/install/basic_robot/share/basic_robot/World/my_world.world
-- Up-to-date symlink: /home/jonasvinol/Desktop/G1FinalProject/install/basic_robot/share/basic_robot/World/powerplant.world
-- Up-to-date symlink: /home/jonasvinol/Desktop/G1FinalProject/install/basic_robot/share/basic_robot/World/simple_env_1.world
-- Up-to-date symlink: /home/jonasvinol/Desktop/G1FinalProject/install/basic_robot/share/basic_robot/World/simple_env_2.world
-- Up-to-date symlink: /home/jonasvinol/Desktop/G1FinalProject/install/basic_robot/share/basic_robot/World/small_city.world
-- Up-to-date symlink: /home/jonasvinol/Desktop/G1FinalProject/install/basic_robot/share/basic_robot/config/view_basic_robot.rviz
-- Up-to-date symlink: /home/jonasvinol/Desktop/G1FinalProject/install/basic_robot/share/ament_index/resource_index/package_run_dependencies/basic_robot
-- Up-to-date symlink: /home/jonasvinol/Desktop/G1FinalProject/install/basic_robot/share/ament_index/resource_index/parent_prefix_path/basic_robot
-- Up-to-date symlink: /home/jonasvinol/Desktop/G1FinalProject/install/basic_robot/share/basic_robot/environment/ament_prefix_path.sh
-- Up-to-date symlink: /home/jonasvinol/Desktop/G1FinalProject/install/basic_robot/share/basic_robot/environment/ament_prefix_path.dsv
-- Up-to-date symlink: /home/jonasvinol/Desktop/G1FinalProject/install/basic_robot/share/basic_robot/environment/path.sh
-- Up-to-date symlink: /home/jonasvinol/Desktop/G1FinalProject/install/basic_robot/share/basic_robot/environment/path.dsv
-- Up-to-date symlink: /home/jonasvinol/Desktop/G1FinalProject/install/basic_robot/share/basic_robot/local_setup.bash
-- Up-to-date symlink: /home/jonasvinol/Desktop/G1FinalProject/install/basic_robot/share/basic_robot/local_setup.sh
-- Up-to-date symlink: /home/jonasvinol/Desktop/G1FinalProject/install/basic_robot/share/basic_robot/local_setup.zsh
-- Up-to-date symlink: /home/jonasvinol/Desktop/G1FinalProject/install/basic_robot/share/basic_robot/local_setup.dsv
-- Symlinking: /home/jonasvinol/Desktop/G1FinalProject/install/basic_robot/share/basic_robot/package.dsv
-- Up-to-date symlink: /home/jonasvinol/Desktop/G1FinalProject/install/basic_robot/share/ament_index/resource_index/packages/basic_robot
-- Up-to-date symlink: /home/jonasvinol/Desktop/G1FinalProject/install/basic_robot/share/basic_robot/cmake/basic_robotConfig.cmake
-- Up-to-date symlink: /home/jonasvinol/Desktop/G1FinalProject/install/basic_robot/share/basic_robot/cmake/basic_robotConfig-version.cmake
-- Up-to-date symlink: /home/jonasvinol/Desktop/G1FinalProject/install/basic_robot/share/basic_robot/package.xml
