[0.230s] DEBUG:colcon:Command line arguments: ['/usr/bin/colcon', 'build', '--symlink-install']
[0.230s] DEBUG:colcon:Parsed command line arguments: Namespace(allow_overriding=[], ament_cmake_args=None, base_paths=['.'], build_base='build', catkin_cmake_args=None, catkin_skip_building_tests=False, cmake_args=None, cmake_clean_cache=False, cmake_clean_first=False, cmake_force_configure=False, cmake_target=None, cmake_target_skip_unavailable=False, continue_on_error=False, event_handlers=None, executor='parallel', ignore_user_meta=False, install_base='install', log_base=None, log_level=None, main=<bound method BuildVerb.main of <colcon_core.verb.build.BuildVerb object at 0x7efcd1b6efd0>>, merge_install=False, metas=['./colcon.meta'], packages_above=None, packages_above_and_dependencies=None, packages_above_depth=None, packages_end=None, packages_ignore=None, packages_ignore_regex=None, packages_select=None, packages_select_build_failed=False, packages_select_by_dep=None, packages_select_regex=None, packages_select_test_failures=False, packages_skip=None, packages_skip_build_finished=False, packages_skip_by_dep=None, packages_skip_regex=None, packages_skip_test_passed=False, packages_skip_up_to=None, packages_start=None, packages_up_to=None, packages_up_to_regex=None, parallel_workers=6, paths=None, symlink_install=True, test_result_base=None, verb_extension=<colcon_core.verb.build.BuildVerb object at 0x7efcd1b6efd0>, verb_name='build', verb_parser=<colcon_defaults.argument_parser.defaults.DefaultArgumentsDecorator object at 0x7efcd1b73490>)
[0.260s] Level 1:colcon.colcon_core.package_discovery:discover_packages(colcon_meta) check parameters
[0.260s] Level 1:colcon.colcon_core.package_discovery:discover_packages(recursive) check parameters
[0.260s] Level 1:colcon.colcon_core.package_discovery:discover_packages(ignore) check parameters
[0.260s] Level 1:colcon.colcon_core.package_discovery:discover_packages(path) check parameters
[0.260s] Level 1:colcon.colcon_core.package_discovery:discover_packages(colcon_meta) discover
[0.260s] Level 1:colcon.colcon_core.package_discovery:discover_packages(recursive) discover
[0.260s] INFO:colcon.colcon_core.package_discovery:Crawling recursively for packages in '/home/jonasvinol/Desktop/G1FinalProject'
[0.260s] Level 1:colcon.colcon_core.package_identification:_identify(.) by extensions ['ignore', 'ignore_ament_install']
[0.261s] Level 1:colcon.colcon_core.package_identification:_identify(.) by extension 'ignore'
[0.261s] Level 1:colcon.colcon_core.package_identification:_identify(.) by extension 'ignore_ament_install'
[0.261s] Level 1:colcon.colcon_core.package_identification:_identify(.) by extensions ['colcon_pkg']
[0.261s] Level 1:colcon.colcon_core.package_identification:_identify(.) by extension 'colcon_pkg'
[0.261s] Level 1:colcon.colcon_core.package_identification:_identify(.) by extensions ['colcon_meta']
[0.261s] Level 1:colcon.colcon_core.package_identification:_identify(.) by extension 'colcon_meta'
[0.261s] Level 1:colcon.colcon_core.package_identification:_identify(.) by extensions ['ros']
[0.261s] Level 1:colcon.colcon_core.package_identification:_identify(.) by extension 'ros'
[0.276s] Level 1:colcon.colcon_core.package_identification:_identify(.) by extensions ['cmake', 'python']
[0.276s] Level 1:colcon.colcon_core.package_identification:_identify(.) by extension 'cmake'
[0.276s] Level 1:colcon.colcon_core.package_identification:_identify(.) by extension 'python'
[0.276s] Level 1:colcon.colcon_core.package_identification:_identify(.) by extensions ['python_setup_py']
[0.276s] Level 1:colcon.colcon_core.package_identification:_identify(.) by extension 'python_setup_py'
[0.276s] Level 1:colcon.colcon_core.package_identification:_identify(build) by extensions ['ignore', 'ignore_ament_install']
[0.276s] Level 1:colcon.colcon_core.package_identification:_identify(build) by extension 'ignore'
[0.276s] Level 1:colcon.colcon_core.package_identification:_identify(build) ignored
[0.277s] Level 1:colcon.colcon_core.package_identification:_identify(install) by extensions ['ignore', 'ignore_ament_install']
[0.277s] Level 1:colcon.colcon_core.package_identification:_identify(install) by extension 'ignore'
[0.277s] Level 1:colcon.colcon_core.package_identification:_identify(install) ignored
[0.277s] Level 1:colcon.colcon_core.package_identification:_identify(log) by extensions ['ignore', 'ignore_ament_install']
[0.277s] Level 1:colcon.colcon_core.package_identification:_identify(log) by extension 'ignore'
[0.277s] Level 1:colcon.colcon_core.package_identification:_identify(log) ignored
[0.277s] Level 1:colcon.colcon_core.package_identification:_identify(src) by extensions ['ignore', 'ignore_ament_install']
[0.277s] Level 1:colcon.colcon_core.package_identification:_identify(src) by extension 'ignore'
[0.277s] Level 1:colcon.colcon_core.package_identification:_identify(src) by extension 'ignore_ament_install'
[0.277s] Level 1:colcon.colcon_core.package_identification:_identify(src) by extensions ['colcon_pkg']
[0.277s] Level 1:colcon.colcon_core.package_identification:_identify(src) by extension 'colcon_pkg'
[0.278s] Level 1:colcon.colcon_core.package_identification:_identify(src) by extensions ['colcon_meta']
[0.278s] Level 1:colcon.colcon_core.package_identification:_identify(src) by extension 'colcon_meta'
[0.278s] Level 1:colcon.colcon_core.package_identification:_identify(src) by extensions ['ros']
[0.278s] Level 1:colcon.colcon_core.package_identification:_identify(src) by extension 'ros'
[0.278s] Level 1:colcon.colcon_core.package_identification:_identify(src) by extensions ['cmake', 'python']
[0.278s] Level 1:colcon.colcon_core.package_identification:_identify(src) by extension 'cmake'
[0.278s] Level 1:colcon.colcon_core.package_identification:_identify(src) by extension 'python'
[0.278s] Level 1:colcon.colcon_core.package_identification:_identify(src) by extensions ['python_setup_py']
[0.278s] Level 1:colcon.colcon_core.package_identification:_identify(src) by extension 'python_setup_py'
[0.278s] Level 1:colcon.colcon_core.package_identification:_identify(src/basic_robot) by extensions ['ignore', 'ignore_ament_install']
[0.278s] Level 1:colcon.colcon_core.package_identification:_identify(src/basic_robot) by extension 'ignore'
[0.278s] Level 1:colcon.colcon_core.package_identification:_identify(src/basic_robot) by extension 'ignore_ament_install'
[0.278s] Level 1:colcon.colcon_core.package_identification:_identify(src/basic_robot) by extensions ['colcon_pkg']
[0.278s] Level 1:colcon.colcon_core.package_identification:_identify(src/basic_robot) by extension 'colcon_pkg'
[0.279s] Level 1:colcon.colcon_core.package_identification:_identify(src/basic_robot) by extensions ['colcon_meta']
[0.279s] Level 1:colcon.colcon_core.package_identification:_identify(src/basic_robot) by extension 'colcon_meta'
[0.279s] Level 1:colcon.colcon_core.package_identification:_identify(src/basic_robot) by extensions ['ros']
[0.279s] Level 1:colcon.colcon_core.package_identification:_identify(src/basic_robot) by extension 'ros'
[0.282s] DEBUG:colcon.colcon_core.package_identification:Package 'src/basic_robot' with type 'ros.ament_cmake' and name 'basic_robot'
[0.282s] Level 1:colcon.colcon_core.package_identification:_identify(src/turtlebot3_simulations) by extensions ['ignore', 'ignore_ament_install']
[0.282s] Level 1:colcon.colcon_core.package_identification:_identify(src/turtlebot3_simulations) by extension 'ignore'
[0.282s] Level 1:colcon.colcon_core.package_identification:_identify(src/turtlebot3_simulations) by extension 'ignore_ament_install'
[0.282s] Level 1:colcon.colcon_core.package_identification:_identify(src/turtlebot3_simulations) by extensions ['colcon_pkg']
[0.282s] Level 1:colcon.colcon_core.package_identification:_identify(src/turtlebot3_simulations) by extension 'colcon_pkg'
[0.282s] Level 1:colcon.colcon_core.package_identification:_identify(src/turtlebot3_simulations) by extensions ['colcon_meta']
[0.282s] Level 1:colcon.colcon_core.package_identification:_identify(src/turtlebot3_simulations) by extension 'colcon_meta'
[0.282s] Level 1:colcon.colcon_core.package_identification:_identify(src/turtlebot3_simulations) by extensions ['ros']
[0.282s] Level 1:colcon.colcon_core.package_identification:_identify(src/turtlebot3_simulations) by extension 'ros'
[0.283s] Level 1:colcon.colcon_core.package_identification:_identify(src/turtlebot3_simulations) by extensions ['cmake', 'python']
[0.283s] Level 1:colcon.colcon_core.package_identification:_identify(src/turtlebot3_simulations) by extension 'cmake'
[0.283s] Level 1:colcon.colcon_core.package_identification:_identify(src/turtlebot3_simulations) by extension 'python'
[0.283s] Level 1:colcon.colcon_core.package_identification:_identify(src/turtlebot3_simulations) by extensions ['python_setup_py']
[0.283s] Level 1:colcon.colcon_core.package_identification:_identify(src/turtlebot3_simulations) by extension 'python_setup_py'
[0.283s] Level 1:colcon.colcon_core.package_identification:_identify(src/turtlebot3_simulations/turtlebot3_fake_node) by extensions ['ignore', 'ignore_ament_install']
[0.283s] Level 1:colcon.colcon_core.package_identification:_identify(src/turtlebot3_simulations/turtlebot3_fake_node) by extension 'ignore'
[0.283s] Level 1:colcon.colcon_core.package_identification:_identify(src/turtlebot3_simulations/turtlebot3_fake_node) by extension 'ignore_ament_install'
[0.283s] Level 1:colcon.colcon_core.package_identification:_identify(src/turtlebot3_simulations/turtlebot3_fake_node) by extensions ['colcon_pkg']
[0.283s] Level 1:colcon.colcon_core.package_identification:_identify(src/turtlebot3_simulations/turtlebot3_fake_node) by extension 'colcon_pkg'
[0.283s] Level 1:colcon.colcon_core.package_identification:_identify(src/turtlebot3_simulations/turtlebot3_fake_node) by extensions ['colcon_meta']
[0.283s] Level 1:colcon.colcon_core.package_identification:_identify(src/turtlebot3_simulations/turtlebot3_fake_node) by extension 'colcon_meta'
[0.283s] Level 1:colcon.colcon_core.package_identification:_identify(src/turtlebot3_simulations/turtlebot3_fake_node) by extensions ['ros']
[0.283s] Level 1:colcon.colcon_core.package_identification:_identify(src/turtlebot3_simulations/turtlebot3_fake_node) by extension 'ros'
[0.286s] DEBUG:colcon.colcon_core.package_identification:Package 'src/turtlebot3_simulations/turtlebot3_fake_node' with type 'ros.ament_cmake' and name 'turtlebot3_fake_node'
[0.286s] Level 1:colcon.colcon_core.package_identification:_identify(src/turtlebot3_simulations/turtlebot3_gazebo) by extensions ['ignore', 'ignore_ament_install']
[0.286s] Level 1:colcon.colcon_core.package_identification:_identify(src/turtlebot3_simulations/turtlebot3_gazebo) by extension 'ignore'
[0.286s] Level 1:colcon.colcon_core.package_identification:_identify(src/turtlebot3_simulations/turtlebot3_gazebo) by extension 'ignore_ament_install'
[0.286s] Level 1:colcon.colcon_core.package_identification:_identify(src/turtlebot3_simulations/turtlebot3_gazebo) by extensions ['colcon_pkg']
[0.286s] Level 1:colcon.colcon_core.package_identification:_identify(src/turtlebot3_simulations/turtlebot3_gazebo) by extension 'colcon_pkg'
[0.286s] Level 1:colcon.colcon_core.package_identification:_identify(src/turtlebot3_simulations/turtlebot3_gazebo) by extensions ['colcon_meta']
[0.286s] Level 1:colcon.colcon_core.package_identification:_identify(src/turtlebot3_simulations/turtlebot3_gazebo) by extension 'colcon_meta'
[0.286s] Level 1:colcon.colcon_core.package_identification:_identify(src/turtlebot3_simulations/turtlebot3_gazebo) by extensions ['ros']
[0.286s] Level 1:colcon.colcon_core.package_identification:_identify(src/turtlebot3_simulations/turtlebot3_gazebo) by extension 'ros'
[0.288s] DEBUG:colcon.colcon_core.package_identification:Package 'src/turtlebot3_simulations/turtlebot3_gazebo' with type 'ros.ament_cmake' and name 'turtlebot3_gazebo'
[0.288s] Level 1:colcon.colcon_core.package_identification:_identify(src/turtlebot3_simulations/turtlebot3_simulations) by extensions ['ignore', 'ignore_ament_install']
[0.288s] Level 1:colcon.colcon_core.package_identification:_identify(src/turtlebot3_simulations/turtlebot3_simulations) by extension 'ignore'
[0.288s] Level 1:colcon.colcon_core.package_identification:_identify(src/turtlebot3_simulations/turtlebot3_simulations) by extension 'ignore_ament_install'
[0.289s] Level 1:colcon.colcon_core.package_identification:_identify(src/turtlebot3_simulations/turtlebot3_simulations) by extensions ['colcon_pkg']
[0.289s] Level 1:colcon.colcon_core.package_identification:_identify(src/turtlebot3_simulations/turtlebot3_simulations) by extension 'colcon_pkg'
[0.289s] Level 1:colcon.colcon_core.package_identification:_identify(src/turtlebot3_simulations/turtlebot3_simulations) by extensions ['colcon_meta']
[0.289s] Level 1:colcon.colcon_core.package_identification:_identify(src/turtlebot3_simulations/turtlebot3_simulations) by extension 'colcon_meta'
[0.289s] Level 1:colcon.colcon_core.package_identification:_identify(src/turtlebot3_simulations/turtlebot3_simulations) by extensions ['ros']
[0.289s] Level 1:colcon.colcon_core.package_identification:_identify(src/turtlebot3_simulations/turtlebot3_simulations) by extension 'ros'
[0.290s] DEBUG:colcon.colcon_core.package_identification:Package 'src/turtlebot3_simulations/turtlebot3_simulations' with type 'ros.ament_cmake' and name 'turtlebot3_simulations'
[0.290s] Level 1:colcon.colcon_core.package_discovery:discover_packages(recursive) using defaults
[0.290s] Level 1:colcon.colcon_core.package_discovery:discover_packages(ignore) discover
[0.290s] Level 1:colcon.colcon_core.package_discovery:discover_packages(ignore) using defaults
[0.290s] Level 1:colcon.colcon_core.package_discovery:discover_packages(path) discover
[0.290s] Level 1:colcon.colcon_core.package_discovery:discover_packages(path) using defaults
[0.328s] Level 1:colcon.colcon_core.package_discovery:discover_packages(prefix_path) check parameters
[0.328s] Level 1:colcon.colcon_core.package_discovery:discover_packages(prefix_path) discover
[0.333s] DEBUG:colcon.colcon_installed_package_information.package_discovery:Found 318 installed packages in /opt/ros/foxy
[0.337s] Level 1:colcon.colcon_core.package_discovery:discover_packages(prefix_path) using defaults
[0.455s] Level 5:colcon.colcon_core.verb:set package 'basic_robot' build argument 'cmake_args' from command line to 'None'
[0.455s] Level 5:colcon.colcon_core.verb:set package 'basic_robot' build argument 'cmake_target' from command line to 'None'
[0.455s] Level 5:colcon.colcon_core.verb:set package 'basic_robot' build argument 'cmake_target_skip_unavailable' from command line to 'False'
[0.455s] Level 5:colcon.colcon_core.verb:set package 'basic_robot' build argument 'cmake_clean_cache' from command line to 'False'
[0.455s] Level 5:colcon.colcon_core.verb:set package 'basic_robot' build argument 'cmake_clean_first' from command line to 'False'
[0.455s] Level 5:colcon.colcon_core.verb:set package 'basic_robot' build argument 'cmake_force_configure' from command line to 'False'
[0.455s] Level 5:colcon.colcon_core.verb:set package 'basic_robot' build argument 'ament_cmake_args' from command line to 'None'
[0.455s] Level 5:colcon.colcon_core.verb:set package 'basic_robot' build argument 'catkin_cmake_args' from command line to 'None'
[0.455s] Level 5:colcon.colcon_core.verb:set package 'basic_robot' build argument 'catkin_skip_building_tests' from command line to 'False'
[0.455s] DEBUG:colcon.colcon_core.verb:Building package 'basic_robot' with the following arguments: {'ament_cmake_args': None, 'build_base': '/home/jonasvinol/Desktop/G1FinalProject/build/basic_robot', 'catkin_cmake_args': None, 'catkin_skip_building_tests': False, 'cmake_args': None, 'cmake_clean_cache': False, 'cmake_clean_first': False, 'cmake_force_configure': False, 'cmake_target': None, 'cmake_target_skip_unavailable': False, 'install_base': '/home/jonasvinol/Desktop/G1FinalProject/install/basic_robot', 'merge_install': False, 'path': '/home/jonasvinol/Desktop/G1FinalProject/src/basic_robot', 'symlink_install': True, 'test_result_base': None}
[0.457s] Level 5:colcon.colcon_core.verb:set package 'turtlebot3_fake_node' build argument 'cmake_args' from command line to 'None'
[0.457s] Level 5:colcon.colcon_core.verb:set package 'turtlebot3_fake_node' build argument 'cmake_target' from command line to 'None'
[0.457s] Level 5:colcon.colcon_core.verb:set package 'turtlebot3_fake_node' build argument 'cmake_target_skip_unavailable' from command line to 'False'
[0.457s] Level 5:colcon.colcon_core.verb:set package 'turtlebot3_fake_node' build argument 'cmake_clean_cache' from command line to 'False'
[0.457s] Level 5:colcon.colcon_core.verb:set package 'turtlebot3_fake_node' build argument 'cmake_clean_first' from command line to 'False'
[0.457s] Level 5:colcon.colcon_core.verb:set package 'turtlebot3_fake_node' build argument 'cmake_force_configure' from command line to 'False'
[0.457s] Level 5:colcon.colcon_core.verb:set package 'turtlebot3_fake_node' build argument 'ament_cmake_args' from command line to 'None'
[0.457s] Level 5:colcon.colcon_core.verb:set package 'turtlebot3_fake_node' build argument 'catkin_cmake_args' from command line to 'None'
[0.457s] Level 5:colcon.colcon_core.verb:set package 'turtlebot3_fake_node' build argument 'catkin_skip_building_tests' from command line to 'False'
[0.457s] DEBUG:colcon.colcon_core.verb:Building package 'turtlebot3_fake_node' with the following arguments: {'ament_cmake_args': None, 'build_base': '/home/jonasvinol/Desktop/G1FinalProject/build/turtlebot3_fake_node', 'catkin_cmake_args': None, 'catkin_skip_building_tests': False, 'cmake_args': None, 'cmake_clean_cache': False, 'cmake_clean_first': False, 'cmake_force_configure': False, 'cmake_target': None, 'cmake_target_skip_unavailable': False, 'install_base': '/home/jonasvinol/Desktop/G1FinalProject/install/turtlebot3_fake_node', 'merge_install': False, 'path': '/home/jonasvinol/Desktop/G1FinalProject/src/turtlebot3_simulations/turtlebot3_fake_node', 'symlink_install': True, 'test_result_base': None}
[0.459s] Level 5:colcon.colcon_core.verb:set package 'turtlebot3_gazebo' build argument 'cmake_args' from command line to 'None'
[0.459s] Level 5:colcon.colcon_core.verb:set package 'turtlebot3_gazebo' build argument 'cmake_target' from command line to 'None'
[0.459s] Level 5:colcon.colcon_core.verb:set package 'turtlebot3_gazebo' build argument 'cmake_target_skip_unavailable' from command line to 'False'
[0.459s] Level 5:colcon.colcon_core.verb:set package 'turtlebot3_gazebo' build argument 'cmake_clean_cache' from command line to 'False'
[0.459s] Level 5:colcon.colcon_core.verb:set package 'turtlebot3_gazebo' build argument 'cmake_clean_first' from command line to 'False'
[0.459s] Level 5:colcon.colcon_core.verb:set package 'turtlebot3_gazebo' build argument 'cmake_force_configure' from command line to 'False'
[0.459s] Level 5:colcon.colcon_core.verb:set package 'turtlebot3_gazebo' build argument 'ament_cmake_args' from command line to 'None'
[0.459s] Level 5:colcon.colcon_core.verb:set package 'turtlebot3_gazebo' build argument 'catkin_cmake_args' from command line to 'None'
[0.459s] Level 5:colcon.colcon_core.verb:set package 'turtlebot3_gazebo' build argument 'catkin_skip_building_tests' from command line to 'False'
[0.459s] DEBUG:colcon.colcon_core.verb:Building package 'turtlebot3_gazebo' with the following arguments: {'ament_cmake_args': None, 'build_base': '/home/jonasvinol/Desktop/G1FinalProject/build/turtlebot3_gazebo', 'catkin_cmake_args': None, 'catkin_skip_building_tests': False, 'cmake_args': None, 'cmake_clean_cache': False, 'cmake_clean_first': False, 'cmake_force_configure': False, 'cmake_target': None, 'cmake_target_skip_unavailable': False, 'install_base': '/home/jonasvinol/Desktop/G1FinalProject/install/turtlebot3_gazebo', 'merge_install': False, 'path': '/home/jonasvinol/Desktop/G1FinalProject/src/turtlebot3_simulations/turtlebot3_gazebo', 'symlink_install': True, 'test_result_base': None}
[0.461s] Level 5:colcon.colcon_core.verb:set package 'turtlebot3_simulations' build argument 'cmake_args' from command line to 'None'
[0.461s] Level 5:colcon.colcon_core.verb:set package 'turtlebot3_simulations' build argument 'cmake_target' from command line to 'None'
[0.461s] Level 5:colcon.colcon_core.verb:set package 'turtlebot3_simulations' build argument 'cmake_target_skip_unavailable' from command line to 'False'
[0.461s] Level 5:colcon.colcon_core.verb:set package 'turtlebot3_simulations' build argument 'cmake_clean_cache' from command line to 'False'
[0.461s] Level 5:colcon.colcon_core.verb:set package 'turtlebot3_simulations' build argument 'cmake_clean_first' from command line to 'False'
[0.461s] Level 5:colcon.colcon_core.verb:set package 'turtlebot3_simulations' build argument 'cmake_force_configure' from command line to 'False'
[0.461s] Level 5:colcon.colcon_core.verb:set package 'turtlebot3_simulations' build argument 'ament_cmake_args' from command line to 'None'
[0.461s] Level 5:colcon.colcon_core.verb:set package 'turtlebot3_simulations' build argument 'catkin_cmake_args' from command line to 'None'
[0.461s] Level 5:colcon.colcon_core.verb:set package 'turtlebot3_simulations' build argument 'catkin_skip_building_tests' from command line to 'False'
[0.461s] DEBUG:colcon.colcon_core.verb:Building package 'turtlebot3_simulations' with the following arguments: {'ament_cmake_args': None, 'build_base': '/home/jonasvinol/Desktop/G1FinalProject/build/turtlebot3_simulations', 'catkin_cmake_args': None, 'catkin_skip_building_tests': False, 'cmake_args': None, 'cmake_clean_cache': False, 'cmake_clean_first': False, 'cmake_force_configure': False, 'cmake_target': None, 'cmake_target_skip_unavailable': False, 'install_base': '/home/jonasvinol/Desktop/G1FinalProject/install/turtlebot3_simulations', 'merge_install': False, 'path': '/home/jonasvinol/Desktop/G1FinalProject/src/turtlebot3_simulations/turtlebot3_simulations', 'symlink_install': True, 'test_result_base': None}
[0.462s] INFO:colcon.colcon_core.executor:Executing jobs using 'parallel' executor
[0.468s] DEBUG:colcon.colcon_parallel_executor.executor.parallel:run_until_complete
[0.468s] INFO:colcon.colcon_ros.task.ament_cmake.build:Building ROS package in '/home/jonasvinol/Desktop/G1FinalProject/src/turtlebot3_simulations/turtlebot3_fake_node' with build type 'ament_cmake'
[0.469s] INFO:colcon.colcon_cmake.task.cmake.build:Building CMake package in '/home/jonasvinol/Desktop/G1FinalProject/src/turtlebot3_simulations/turtlebot3_fake_node'
[0.474s] INFO:colcon.colcon_core.plugin_system:Skipping extension 'colcon_core.shell.bat': Not used on non-Windows systems
[0.475s] INFO:colcon.colcon_core.shell:Skip shell extension 'powershell' for command environment: Not usable outside of PowerShell
[0.475s] DEBUG:colcon.colcon_core.shell:Skip shell extension 'dsv' for command environment
[0.483s] INFO:colcon.colcon_ros.task.ament_cmake.build:Building ROS package in '/home/jonasvinol/Desktop/G1FinalProject/src/turtlebot3_simulations/turtlebot3_gazebo' with build type 'ament_cmake'
[0.483s] INFO:colcon.colcon_cmake.task.cmake.build:Building CMake package in '/home/jonasvinol/Desktop/G1FinalProject/src/turtlebot3_simulations/turtlebot3_gazebo'
[0.485s] INFO:colcon.colcon_core.shell:Skip shell extension 'powershell' for command environment: Not usable outside of PowerShell
[0.486s] DEBUG:colcon.colcon_core.shell:Skip shell extension 'dsv' for command environment
[0.493s] INFO:colcon.colcon_ros.task.ament_cmake.build:Building ROS package in '/home/jonasvinol/Desktop/G1FinalProject/src/basic_robot' with build type 'ament_cmake'
[0.493s] INFO:colcon.colcon_cmake.task.cmake.build:Building CMake package in '/home/jonasvinol/Desktop/G1FinalProject/src/basic_robot'
[0.496s] INFO:colcon.colcon_core.shell:Skip shell extension 'powershell' for command environment: Not usable outside of PowerShell
[0.496s] DEBUG:colcon.colcon_core.shell:Skip shell extension 'dsv' for command environment
[0.515s] DEBUG:colcon.colcon_core.event_handler.log_command:Invoking command in '/home/jonasvinol/Desktop/G1FinalProject/build/turtlebot3_fake_node': CMAKE_PREFIX_PATH=/opt/ros/foxy /usr/bin/cmake --build /home/jonasvinol/Desktop/G1FinalProject/build/turtlebot3_fake_node -- -j6 -l6
[0.526s] DEBUG:colcon.colcon_core.event_handler.log_command:Invoking command in '/home/jonasvinol/Desktop/G1FinalProject/build/turtlebot3_gazebo': CMAKE_PREFIX_PATH=/opt/ros/foxy /usr/bin/cmake --build /home/jonasvinol/Desktop/G1FinalProject/build/turtlebot3_gazebo -- -j6 -l6
[0.528s] DEBUG:colcon.colcon_core.event_handler.log_command:Invoking command in '/home/jonasvinol/Desktop/G1FinalProject/build/basic_robot': CMAKE_PREFIX_PATH=/opt/ros/foxy /usr/bin/cmake --build /home/jonasvinol/Desktop/G1FinalProject/build/basic_robot -- -j6 -l6
[0.569s] DEBUG:colcon.colcon_core.event_handler.log_command:Invoked command in '/home/jonasvinol/Desktop/G1FinalProject/build/basic_robot' returned '0': CMAKE_PREFIX_PATH=/opt/ros/foxy /usr/bin/cmake --build /home/jonasvinol/Desktop/G1FinalProject/build/basic_robot -- -j6 -l6
[0.618s] DEBUG:colcon.colcon_core.event_handler.log_command:Invoking command in '/home/jonasvinol/Desktop/G1FinalProject/build/basic_robot': CMAKE_PREFIX_PATH=/opt/ros/foxy /usr/bin/cmake --install /home/jonasvinol/Desktop/G1FinalProject/build/basic_robot
[0.621s] DEBUG:colcon.colcon_core.event_handler.log_command:Invoked command in '/home/jonasvinol/Desktop/G1FinalProject/build/turtlebot3_fake_node' returned '0': CMAKE_PREFIX_PATH=/opt/ros/foxy /usr/bin/cmake --build /home/jonasvinol/Desktop/G1FinalProject/build/turtlebot3_fake_node -- -j6 -l6
[0.624s] DEBUG:colcon.colcon_core.event_handler.log_command:Invoked command in '/home/jonasvinol/Desktop/G1FinalProject/build/turtlebot3_gazebo' returned '0': CMAKE_PREFIX_PATH=/opt/ros/foxy /usr/bin/cmake --build /home/jonasvinol/Desktop/G1FinalProject/build/turtlebot3_gazebo -- -j6 -l6
[0.649s] DEBUG:colcon.colcon_core.event_handler.log_command:Invoking command in '/home/jonasvinol/Desktop/G1FinalProject/build/turtlebot3_fake_node': CMAKE_PREFIX_PATH=/opt/ros/foxy /usr/bin/cmake --install /home/jonasvinol/Desktop/G1FinalProject/build/turtlebot3_fake_node
[0.651s] Level 1:colcon.colcon_core.environment:create_environment_scripts_only(basic_robot)
[0.651s] DEBUG:colcon.colcon_core.event_handler.log_command:Invoked command in '/home/jonasvinol/Desktop/G1FinalProject/build/basic_robot' returned '0': CMAKE_PREFIX_PATH=/opt/ros/foxy /usr/bin/cmake --install /home/jonasvinol/Desktop/G1FinalProject/build/basic_robot
[0.660s] Level 1:colcon.colcon_core.environment:checking '/home/jonasvinol/Desktop/G1FinalProject/install/basic_robot' for CMake module files
[0.662s] Level 1:colcon.colcon_core.environment:checking '/home/jonasvinol/Desktop/G1FinalProject/install/basic_robot' for CMake config files
[0.663s] Level 1:colcon.colcon_core.shell:create_environment_hook('basic_robot', 'cmake_prefix_path')
[0.668s] INFO:colcon.colcon_core.shell:Creating environment hook '/home/jonasvinol/Desktop/G1FinalProject/install/basic_robot/share/basic_robot/hook/cmake_prefix_path.ps1'
[0.670s] INFO:colcon.colcon_core.shell:Creating environment descriptor '/home/jonasvinol/Desktop/G1FinalProject/install/basic_robot/share/basic_robot/hook/cmake_prefix_path.dsv'
[0.671s] INFO:colcon.colcon_core.shell:Creating environment hook '/home/jonasvinol/Desktop/G1FinalProject/install/basic_robot/share/basic_robot/hook/cmake_prefix_path.sh'
[0.672s] Level 1:colcon.colcon_core.environment:checking '/home/jonasvinol/Desktop/G1FinalProject/install/basic_robot/bin'
[0.672s] Level 1:colcon.colcon_core.environment:checking '/home/jonasvinol/Desktop/G1FinalProject/install/basic_robot/lib/pkgconfig/basic_robot.pc'
[0.672s] Level 1:colcon.colcon_core.environment:checking '/home/jonasvinol/Desktop/G1FinalProject/install/basic_robot/lib/python3.8/site-packages'
[0.673s] Level 1:colcon.colcon_core.environment:checking '/home/jonasvinol/Desktop/G1FinalProject/install/basic_robot/bin'
[0.675s] INFO:colcon.colcon_core.shell:Creating package script '/home/jonasvinol/Desktop/G1FinalProject/install/basic_robot/share/basic_robot/package.ps1'
[0.676s] INFO:colcon.colcon_core.shell:Creating package descriptor '/home/jonasvinol/Desktop/G1FinalProject/install/basic_robot/share/basic_robot/package.dsv'
[0.677s] INFO:colcon.colcon_core.shell:Creating package script '/home/jonasvinol/Desktop/G1FinalProject/install/basic_robot/share/basic_robot/package.sh'
[0.682s] INFO:colcon.colcon_core.shell:Creating package script '/home/jonasvinol/Desktop/G1FinalProject/install/basic_robot/share/basic_robot/package.bash'
[0.683s] INFO:colcon.colcon_core.shell:Creating package script '/home/jonasvinol/Desktop/G1FinalProject/install/basic_robot/share/basic_robot/package.zsh'
[0.684s] Level 1:colcon.colcon_core.environment:create_file_with_runtime_dependencies(/home/jonasvinol/Desktop/G1FinalProject/install/basic_robot/share/colcon-core/packages/basic_robot)
[0.693s] DEBUG:colcon.colcon_core.event_handler.log_command:Invoking command in '/home/jonasvinol/Desktop/G1FinalProject/build/turtlebot3_gazebo': CMAKE_PREFIX_PATH=/opt/ros/foxy /usr/bin/cmake --install /home/jonasvinol/Desktop/G1FinalProject/build/turtlebot3_gazebo
[0.695s] Level 1:colcon.colcon_core.environment:create_environment_scripts_only(turtlebot3_fake_node)
[0.699s] Level 1:colcon.colcon_core.environment:checking '/home/jonasvinol/Desktop/G1FinalProject/install/turtlebot3_fake_node' for CMake module files
[0.700s] DEBUG:colcon.colcon_core.event_handler.log_command:Invoked command in '/home/jonasvinol/Desktop/G1FinalProject/build/turtlebot3_fake_node' returned '0': CMAKE_PREFIX_PATH=/opt/ros/foxy /usr/bin/cmake --install /home/jonasvinol/Desktop/G1FinalProject/build/turtlebot3_fake_node
[0.701s] Level 1:colcon.colcon_core.environment:checking '/home/jonasvinol/Desktop/G1FinalProject/install/turtlebot3_fake_node' for CMake config files
[0.701s] Level 1:colcon.colcon_core.shell:create_environment_hook('turtlebot3_fake_node', 'cmake_prefix_path')
[0.704s] INFO:colcon.colcon_core.shell:Creating environment hook '/home/jonasvinol/Desktop/G1FinalProject/install/turtlebot3_fake_node/share/turtlebot3_fake_node/hook/cmake_prefix_path.ps1'
[0.705s] INFO:colcon.colcon_core.shell:Creating environment descriptor '/home/jonasvinol/Desktop/G1FinalProject/install/turtlebot3_fake_node/share/turtlebot3_fake_node/hook/cmake_prefix_path.dsv'
[0.706s] INFO:colcon.colcon_core.shell:Creating environment hook '/home/jonasvinol/Desktop/G1FinalProject/install/turtlebot3_fake_node/share/turtlebot3_fake_node/hook/cmake_prefix_path.sh'
[0.707s] Level 1:colcon.colcon_core.environment:checking '/home/jonasvinol/Desktop/G1FinalProject/install/turtlebot3_fake_node/lib'
[0.707s] Level 1:colcon.colcon_core.environment:checking '/home/jonasvinol/Desktop/G1FinalProject/install/turtlebot3_fake_node/bin'
[0.707s] Level 1:colcon.colcon_core.environment:checking '/home/jonasvinol/Desktop/G1FinalProject/install/turtlebot3_fake_node/lib/pkgconfig/turtlebot3_fake_node.pc'
[0.708s] Level 1:colcon.colcon_core.environment:checking '/home/jonasvinol/Desktop/G1FinalProject/install/turtlebot3_fake_node/lib/python3.8/site-packages'
[0.708s] Level 1:colcon.colcon_core.environment:checking '/home/jonasvinol/Desktop/G1FinalProject/install/turtlebot3_fake_node/bin'
[0.711s] INFO:colcon.colcon_core.shell:Creating package script '/home/jonasvinol/Desktop/G1FinalProject/install/turtlebot3_fake_node/share/turtlebot3_fake_node/package.ps1'
[0.715s] INFO:colcon.colcon_core.shell:Creating package descriptor '/home/jonasvinol/Desktop/G1FinalProject/install/turtlebot3_fake_node/share/turtlebot3_fake_node/package.dsv'
[0.717s] INFO:colcon.colcon_core.shell:Creating package script '/home/jonasvinol/Desktop/G1FinalProject/install/turtlebot3_fake_node/share/turtlebot3_fake_node/package.sh'
[0.718s] INFO:colcon.colcon_core.shell:Creating package script '/home/jonasvinol/Desktop/G1FinalProject/install/turtlebot3_fake_node/share/turtlebot3_fake_node/package.bash'
[0.719s] INFO:colcon.colcon_core.shell:Creating package script '/home/jonasvinol/Desktop/G1FinalProject/install/turtlebot3_fake_node/share/turtlebot3_fake_node/package.zsh'
[0.720s] Level 1:colcon.colcon_core.environment:create_file_with_runtime_dependencies(/home/jonasvinol/Desktop/G1FinalProject/install/turtlebot3_fake_node/share/colcon-core/packages/turtlebot3_fake_node)
[0.730s] Level 1:colcon.colcon_core.environment:create_environment_scripts_only(basic_robot)
[0.735s] Level 1:colcon.colcon_core.environment:checking '/home/jonasvinol/Desktop/G1FinalProject/install/basic_robot' for CMake module files
[0.739s] Level 1:colcon.colcon_core.environment:checking '/home/jonasvinol/Desktop/G1FinalProject/install/basic_robot' for CMake config files
[0.741s] Level 1:colcon.colcon_core.shell:create_environment_hook('basic_robot', 'cmake_prefix_path')
[0.744s] INFO:colcon.colcon_core.shell:Creating environment hook '/home/jonasvinol/Desktop/G1FinalProject/install/basic_robot/share/basic_robot/hook/cmake_prefix_path.ps1'
[0.746s] INFO:colcon.colcon_core.shell:Creating environment descriptor '/home/jonasvinol/Desktop/G1FinalProject/install/basic_robot/share/basic_robot/hook/cmake_prefix_path.dsv'
[0.746s] INFO:colcon.colcon_core.shell:Creating environment hook '/home/jonasvinol/Desktop/G1FinalProject/install/basic_robot/share/basic_robot/hook/cmake_prefix_path.sh'
[0.748s] Level 1:colcon.colcon_core.environment:checking '/home/jonasvinol/Desktop/G1FinalProject/install/basic_robot/bin'
[0.748s] Level 1:colcon.colcon_core.environment:checking '/home/jonasvinol/Desktop/G1FinalProject/install/basic_robot/lib/pkgconfig/basic_robot.pc'
[0.748s] Level 1:colcon.colcon_core.environment:checking '/home/jonasvinol/Desktop/G1FinalProject/install/basic_robot/lib/python3.8/site-packages'
[0.749s] Level 1:colcon.colcon_core.environment:checking '/home/jonasvinol/Desktop/G1FinalProject/install/basic_robot/bin'
[0.752s] INFO:colcon.colcon_core.shell:Creating package script '/home/jonasvinol/Desktop/G1FinalProject/install/basic_robot/share/basic_robot/package.ps1'
[0.753s] INFO:colcon.colcon_core.shell:Creating package descriptor '/home/jonasvinol/Desktop/G1FinalProject/install/basic_robot/share/basic_robot/package.dsv'
[0.754s] INFO:colcon.colcon_core.shell:Creating package script '/home/jonasvinol/Desktop/G1FinalProject/install/basic_robot/share/basic_robot/package.sh'
[0.755s] INFO:colcon.colcon_core.shell:Creating package script '/home/jonasvinol/Desktop/G1FinalProject/install/basic_robot/share/basic_robot/package.bash'
[0.755s] INFO:colcon.colcon_core.shell:Creating package script '/home/jonasvinol/Desktop/G1FinalProject/install/basic_robot/share/basic_robot/package.zsh'
[0.756s] Level 1:colcon.colcon_core.environment:create_file_with_runtime_dependencies(/home/jonasvinol/Desktop/G1FinalProject/install/basic_robot/share/colcon-core/packages/basic_robot)
[0.759s] Level 1:colcon.colcon_core.environment:create_environment_scripts_only(turtlebot3_fake_node)
[0.762s] Level 1:colcon.colcon_core.environment:checking '/home/jonasvinol/Desktop/G1FinalProject/install/turtlebot3_fake_node' for CMake module files
[0.763s] Level 1:colcon.colcon_core.environment:checking '/home/jonasvinol/Desktop/G1FinalProject/install/turtlebot3_fake_node' for CMake config files
[0.766s] Level 1:colcon.colcon_core.shell:create_environment_hook('turtlebot3_fake_node', 'cmake_prefix_path')
[0.767s] INFO:colcon.colcon_core.shell:Creating environment hook '/home/jonasvinol/Desktop/G1FinalProject/install/turtlebot3_fake_node/share/turtlebot3_fake_node/hook/cmake_prefix_path.ps1'
[0.768s] INFO:colcon.colcon_core.shell:Creating environment descriptor '/home/jonasvinol/Desktop/G1FinalProject/install/turtlebot3_fake_node/share/turtlebot3_fake_node/hook/cmake_prefix_path.dsv'
[0.769s] INFO:colcon.colcon_core.shell:Creating environment hook '/home/jonasvinol/Desktop/G1FinalProject/install/turtlebot3_fake_node/share/turtlebot3_fake_node/hook/cmake_prefix_path.sh'
[0.770s] Level 1:colcon.colcon_core.environment:checking '/home/jonasvinol/Desktop/G1FinalProject/install/turtlebot3_fake_node/lib'
[0.770s] Level 1:colcon.colcon_core.environment:checking '/home/jonasvinol/Desktop/G1FinalProject/install/turtlebot3_fake_node/bin'
[0.770s] Level 1:colcon.colcon_core.environment:checking '/home/jonasvinol/Desktop/G1FinalProject/install/turtlebot3_fake_node/lib/pkgconfig/turtlebot3_fake_node.pc'
[0.770s] Level 1:colcon.colcon_core.environment:checking '/home/jonasvinol/Desktop/G1FinalProject/install/turtlebot3_fake_node/lib/python3.8/site-packages'
[0.770s] Level 1:colcon.colcon_core.environment:checking '/home/jonasvinol/Desktop/G1FinalProject/install/turtlebot3_fake_node/bin'
[0.772s] INFO:colcon.colcon_core.shell:Creating package script '/home/jonasvinol/Desktop/G1FinalProject/install/turtlebot3_fake_node/share/turtlebot3_fake_node/package.ps1'
[0.773s] INFO:colcon.colcon_core.shell:Creating package descriptor '/home/jonasvinol/Desktop/G1FinalProject/install/turtlebot3_fake_node/share/turtlebot3_fake_node/package.dsv'
[0.774s] INFO:colcon.colcon_core.shell:Creating package script '/home/jonasvinol/Desktop/G1FinalProject/install/turtlebot3_fake_node/share/turtlebot3_fake_node/package.sh'
[0.775s] INFO:colcon.colcon_core.shell:Creating package script '/home/jonasvinol/Desktop/G1FinalProject/install/turtlebot3_fake_node/share/turtlebot3_fake_node/package.bash'
[0.775s] INFO:colcon.colcon_core.shell:Creating package script '/home/jonasvinol/Desktop/G1FinalProject/install/turtlebot3_fake_node/share/turtlebot3_fake_node/package.zsh'
[0.776s] Level 1:colcon.colcon_core.environment:create_file_with_runtime_dependencies(/home/jonasvinol/Desktop/G1FinalProject/install/turtlebot3_fake_node/share/colcon-core/packages/turtlebot3_fake_node)
[0.778s] Level 1:colcon.colcon_core.environment:create_environment_scripts_only(turtlebot3_gazebo)
[0.781s] Level 1:colcon.colcon_core.environment:checking '/home/jonasvinol/Desktop/G1FinalProject/install/turtlebot3_gazebo' for CMake module files
[0.782s] Level 1:colcon.colcon_core.environment:checking '/home/jonasvinol/Desktop/G1FinalProject/install/turtlebot3_gazebo' for CMake config files
[0.790s] Level 1:colcon.colcon_core.shell:create_environment_hook('turtlebot3_gazebo', 'cmake_prefix_path')
[0.792s] INFO:colcon.colcon_core.shell:Creating environment hook '/home/jonasvinol/Desktop/G1FinalProject/install/turtlebot3_gazebo/share/turtlebot3_gazebo/hook/cmake_prefix_path.ps1'
[0.793s] INFO:colcon.colcon_core.shell:Creating environment descriptor '/home/jonasvinol/Desktop/G1FinalProject/install/turtlebot3_gazebo/share/turtlebot3_gazebo/hook/cmake_prefix_path.dsv'
[0.793s] INFO:colcon.colcon_core.shell:Creating environment hook '/home/jonasvinol/Desktop/G1FinalProject/install/turtlebot3_gazebo/share/turtlebot3_gazebo/hook/cmake_prefix_path.sh'
[0.794s] Level 1:colcon.colcon_core.environment:checking '/home/jonasvinol/Desktop/G1FinalProject/install/turtlebot3_gazebo/lib'
[0.794s] Level 1:colcon.colcon_core.environment:checking '/home/jonasvinol/Desktop/G1FinalProject/install/turtlebot3_gazebo/bin'
[0.795s] Level 1:colcon.colcon_core.environment:checking '/home/jonasvinol/Desktop/G1FinalProject/install/turtlebot3_gazebo/lib/pkgconfig/turtlebot3_gazebo.pc'
[0.795s] Level 1:colcon.colcon_core.environment:checking '/home/jonasvinol/Desktop/G1FinalProject/install/turtlebot3_gazebo/lib/python3.8/site-packages'
[0.795s] Level 1:colcon.colcon_core.environment:checking '/home/jonasvinol/Desktop/G1FinalProject/install/turtlebot3_gazebo/bin'
[0.800s] INFO:colcon.colcon_core.shell:Creating package script '/home/jonasvinol/Desktop/G1FinalProject/install/turtlebot3_gazebo/share/turtlebot3_gazebo/package.ps1'
[0.801s] INFO:colcon.colcon_core.shell:Creating package descriptor '/home/jonasvinol/Desktop/G1FinalProject/install/turtlebot3_gazebo/share/turtlebot3_gazebo/package.dsv'
[0.802s] INFO:colcon.colcon_core.shell:Creating package script '/home/jonasvinol/Desktop/G1FinalProject/install/turtlebot3_gazebo/share/turtlebot3_gazebo/package.sh'
[0.802s] INFO:colcon.colcon_core.shell:Creating package script '/home/jonasvinol/Desktop/G1FinalProject/install/turtlebot3_gazebo/share/turtlebot3_gazebo/package.bash'
[0.803s] INFO:colcon.colcon_core.shell:Creating package script '/home/jonasvinol/Desktop/G1FinalProject/install/turtlebot3_gazebo/share/turtlebot3_gazebo/package.zsh'
[0.803s] Level 1:colcon.colcon_core.environment:create_file_with_runtime_dependencies(/home/jonasvinol/Desktop/G1FinalProject/install/turtlebot3_gazebo/share/colcon-core/packages/turtlebot3_gazebo)
[0.814s] DEBUG:colcon.colcon_core.event_handler.log_command:Invoked command in '/home/jonasvinol/Desktop/G1FinalProject/build/turtlebot3_gazebo' returned '0': CMAKE_PREFIX_PATH=/opt/ros/foxy /usr/bin/cmake --install /home/jonasvinol/Desktop/G1FinalProject/build/turtlebot3_gazebo
[0.840s] Level 1:colcon.colcon_core.environment:create_environment_scripts_only(turtlebot3_gazebo)
[0.844s] Level 1:colcon.colcon_core.environment:checking '/home/jonasvinol/Desktop/G1FinalProject/install/turtlebot3_gazebo' for CMake module files
[0.845s] Level 1:colcon.colcon_core.environment:checking '/home/jonasvinol/Desktop/G1FinalProject/install/turtlebot3_gazebo' for CMake config files
[0.847s] Level 1:colcon.colcon_core.shell:create_environment_hook('turtlebot3_gazebo', 'cmake_prefix_path')
[0.849s] INFO:colcon.colcon_core.shell:Creating environment hook '/home/jonasvinol/Desktop/G1FinalProject/install/turtlebot3_gazebo/share/turtlebot3_gazebo/hook/cmake_prefix_path.ps1'
[0.850s] INFO:colcon.colcon_core.shell:Creating environment descriptor '/home/jonasvinol/Desktop/G1FinalProject/install/turtlebot3_gazebo/share/turtlebot3_gazebo/hook/cmake_prefix_path.dsv'
[0.850s] INFO:colcon.colcon_core.shell:Creating environment hook '/home/jonasvinol/Desktop/G1FinalProject/install/turtlebot3_gazebo/share/turtlebot3_gazebo/hook/cmake_prefix_path.sh'
[0.851s] Level 1:colcon.colcon_core.environment:checking '/home/jonasvinol/Desktop/G1FinalProject/install/turtlebot3_gazebo/lib'
[0.851s] Level 1:colcon.colcon_core.environment:checking '/home/jonasvinol/Desktop/G1FinalProject/install/turtlebot3_gazebo/bin'
[0.851s] Level 1:colcon.colcon_core.environment:checking '/home/jonasvinol/Desktop/G1FinalProject/install/turtlebot3_gazebo/lib/pkgconfig/turtlebot3_gazebo.pc'
[0.852s] Level 1:colcon.colcon_core.environment:checking '/home/jonasvinol/Desktop/G1FinalProject/install/turtlebot3_gazebo/lib/python3.8/site-packages'
[0.852s] Level 1:colcon.colcon_core.environment:checking '/home/jonasvinol/Desktop/G1FinalProject/install/turtlebot3_gazebo/bin'
[0.854s] INFO:colcon.colcon_core.shell:Creating package script '/home/jonasvinol/Desktop/G1FinalProject/install/turtlebot3_gazebo/share/turtlebot3_gazebo/package.ps1'
[0.855s] INFO:colcon.colcon_core.shell:Creating package descriptor '/home/jonasvinol/Desktop/G1FinalProject/install/turtlebot3_gazebo/share/turtlebot3_gazebo/package.dsv'
[0.855s] INFO:colcon.colcon_core.shell:Creating package script '/home/jonasvinol/Desktop/G1FinalProject/install/turtlebot3_gazebo/share/turtlebot3_gazebo/package.sh'
[0.856s] INFO:colcon.colcon_core.shell:Creating package script '/home/jonasvinol/Desktop/G1FinalProject/install/turtlebot3_gazebo/share/turtlebot3_gazebo/package.bash'
[0.856s] INFO:colcon.colcon_core.shell:Creating package script '/home/jonasvinol/Desktop/G1FinalProject/install/turtlebot3_gazebo/share/turtlebot3_gazebo/package.zsh'
[0.857s] Level 1:colcon.colcon_core.environment:create_file_with_runtime_dependencies(/home/jonasvinol/Desktop/G1FinalProject/install/turtlebot3_gazebo/share/colcon-core/packages/turtlebot3_gazebo)
[0.857s] INFO:colcon.colcon_ros.task.ament_cmake.build:Building ROS package in '/home/jonasvinol/Desktop/G1FinalProject/src/turtlebot3_simulations/turtlebot3_simulations' with build type 'ament_cmake'
[0.857s] INFO:colcon.colcon_cmake.task.cmake.build:Building CMake package in '/home/jonasvinol/Desktop/G1FinalProject/src/turtlebot3_simulations/turtlebot3_simulations'
[0.859s] INFO:colcon.colcon_core.shell:Skip shell extension 'powershell' for command environment: Not usable outside of PowerShell
[0.859s] DEBUG:colcon.colcon_core.shell:Skip shell extension 'dsv' for command environment
[0.876s] DEBUG:colcon.colcon_core.event_handler.log_command:Invoking command in '/home/jonasvinol/Desktop/G1FinalProject/build/turtlebot3_simulations': AMENT_PREFIX_PATH=/home/jonasvinol/Desktop/G1FinalProject/install/turtlebot3_gazebo:/home/jonasvinol/Desktop/G1FinalProject/install/turtlebot3_fake_node:${AMENT_PREFIX_PATH} CMAKE_PREFIX_PATH=/home/jonasvinol/Desktop/G1FinalProject/install/turtlebot3_gazebo:/home/jonasvinol/Desktop/G1FinalProject/install/turtlebot3_fake_node:/opt/ros/foxy /usr/bin/cmake --build /home/jonasvinol/Desktop/G1FinalProject/build/turtlebot3_simulations -- -j6 -l6
[0.922s] DEBUG:colcon.colcon_core.event_handler.log_command:Invoked command in '/home/jonasvinol/Desktop/G1FinalProject/build/turtlebot3_simulations' returned '0': AMENT_PREFIX_PATH=/home/jonasvinol/Desktop/G1FinalProject/install/turtlebot3_gazebo:/home/jonasvinol/Desktop/G1FinalProject/install/turtlebot3_fake_node:${AMENT_PREFIX_PATH} CMAKE_PREFIX_PATH=/home/jonasvinol/Desktop/G1FinalProject/install/turtlebot3_gazebo:/home/jonasvinol/Desktop/G1FinalProject/install/turtlebot3_fake_node:/opt/ros/foxy /usr/bin/cmake --build /home/jonasvinol/Desktop/G1FinalProject/build/turtlebot3_simulations -- -j6 -l6
[0.950s] DEBUG:colcon.colcon_core.event_handler.log_command:Invoking command in '/home/jonasvinol/Desktop/G1FinalProject/build/turtlebot3_simulations': AMENT_PREFIX_PATH=/home/jonasvinol/Desktop/G1FinalProject/install/turtlebot3_gazebo:/home/jonasvinol/Desktop/G1FinalProject/install/turtlebot3_fake_node:${AMENT_PREFIX_PATH} CMAKE_PREFIX_PATH=/home/jonasvinol/Desktop/G1FinalProject/install/turtlebot3_gazebo:/home/jonasvinol/Desktop/G1FinalProject/install/turtlebot3_fake_node:/opt/ros/foxy /usr/bin/cmake --install /home/jonasvinol/Desktop/G1FinalProject/build/turtlebot3_simulations
[0.974s] Level 1:colcon.colcon_core.environment:create_environment_scripts_only(turtlebot3_simulations)
[0.978s] Level 1:colcon.colcon_core.environment:checking '/home/jonasvinol/Desktop/G1FinalProject/install/turtlebot3_simulations' for CMake module files
[0.978s] DEBUG:colcon.colcon_core.event_handler.log_command:Invoked command in '/home/jonasvinol/Desktop/G1FinalProject/build/turtlebot3_simulations' returned '0': AMENT_PREFIX_PATH=/home/jonasvinol/Desktop/G1FinalProject/install/turtlebot3_gazebo:/home/jonasvinol/Desktop/G1FinalProject/install/turtlebot3_fake_node:${AMENT_PREFIX_PATH} CMAKE_PREFIX_PATH=/home/jonasvinol/Desktop/G1FinalProject/install/turtlebot3_gazebo:/home/jonasvinol/Desktop/G1FinalProject/install/turtlebot3_fake_node:/opt/ros/foxy /usr/bin/cmake --install /home/jonasvinol/Desktop/G1FinalProject/build/turtlebot3_simulations
[0.979s] Level 1:colcon.colcon_core.environment:checking '/home/jonasvinol/Desktop/G1FinalProject/install/turtlebot3_simulations' for CMake config files
[0.979s] Level 1:colcon.colcon_core.shell:create_environment_hook('turtlebot3_simulations', 'cmake_prefix_path')
[0.981s] INFO:colcon.colcon_core.shell:Creating environment hook '/home/jonasvinol/Desktop/G1FinalProject/install/turtlebot3_simulations/share/turtlebot3_simulations/hook/cmake_prefix_path.ps1'
[0.982s] INFO:colcon.colcon_core.shell:Creating environment descriptor '/home/jonasvinol/Desktop/G1FinalProject/install/turtlebot3_simulations/share/turtlebot3_simulations/hook/cmake_prefix_path.dsv'
[0.982s] INFO:colcon.colcon_core.shell:Creating environment hook '/home/jonasvinol/Desktop/G1FinalProject/install/turtlebot3_simulations/share/turtlebot3_simulations/hook/cmake_prefix_path.sh'
[0.983s] Level 1:colcon.colcon_core.environment:checking '/home/jonasvinol/Desktop/G1FinalProject/install/turtlebot3_simulations/bin'
[0.983s] Level 1:colcon.colcon_core.environment:checking '/home/jonasvinol/Desktop/G1FinalProject/install/turtlebot3_simulations/lib/pkgconfig/turtlebot3_simulations.pc'
[0.983s] Level 1:colcon.colcon_core.environment:checking '/home/jonasvinol/Desktop/G1FinalProject/install/turtlebot3_simulations/lib/python3.8/site-packages'
[0.983s] Level 1:colcon.colcon_core.environment:checking '/home/jonasvinol/Desktop/G1FinalProject/install/turtlebot3_simulations/bin'
[0.986s] INFO:colcon.colcon_core.shell:Creating package script '/home/jonasvinol/Desktop/G1FinalProject/install/turtlebot3_simulations/share/turtlebot3_simulations/package.ps1'
[0.986s] INFO:colcon.colcon_core.shell:Creating package descriptor '/home/jonasvinol/Desktop/G1FinalProject/install/turtlebot3_simulations/share/turtlebot3_simulations/package.dsv'
[0.987s] INFO:colcon.colcon_core.shell:Creating package script '/home/jonasvinol/Desktop/G1FinalProject/install/turtlebot3_simulations/share/turtlebot3_simulations/package.sh'
[0.987s] INFO:colcon.colcon_core.shell:Creating package script '/home/jonasvinol/Desktop/G1FinalProject/install/turtlebot3_simulations/share/turtlebot3_simulations/package.bash'
[0.987s] INFO:colcon.colcon_core.shell:Creating package script '/home/jonasvinol/Desktop/G1FinalProject/install/turtlebot3_simulations/share/turtlebot3_simulations/package.zsh'
[0.988s] Level 1:colcon.colcon_core.environment:create_file_with_runtime_dependencies(/home/jonasvinol/Desktop/G1FinalProject/install/turtlebot3_simulations/share/colcon-core/packages/turtlebot3_simulations)
[1.014s] Level 1:colcon.colcon_core.environment:create_environment_scripts_only(turtlebot3_simulations)
[1.017s] Level 1:colcon.colcon_core.environment:checking '/home/jonasvinol/Desktop/G1FinalProject/install/turtlebot3_simulations' for CMake module files
[1.018s] Level 1:colcon.colcon_core.environment:checking '/home/jonasvinol/Desktop/G1FinalProject/install/turtlebot3_simulations' for CMake config files
[1.018s] Level 1:colcon.colcon_core.shell:create_environment_hook('turtlebot3_simulations', 'cmake_prefix_path')
[1.020s] INFO:colcon.colcon_core.shell:Creating environment hook '/home/jonasvinol/Desktop/G1FinalProject/install/turtlebot3_simulations/share/turtlebot3_simulations/hook/cmake_prefix_path.ps1'
[1.021s] INFO:colcon.colcon_core.shell:Creating environment descriptor '/home/jonasvinol/Desktop/G1FinalProject/install/turtlebot3_simulations/share/turtlebot3_simulations/hook/cmake_prefix_path.dsv'
[1.021s] INFO:colcon.colcon_core.shell:Creating environment hook '/home/jonasvinol/Desktop/G1FinalProject/install/turtlebot3_simulations/share/turtlebot3_simulations/hook/cmake_prefix_path.sh'
[1.022s] Level 1:colcon.colcon_core.environment:checking '/home/jonasvinol/Desktop/G1FinalProject/install/turtlebot3_simulations/bin'
[1.022s] Level 1:colcon.colcon_core.environment:checking '/home/jonasvinol/Desktop/G1FinalProject/install/turtlebot3_simulations/lib/pkgconfig/turtlebot3_simulations.pc'
[1.022s] Level 1:colcon.colcon_core.environment:checking '/home/jonasvinol/Desktop/G1FinalProject/install/turtlebot3_simulations/lib/python3.8/site-packages'
[1.023s] Level 1:colcon.colcon_core.environment:checking '/home/jonasvinol/Desktop/G1FinalProject/install/turtlebot3_simulations/bin'
[1.025s] INFO:colcon.colcon_core.shell:Creating package script '/home/jonasvinol/Desktop/G1FinalProject/install/turtlebot3_simulations/share/turtlebot3_simulations/package.ps1'
[1.026s] INFO:colcon.colcon_core.shell:Creating package descriptor '/home/jonasvinol/Desktop/G1FinalProject/install/turtlebot3_simulations/share/turtlebot3_simulations/package.dsv'
[1.026s] INFO:colcon.colcon_core.shell:Creating package script '/home/jonasvinol/Desktop/G1FinalProject/install/turtlebot3_simulations/share/turtlebot3_simulations/package.sh'
[1.027s] INFO:colcon.colcon_core.shell:Creating package script '/home/jonasvinol/Desktop/G1FinalProject/install/turtlebot3_simulations/share/turtlebot3_simulations/package.bash'
[1.027s] INFO:colcon.colcon_core.shell:Creating package script '/home/jonasvinol/Desktop/G1FinalProject/install/turtlebot3_simulations/share/turtlebot3_simulations/package.zsh'
[1.028s] Level 1:colcon.colcon_core.environment:create_file_with_runtime_dependencies(/home/jonasvinol/Desktop/G1FinalProject/install/turtlebot3_simulations/share/colcon-core/packages/turtlebot3_simulations)
[1.028s] DEBUG:colcon.colcon_parallel_executor.executor.parallel:closing loop
[1.029s] DEBUG:colcon.colcon_parallel_executor.executor.parallel:loop closed
[1.029s] DEBUG:colcon.colcon_parallel_executor.executor.parallel:run_until_complete finished with '0'
[1.029s] DEBUG:colcon.colcon_core.event_reactor:joining thread
[1.038s] INFO:colcon.colcon_core.plugin_system:Skipping extension 'colcon_notification.desktop_notification.terminal_notifier': Not used on non-Darwin systems
[1.038s] INFO:colcon.colcon_core.plugin_system:Skipping extension 'colcon_notification.desktop_notification.win32': Not used on non-Windows systems
[1.038s] INFO:colcon.colcon_notification.desktop_notification:Sending desktop notification using 'notify2'
[1.059s] DEBUG:colcon.colcon_core.event_reactor:joined thread
[1.062s] INFO:colcon.colcon_core.shell:Creating prefix script '/home/jonasvinol/Desktop/G1FinalProject/install/local_setup.ps1'
[1.063s] INFO:colcon.colcon_core.shell:Creating prefix util module '/home/jonasvinol/Desktop/G1FinalProject/install/_local_setup_util_ps1.py'
[1.066s] INFO:colcon.colcon_core.shell:Creating prefix chain script '/home/jonasvinol/Desktop/G1FinalProject/install/setup.ps1'
[1.068s] INFO:colcon.colcon_core.shell:Creating prefix script '/home/jonasvinol/Desktop/G1FinalProject/install/local_setup.sh'
[1.069s] INFO:colcon.colcon_core.shell:Creating prefix util module '/home/jonasvinol/Desktop/G1FinalProject/install/_local_setup_util_sh.py'
[1.069s] INFO:colcon.colcon_core.shell:Creating prefix chain script '/home/jonasvinol/Desktop/G1FinalProject/install/setup.sh'
[1.071s] INFO:colcon.colcon_core.shell:Creating prefix script '/home/jonasvinol/Desktop/G1FinalProject/install/local_setup.bash'
[1.072s] INFO:colcon.colcon_core.shell:Creating prefix chain script '/home/jonasvinol/Desktop/G1FinalProject/install/setup.bash'
[1.074s] INFO:colcon.colcon_core.shell:Creating prefix script '/home/jonasvinol/Desktop/G1FinalProject/install/local_setup.zsh'
[1.074s] INFO:colcon.colcon_core.shell:Creating prefix chain script '/home/jonasvinol/Desktop/G1FinalProject/install/setup.zsh'
