[0.034s] Invoking command in '/home/jonasvinol/Desktop/G1FinalProject/build/pcl_conversions': CMAKE_PREFIX_PATH=${CMAKE_PREFIX_PATH}:/opt/ros/foxy /usr/bin/cmake /home/jonasvinol/Desktop/G1FinalProject/src/perception_pcl/pcl_conversions -DAMENT_CMAKE_SYMLINK_INSTALL=1 -DCMAKE_INSTALL_PREFIX=/home/jonasvinol/Desktop/G1FinalProject/install/pcl_conversions
[0.108s] -- The C compiler identification is GNU 9.4.0
[0.186s] -- The CXX compiler identification is GNU 9.4.0
[0.192s] -- Check for working C compiler: /usr/bin/cc
[0.283s] -- Check for working C compiler: /usr/bin/cc -- works
[0.283s] -- Detecting C compiler ABI info
[0.362s] -- Detecting C compiler ABI info - done
[0.384s] -- Detecting C compile features
[0.384s] -- Detecting C compile features - done
[0.388s] -- Check for working CXX compiler: /usr/bin/c++
[0.495s] -- Check for working CXX compiler: /usr/bin/c++ -- works
[0.497s] -- Detecting CXX compiler ABI info
[0.589s] -- Detecting CXX compiler ABI info - done
[0.611s] -- Detecting CXX compile features
[0.612s] -- Detecting CXX compile features - done
[0.615s] -- Found ament_cmake: 0.9.11 (/opt/ros/foxy/share/ament_cmake/cmake)
[0.645s] -- Found PythonInterp: /usr/bin/python3 (found suitable version "3.8.10", minimum required is "3") 
[0.645s] -- Using PYTHON_EXECUTABLE: /usr/bin/python3
[0.889s] -- Override CMake install command with custom implementation using symlinks instead of copying resources
[0.924s] -- Found Boost: /usr/lib/x86_64-linux-gnu/cmake/Boost-1.71.0/BoostConfig.cmake (found version "1.71.0")  
[0.929s] -- Found message_filters: 3.2.5 (/opt/ros/foxy/share/message_filters/cmake)
[0.947s] -- Checking for module 'eigen3'
[0.963s] --   Found eigen3, version 3.3.7
[1.000s] -- Found Eigen: /usr/include/eigen3 (Required is at least version "3.1") 
[1.000s] -- Eigen found (include: /usr/include/eigen3, version: 3.3.7)
[1.107s] -- Checking for module 'libusb-1.0'
[1.122s] --   Found libusb-1.0, version 1.0.23
[1.164s] -- Found USB_10: /usr/lib/x86_64-linux-gnu/libusb-1.0.so  
[1.223s] -- OpenNI found (include: /usr/include/ni, lib: /usr/lib/libOpenNI.so)
[1.288s] -- OpenNI2 found (include: /usr/include/openni2, lib: /usr/lib/libOpenNI2.so)
[1.396s] -- The imported target "vtkParseOGLExt" references the file
[1.397s]    "/usr/bin/vtkParseOGLExt-7.1"
[1.397s] but this file does not exist.  Possible reasons include:
[1.397s] * The file was deleted, renamed, or moved to another location.
[1.397s] * An install or uninstall procedure did not complete successfully.
[1.397s] * The installation package was faulty and contained
[1.397s]    "/usr/lib/cmake/vtk-7.1/VTKTargets.cmake"
[1.397s] but not all the files it references.
[1.397s] 
[1.398s] -- The imported target "vtkRenderingPythonTkWidgets" references the file
[1.398s]    "/usr/lib/x86_64-linux-gnu/libvtkRenderingPythonTkWidgets.so"
[1.398s] but this file does not exist.  Possible reasons include:
[1.398s] * The file was deleted, renamed, or moved to another location.
[1.398s] * An install or uninstall procedure did not complete successfully.
[1.398s] * The installation package was faulty and contained
[1.398s]    "/usr/lib/cmake/vtk-7.1/VTKTargets.cmake"
[1.399s] but not all the files it references.
[1.399s] 
[1.399s] -- The imported target "vtk" references the file
[1.399s]    "/usr/bin/vtk"
[1.399s] but this file does not exist.  Possible reasons include:
[1.399s] * The file was deleted, renamed, or moved to another location.
[1.400s] * An install or uninstall procedure did not complete successfully.
[1.400s] * The installation package was faulty and contained
[1.400s]    "/usr/lib/cmake/vtk-7.1/VTKTargets.cmake"
[1.400s] but not all the files it references.
[1.400s] 
[1.400s] -- The imported target "pvtk" references the file
[1.400s]    "/usr/bin/pvtk"
[1.400s] but this file does not exist.  Possible reasons include:
[1.400s] * The file was deleted, renamed, or moved to another location.
[1.400s] * An install or uninstall procedure did not complete successfully.
[1.401s] * The installation package was faulty and contained
[1.401s]    "/usr/lib/cmake/vtk-7.1/VTKTargets.cmake"
[1.401s] but not all the files it references.
[1.401s] 
[1.427s] -- Found libusb-1.0: /usr/include  
[1.430s] -- Found PCL_COMMON: /usr/lib/x86_64-linux-gnu/libpcl_common.so  
[1.432s] -- Found PCL_OCTREE: /usr/lib/x86_64-linux-gnu/libpcl_octree.so  
[1.434s] -- Found PCL_IO: /usr/lib/x86_64-linux-gnu/libpcl_io.so  
[1.437s] -- Found pcl_msgs: 1.0.0 (/opt/ros/foxy/share/pcl_msgs/cmake)
[1.473s] -- Using all available rosidl_typesupport_c: rosidl_typesupport_fastrtps_c;rosidl_typesupport_introspection_c
[1.483s] -- Found rosidl_adapter: 1.3.0 (/opt/ros/foxy/share/rosidl_adapter/cmake)
[1.576s] -- Found OpenSSL: /usr/lib/x86_64-linux-gnu/libcrypto.so (found version "1.1.1f")  
[1.617s] -- Found FastRTPS: /opt/ros/foxy/include  
[1.734s] -- Using all available rosidl_typesupport_cpp: rosidl_typesupport_fastrtps_cpp;rosidl_typesupport_introspection_cpp
[2.287s] -- Found rclcpp: 2.4.2 (/opt/ros/foxy/share/rclcpp/cmake)
[2.361s] -- Found rmw_implementation_cmake: 1.0.3 (/opt/ros/foxy/share/rmw_implementation_cmake/cmake)
[2.363s] -- Using RMW implementation 'rmw_fastrtps_cpp' as default
[2.365s] -- Looking for pthread.h
[2.467s] -- Looking for pthread.h - found
[2.468s] -- Performing Test CMAKE_HAVE_LIBC_PTHREAD
[2.560s] -- Performing Test CMAKE_HAVE_LIBC_PTHREAD - Failed
[2.560s] -- Looking for pthread_create in pthreads
[2.635s] -- Looking for pthread_create in pthreads - not found
[2.635s] -- Looking for pthread_create in pthread
[2.727s] -- Looking for pthread_create in pthread - found
[2.727s] -- Found Threads: TRUE  
[2.986s] -- Found ament_cmake_gtest: 0.9.11 (/opt/ros/foxy/share/ament_cmake_gtest/cmake)
[2.989s] -- Found gtest sources under '/opt/ros/foxy/src/gtest_vendor': C++ tests using 'Google Test' will be built
[2.993s] -- Check if compiler accepts -pthread
[3.078s] -- Check if compiler accepts -pthread - yes
[3.175s] -- Configuring done
[3.219s] -- Generating done
[3.222s] -- Build files have been written to: /home/jonasvinol/Desktop/G1FinalProject/build/pcl_conversions
[3.235s] Invoked command in '/home/jonasvinol/Desktop/G1FinalProject/build/pcl_conversions' returned '0': CMAKE_PREFIX_PATH=${CMAKE_PREFIX_PATH}:/opt/ros/foxy /usr/bin/cmake /home/jonasvinol/Desktop/G1FinalProject/src/perception_pcl/pcl_conversions -DAMENT_CMAKE_SYMLINK_INSTALL=1 -DCMAKE_INSTALL_PREFIX=/home/jonasvinol/Desktop/G1FinalProject/install/pcl_conversions
[3.238s] Invoking command in '/home/jonasvinol/Desktop/G1FinalProject/build/pcl_conversions': CMAKE_PREFIX_PATH=${CMAKE_PREFIX_PATH}:/opt/ros/foxy /usr/bin/cmake --build /home/jonasvinol/Desktop/G1FinalProject/build/pcl_conversions -- -j6 -l6
[3.283s] [35m[1mScanning dependencies of target gtest[0m
[3.284s] [35m[1mScanning dependencies of target gtest_main[0m
[3.302s] [ 16%] [32mBuilding CXX object gtest/CMakeFiles/gtest_main.dir/src/gtest_main.cc.o[0m
[3.308s] [ 33%] [32mBuilding CXX object gtest/CMakeFiles/gtest.dir/src/gtest-all.cc.o[0m
[4.185s] [ 50%] [32m[1mLinking CXX static library libgtest_main.a[0m
[4.217s] [ 50%] Built target gtest_main
[7.200s] [ 66%] [32m[1mLinking CXX static library libgtest.a[0m
[7.271s] [ 66%] Built target gtest
[7.282s] [35m[1mScanning dependencies of target pcl_conversions-test[0m
[7.405s] [ 83%] [32mBuilding CXX object CMakeFiles/pcl_conversions-test.dir/test/test_pcl_conversions.cpp.o[0m
[15.638s] [100%] [32m[1mLinking CXX executable pcl_conversions-test[0m
[16.032s] [100%] Built target pcl_conversions-test
[16.043s] Invoked command in '/home/jonasvinol/Desktop/G1FinalProject/build/pcl_conversions' returned '0': CMAKE_PREFIX_PATH=${CMAKE_PREFIX_PATH}:/opt/ros/foxy /usr/bin/cmake --build /home/jonasvinol/Desktop/G1FinalProject/build/pcl_conversions -- -j6 -l6
[16.073s] Invoking command in '/home/jonasvinol/Desktop/G1FinalProject/build/pcl_conversions': CMAKE_PREFIX_PATH=${CMAKE_PREFIX_PATH}:/opt/ros/foxy /usr/bin/cmake --install /home/jonasvinol/Desktop/G1FinalProject/build/pcl_conversions
[16.081s] -- Install configuration: ""
[16.082s] -- Execute custom install script
[16.083s] -- Symlinking: /home/jonasvinol/Desktop/G1FinalProject/install/pcl_conversions/include/pcl_conversions//pcl_conversions.h
[16.092s] -- Symlinking: /home/jonasvinol/Desktop/G1FinalProject/install/pcl_conversions/share/ament_index/resource_index/package_run_dependencies/pcl_conversions
[16.101s] -- Symlinking: /home/jonasvinol/Desktop/G1FinalProject/install/pcl_conversions/share/ament_index/resource_index/parent_prefix_path/pcl_conversions
[16.110s] -- Symlinking: /home/jonasvinol/Desktop/G1FinalProject/install/pcl_conversions/share/pcl_conversions/environment/ament_prefix_path.sh
[16.119s] -- Symlinking: /home/jonasvinol/Desktop/G1FinalProject/install/pcl_conversions/share/pcl_conversions/environment/ament_prefix_path.dsv
[16.128s] -- Symlinking: /home/jonasvinol/Desktop/G1FinalProject/install/pcl_conversions/share/pcl_conversions/environment/path.sh
[16.137s] -- Symlinking: /home/jonasvinol/Desktop/G1FinalProject/install/pcl_conversions/share/pcl_conversions/environment/path.dsv
[16.146s] -- Symlinking: /home/jonasvinol/Desktop/G1FinalProject/install/pcl_conversions/share/pcl_conversions/local_setup.bash
[16.155s] -- Symlinking: /home/jonasvinol/Desktop/G1FinalProject/install/pcl_conversions/share/pcl_conversions/local_setup.sh
[16.164s] -- Symlinking: /home/jonasvinol/Desktop/G1FinalProject/install/pcl_conversions/share/pcl_conversions/local_setup.zsh
[16.173s] -- Symlinking: /home/jonasvinol/Desktop/G1FinalProject/install/pcl_conversions/share/pcl_conversions/local_setup.dsv
[16.184s] -- Symlinking: /home/jonasvinol/Desktop/G1FinalProject/install/pcl_conversions/share/pcl_conversions/package.dsv
[16.194s] -- Symlinking: /home/jonasvinol/Desktop/G1FinalProject/install/pcl_conversions/share/ament_index/resource_index/packages/pcl_conversions
[16.203s] -- Symlinking: /home/jonasvinol/Desktop/G1FinalProject/install/pcl_conversions/share/pcl_conversions/cmake/ament_cmake_export_include_directories-extras.cmake
[16.212s] -- Symlinking: /home/jonasvinol/Desktop/G1FinalProject/install/pcl_conversions/share/pcl_conversions/cmake/ament_cmake_export_dependencies-extras.cmake
[16.221s] -- Symlinking: /home/jonasvinol/Desktop/G1FinalProject/install/pcl_conversions/share/pcl_conversions/cmake/pcl_conversionsConfig.cmake
[16.230s] -- Symlinking: /home/jonasvinol/Desktop/G1FinalProject/install/pcl_conversions/share/pcl_conversions/cmake/pcl_conversionsConfig-version.cmake
[16.239s] -- Symlinking: /home/jonasvinol/Desktop/G1FinalProject/install/pcl_conversions/share/pcl_conversions/package.xml
[16.250s] Invoked command in '/home/jonasvinol/Desktop/G1FinalProject/build/pcl_conversions' returned '0': CMAKE_PREFIX_PATH=${CMAKE_PREFIX_PATH}:/opt/ros/foxy /usr/bin/cmake --install /home/jonasvinol/Desktop/G1FinalProject/build/pcl_conversions
